[2024-03-05 16:43:50.094]  INFO 11692 --- [   File Watcher] rtingClassPathChangeChangedEventListener : Restarting due to 3 class path changes (0 additions, 0 deletions, 3 modifications)
[2024-03-05 16:43:50.096]  INFO 11692 --- [      Thread-11] o.a.c.h.Http11NioProtocol                : Stopping ProtocolHandler ["http-nio-8080"]
[2024-03-05 16:43:50.109]  INFO 11692 --- [      Thread-11] j.LocalContainerEntityManagerFactoryBean : Closing JPA EntityManagerFactory for persistence unit 'default'
[2024-03-05 16:43:50.110]  INFO 11692 --- [      Thread-11] c.z.h.HikariDataSource                   : HikariPool-3 - Shutdown initiated...
[2024-03-05 16:43:50.112]  INFO 11692 --- [      Thread-11] c.z.h.HikariDataSource                   : HikariPool-3 - Shutdown completed.
[2024-03-05 16:43:50.186]  INFO 11692 --- [  restartedMain] c.s.g.GalleryApplication                 : Starting GalleryApplication using Java 17.0.9 with PID 11692 (D:\Project\S10P22A101\backend\build\classes\java\main started by SSAFY in D:\Project\S10P22A101\backend)
[2024-03-05 16:43:50.186]  INFO 11692 --- [  restartedMain] c.s.g.GalleryApplication                 : No active profile set, falling back to 1 default profile: "default"
[2024-03-05 16:43:50.314]  INFO 11692 --- [  restartedMain] .s.d.r.c.RepositoryConfigurationDelegate : Bootstrapping Spring Data JPA repositories in DEFAULT mode.
[2024-03-05 16:43:50.315]  INFO 11692 --- [  restartedMain] .s.d.r.c.RepositoryConfigurationDelegate : Finished Spring Data repository scanning in 1 ms. Found 0 JPA repository interfaces.
[2024-03-05 16:43:50.385]  INFO 11692 --- [  restartedMain] o.s.b.w.e.t.TomcatWebServer              : Tomcat initialized with port 8080 (http)
[2024-03-05 16:43:50.389]  INFO 11692 --- [  restartedMain] o.a.c.h.Http11NioProtocol                : Initializing ProtocolHandler ["http-nio-8080"]
[2024-03-05 16:43:50.389]  INFO 11692 --- [  restartedMain] o.a.c.c.StandardService                  : Starting service [Tomcat]
[2024-03-05 16:43:50.389]  INFO 11692 --- [  restartedMain] o.a.c.c.StandardEngine                   : Starting Servlet engine: [Apache Tomcat/10.1.19]
[2024-03-05 16:43:50.401]  INFO 11692 --- [  restartedMain] o.a.c.c.C.[.[.[/]                        : Initializing Spring embedded WebApplicationContext
[2024-03-05 16:43:50.401]  INFO 11692 --- [  restartedMain] w.s.c.ServletWebServerApplicationContext : Root WebApplicationContext: initialization completed in 213 ms
[2024-03-05 16:43:50.426]  INFO 11692 --- [  restartedMain] c.z.h.HikariDataSource                   : HikariPool-4 - Starting...
[2024-03-05 16:43:50.444]  INFO 11692 --- [  restartedMain] c.z.h.p.HikariPool                       : HikariPool-4 - Added connection com.mysql.cj.jdbc.ConnectionImpl@15defddf
[2024-03-05 16:43:50.444]  INFO 11692 --- [  restartedMain] c.z.h.HikariDataSource                   : HikariPool-4 - Start completed.
[2024-03-05 16:43:50.445]  INFO 11692 --- [  restartedMain] o.h.j.i.u.LogHelper                      : HHH000204: Processing PersistenceUnitInfo [name: default]
[2024-03-05 16:43:50.447]  INFO 11692 --- [  restartedMain] o.h.c.i.RegionFactoryInitiator           : HHH000026: Second-level cache disabled
[2024-03-05 16:43:50.449]  INFO 11692 --- [  restartedMain] o.s.o.j.p.SpringPersistenceUnitInfo      : No LoadTimeWeaver setup: ignoring JPA class transformer
[2024-03-05 16:43:50.450]  WARN 11692 --- [  restartedMain] o.h.d.Dialect                            : HHH000511: The 5.7.0 version for [org.hibernate.dialect.MySQLDialect] is no longer supported, hence certain features may not work properly. The minimum supported version is 8.0.0. Check the community dialects project for available legacy versions.
[2024-03-05 16:43:50.458]  INFO 11692 --- [  restartedMain] o.h.e.t.j.p.i.JtaPlatformInitiator       : HHH000489: No JTA platform available (set 'hibernate.transaction.jta.platform' to enable JTA platform integration)
[2024-03-05 16:43:50.458]  INFO 11692 --- [  restartedMain] j.LocalContainerEntityManagerFactoryBean : Initialized JPA EntityManagerFactory for persistence unit 'default'
[2024-03-05 16:43:50.491]  WARN 11692 --- [  restartedMain] JpaBaseConfiguration$JpaWebConfiguration : spring.jpa.open-in-view is enabled by default. Therefore, database queries may be performed during view rendering. Explicitly configure spring.jpa.open-in-view to disable this warning
[2024-03-05 16:43:50.500]  INFO 11692 --- [  restartedMain] o.s.b.a.w.s.WelcomePageHandlerMapping    : Adding welcome page: class path resource [static/index.html]
[2024-03-05 16:43:50.541]  INFO 11692 --- [  restartedMain] o.s.s.w.DefaultSecurityFilterChain       : Will secure any request with [org.springframework.security.web.session.DisableEncodeUrlFilter@6d83f27f, org.springframework.security.web.context.request.async.WebAsyncManagerIntegrationFilter@6b03faf3, org.springframework.security.web.context.SecurityContextHolderFilter@47446dd9, org.springframework.security.web.header.HeaderWriterFilter@66b94010, org.springframework.security.oauth2.client.web.OAuth2AuthorizationRequestRedirectFilter@67f48cdf, org.springframework.security.oauth2.client.web.OAuth2LoginAuthenticationFilter@49022d01, org.springframework.security.web.authentication.ui.DefaultLoginPageGeneratingFilter@7cf85d26, org.springframework.security.web.savedrequest.RequestCacheAwareFilter@2cea8b8d, org.springframework.security.web.servletapi.SecurityContextHolderAwareRequestFilter@506d3efb, org.springframework.security.web.authentication.AnonymousAuthenticationFilter@28d20138, org.springframework.security.web.access.ExceptionTranslationFilter@6a22cb20, org.springframework.security.web.access.intercept.AuthorizationFilter@59dbebaf]
[2024-03-05 16:43:50.605]  INFO 11692 --- [  restartedMain] o.s.b.d.a.OptionalLiveReloadServer       : LiveReload server is running on port 35729
[2024-03-05 16:43:50.612]  INFO 11692 --- [  restartedMain] o.a.c.h.Http11NioProtocol                : Starting ProtocolHandler ["http-nio-8080"]
[2024-03-05 16:43:50.619]  INFO 11692 --- [  restartedMain] o.s.b.w.e.t.TomcatWebServer              : Tomcat started on port 8080 (http) with context path ''
[2024-03-05 16:43:50.623]  INFO 11692 --- [  restartedMain] c.s.g.GalleryApplication                 : Started GalleryApplication in 0.468 seconds (process running for 713.681)
[2024-03-05 16:43:50.624]  INFO 11692 --- [  restartedMain] .ConditionEvaluationDeltaLoggingListener : Condition evaluation unchanged
