[2024-03-05 16:27:30.190]  INFO 15892 --- [  restartedMain] c.s.g.GalleryApplication                 : Starting GalleryApplication using Java 17.0.9 with PID 15892 (D:\Project\S10P22A101\backend\build\classes\java\main started by SSAFY in D:\Project\S10P22A101\backend)
[2024-03-05 16:27:30.198]  INFO 15892 --- [  restartedMain] c.s.g.GalleryApplication                 : No active profile set, falling back to 1 default profile: "default"
[2024-03-05 16:27:30.223]  INFO 15892 --- [  restartedMain] .e.DevToolsPropertyDefaultsPostProcessor : Devtools property defaults active! Set 'spring.devtools.add-properties' to 'false' to disable
[2024-03-05 16:27:30.223]  INFO 15892 --- [  restartedMain] .e.DevToolsPropertyDefaultsPostProcessor : For additional web related logging consider setting the 'logging.level.web' property to 'DEBUG'
[2024-03-05 16:27:30.741]  INFO 15892 --- [  restartedMain] .s.d.r.c.RepositoryConfigurationDelegate : Bootstrapping Spring Data JPA repositories in DEFAULT mode.
[2024-03-05 16:27:30.754]  INFO 15892 --- [  restartedMain] .s.d.r.c.RepositoryConfigurationDelegate : Finished Spring Data repository scanning in 8 ms. Found 0 JPA repository interfaces.
[2024-03-05 16:27:31.105]  INFO 15892 --- [  restartedMain] o.s.b.w.e.t.TomcatWebServer              : Tomcat initialized with port 8080 (http)
[2024-03-05 16:27:31.112]  INFO 15892 --- [  restartedMain] o.a.c.h.Http11NioProtocol                : Initializing ProtocolHandler ["http-nio-8080"]
[2024-03-05 16:27:31.114]  INFO 15892 --- [  restartedMain] o.a.c.c.StandardService                  : Starting service [Tomcat]
[2024-03-05 16:27:31.114]  INFO 15892 --- [  restartedMain] o.a.c.c.StandardEngine                   : Starting Servlet engine: [Apache Tomcat/10.1.19]
[2024-03-05 16:27:31.147]  INFO 15892 --- [  restartedMain] o.a.c.c.C.[.[.[/]                        : Initializing Spring embedded WebApplicationContext
[2024-03-05 16:27:31.148]  INFO 15892 --- [  restartedMain] w.s.c.ServletWebServerApplicationContext : Root WebApplicationContext: initialization completed in 924 ms
[2024-03-05 16:27:31.235]  INFO 15892 --- [  restartedMain] c.z.h.HikariDataSource                   : HikariPool-1 - Starting...
[2024-03-05 16:27:31.440]  INFO 15892 --- [  restartedMain] c.z.h.p.HikariPool                       : HikariPool-1 - Added connection com.mysql.cj.jdbc.ConnectionImpl@53952d97
[2024-03-05 16:27:31.441]  INFO 15892 --- [  restartedMain] c.z.h.HikariDataSource                   : HikariPool-1 - Start completed.
[2024-03-05 16:27:31.470]  INFO 15892 --- [  restartedMain] o.h.j.i.u.LogHelper                      : HHH000204: Processing PersistenceUnitInfo [name: default]
[2024-03-05 16:27:31.524]  INFO 15892 --- [  restartedMain] o.h.Version                              : HHH000412: Hibernate ORM core version 6.4.4.Final
[2024-03-05 16:27:31.552]  INFO 15892 --- [  restartedMain] o.h.c.i.RegionFactoryInitiator           : HHH000026: Second-level cache disabled
[2024-03-05 16:27:31.759]  INFO 15892 --- [  restartedMain] o.s.o.j.p.SpringPersistenceUnitInfo      : No LoadTimeWeaver setup: ignoring JPA class transformer
[2024-03-05 16:27:31.823]  WARN 15892 --- [  restartedMain] o.h.d.Dialect                            : HHH000511: The 5.7.0 version for [org.hibernate.dialect.MySQLDialect] is no longer supported, hence certain features may not work properly. The minimum supported version is 8.0.0. Check the community dialects project for available legacy versions.
[2024-03-05 16:27:32.066]  INFO 15892 --- [  restartedMain] o.h.e.t.j.p.i.JtaPlatformInitiator       : HHH000489: No JTA platform available (set 'hibernate.transaction.jta.platform' to enable JTA platform integration)
[2024-03-05 16:27:32.070]  INFO 15892 --- [  restartedMain] j.LocalContainerEntityManagerFactoryBean : Initialized JPA EntityManagerFactory for persistence unit 'default'
[2024-03-05 16:27:32.179]  WARN 15892 --- [  restartedMain] JpaBaseConfiguration$JpaWebConfiguration : spring.jpa.open-in-view is enabled by default. Therefore, database queries may be performed during view rendering. Explicitly configure spring.jpa.open-in-view to disable this warning
[2024-03-05 16:27:32.227]  INFO 15892 --- [  restartedMain] o.s.b.a.w.s.WelcomePageHandlerMapping    : Adding welcome page: class path resource [static/index.html]
[2024-03-05 16:27:32.352]  INFO 15892 --- [  restartedMain] o.s.s.w.DefaultSecurityFilterChain       : Will secure any request with [org.springframework.security.web.session.DisableEncodeUrlFilter@439d92fd, org.springframework.security.web.context.request.async.WebAsyncManagerIntegrationFilter@44e80486, org.springframework.security.web.context.SecurityContextHolderFilter@361ff9f9, org.springframework.security.web.header.HeaderWriterFilter@7f3db1f3, org.springframework.security.oauth2.client.web.OAuth2AuthorizationRequestRedirectFilter@2282066c, org.springframework.security.oauth2.client.web.OAuth2LoginAuthenticationFilter@2915cce4, org.springframework.security.web.authentication.ui.DefaultLoginPageGeneratingFilter@469ace37, org.springframework.security.web.savedrequest.RequestCacheAwareFilter@4ad2d4ae, org.springframework.security.web.servletapi.SecurityContextHolderAwareRequestFilter@a74c208, org.springframework.security.web.authentication.AnonymousAuthenticationFilter@6f2382b9, org.springframework.security.web.access.ExceptionTranslationFilter@14f14733, org.springframework.security.web.access.intercept.AuthorizationFilter@70735a2]
[2024-03-05 16:27:32.568]  INFO 15892 --- [  restartedMain] o.s.b.d.a.OptionalLiveReloadServer       : LiveReload server is running on port 35729
[2024-03-05 16:27:32.581]  INFO 15892 --- [  restartedMain] o.a.c.h.Http11NioProtocol                : Starting ProtocolHandler ["http-nio-8080"]
[2024-03-05 16:27:32.593]  INFO 15892 --- [  restartedMain] o.s.b.w.e.t.TomcatWebServer              : Tomcat started on port 8080 (http) with context path ''
[2024-03-05 16:27:32.600]  INFO 15892 --- [  restartedMain] c.s.g.GalleryApplication                 : Started GalleryApplication in 2.637 seconds (process running for 3.247)
