[2024-03-06 12:49:02.174]  INFO 11316 --- [  restartedMain] c.s.g.GalleryApplication                 : Starting GalleryApplication using Java 17.0.9 with PID 11316 (C:\Users\SSAFY\Desktop\PJT2\backend\build\classes\java\main started by SSAFY in C:\Users\SSAFY\Desktop\PJT2\backend)
[2024-03-06 12:49:02.186]  INFO 11316 --- [  restartedMain] c.s.g.GalleryApplication                 : No active profile set, falling back to 1 default profile: "default"
[2024-03-06 12:49:02.217]  INFO 11316 --- [  restartedMain] .e.DevToolsPropertyDefaultsPostProcessor : Devtools property defaults active! Set 'spring.devtools.add-properties' to 'false' to disable
[2024-03-06 12:49:02.218]  INFO 11316 --- [  restartedMain] .e.DevToolsPropertyDefaultsPostProcessor : For additional web related logging consider setting the 'logging.level.web' property to 'DEBUG'
[2024-03-06 12:49:02.737]  INFO 11316 --- [  restartedMain] .s.d.r.c.RepositoryConfigurationDelegate : Bootstrapping Spring Data JPA repositories in DEFAULT mode.
[2024-03-06 12:49:02.771]  INFO 11316 --- [  restartedMain] .s.d.r.c.RepositoryConfigurationDelegate : Finished Spring Data repository scanning in 28 ms. Found 1 JPA repository interface.
[2024-03-06 12:49:03.170]  INFO 11316 --- [  restartedMain] o.s.b.w.e.t.TomcatWebServer              : Tomcat initialized with port 8080 (http)
[2024-03-06 12:49:03.178]  INFO 11316 --- [  restartedMain] o.a.c.h.Http11NioProtocol                : Initializing ProtocolHandler ["http-nio-8080"]
[2024-03-06 12:49:03.179]  INFO 11316 --- [  restartedMain] o.a.c.c.StandardService                  : Starting service [Tomcat]
[2024-03-06 12:49:03.179]  INFO 11316 --- [  restartedMain] o.a.c.c.StandardEngine                   : Starting Servlet engine: [Apache Tomcat/10.1.19]
[2024-03-06 12:49:03.215]  INFO 11316 --- [  restartedMain] o.a.c.c.C.[.[.[/]                        : Initializing Spring embedded WebApplicationContext
[2024-03-06 12:49:03.215]  INFO 11316 --- [  restartedMain] w.s.c.ServletWebServerApplicationContext : Root WebApplicationContext: initialization completed in 986 ms
[2024-03-06 12:49:03.326]  INFO 11316 --- [  restartedMain] c.z.h.HikariDataSource                   : HikariPool-1 - Starting...
[2024-03-06 12:49:03.528]  INFO 11316 --- [  restartedMain] c.z.h.p.HikariPool                       : HikariPool-1 - Added connection com.mysql.cj.jdbc.ConnectionImpl@289df65a
[2024-03-06 12:49:03.529]  INFO 11316 --- [  restartedMain] c.z.h.HikariDataSource                   : HikariPool-1 - Start completed.
[2024-03-06 12:49:03.559]  INFO 11316 --- [  restartedMain] o.h.j.i.u.LogHelper                      : HHH000204: Processing PersistenceUnitInfo [name: default]
[2024-03-06 12:49:03.601]  INFO 11316 --- [  restartedMain] o.h.Version                              : HHH000412: Hibernate ORM core version 6.4.4.Final
[2024-03-06 12:49:03.623]  INFO 11316 --- [  restartedMain] o.h.c.i.RegionFactoryInitiator           : HHH000026: Second-level cache disabled
[2024-03-06 12:49:03.819]  INFO 11316 --- [  restartedMain] o.s.o.j.p.SpringPersistenceUnitInfo      : No LoadTimeWeaver setup: ignoring JPA class transformer
[2024-03-06 12:49:04.466]  INFO 11316 --- [  restartedMain] o.h.e.t.j.p.i.JtaPlatformInitiator       : HHH000489: No JTA platform available (set 'hibernate.transaction.jta.platform' to enable JTA platform integration)
[2024-03-06 12:49:04.469]  INFO 11316 --- [  restartedMain] j.LocalContainerEntityManagerFactoryBean : Initialized JPA EntityManagerFactory for persistence unit 'default'
[2024-03-06 12:49:04.768]  WARN 11316 --- [  restartedMain] JpaBaseConfiguration$JpaWebConfiguration : spring.jpa.open-in-view is enabled by default. Therefore, database queries may be performed during view rendering. Explicitly configure spring.jpa.open-in-view to disable this warning
[2024-03-06 12:49:04.831]  INFO 11316 --- [  restartedMain] o.s.b.a.w.s.WelcomePageHandlerMapping    : Adding welcome page: class path resource [static/index.html]
[2024-03-06 12:49:05.004]  INFO 11316 --- [  restartedMain] o.s.s.w.DefaultSecurityFilterChain       : Will secure any request with [org.springframework.security.web.session.DisableEncodeUrlFilter@50a8d986, org.springframework.security.web.context.request.async.WebAsyncManagerIntegrationFilter@205adc74, org.springframework.security.web.context.SecurityContextHolderFilter@5cca9a53, org.springframework.security.web.header.HeaderWriterFilter@6fcf6254, org.springframework.security.oauth2.client.web.OAuth2AuthorizationRequestRedirectFilter@3e65085d, org.springframework.security.oauth2.client.web.OAuth2LoginAuthenticationFilter@1aed5dea, org.springframework.security.web.authentication.ui.DefaultLoginPageGeneratingFilter@6f1af784, org.springframework.security.web.savedrequest.RequestCacheAwareFilter@3d671f1c, org.springframework.security.web.servletapi.SecurityContextHolderAwareRequestFilter@3ec1a0fa, org.springframework.security.web.authentication.AnonymousAuthenticationFilter@48a685ac, org.springframework.security.web.access.ExceptionTranslationFilter@62a2f8fd, org.springframework.security.web.access.intercept.AuthorizationFilter@495c004a]
[2024-03-06 12:49:05.233]  INFO 11316 --- [  restartedMain] o.s.b.d.a.OptionalLiveReloadServer       : LiveReload server is running on port 35729
[2024-03-06 12:49:05.253]  INFO 11316 --- [  restartedMain] o.a.c.h.Http11NioProtocol                : Starting ProtocolHandler ["http-nio-8080"]
[2024-03-06 12:49:05.271]  INFO 11316 --- [  restartedMain] o.s.b.w.e.t.TomcatWebServer              : Tomcat started on port 8080 (http) with context path ''
[2024-03-06 12:49:05.282]  INFO 11316 --- [  restartedMain] c.s.g.GalleryApplication                 : Started GalleryApplication in 3.348 seconds (process running for 4.129)
[2024-03-06 12:49:09.213]  INFO 11316 --- [nio-8080-exec-1] o.a.c.c.C.[.[.[/]                        : Initializing Spring DispatcherServlet 'dispatcherServlet'
[2024-03-06 12:49:09.214]  INFO 11316 --- [nio-8080-exec-1] o.s.w.s.DispatcherServlet                : Initializing Servlet 'dispatcherServlet'
[2024-03-06 12:49:09.215]  INFO 11316 --- [nio-8080-exec-1] o.s.w.s.DispatcherServlet                : Completed initialization in 1 ms
[2024-03-06 12:49:09.270]  WARN 11316 --- [nio-8080-exec-1] .w.s.m.s.DefaultHandlerExceptionResolver : Resolved [org.springframework.web.HttpMediaTypeNotSupportedException: Content-Type 'multipart/form-data;boundary=--------------------------055974817463738684455208;charset=UTF-8' is not supported]
[2024-03-06 12:49:49.328]  INFO 11316 --- [   File Watcher] rtingClassPathChangeChangedEventListener : Restarting due to 1 class path change (0 additions, 0 deletions, 1 modification)
[2024-03-06 12:49:49.332]  INFO 11316 --- [       Thread-5] o.a.c.h.Http11NioProtocol                : Stopping ProtocolHandler ["http-nio-8080"]
[2024-03-06 12:49:49.352]  INFO 11316 --- [       Thread-5] j.LocalContainerEntityManagerFactoryBean : Closing JPA EntityManagerFactory for persistence unit 'default'
[2024-03-06 12:49:49.355]  INFO 11316 --- [       Thread-5] c.z.h.HikariDataSource                   : HikariPool-1 - Shutdown initiated...
[2024-03-06 12:49:49.361]  INFO 11316 --- [       Thread-5] c.z.h.HikariDataSource                   : HikariPool-1 - Shutdown completed.
[2024-03-06 12:49:49.440]  INFO 11316 --- [  restartedMain] c.s.g.GalleryApplication                 : Starting GalleryApplication using Java 17.0.9 with PID 11316 (C:\Users\SSAFY\Desktop\PJT2\backend\build\classes\java\main started by SSAFY in C:\Users\SSAFY\Desktop\PJT2\backend)
[2024-03-06 12:49:49.441]  INFO 11316 --- [  restartedMain] c.s.g.GalleryApplication                 : No active profile set, falling back to 1 default profile: "default"
[2024-03-06 12:49:49.602]  INFO 11316 --- [  restartedMain] .s.d.r.c.RepositoryConfigurationDelegate : Bootstrapping Spring Data JPA repositories in DEFAULT mode.
[2024-03-06 12:49:49.609]  INFO 11316 --- [  restartedMain] .s.d.r.c.RepositoryConfigurationDelegate : Finished Spring Data repository scanning in 7 ms. Found 1 JPA repository interface.
[2024-03-06 12:49:49.686]  INFO 11316 --- [  restartedMain] o.s.b.w.e.t.TomcatWebServer              : Tomcat initialized with port 8080 (http)
[2024-03-06 12:49:49.686]  INFO 11316 --- [  restartedMain] o.a.c.h.Http11NioProtocol                : Initializing ProtocolHandler ["http-nio-8080"]
[2024-03-06 12:49:49.687]  INFO 11316 --- [  restartedMain] o.a.c.c.StandardService                  : Starting service [Tomcat]
[2024-03-06 12:49:49.687]  INFO 11316 --- [  restartedMain] o.a.c.c.StandardEngine                   : Starting Servlet engine: [Apache Tomcat/10.1.19]
[2024-03-06 12:49:49.699]  INFO 11316 --- [  restartedMain] o.a.c.c.C.[.[.[/]                        : Initializing Spring embedded WebApplicationContext
[2024-03-06 12:49:49.699]  INFO 11316 --- [  restartedMain] w.s.c.ServletWebServerApplicationContext : Root WebApplicationContext: initialization completed in 257 ms
[2024-03-06 12:49:49.730]  INFO 11316 --- [  restartedMain] c.z.h.HikariDataSource                   : HikariPool-2 - Starting...
[2024-03-06 12:49:49.740]  INFO 11316 --- [  restartedMain] c.z.h.p.HikariPool                       : HikariPool-2 - Added connection com.mysql.cj.jdbc.ConnectionImpl@44582d28
[2024-03-06 12:49:49.740]  INFO 11316 --- [  restartedMain] c.z.h.HikariDataSource                   : HikariPool-2 - Start completed.
[2024-03-06 12:49:49.742]  INFO 11316 --- [  restartedMain] o.h.j.i.u.LogHelper                      : HHH000204: Processing PersistenceUnitInfo [name: default]
[2024-03-06 12:49:49.744]  INFO 11316 --- [  restartedMain] o.h.c.i.RegionFactoryInitiator           : HHH000026: Second-level cache disabled
[2024-03-06 12:49:49.748]  INFO 11316 --- [  restartedMain] o.s.o.j.p.SpringPersistenceUnitInfo      : No LoadTimeWeaver setup: ignoring JPA class transformer
[2024-03-06 12:49:49.769]  INFO 11316 --- [  restartedMain] o.h.e.t.j.p.i.JtaPlatformInitiator       : HHH000489: No JTA platform available (set 'hibernate.transaction.jta.platform' to enable JTA platform integration)
[2024-03-06 12:49:49.769]  INFO 11316 --- [  restartedMain] j.LocalContainerEntityManagerFactoryBean : Initialized JPA EntityManagerFactory for persistence unit 'default'
[2024-03-06 12:49:49.833]  WARN 11316 --- [  restartedMain] JpaBaseConfiguration$JpaWebConfiguration : spring.jpa.open-in-view is enabled by default. Therefore, database queries may be performed during view rendering. Explicitly configure spring.jpa.open-in-view to disable this warning
[2024-03-06 12:49:49.842]  INFO 11316 --- [  restartedMain] o.s.b.a.w.s.WelcomePageHandlerMapping    : Adding welcome page: class path resource [static/index.html]
[2024-03-06 12:49:49.886]  INFO 11316 --- [  restartedMain] o.s.s.w.DefaultSecurityFilterChain       : Will secure any request with [org.springframework.security.web.session.DisableEncodeUrlFilter@6f3349b2, org.springframework.security.web.context.request.async.WebAsyncManagerIntegrationFilter@693959e0, org.springframework.security.web.context.SecurityContextHolderFilter@2766e68f, org.springframework.security.web.header.HeaderWriterFilter@1fec0743, org.springframework.security.oauth2.client.web.OAuth2AuthorizationRequestRedirectFilter@695c23ab, org.springframework.security.oauth2.client.web.OAuth2LoginAuthenticationFilter@1aa3a172, org.springframework.security.web.authentication.ui.DefaultLoginPageGeneratingFilter@4b570b71, org.springframework.security.web.savedrequest.RequestCacheAwareFilter@52045491, org.springframework.security.web.servletapi.SecurityContextHolderAwareRequestFilter@34fec4b2, org.springframework.security.web.authentication.AnonymousAuthenticationFilter@61f07e17, org.springframework.security.web.access.ExceptionTranslationFilter@3feb3ef5, org.springframework.security.web.access.intercept.AuthorizationFilter@2b45b925]
[2024-03-06 12:49:49.934]  INFO 11316 --- [  restartedMain] o.s.b.d.a.OptionalLiveReloadServer       : LiveReload server is running on port 35729
[2024-03-06 12:49:49.940]  INFO 11316 --- [  restartedMain] o.a.c.h.Http11NioProtocol                : Starting ProtocolHandler ["http-nio-8080"]
[2024-03-06 12:49:49.943]  INFO 11316 --- [  restartedMain] o.s.b.w.e.t.TomcatWebServer              : Tomcat started on port 8080 (http) with context path ''
[2024-03-06 12:49:49.946]  INFO 11316 --- [  restartedMain] c.s.g.GalleryApplication                 : Started GalleryApplication in 0.545 seconds (process running for 48.793)
[2024-03-06 12:49:49.948]  INFO 11316 --- [  restartedMain] .ConditionEvaluationDeltaLoggingListener : Condition evaluation unchanged
