[2024-03-05 17:36:09.770]  INFO 16840 --- [   File Watcher] rtingClassPathChangeChangedEventListener : Restarting due to 1 class path change (0 additions, 0 deletions, 1 modification)
[2024-03-05 17:36:09.772]  INFO 16840 --- [      Thread-19] o.a.c.h.Http11NioProtocol                : Stopping ProtocolHandler ["http-nio-8080"]
[2024-03-05 17:36:09.782]  INFO 16840 --- [      Thread-19] j.LocalContainerEntityManagerFactoryBean : Closing JPA EntityManagerFactory for persistence unit 'default'
[2024-03-05 17:36:09.782]  INFO 16840 --- [      Thread-19] c.z.h.HikariDataSource                   : HikariPool-5 - Shutdown initiated...
[2024-03-05 17:36:09.784]  INFO 16840 --- [      Thread-19] c.z.h.HikariDataSource                   : HikariPool-5 - Shutdown completed.
[2024-03-05 17:36:09.861]  INFO 16840 --- [  restartedMain] c.s.g.GalleryApplication                 : Starting GalleryApplication using Java 17.0.9 with PID 16840 (D:\Project\S10P22A101\backend\build\classes\java\main started by SSAFY in D:\Project\S10P22A101\backend)
[2024-03-05 17:36:09.861]  INFO 16840 --- [  restartedMain] c.s.g.GalleryApplication                 : No active profile set, falling back to 1 default profile: "default"
[2024-03-05 17:36:09.986]  INFO 16840 --- [  restartedMain] .s.d.r.c.RepositoryConfigurationDelegate : Bootstrapping Spring Data JPA repositories in DEFAULT mode.
[2024-03-05 17:36:09.992]  INFO 16840 --- [  restartedMain] .s.d.r.c.RepositoryConfigurationDelegate : Finished Spring Data repository scanning in 5 ms. Found 1 JPA repository interface.
[2024-03-05 17:36:10.058]  INFO 16840 --- [  restartedMain] o.s.b.w.e.t.TomcatWebServer              : Tomcat initialized with port 8080 (http)
[2024-03-05 17:36:10.058]  INFO 16840 --- [  restartedMain] o.a.c.h.Http11NioProtocol                : Initializing ProtocolHandler ["http-nio-8080"]
[2024-03-05 17:36:10.058]  INFO 16840 --- [  restartedMain] o.a.c.c.StandardService                  : Starting service [Tomcat]
[2024-03-05 17:36:10.058]  INFO 16840 --- [  restartedMain] o.a.c.c.StandardEngine                   : Starting Servlet engine: [Apache Tomcat/10.1.19]
[2024-03-05 17:36:10.070]  INFO 16840 --- [  restartedMain] o.a.c.c.C.[.[.[/]                        : Initializing Spring embedded WebApplicationContext
[2024-03-05 17:36:10.070]  INFO 16840 --- [  restartedMain] w.s.c.ServletWebServerApplicationContext : Root WebApplicationContext: initialization completed in 208 ms
[2024-03-05 17:36:10.093]  INFO 16840 --- [  restartedMain] c.z.h.HikariDataSource                   : HikariPool-6 - Starting...
[2024-03-05 17:36:10.110]  INFO 16840 --- [  restartedMain] c.z.h.p.HikariPool                       : HikariPool-6 - Added connection com.mysql.cj.jdbc.ConnectionImpl@28492f04
[2024-03-05 17:36:10.110]  INFO 16840 --- [  restartedMain] c.z.h.HikariDataSource                   : HikariPool-6 - Start completed.
[2024-03-05 17:36:10.111]  INFO 16840 --- [  restartedMain] o.h.j.i.u.LogHelper                      : HHH000204: Processing PersistenceUnitInfo [name: default]
[2024-03-05 17:36:10.113]  INFO 16840 --- [  restartedMain] o.h.c.i.RegionFactoryInitiator           : HHH000026: Second-level cache disabled
[2024-03-05 17:36:10.115]  INFO 16840 --- [  restartedMain] o.s.o.j.p.SpringPersistenceUnitInfo      : No LoadTimeWeaver setup: ignoring JPA class transformer
[2024-03-05 17:36:10.116]  WARN 16840 --- [  restartedMain] o.h.d.Dialect                            : HHH000511: The 5.7.0 version for [org.hibernate.dialect.MySQLDialect] is no longer supported, hence certain features may not work properly. The minimum supported version is 8.0.0. Check the community dialects project for available legacy versions.
[2024-03-05 17:36:10.132]  INFO 16840 --- [  restartedMain] o.h.e.t.j.p.i.JtaPlatformInitiator       : HHH000489: No JTA platform available (set 'hibernate.transaction.jta.platform' to enable JTA platform integration)
[2024-03-05 17:36:10.132]  INFO 16840 --- [  restartedMain] j.LocalContainerEntityManagerFactoryBean : Initialized JPA EntityManagerFactory for persistence unit 'default'
[2024-03-05 17:36:10.188]  WARN 16840 --- [  restartedMain] JpaBaseConfiguration$JpaWebConfiguration : spring.jpa.open-in-view is enabled by default. Therefore, database queries may be performed during view rendering. Explicitly configure spring.jpa.open-in-view to disable this warning
[2024-03-05 17:36:10.195]  INFO 16840 --- [  restartedMain] o.s.b.a.w.s.WelcomePageHandlerMapping    : Adding welcome page: class path resource [static/index.html]
[2024-03-05 17:36:10.231]  INFO 16840 --- [  restartedMain] o.s.s.w.DefaultSecurityFilterChain       : Will secure any request with [org.springframework.security.web.session.DisableEncodeUrlFilter@7aa52c63, org.springframework.security.web.context.request.async.WebAsyncManagerIntegrationFilter@225a3fc4, org.springframework.security.web.context.SecurityContextHolderFilter@35ad566a, org.springframework.security.web.header.HeaderWriterFilter@445ee541, org.springframework.security.oauth2.client.web.OAuth2AuthorizationRequestRedirectFilter@2dd3b36c, org.springframework.security.oauth2.client.web.OAuth2LoginAuthenticationFilter@3ce889da, org.springframework.security.web.authentication.ui.DefaultLoginPageGeneratingFilter@23465d99, org.springframework.security.web.savedrequest.RequestCacheAwareFilter@56f328d5, org.springframework.security.web.servletapi.SecurityContextHolderAwareRequestFilter@1001d635, org.springframework.security.web.authentication.AnonymousAuthenticationFilter@12a2b030, org.springframework.security.web.access.ExceptionTranslationFilter@5fb330fe, org.springframework.security.web.access.intercept.AuthorizationFilter@33fd6b58]
[2024-03-05 17:36:10.275]  INFO 16840 --- [  restartedMain] o.s.b.d.a.OptionalLiveReloadServer       : LiveReload server is running on port 35729
[2024-03-05 17:36:10.281]  INFO 16840 --- [  restartedMain] o.a.c.h.Http11NioProtocol                : Starting ProtocolHandler ["http-nio-8080"]
[2024-03-05 17:36:10.284]  INFO 16840 --- [  restartedMain] o.s.b.w.e.t.TomcatWebServer              : Tomcat started on port 8080 (http) with context path ''
[2024-03-05 17:36:10.287]  INFO 16840 --- [  restartedMain] c.s.g.GalleryApplication                 : Started GalleryApplication in 0.453 seconds (process running for 637.603)
[2024-03-05 17:36:10.288]  INFO 16840 --- [  restartedMain] .ConditionEvaluationDeltaLoggingListener : Condition evaluation unchanged
