[2024-03-05 17:13:21.783]  INFO 14328 --- [   File Watcher] rtingClassPathChangeChangedEventListener : Restarting due to 1 class path change (0 additions, 0 deletions, 1 modification)
[2024-03-05 17:13:21.785]  INFO 14328 --- [      Thread-15] o.a.c.h.Http11NioProtocol                : Stopping ProtocolHandler ["http-nio-8080"]
[2024-03-05 17:13:21.795]  INFO 14328 --- [      Thread-15] j.LocalContainerEntityManagerFactoryBean : Closing JPA EntityManagerFactory for persistence unit 'default'
[2024-03-05 17:13:21.795]  INFO 14328 --- [      Thread-15] c.z.h.HikariDataSource                   : HikariPool-4 - Shutdown initiated...
[2024-03-05 17:13:21.798]  INFO 14328 --- [      Thread-15] c.z.h.HikariDataSource                   : HikariPool-4 - Shutdown completed.
[2024-03-05 17:13:21.868]  INFO 14328 --- [  restartedMain] c.s.g.GalleryApplication                 : Starting GalleryApplication using Java 17.0.9 with PID 14328 (D:\Project\S10P22A101\backend\build\classes\java\main started by SSAFY in D:\Project\S10P22A101\backend)
[2024-03-05 17:13:21.868]  INFO 14328 --- [  restartedMain] c.s.g.GalleryApplication                 : No active profile set, falling back to 1 default profile: "default"
[2024-03-05 17:13:21.989]  INFO 14328 --- [  restartedMain] .s.d.r.c.RepositoryConfigurationDelegate : Bootstrapping Spring Data JPA repositories in DEFAULT mode.
[2024-03-05 17:13:21.991]  INFO 14328 --- [  restartedMain] .s.d.r.c.RepositoryConfigurationDelegate : Finished Spring Data repository scanning in 1 ms. Found 0 JPA repository interfaces.
[2024-03-05 17:13:22.054]  INFO 14328 --- [  restartedMain] o.s.b.w.e.t.TomcatWebServer              : Tomcat initialized with port 8080 (http)
[2024-03-05 17:13:22.055]  INFO 14328 --- [  restartedMain] o.a.c.h.Http11NioProtocol                : Initializing ProtocolHandler ["http-nio-8080"]
[2024-03-05 17:13:22.055]  INFO 14328 --- [  restartedMain] o.a.c.c.StandardService                  : Starting service [Tomcat]
[2024-03-05 17:13:22.055]  INFO 14328 --- [  restartedMain] o.a.c.c.StandardEngine                   : Starting Servlet engine: [Apache Tomcat/10.1.19]
[2024-03-05 17:13:22.066]  INFO 14328 --- [  restartedMain] o.a.c.c.C.[.[.[/]                        : Initializing Spring embedded WebApplicationContext
[2024-03-05 17:13:22.066]  INFO 14328 --- [  restartedMain] w.s.c.ServletWebServerApplicationContext : Root WebApplicationContext: initialization completed in 197 ms
[2024-03-05 17:13:22.086]  INFO 14328 --- [  restartedMain] c.z.h.HikariDataSource                   : HikariPool-5 - Starting...
[2024-03-05 17:13:22.102]  INFO 14328 --- [  restartedMain] c.z.h.p.HikariPool                       : HikariPool-5 - Added connection com.mysql.cj.jdbc.ConnectionImpl@7e1faf0b
[2024-03-05 17:13:22.102]  INFO 14328 --- [  restartedMain] c.z.h.HikariDataSource                   : HikariPool-5 - Start completed.
[2024-03-05 17:13:22.102]  INFO 14328 --- [  restartedMain] o.h.j.i.u.LogHelper                      : HHH000204: Processing PersistenceUnitInfo [name: default]
[2024-03-05 17:13:22.104]  INFO 14328 --- [  restartedMain] o.h.c.i.RegionFactoryInitiator           : HHH000026: Second-level cache disabled
[2024-03-05 17:13:22.107]  INFO 14328 --- [  restartedMain] o.s.o.j.p.SpringPersistenceUnitInfo      : No LoadTimeWeaver setup: ignoring JPA class transformer
[2024-03-05 17:13:22.108]  WARN 14328 --- [  restartedMain] o.h.d.Dialect                            : HHH000511: The 5.7.0 version for [org.hibernate.dialect.MySQLDialect] is no longer supported, hence certain features may not work properly. The minimum supported version is 8.0.0. Check the community dialects project for available legacy versions.
[2024-03-05 17:13:22.115]  INFO 14328 --- [  restartedMain] o.h.e.t.j.p.i.JtaPlatformInitiator       : HHH000489: No JTA platform available (set 'hibernate.transaction.jta.platform' to enable JTA platform integration)
[2024-03-05 17:13:22.115]  INFO 14328 --- [  restartedMain] j.LocalContainerEntityManagerFactoryBean : Initialized JPA EntityManagerFactory for persistence unit 'default'
[2024-03-05 17:13:22.145]  WARN 14328 --- [  restartedMain] JpaBaseConfiguration$JpaWebConfiguration : spring.jpa.open-in-view is enabled by default. Therefore, database queries may be performed during view rendering. Explicitly configure spring.jpa.open-in-view to disable this warning
[2024-03-05 17:13:22.152]  INFO 14328 --- [  restartedMain] o.s.b.a.w.s.WelcomePageHandlerMapping    : Adding welcome page: class path resource [static/index.html]
[2024-03-05 17:13:22.183]  INFO 14328 --- [  restartedMain] o.s.s.w.DefaultSecurityFilterChain       : Will secure any request with [org.springframework.security.web.session.DisableEncodeUrlFilter@5063569c, org.springframework.security.web.context.request.async.WebAsyncManagerIntegrationFilter@53463adc, org.springframework.security.web.context.SecurityContextHolderFilter@484c4abc, org.springframework.security.web.header.HeaderWriterFilter@4d6a67ac, org.springframework.security.oauth2.client.web.OAuth2AuthorizationRequestRedirectFilter@6750908f, org.springframework.security.oauth2.client.web.OAuth2LoginAuthenticationFilter@420b553e, org.springframework.security.web.authentication.ui.DefaultLoginPageGeneratingFilter@2f4147fc, org.springframework.security.web.savedrequest.RequestCacheAwareFilter@7528232, org.springframework.security.web.servletapi.SecurityContextHolderAwareRequestFilter@31081176, org.springframework.security.web.authentication.AnonymousAuthenticationFilter@30f11cd3, org.springframework.security.web.access.ExceptionTranslationFilter@5d67751, org.springframework.security.web.access.intercept.AuthorizationFilter@16a2a08c]
[2024-03-05 17:13:22.230]  INFO 14328 --- [  restartedMain] o.s.b.d.a.OptionalLiveReloadServer       : LiveReload server is running on port 35729
[2024-03-05 17:13:22.236]  INFO 14328 --- [  restartedMain] o.a.c.h.Http11NioProtocol                : Starting ProtocolHandler ["http-nio-8080"]
[2024-03-05 17:13:22.238]  INFO 14328 --- [  restartedMain] o.s.b.w.e.t.TomcatWebServer              : Tomcat started on port 8080 (http) with context path ''
[2024-03-05 17:13:22.242]  INFO 14328 --- [  restartedMain] c.s.g.GalleryApplication                 : Started GalleryApplication in 0.402 seconds (process running for 186.113)
[2024-03-05 17:13:22.243]  INFO 14328 --- [  restartedMain] .ConditionEvaluationDeltaLoggingListener : Condition evaluation unchanged
[2024-03-05 17:13:22.476]  INFO 14328 --- [nio-8080-exec-1] o.a.c.c.C.[.[.[/]                        : Initializing Spring DispatcherServlet 'dispatcherServlet'
[2024-03-05 17:13:22.476]  INFO 14328 --- [nio-8080-exec-1] o.s.w.s.DispatcherServlet                : Initializing Servlet 'dispatcherServlet'
[2024-03-05 17:13:22.477]  INFO 14328 --- [nio-8080-exec-1] o.s.w.s.DispatcherServlet                : Completed initialization in 1 ms
[2024-03-05 17:13:22.479]  INFO 14328 --- [nio-8080-exec-1] c.s.g.e.c.ExampleApiController           : 카카오 로그인 시도
