[2024-03-06 12:57:22.697]  INFO 25492 --- [ionShutdownHook] j.LocalContainerEntityManagerFactoryBean : Closing JPA EntityManagerFactory for persistence unit 'default'
[2024-03-06 12:57:22.704]  INFO 25492 --- [ionShutdownHook] c.z.h.HikariDataSource                   : HikariPool-1 - Shutdown initiated...
[2024-03-06 12:57:22.710]  INFO 25492 --- [ionShutdownHook] c.z.h.HikariDataSource                   : HikariPool-1 - Shutdown completed.
[2024-03-06 12:57:25.391]  INFO 6860 --- [  restartedMain] c.s.g.GalleryApplication                 : Starting GalleryApplication using Java 17.0.9 with PID 6860 (C:\Users\SSAFY\Desktop\PJT2\backend\build\classes\java\main started by SSAFY in C:\Users\SSAFY\Desktop\PJT2\backend)
[2024-03-06 12:57:25.406]  INFO 6860 --- [  restartedMain] c.s.g.GalleryApplication                 : No active profile set, falling back to 1 default profile: "default"
[2024-03-06 12:57:25.433]  INFO 6860 --- [  restartedMain] .e.DevToolsPropertyDefaultsPostProcessor : Devtools property defaults active! Set 'spring.devtools.add-properties' to 'false' to disable
[2024-03-06 12:57:25.434]  INFO 6860 --- [  restartedMain] .e.DevToolsPropertyDefaultsPostProcessor : For additional web related logging consider setting the 'logging.level.web' property to 'DEBUG'
[2024-03-06 12:57:25.966]  INFO 6860 --- [  restartedMain] .s.d.r.c.RepositoryConfigurationDelegate : Bootstrapping Spring Data JPA repositories in DEFAULT mode.
[2024-03-06 12:57:26.002]  INFO 6860 --- [  restartedMain] .s.d.r.c.RepositoryConfigurationDelegate : Finished Spring Data repository scanning in 31 ms. Found 1 JPA repository interface.
[2024-03-06 12:57:26.356]  INFO 6860 --- [  restartedMain] o.s.b.w.e.t.TomcatWebServer              : Tomcat initialized with port 8080 (http)
[2024-03-06 12:57:26.364]  INFO 6860 --- [  restartedMain] o.a.c.h.Http11NioProtocol                : Initializing ProtocolHandler ["http-nio-8080"]
[2024-03-06 12:57:26.365]  INFO 6860 --- [  restartedMain] o.a.c.c.StandardService                  : Starting service [Tomcat]
[2024-03-06 12:57:26.365]  INFO 6860 --- [  restartedMain] o.a.c.c.StandardEngine                   : Starting Servlet engine: [Apache Tomcat/10.1.19]
[2024-03-06 12:57:26.399]  INFO 6860 --- [  restartedMain] o.a.c.c.C.[.[.[/]                        : Initializing Spring embedded WebApplicationContext
[2024-03-06 12:57:26.399]  INFO 6860 --- [  restartedMain] w.s.c.ServletWebServerApplicationContext : Root WebApplicationContext: initialization completed in 965 ms
[2024-03-06 12:57:26.485]  INFO 6860 --- [  restartedMain] c.z.h.HikariDataSource                   : HikariPool-1 - Starting...
[2024-03-06 12:57:26.660]  INFO 6860 --- [  restartedMain] c.z.h.p.HikariPool                       : HikariPool-1 - Added connection com.mysql.cj.jdbc.ConnectionImpl@313ed55f
[2024-03-06 12:57:26.661]  INFO 6860 --- [  restartedMain] c.z.h.HikariDataSource                   : HikariPool-1 - Start completed.
[2024-03-06 12:57:26.688]  INFO 6860 --- [  restartedMain] o.h.j.i.u.LogHelper                      : HHH000204: Processing PersistenceUnitInfo [name: default]
[2024-03-06 12:57:26.725]  INFO 6860 --- [  restartedMain] o.h.Version                              : HHH000412: Hibernate ORM core version 6.4.4.Final
[2024-03-06 12:57:26.750]  INFO 6860 --- [  restartedMain] o.h.c.i.RegionFactoryInitiator           : HHH000026: Second-level cache disabled
[2024-03-06 12:57:26.929]  INFO 6860 --- [  restartedMain] o.s.o.j.p.SpringPersistenceUnitInfo      : No LoadTimeWeaver setup: ignoring JPA class transformer
[2024-03-06 12:57:27.484]  INFO 6860 --- [  restartedMain] o.h.e.t.j.p.i.JtaPlatformInitiator       : HHH000489: No JTA platform available (set 'hibernate.transaction.jta.platform' to enable JTA platform integration)
[2024-03-06 12:57:27.486]  INFO 6860 --- [  restartedMain] j.LocalContainerEntityManagerFactoryBean : Initialized JPA EntityManagerFactory for persistence unit 'default'
[2024-03-06 12:57:27.757]  WARN 6860 --- [  restartedMain] JpaBaseConfiguration$JpaWebConfiguration : spring.jpa.open-in-view is enabled by default. Therefore, database queries may be performed during view rendering. Explicitly configure spring.jpa.open-in-view to disable this warning
[2024-03-06 12:57:27.804]  INFO 6860 --- [  restartedMain] o.s.b.a.w.s.WelcomePageHandlerMapping    : Adding welcome page: class path resource [static/index.html]
[2024-03-06 12:57:27.924]  INFO 6860 --- [  restartedMain] o.s.s.w.DefaultSecurityFilterChain       : Will secure any request with [org.springframework.security.web.session.DisableEncodeUrlFilter@2136c572, org.springframework.security.web.context.request.async.WebAsyncManagerIntegrationFilter@1aed5dea, org.springframework.security.web.context.SecurityContextHolderFilter@785b4782, org.springframework.security.web.header.HeaderWriterFilter@53489964, org.springframework.security.oauth2.client.web.OAuth2AuthorizationRequestRedirectFilter@1c11dc9b, org.springframework.security.oauth2.client.web.OAuth2LoginAuthenticationFilter@2c02ec42, org.springframework.security.web.authentication.ui.DefaultLoginPageGeneratingFilter@36d1bd73, org.springframework.security.web.savedrequest.RequestCacheAwareFilter@b9fd1c9, org.springframework.security.web.servletapi.SecurityContextHolderAwareRequestFilter@7e8fa557, org.springframework.security.web.authentication.AnonymousAuthenticationFilter@cdc890a, org.springframework.security.web.access.ExceptionTranslationFilter@1cd4a50a, org.springframework.security.web.access.intercept.AuthorizationFilter@68f479d4]
[2024-03-06 12:57:28.081]  INFO 6860 --- [  restartedMain] o.s.b.d.a.OptionalLiveReloadServer       : LiveReload server is running on port 35729
[2024-03-06 12:57:28.093]  INFO 6860 --- [  restartedMain] o.a.c.h.Http11NioProtocol                : Starting ProtocolHandler ["http-nio-8080"]
[2024-03-06 12:57:28.104]  INFO 6860 --- [  restartedMain] o.s.b.w.e.t.TomcatWebServer              : Tomcat started on port 8080 (http) with context path ''
[2024-03-06 12:57:28.110]  INFO 6860 --- [  restartedMain] c.s.g.GalleryApplication                 : Started GalleryApplication in 2.972 seconds (process running for 3.715)
[2024-03-06 12:57:30.267]  INFO 6860 --- [nio-8080-exec-2] o.a.c.c.C.[.[.[/]                        : Initializing Spring DispatcherServlet 'dispatcherServlet'
[2024-03-06 12:57:30.267]  INFO 6860 --- [nio-8080-exec-2] o.s.w.s.DispatcherServlet                : Initializing Servlet 'dispatcherServlet'
[2024-03-06 12:57:30.268]  INFO 6860 --- [nio-8080-exec-2] o.s.w.s.DispatcherServlet                : Completed initialization in 0 ms
[2024-03-06 12:57:30.327]  WARN 6860 --- [nio-8080-exec-2] .w.s.m.s.DefaultHandlerExceptionResolver : Resolved [org.springframework.web.HttpMediaTypeNotSupportedException: Content-Type 'multipart/form-data;boundary=--------------------------828017321009336423833367;charset=UTF-8' is not supported]
[2024-03-06 12:57:32.519]  WARN 6860 --- [nio-8080-exec-5] .w.s.m.s.DefaultHandlerExceptionResolver : Resolved [org.springframework.web.HttpMediaTypeNotSupportedException: Content-Type 'multipart/form-data;boundary=--------------------------625377693611688295033933;charset=UTF-8' is not supported]
