[2024-03-06 10:43:29.291]  INFO 22104 --- [  restartedMain] c.s.g.GalleryApplication                 : Starting GalleryApplication using Java 17.0.9 with PID 22104 (C:\Users\SSAFY\Desktop\PJT2\backend\build\classes\java\main started by SSAFY in C:\Users\SSAFY\Desktop\PJT2\backend)
[2024-03-06 10:43:29.300]  INFO 22104 --- [  restartedMain] c.s.g.GalleryApplication                 : No active profile set, falling back to 1 default profile: "default"
[2024-03-06 10:43:29.325]  INFO 22104 --- [  restartedMain] .e.DevToolsPropertyDefaultsPostProcessor : Devtools property defaults active! Set 'spring.devtools.add-properties' to 'false' to disable
[2024-03-06 10:43:29.326]  INFO 22104 --- [  restartedMain] .e.DevToolsPropertyDefaultsPostProcessor : For additional web related logging consider setting the 'logging.level.web' property to 'DEBUG'
[2024-03-06 10:43:29.885]  INFO 22104 --- [  restartedMain] .s.d.r.c.RepositoryConfigurationDelegate : Bootstrapping Spring Data JPA repositories in DEFAULT mode.
[2024-03-06 10:43:29.922]  INFO 22104 --- [  restartedMain] .s.d.r.c.RepositoryConfigurationDelegate : Finished Spring Data repository scanning in 31 ms. Found 1 JPA repository interface.
[2024-03-06 10:43:30.308]  INFO 22104 --- [  restartedMain] o.s.b.w.e.t.TomcatWebServer              : Tomcat initialized with port 8080 (http)
[2024-03-06 10:43:30.316]  INFO 22104 --- [  restartedMain] o.a.c.h.Http11NioProtocol                : Initializing ProtocolHandler ["http-nio-8080"]
[2024-03-06 10:43:30.318]  INFO 22104 --- [  restartedMain] o.a.c.c.StandardService                  : Starting service [Tomcat]
[2024-03-06 10:43:30.318]  INFO 22104 --- [  restartedMain] o.a.c.c.StandardEngine                   : Starting Servlet engine: [Apache Tomcat/10.1.19]
[2024-03-06 10:43:30.355]  INFO 22104 --- [  restartedMain] o.a.c.c.C.[.[.[/]                        : Initializing Spring embedded WebApplicationContext
[2024-03-06 10:43:30.356]  INFO 22104 --- [  restartedMain] w.s.c.ServletWebServerApplicationContext : Root WebApplicationContext: initialization completed in 1030 ms
[2024-03-06 10:43:30.443]  INFO 22104 --- [  restartedMain] c.z.h.HikariDataSource                   : HikariPool-1 - Starting...
[2024-03-06 10:43:30.630]  INFO 22104 --- [  restartedMain] c.z.h.p.HikariPool                       : HikariPool-1 - Added connection com.mysql.cj.jdbc.ConnectionImpl@a8818e8
[2024-03-06 10:43:30.631]  INFO 22104 --- [  restartedMain] c.z.h.HikariDataSource                   : HikariPool-1 - Start completed.
[2024-03-06 10:43:30.659]  INFO 22104 --- [  restartedMain] o.h.j.i.u.LogHelper                      : HHH000204: Processing PersistenceUnitInfo [name: default]
[2024-03-06 10:43:30.700]  INFO 22104 --- [  restartedMain] o.h.Version                              : HHH000412: Hibernate ORM core version 6.4.4.Final
[2024-03-06 10:43:30.724]  INFO 22104 --- [  restartedMain] o.h.c.i.RegionFactoryInitiator           : HHH000026: Second-level cache disabled
[2024-03-06 10:43:30.913]  INFO 22104 --- [  restartedMain] o.s.o.j.p.SpringPersistenceUnitInfo      : No LoadTimeWeaver setup: ignoring JPA class transformer
[2024-03-06 10:43:31.529]  INFO 22104 --- [  restartedMain] o.h.e.t.j.p.i.JtaPlatformInitiator       : HHH000489: No JTA platform available (set 'hibernate.transaction.jta.platform' to enable JTA platform integration)
[2024-03-06 10:43:31.531]  INFO 22104 --- [  restartedMain] j.LocalContainerEntityManagerFactoryBean : Initialized JPA EntityManagerFactory for persistence unit 'default'
[2024-03-06 10:43:31.831]  WARN 22104 --- [  restartedMain] JpaBaseConfiguration$JpaWebConfiguration : spring.jpa.open-in-view is enabled by default. Therefore, database queries may be performed during view rendering. Explicitly configure spring.jpa.open-in-view to disable this warning
[2024-03-06 10:43:31.885]  INFO 22104 --- [  restartedMain] o.s.b.a.w.s.WelcomePageHandlerMapping    : Adding welcome page: class path resource [static/index.html]
[2024-03-06 10:43:32.034]  INFO 22104 --- [  restartedMain] o.s.s.w.DefaultSecurityFilterChain       : Will secure any request with [org.springframework.security.web.session.DisableEncodeUrlFilter@36f27d2f, org.springframework.security.web.context.request.async.WebAsyncManagerIntegrationFilter@52584645, org.springframework.security.web.context.SecurityContextHolderFilter@3ca9802b, org.springframework.security.web.header.HeaderWriterFilter@77399b4b, org.springframework.security.oauth2.client.web.OAuth2AuthorizationRequestRedirectFilter@2af3e935, org.springframework.security.oauth2.client.web.OAuth2LoginAuthenticationFilter@46145b57, org.springframework.security.web.authentication.ui.DefaultLoginPageGeneratingFilter@47a0be75, org.springframework.security.web.savedrequest.RequestCacheAwareFilter@2cec5a3d, org.springframework.security.web.servletapi.SecurityContextHolderAwareRequestFilter@40e51587, org.springframework.security.web.authentication.AnonymousAuthenticationFilter@7c2a305f, org.springframework.security.web.access.ExceptionTranslationFilter@aeb6902, org.springframework.security.web.access.intercept.AuthorizationFilter@3d32cfe6]
[2024-03-06 10:43:32.209]  INFO 22104 --- [  restartedMain] o.s.b.d.a.OptionalLiveReloadServer       : LiveReload server is running on port 35729
[2024-03-06 10:43:32.223]  INFO 22104 --- [  restartedMain] o.a.c.h.Http11NioProtocol                : Starting ProtocolHandler ["http-nio-8080"]
[2024-03-06 10:43:32.237]  INFO 22104 --- [  restartedMain] o.s.b.w.e.t.TomcatWebServer              : Tomcat started on port 8080 (http) with context path ''
[2024-03-06 10:43:32.245]  INFO 22104 --- [  restartedMain] c.s.g.GalleryApplication                 : Started GalleryApplication in 3.205 seconds (process running for 3.807)
