[2024-03-05 17:12:54.657]  INFO 14328 --- [   File Watcher] rtingClassPathChangeChangedEventListener : Restarting due to 1 class path change (0 additions, 0 deletions, 1 modification)
[2024-03-05 17:12:54.659]  INFO 14328 --- [      Thread-11] o.a.c.h.Http11NioProtocol                : Stopping ProtocolHandler ["http-nio-8080"]
[2024-03-05 17:12:54.669]  INFO 14328 --- [      Thread-11] j.LocalContainerEntityManagerFactoryBean : Closing JPA EntityManagerFactory for persistence unit 'default'
[2024-03-05 17:12:54.669]  INFO 14328 --- [      Thread-11] c.z.h.HikariDataSource                   : HikariPool-3 - Shutdown initiated...
[2024-03-05 17:12:54.671]  INFO 14328 --- [      Thread-11] c.z.h.HikariDataSource                   : HikariPool-3 - Shutdown completed.
[2024-03-05 17:12:54.747]  INFO 14328 --- [  restartedMain] c.s.g.GalleryApplication                 : Starting GalleryApplication using Java 17.0.9 with PID 14328 (D:\Project\S10P22A101\backend\build\classes\java\main started by SSAFY in D:\Project\S10P22A101\backend)
[2024-03-05 17:12:54.748]  INFO 14328 --- [  restartedMain] c.s.g.GalleryApplication                 : No active profile set, falling back to 1 default profile: "default"
[2024-03-05 17:12:54.867]  INFO 14328 --- [  restartedMain] .s.d.r.c.RepositoryConfigurationDelegate : Bootstrapping Spring Data JPA repositories in DEFAULT mode.
[2024-03-05 17:12:54.869]  INFO 14328 --- [  restartedMain] .s.d.r.c.RepositoryConfigurationDelegate : Finished Spring Data repository scanning in 1 ms. Found 0 JPA repository interfaces.
[2024-03-05 17:12:54.929]  INFO 14328 --- [  restartedMain] o.s.b.w.e.t.TomcatWebServer              : Tomcat initialized with port 8080 (http)
[2024-03-05 17:12:54.930]  INFO 14328 --- [  restartedMain] o.a.c.h.Http11NioProtocol                : Initializing ProtocolHandler ["http-nio-8080"]
[2024-03-05 17:12:54.930]  INFO 14328 --- [  restartedMain] o.a.c.c.StandardService                  : Starting service [Tomcat]
[2024-03-05 17:12:54.930]  INFO 14328 --- [  restartedMain] o.a.c.c.StandardEngine                   : Starting Servlet engine: [Apache Tomcat/10.1.19]
[2024-03-05 17:12:54.940]  INFO 14328 --- [  restartedMain] o.a.c.c.C.[.[.[/]                        : Initializing Spring embedded WebApplicationContext
[2024-03-05 17:12:54.940]  INFO 14328 --- [  restartedMain] w.s.c.ServletWebServerApplicationContext : Root WebApplicationContext: initialization completed in 191 ms
[2024-03-05 17:12:54.965]  INFO 14328 --- [  restartedMain] c.z.h.HikariDataSource                   : HikariPool-4 - Starting...
[2024-03-05 17:12:54.981]  INFO 14328 --- [  restartedMain] c.z.h.p.HikariPool                       : HikariPool-4 - Added connection com.mysql.cj.jdbc.ConnectionImpl@589ec063
[2024-03-05 17:12:54.981]  INFO 14328 --- [  restartedMain] c.z.h.HikariDataSource                   : HikariPool-4 - Start completed.
[2024-03-05 17:12:54.982]  INFO 14328 --- [  restartedMain] o.h.j.i.u.LogHelper                      : HHH000204: Processing PersistenceUnitInfo [name: default]
[2024-03-05 17:12:54.983]  INFO 14328 --- [  restartedMain] o.h.c.i.RegionFactoryInitiator           : HHH000026: Second-level cache disabled
[2024-03-05 17:12:54.986]  INFO 14328 --- [  restartedMain] o.s.o.j.p.SpringPersistenceUnitInfo      : No LoadTimeWeaver setup: ignoring JPA class transformer
[2024-03-05 17:12:54.987]  WARN 14328 --- [  restartedMain] o.h.d.Dialect                            : HHH000511: The 5.7.0 version for [org.hibernate.dialect.MySQLDialect] is no longer supported, hence certain features may not work properly. The minimum supported version is 8.0.0. Check the community dialects project for available legacy versions.
[2024-03-05 17:12:54.994]  INFO 14328 --- [  restartedMain] o.h.e.t.j.p.i.JtaPlatformInitiator       : HHH000489: No JTA platform available (set 'hibernate.transaction.jta.platform' to enable JTA platform integration)
[2024-03-05 17:12:54.994]  INFO 14328 --- [  restartedMain] j.LocalContainerEntityManagerFactoryBean : Initialized JPA EntityManagerFactory for persistence unit 'default'
[2024-03-05 17:12:55.023]  WARN 14328 --- [  restartedMain] JpaBaseConfiguration$JpaWebConfiguration : spring.jpa.open-in-view is enabled by default. Therefore, database queries may be performed during view rendering. Explicitly configure spring.jpa.open-in-view to disable this warning
[2024-03-05 17:12:55.030]  INFO 14328 --- [  restartedMain] o.s.b.a.w.s.WelcomePageHandlerMapping    : Adding welcome page: class path resource [static/index.html]
[2024-03-05 17:12:55.060]  INFO 14328 --- [  restartedMain] o.s.s.w.DefaultSecurityFilterChain       : Will secure any request with [org.springframework.security.web.session.DisableEncodeUrlFilter@70e1c597, org.springframework.security.web.context.request.async.WebAsyncManagerIntegrationFilter@1889e5b9, org.springframework.security.web.context.SecurityContextHolderFilter@50bbed96, org.springframework.security.web.header.HeaderWriterFilter@42559415, org.springframework.security.oauth2.client.web.OAuth2AuthorizationRequestRedirectFilter@3b59472e, org.springframework.security.oauth2.client.web.OAuth2LoginAuthenticationFilter@5e01aedc, org.springframework.security.web.authentication.ui.DefaultLoginPageGeneratingFilter@7da303ca, org.springframework.security.web.savedrequest.RequestCacheAwareFilter@4bdaf9b7, org.springframework.security.web.servletapi.SecurityContextHolderAwareRequestFilter@13b8c894, org.springframework.security.web.authentication.AnonymousAuthenticationFilter@6918b1b1, org.springframework.security.web.access.ExceptionTranslationFilter@1ea8d25a, org.springframework.security.web.access.intercept.AuthorizationFilter@6e70ce1c]
[2024-03-05 17:12:55.105]  INFO 14328 --- [  restartedMain] o.s.b.d.a.OptionalLiveReloadServer       : LiveReload server is running on port 35729
[2024-03-05 17:12:55.111]  INFO 14328 --- [  restartedMain] o.a.c.h.Http11NioProtocol                : Starting ProtocolHandler ["http-nio-8080"]
[2024-03-05 17:12:55.113]  INFO 14328 --- [  restartedMain] o.s.b.w.e.t.TomcatWebServer              : Tomcat started on port 8080 (http) with context path ''
[2024-03-05 17:12:55.117]  INFO 14328 --- [  restartedMain] c.s.g.GalleryApplication                 : Started GalleryApplication in 0.397 seconds (process running for 158.987)
[2024-03-05 17:12:55.118]  INFO 14328 --- [  restartedMain] .ConditionEvaluationDeltaLoggingListener : Condition evaluation unchanged
