[2024-03-05 17:29:04.219]  INFO 16840 --- [   File Watcher] rtingClassPathChangeChangedEventListener : Restarting due to 3 class path changes (0 additions, 0 deletions, 3 modifications)
[2024-03-05 17:29:04.221]  INFO 16840 --- [       Thread-7] o.a.c.h.Http11NioProtocol                : Stopping ProtocolHandler ["http-nio-8080"]
[2024-03-05 17:29:04.232]  INFO 16840 --- [       Thread-7] j.LocalContainerEntityManagerFactoryBean : Closing JPA EntityManagerFactory for persistence unit 'default'
[2024-03-05 17:29:04.233]  INFO 16840 --- [       Thread-7] c.z.h.HikariDataSource                   : HikariPool-2 - Shutdown initiated...
[2024-03-05 17:29:04.235]  INFO 16840 --- [       Thread-7] c.z.h.HikariDataSource                   : HikariPool-2 - Shutdown completed.
[2024-03-05 17:29:04.324]  INFO 16840 --- [  restartedMain] c.s.g.GalleryApplication                 : Starting GalleryApplication using Java 17.0.9 with PID 16840 (D:\Project\S10P22A101\backend\build\classes\java\main started by SSAFY in D:\Project\S10P22A101\backend)
[2024-03-05 17:29:04.325]  INFO 16840 --- [  restartedMain] c.s.g.GalleryApplication                 : No active profile set, falling back to 1 default profile: "default"
[2024-03-05 17:29:04.461]  INFO 16840 --- [  restartedMain] .s.d.r.c.RepositoryConfigurationDelegate : Bootstrapping Spring Data JPA repositories in DEFAULT mode.
[2024-03-05 17:29:04.467]  INFO 16840 --- [  restartedMain] .s.d.r.c.RepositoryConfigurationDelegate : Finished Spring Data repository scanning in 5 ms. Found 1 JPA repository interface.
[2024-03-05 17:29:04.530]  INFO 16840 --- [  restartedMain] o.s.b.w.e.t.TomcatWebServer              : Tomcat initialized with port 8080 (http)
[2024-03-05 17:29:04.531]  INFO 16840 --- [  restartedMain] o.a.c.h.Http11NioProtocol                : Initializing ProtocolHandler ["http-nio-8080"]
[2024-03-05 17:29:04.531]  INFO 16840 --- [  restartedMain] o.a.c.c.StandardService                  : Starting service [Tomcat]
[2024-03-05 17:29:04.531]  INFO 16840 --- [  restartedMain] o.a.c.c.StandardEngine                   : Starting Servlet engine: [Apache Tomcat/10.1.19]
[2024-03-05 17:29:04.542]  INFO 16840 --- [  restartedMain] o.a.c.c.C.[.[.[/]                        : Initializing Spring embedded WebApplicationContext
[2024-03-05 17:29:04.542]  INFO 16840 --- [  restartedMain] w.s.c.ServletWebServerApplicationContext : Root WebApplicationContext: initialization completed in 216 ms
[2024-03-05 17:29:04.565]  INFO 16840 --- [  restartedMain] c.z.h.HikariDataSource                   : HikariPool-3 - Starting...
[2024-03-05 17:29:04.582]  INFO 16840 --- [  restartedMain] c.z.h.p.HikariPool                       : HikariPool-3 - Added connection com.mysql.cj.jdbc.ConnectionImpl@3e677d8d
[2024-03-05 17:29:04.582]  INFO 16840 --- [  restartedMain] c.z.h.HikariDataSource                   : HikariPool-3 - Start completed.
[2024-03-05 17:29:04.582]  INFO 16840 --- [  restartedMain] o.h.j.i.u.LogHelper                      : HHH000204: Processing PersistenceUnitInfo [name: default]
[2024-03-05 17:29:04.584]  INFO 16840 --- [  restartedMain] o.h.c.i.RegionFactoryInitiator           : HHH000026: Second-level cache disabled
[2024-03-05 17:29:04.587]  INFO 16840 --- [  restartedMain] o.s.o.j.p.SpringPersistenceUnitInfo      : No LoadTimeWeaver setup: ignoring JPA class transformer
[2024-03-05 17:29:04.588]  WARN 16840 --- [  restartedMain] o.h.d.Dialect                            : HHH000511: The 5.7.0 version for [org.hibernate.dialect.MySQLDialect] is no longer supported, hence certain features may not work properly. The minimum supported version is 8.0.0. Check the community dialects project for available legacy versions.
[2024-03-05 17:29:04.605]  INFO 16840 --- [  restartedMain] o.h.e.t.j.p.i.JtaPlatformInitiator       : HHH000489: No JTA platform available (set 'hibernate.transaction.jta.platform' to enable JTA platform integration)
[2024-03-05 17:29:04.605]  INFO 16840 --- [  restartedMain] j.LocalContainerEntityManagerFactoryBean : Initialized JPA EntityManagerFactory for persistence unit 'default'
[2024-03-05 17:29:04.659]  WARN 16840 --- [  restartedMain] JpaBaseConfiguration$JpaWebConfiguration : spring.jpa.open-in-view is enabled by default. Therefore, database queries may be performed during view rendering. Explicitly configure spring.jpa.open-in-view to disable this warning
[2024-03-05 17:29:04.666]  INFO 16840 --- [  restartedMain] o.s.b.a.w.s.WelcomePageHandlerMapping    : Adding welcome page: class path resource [static/index.html]
[2024-03-05 17:29:04.704]  INFO 16840 --- [  restartedMain] o.s.s.w.DefaultSecurityFilterChain       : Will secure any request with [org.springframework.security.web.session.DisableEncodeUrlFilter@13f7c7f2, org.springframework.security.web.context.request.async.WebAsyncManagerIntegrationFilter@18c47531, org.springframework.security.web.context.SecurityContextHolderFilter@2a235269, org.springframework.security.web.header.HeaderWriterFilter@1189f593, org.springframework.security.oauth2.client.web.OAuth2AuthorizationRequestRedirectFilter@26e0115c, org.springframework.security.oauth2.client.web.OAuth2LoginAuthenticationFilter@66aa3ea2, org.springframework.security.web.authentication.ui.DefaultLoginPageGeneratingFilter@71c62993, org.springframework.security.web.savedrequest.RequestCacheAwareFilter@2eb1ad38, org.springframework.security.web.servletapi.SecurityContextHolderAwareRequestFilter@2f3d648a, org.springframework.security.web.authentication.AnonymousAuthenticationFilter@3e08ed84, org.springframework.security.web.access.ExceptionTranslationFilter@22c46925, org.springframework.security.web.access.intercept.AuthorizationFilter@623d30a5]
[2024-03-05 17:29:04.745]  INFO 16840 --- [  restartedMain] o.s.b.d.a.OptionalLiveReloadServer       : LiveReload server is running on port 35729
[2024-03-05 17:29:04.752]  INFO 16840 --- [  restartedMain] o.a.c.h.Http11NioProtocol                : Starting ProtocolHandler ["http-nio-8080"]
[2024-03-05 17:29:04.755]  INFO 16840 --- [  restartedMain] o.s.b.w.e.t.TomcatWebServer              : Tomcat started on port 8080 (http) with context path ''
[2024-03-05 17:29:04.759]  INFO 16840 --- [  restartedMain] c.s.g.GalleryApplication                 : Started GalleryApplication in 0.468 seconds (process running for 212.074)
[2024-03-05 17:29:04.759]  INFO 16840 --- [  restartedMain] .ConditionEvaluationDeltaLoggingListener : Condition evaluation unchanged
[2024-03-05 17:29:04.835]  INFO 16840 --- [nio-8080-exec-1] o.a.c.c.C.[.[.[/]                        : Initializing Spring DispatcherServlet 'dispatcherServlet'
[2024-03-05 17:29:04.835]  INFO 16840 --- [nio-8080-exec-1] o.s.w.s.DispatcherServlet                : Initializing Servlet 'dispatcherServlet'
[2024-03-05 17:29:04.835]  INFO 16840 --- [nio-8080-exec-1] o.s.w.s.DispatcherServlet                : Completed initialization in 0 ms
[2024-03-05 17:29:45.700]  INFO 16840 --- [   File Watcher] rtingClassPathChangeChangedEventListener : Restarting due to 3 class path changes (0 additions, 0 deletions, 3 modifications)
[2024-03-05 17:29:45.701]  INFO 16840 --- [      Thread-11] o.a.c.h.Http11NioProtocol                : Stopping ProtocolHandler ["http-nio-8080"]
[2024-03-05 17:29:45.710]  INFO 16840 --- [      Thread-11] j.LocalContainerEntityManagerFactoryBean : Closing JPA EntityManagerFactory for persistence unit 'default'
[2024-03-05 17:29:45.711]  INFO 16840 --- [      Thread-11] c.z.h.HikariDataSource                   : HikariPool-3 - Shutdown initiated...
[2024-03-05 17:29:45.713]  INFO 16840 --- [      Thread-11] c.z.h.HikariDataSource                   : HikariPool-3 - Shutdown completed.
[2024-03-05 17:29:45.785]  INFO 16840 --- [  restartedMain] c.s.g.GalleryApplication                 : Starting GalleryApplication using Java 17.0.9 with PID 16840 (D:\Project\S10P22A101\backend\build\classes\java\main started by SSAFY in D:\Project\S10P22A101\backend)
[2024-03-05 17:29:45.786]  INFO 16840 --- [  restartedMain] c.s.g.GalleryApplication                 : No active profile set, falling back to 1 default profile: "default"
[2024-03-05 17:29:45.906]  INFO 16840 --- [  restartedMain] .s.d.r.c.RepositoryConfigurationDelegate : Bootstrapping Spring Data JPA repositories in DEFAULT mode.
[2024-03-05 17:29:45.911]  INFO 16840 --- [  restartedMain] .s.d.r.c.RepositoryConfigurationDelegate : Finished Spring Data repository scanning in 4 ms. Found 1 JPA repository interface.
[2024-03-05 17:29:45.972]  INFO 16840 --- [  restartedMain] o.s.b.w.e.t.TomcatWebServer              : Tomcat initialized with port 8080 (http)
[2024-03-05 17:29:45.973]  INFO 16840 --- [  restartedMain] o.a.c.h.Http11NioProtocol                : Initializing ProtocolHandler ["http-nio-8080"]
[2024-03-05 17:29:45.973]  INFO 16840 --- [  restartedMain] o.a.c.c.StandardService                  : Starting service [Tomcat]
[2024-03-05 17:29:45.973]  INFO 16840 --- [  restartedMain] o.a.c.c.StandardEngine                   : Starting Servlet engine: [Apache Tomcat/10.1.19]
[2024-03-05 17:29:45.984]  INFO 16840 --- [  restartedMain] o.a.c.c.C.[.[.[/]                        : Initializing Spring embedded WebApplicationContext
[2024-03-05 17:29:45.984]  INFO 16840 --- [  restartedMain] w.s.c.ServletWebServerApplicationContext : Root WebApplicationContext: initialization completed in 198 ms
[2024-03-05 17:29:46.009]  INFO 16840 --- [  restartedMain] c.z.h.HikariDataSource                   : HikariPool-4 - Starting...
[2024-03-05 17:29:46.026]  INFO 16840 --- [  restartedMain] c.z.h.p.HikariPool                       : HikariPool-4 - Added connection com.mysql.cj.jdbc.ConnectionImpl@35ef6eff
[2024-03-05 17:29:46.026]  INFO 16840 --- [  restartedMain] c.z.h.HikariDataSource                   : HikariPool-4 - Start completed.
[2024-03-05 17:29:46.026]  INFO 16840 --- [  restartedMain] o.h.j.i.u.LogHelper                      : HHH000204: Processing PersistenceUnitInfo [name: default]
[2024-03-05 17:29:46.028]  INFO 16840 --- [  restartedMain] o.h.c.i.RegionFactoryInitiator           : HHH000026: Second-level cache disabled
[2024-03-05 17:29:46.031]  INFO 16840 --- [  restartedMain] o.s.o.j.p.SpringPersistenceUnitInfo      : No LoadTimeWeaver setup: ignoring JPA class transformer
[2024-03-05 17:29:46.032]  WARN 16840 --- [  restartedMain] o.h.d.Dialect                            : HHH000511: The 5.7.0 version for [org.hibernate.dialect.MySQLDialect] is no longer supported, hence certain features may not work properly. The minimum supported version is 8.0.0. Check the community dialects project for available legacy versions.
[2024-03-05 17:29:46.047]  INFO 16840 --- [  restartedMain] o.h.e.t.j.p.i.JtaPlatformInitiator       : HHH000489: No JTA platform available (set 'hibernate.transaction.jta.platform' to enable JTA platform integration)
[2024-03-05 17:29:46.047]  INFO 16840 --- [  restartedMain] j.LocalContainerEntityManagerFactoryBean : Initialized JPA EntityManagerFactory for persistence unit 'default'
[2024-03-05 17:29:46.099]  WARN 16840 --- [  restartedMain] JpaBaseConfiguration$JpaWebConfiguration : spring.jpa.open-in-view is enabled by default. Therefore, database queries may be performed during view rendering. Explicitly configure spring.jpa.open-in-view to disable this warning
[2024-03-05 17:29:46.106]  INFO 16840 --- [  restartedMain] o.s.b.a.w.s.WelcomePageHandlerMapping    : Adding welcome page: class path resource [static/index.html]
[2024-03-05 17:29:46.139]  INFO 16840 --- [  restartedMain] o.s.s.w.DefaultSecurityFilterChain       : Will secure any request with [org.springframework.security.web.session.DisableEncodeUrlFilter@22c44eac, org.springframework.security.web.context.request.async.WebAsyncManagerIntegrationFilter@322293a0, org.springframework.security.web.context.SecurityContextHolderFilter@6911458f, org.springframework.security.web.header.HeaderWriterFilter@17535e55, org.springframework.security.oauth2.client.web.OAuth2AuthorizationRequestRedirectFilter@312ba65e, org.springframework.security.oauth2.client.web.OAuth2LoginAuthenticationFilter@301d3321, org.springframework.security.web.authentication.ui.DefaultLoginPageGeneratingFilter@2714d47e, org.springframework.security.web.savedrequest.RequestCacheAwareFilter@2467ffeb, org.springframework.security.web.servletapi.SecurityContextHolderAwareRequestFilter@2ab8868a, org.springframework.security.web.authentication.AnonymousAuthenticationFilter@5e57daec, org.springframework.security.web.access.ExceptionTranslationFilter@33f7b4d1, org.springframework.security.web.access.intercept.AuthorizationFilter@5f49e7eb]
[2024-03-05 17:29:46.180]  INFO 16840 --- [  restartedMain] o.s.b.d.a.OptionalLiveReloadServer       : LiveReload server is running on port 35729
[2024-03-05 17:29:46.186]  INFO 16840 --- [  restartedMain] o.a.c.h.Http11NioProtocol                : Starting ProtocolHandler ["http-nio-8080"]
[2024-03-05 17:29:46.189]  INFO 16840 --- [  restartedMain] o.s.b.w.e.t.TomcatWebServer              : Tomcat started on port 8080 (http) with context path ''
[2024-03-05 17:29:46.193]  INFO 16840 --- [  restartedMain] c.s.g.GalleryApplication                 : Started GalleryApplication in 0.433 seconds (process running for 253.508)
[2024-03-05 17:29:46.194]  INFO 16840 --- [  restartedMain] .ConditionEvaluationDeltaLoggingListener : Condition evaluation unchanged
