[2024-03-04 17:52:29.972]  INFO 660 --- [ionShutdownHook] j.LocalContainerEntityManagerFactoryBean :
            Closing JPA EntityManagerFactory for persistence unit 'default'
[2024-03-04 17:52:29.978]  INFO 660 --- [ionShutdownHook] c.z.h.HikariDataSource                   :
            HikariPool-1 - Shutdown initiated...
[2024-03-04 17:52:29.984]  INFO 660 --- [ionShutdownHook] c.z.h.HikariDataSource                   :
            HikariPool-1 - Shutdown completed.
[2024-03-04 17:52:32.495]  INFO 12188 --- [  restartedMain] c.s.g.GalleryApplication                 :
            Starting GalleryApplication using Java 17.0.9 with PID 12188 (D:\Project\S10P22A101\backend\build\classes\java\main started by SSAFY in D:\Project\S10P22A101\backend)
[2024-03-04 17:52:32.505]  INFO 12188 --- [  restartedMain] c.s.g.GalleryApplication                 :
            No active profile set, falling back to 1 default profile: "default"
[2024-03-04 17:52:32.549]  INFO 12188 --- [  restartedMain] .e.DevToolsPropertyDefaultsPostProcessor :
            Devtools property defaults active! Set 'spring.devtools.add-properties' to 'false' to disable
[2024-03-04 17:52:32.550]  INFO 12188 --- [  restartedMain] .e.DevToolsPropertyDefaultsPostProcessor :
            For additional web related logging consider setting the 'logging.level.web' property to 'DEBUG'
[2024-03-04 17:52:33.586]  INFO 12188 --- [  restartedMain] .s.d.r.c.RepositoryConfigurationDelegate :
            Bootstrapping Spring Data JPA repositories in DEFAULT mode.
[2024-03-04 17:52:33.614]  INFO 12188 --- [  restartedMain] .s.d.r.c.RepositoryConfigurationDelegate :
            Finished Spring Data repository scanning in 18 ms. Found 0 JPA repository interfaces.
[2024-03-04 17:52:34.246]  INFO 12188 --- [  restartedMain] o.s.b.w.e.t.TomcatWebServer              :
            Tomcat initialized with port 8080 (http)
[2024-03-04 17:52:34.257]  INFO 12188 --- [  restartedMain] o.a.c.h.Http11NioProtocol                :
            Initializing ProtocolHandler ["http-nio-8080"]
[2024-03-04 17:52:34.259]  INFO 12188 --- [  restartedMain] o.a.c.c.StandardService                  :
            Starting service [Tomcat]
[2024-03-04 17:52:34.259]  INFO 12188 --- [  restartedMain] o.a.c.c.StandardEngine                   :
            Starting Servlet engine: [Apache Tomcat/10.1.19]
[2024-03-04 17:52:34.309]  INFO 12188 --- [  restartedMain] o.a.c.c.C.[.[.[/]                        :
            Initializing Spring embedded WebApplicationContext
[2024-03-04 17:52:34.310]  INFO 12188 --- [  restartedMain] w.s.c.ServletWebServerApplicationContext :
            Root WebApplicationContext: initialization completed in 1759 ms
[2024-03-04 17:52:34.434]  INFO 12188 --- [  restartedMain] c.z.h.HikariDataSource                   :
            HikariPool-1 - Starting...
[2024-03-04 17:52:34.711]  INFO 12188 --- [  restartedMain] c.z.h.p.HikariPool                       :
            HikariPool-1 - Added connection com.mysql.cj.jdbc.ConnectionImpl@276ca0a4
[2024-03-04 17:52:34.712]  INFO 12188 --- [  restartedMain] c.z.h.HikariDataSource                   :
            HikariPool-1 - Start completed.
[2024-03-04 17:52:34.754]  INFO 12188 --- [  restartedMain] o.h.j.i.u.LogHelper                      :
            HHH000204: Processing PersistenceUnitInfo [name: default]
[2024-03-04 17:52:34.814]  INFO 12188 --- [  restartedMain] o.h.Version                              :
            HHH000412: Hibernate ORM core version 6.4.4.Final
[2024-03-04 17:52:34.851]  INFO 12188 --- [  restartedMain] o.h.c.i.RegionFactoryInitiator           :
            HHH000026: Second-level cache disabled
[2024-03-04 17:52:35.117]  INFO 12188 --- [  restartedMain] o.s.o.j.p.SpringPersistenceUnitInfo      :
            No LoadTimeWeaver setup: ignoring JPA class transformer
[2024-03-04 17:52:35.194]  WARN 12188 --- [  restartedMain] o.h.d.Dialect                            :
            HHH000511: The 5.7.0 version for [org.hibernate.dialect.MySQLDialect] is no longer supported, hence certain features may not work properly. The minimum supported version is 8.0.0. Check the community dialects project for available legacy versions.
[2024-03-04 17:52:35.518]  INFO 12188 --- [  restartedMain] o.h.e.t.j.p.i.JtaPlatformInitiator       :
            HHH000489: No JTA platform available (set 'hibernate.transaction.jta.platform' to enable JTA platform integration)
[2024-03-04 17:52:35.524]  INFO 12188 --- [  restartedMain] j.LocalContainerEntityManagerFactoryBean :
            Initialized JPA EntityManagerFactory for persistence unit 'default'
[2024-03-04 17:52:35.640]  WARN 12188 --- [  restartedMain] JpaBaseConfiguration$JpaWebConfiguration :
            spring.jpa.open-in-view is enabled by default. Therefore, database queries may be performed during view rendering. Explicitly configure spring.jpa.open-in-view to disable this warning
[2024-03-04 17:52:35.660]  WARN 12188 --- [  restartedMain] .s.s.UserDetailsServiceAutoConfiguration :
            

Using generated security password: 05774aaf-5f21-49e4-acfa-96ab4119b729

This generated password is for development use only. Your security configuration must be updated before running your application in production.

[2024-03-04 17:52:35.928]  INFO 12188 --- [  restartedMain] o.s.s.w.DefaultSecurityFilterChain       :
            Will secure any request with [org.springframework.security.web.session.DisableEncodeUrlFilter@189a2e49, org.springframework.security.web.context.request.async.WebAsyncManagerIntegrationFilter@4b88cd61, org.springframework.security.web.context.SecurityContextHolderFilter@5ee564d2, org.springframework.security.web.header.HeaderWriterFilter@a2e4b18, org.springframework.security.web.authentication.logout.LogoutFilter@2ab0056a, org.springframework.security.web.savedrequest.RequestCacheAwareFilter@22742dc6, org.springframework.security.web.servletapi.SecurityContextHolderAwareRequestFilter@6a64c2fc, org.springframework.security.web.authentication.AnonymousAuthenticationFilter@68270a50, org.springframework.security.web.access.ExceptionTranslationFilter@505b1963, org.springframework.security.web.access.intercept.AuthorizationFilter@1c49f11a]
[2024-03-04 17:52:36.189]  INFO 12188 --- [  restartedMain] o.s.b.d.a.OptionalLiveReloadServer       :
            LiveReload server is running on port 35729
[2024-03-04 17:52:36.208]  INFO 12188 --- [  restartedMain] o.a.c.h.Http11NioProtocol                :
            Starting ProtocolHandler ["http-nio-8080"]
[2024-03-04 17:52:36.225]  INFO 12188 --- [  restartedMain] o.s.b.w.e.t.TomcatWebServer              :
            Tomcat started on port 8080 (http) with context path ''
[2024-03-04 17:52:36.236]  INFO 12188 --- [  restartedMain] c.s.g.GalleryApplication                 :
            Started GalleryApplication in 4.159 seconds (process running for 5.104)
