[2024-03-06 12:46:10.988]  INFO 20012 --- [   File Watcher] rtingClassPathChangeChangedEventListener : Restarting due to 1 class path change (0 additions, 1 deletion, 0 modifications)
[2024-03-06 12:46:10.993]  INFO 20012 --- [      Thread-31] o.a.c.h.Http11NioProtocol                : Stopping ProtocolHandler ["http-nio-8080"]
[2024-03-06 12:46:11.013]  INFO 20012 --- [      Thread-31] j.LocalContainerEntityManagerFactoryBean : Closing JPA EntityManagerFactory for persistence unit 'default'
[2024-03-06 12:46:11.014]  INFO 20012 --- [      Thread-31] c.z.h.HikariDataSource                   : HikariPool-8 - Shutdown initiated...
[2024-03-06 12:46:11.018]  INFO 20012 --- [      Thread-31] c.z.h.HikariDataSource                   : HikariPool-8 - Shutdown completed.
[2024-03-06 12:46:11.104]  INFO 20012 --- [  restartedMain] c.s.g.GalleryApplication                 : Starting GalleryApplication using Java 17.0.9 with PID 20012 (C:\Users\SSAFY\Desktop\PJT2\backend\build\classes\java\main started by SSAFY in C:\Users\SSAFY\Desktop\PJT2\backend)
[2024-03-06 12:46:11.104]  INFO 20012 --- [  restartedMain] c.s.g.GalleryApplication                 : No active profile set, falling back to 1 default profile: "default"
[2024-03-06 12:46:11.255]  INFO 20012 --- [  restartedMain] .s.d.r.c.RepositoryConfigurationDelegate : Bootstrapping Spring Data JPA repositories in DEFAULT mode.
[2024-03-06 12:46:11.261]  INFO 20012 --- [  restartedMain] .s.d.r.c.RepositoryConfigurationDelegate : Finished Spring Data repository scanning in 5 ms. Found 1 JPA repository interface.
[2024-03-06 12:46:11.334]  INFO 20012 --- [  restartedMain] o.s.b.w.e.t.TomcatWebServer              : Tomcat initialized with port 8080 (http)
[2024-03-06 12:46:11.335]  INFO 20012 --- [  restartedMain] o.a.c.h.Http11NioProtocol                : Initializing ProtocolHandler ["http-nio-8080"]
[2024-03-06 12:46:11.335]  INFO 20012 --- [  restartedMain] o.a.c.c.StandardService                  : Starting service [Tomcat]
[2024-03-06 12:46:11.335]  INFO 20012 --- [  restartedMain] o.a.c.c.StandardEngine                   : Starting Servlet engine: [Apache Tomcat/10.1.19]
[2024-03-06 12:46:11.345]  INFO 20012 --- [  restartedMain] o.a.c.c.C.[.[.[/]                        : Initializing Spring embedded WebApplicationContext
[2024-03-06 12:46:11.345]  INFO 20012 --- [  restartedMain] w.s.c.ServletWebServerApplicationContext : Root WebApplicationContext: initialization completed in 240 ms
[2024-03-06 12:46:11.365]  INFO 20012 --- [  restartedMain] c.z.h.HikariDataSource                   : HikariPool-9 - Starting...
[2024-03-06 12:46:11.373]  INFO 20012 --- [  restartedMain] c.z.h.p.HikariPool                       : HikariPool-9 - Added connection com.mysql.cj.jdbc.ConnectionImpl@3a1e52a9
[2024-03-06 12:46:11.373]  INFO 20012 --- [  restartedMain] c.z.h.HikariDataSource                   : HikariPool-9 - Start completed.
[2024-03-06 12:46:11.374]  INFO 20012 --- [  restartedMain] o.h.j.i.u.LogHelper                      : HHH000204: Processing PersistenceUnitInfo [name: default]
[2024-03-06 12:46:11.376]  INFO 20012 --- [  restartedMain] o.h.c.i.RegionFactoryInitiator           : HHH000026: Second-level cache disabled
[2024-03-06 12:46:11.378]  INFO 20012 --- [  restartedMain] o.s.o.j.p.SpringPersistenceUnitInfo      : No LoadTimeWeaver setup: ignoring JPA class transformer
[2024-03-06 12:46:11.395]  INFO 20012 --- [  restartedMain] o.h.e.t.j.p.i.JtaPlatformInitiator       : HHH000489: No JTA platform available (set 'hibernate.transaction.jta.platform' to enable JTA platform integration)
[2024-03-06 12:46:11.395]  INFO 20012 --- [  restartedMain] j.LocalContainerEntityManagerFactoryBean : Initialized JPA EntityManagerFactory for persistence unit 'default'
[2024-03-06 12:46:11.523]  WARN 20012 --- [  restartedMain] JpaBaseConfiguration$JpaWebConfiguration : spring.jpa.open-in-view is enabled by default. Therefore, database queries may be performed during view rendering. Explicitly configure spring.jpa.open-in-view to disable this warning
[2024-03-06 12:46:11.539]  INFO 20012 --- [  restartedMain] o.s.b.a.w.s.WelcomePageHandlerMapping    : Adding welcome page: class path resource [static/index.html]
[2024-03-06 12:46:11.604]  INFO 20012 --- [  restartedMain] o.s.s.w.DefaultSecurityFilterChain       : Will secure any request with [org.springframework.security.web.session.DisableEncodeUrlFilter@2229748d, org.springframework.security.web.context.request.async.WebAsyncManagerIntegrationFilter@68f031ed, org.springframework.security.web.context.SecurityContextHolderFilter@488f492f, org.springframework.security.web.header.HeaderWriterFilter@77db31ea, org.springframework.security.oauth2.client.web.OAuth2AuthorizationRequestRedirectFilter@5bce65c4, org.springframework.security.oauth2.client.web.OAuth2LoginAuthenticationFilter@5c4be3ec, org.springframework.security.web.authentication.ui.DefaultLoginPageGeneratingFilter@52881281, org.springframework.security.web.savedrequest.RequestCacheAwareFilter@56e24829, org.springframework.security.web.servletapi.SecurityContextHolderAwareRequestFilter@7cf22894, org.springframework.security.web.authentication.AnonymousAuthenticationFilter@40b89972, org.springframework.security.web.access.ExceptionTranslationFilter@74fbd831, org.springframework.security.web.access.intercept.AuthorizationFilter@49c07a67]
[2024-03-06 12:46:11.698]  INFO 20012 --- [  restartedMain] o.s.b.d.a.OptionalLiveReloadServer       : LiveReload server is running on port 35729
[2024-03-06 12:46:11.715]  INFO 20012 --- [  restartedMain] o.a.c.h.Http11NioProtocol                : Starting ProtocolHandler ["http-nio-8080"]
[2024-03-06 12:46:11.728]  INFO 20012 --- [  restartedMain] o.s.b.w.e.t.TomcatWebServer              : Tomcat started on port 8080 (http) with context path ''
[2024-03-06 12:46:11.733]  INFO 20012 --- [  restartedMain] c.s.g.GalleryApplication                 : Started GalleryApplication in 0.659 seconds (process running for 5275.225)
[2024-03-06 12:46:11.734]  INFO 20012 --- [  restartedMain] .ConditionEvaluationDeltaLoggingListener : Condition evaluation unchanged
[2024-03-06 12:46:13.123]  INFO 20012 --- [   File Watcher] rtingClassPathChangeChangedEventListener : Restarting due to 1 class path change (1 addition, 0 deletions, 0 modifications)
[2024-03-06 12:46:13.124]  INFO 20012 --- [      Thread-35] o.a.c.h.Http11NioProtocol                : Stopping ProtocolHandler ["http-nio-8080"]
[2024-03-06 12:46:13.142]  INFO 20012 --- [      Thread-35] j.LocalContainerEntityManagerFactoryBean : Closing JPA EntityManagerFactory for persistence unit 'default'
[2024-03-06 12:46:13.142]  INFO 20012 --- [      Thread-35] c.z.h.HikariDataSource                   : HikariPool-9 - Shutdown initiated...
[2024-03-06 12:46:13.145]  INFO 20012 --- [      Thread-35] c.z.h.HikariDataSource                   : HikariPool-9 - Shutdown completed.
[2024-03-06 12:46:13.216]  INFO 20012 --- [  restartedMain] c.s.g.GalleryApplication                 : Starting GalleryApplication using Java 17.0.9 with PID 20012 (C:\Users\SSAFY\Desktop\PJT2\backend\build\classes\java\main started by SSAFY in C:\Users\SSAFY\Desktop\PJT2\backend)
[2024-03-06 12:46:13.216]  INFO 20012 --- [  restartedMain] c.s.g.GalleryApplication                 : No active profile set, falling back to 1 default profile: "default"
[2024-03-06 12:46:13.350]  INFO 20012 --- [  restartedMain] .s.d.r.c.RepositoryConfigurationDelegate : Bootstrapping Spring Data JPA repositories in DEFAULT mode.
[2024-03-06 12:46:13.356]  INFO 20012 --- [  restartedMain] .s.d.r.c.RepositoryConfigurationDelegate : Finished Spring Data repository scanning in 5 ms. Found 1 JPA repository interface.
[2024-03-06 12:46:13.410]  INFO 20012 --- [  restartedMain] o.s.b.w.e.t.TomcatWebServer              : Tomcat initialized with port 8080 (http)
[2024-03-06 12:46:13.411]  INFO 20012 --- [  restartedMain] o.a.c.h.Http11NioProtocol                : Initializing ProtocolHandler ["http-nio-8080"]
[2024-03-06 12:46:13.411]  INFO 20012 --- [  restartedMain] o.a.c.c.StandardService                  : Starting service [Tomcat]
[2024-03-06 12:46:13.411]  INFO 20012 --- [  restartedMain] o.a.c.c.StandardEngine                   : Starting Servlet engine: [Apache Tomcat/10.1.19]
[2024-03-06 12:46:13.420]  INFO 20012 --- [  restartedMain] o.a.c.c.C.[.[.[/]                        : Initializing Spring embedded WebApplicationContext
[2024-03-06 12:46:13.420]  INFO 20012 --- [  restartedMain] w.s.c.ServletWebServerApplicationContext : Root WebApplicationContext: initialization completed in 203 ms
[2024-03-06 12:46:13.436]  INFO 20012 --- [  restartedMain] c.z.h.HikariDataSource                   : HikariPool-10 - Starting...
[2024-03-06 12:46:13.444]  INFO 20012 --- [  restartedMain] c.z.h.p.HikariPool                       : HikariPool-10 - Added connection com.mysql.cj.jdbc.ConnectionImpl@7ac7cd12
[2024-03-06 12:46:13.444]  INFO 20012 --- [  restartedMain] c.z.h.HikariDataSource                   : HikariPool-10 - Start completed.
[2024-03-06 12:46:13.445]  INFO 20012 --- [  restartedMain] o.h.j.i.u.LogHelper                      : HHH000204: Processing PersistenceUnitInfo [name: default]
[2024-03-06 12:46:13.447]  INFO 20012 --- [  restartedMain] o.h.c.i.RegionFactoryInitiator           : HHH000026: Second-level cache disabled
[2024-03-06 12:46:13.449]  INFO 20012 --- [  restartedMain] o.s.o.j.p.SpringPersistenceUnitInfo      : No LoadTimeWeaver setup: ignoring JPA class transformer
[2024-03-06 12:46:13.463]  INFO 20012 --- [  restartedMain] o.h.e.t.j.p.i.JtaPlatformInitiator       : HHH000489: No JTA platform available (set 'hibernate.transaction.jta.platform' to enable JTA platform integration)
[2024-03-06 12:46:13.463]  INFO 20012 --- [  restartedMain] j.LocalContainerEntityManagerFactoryBean : Initialized JPA EntityManagerFactory for persistence unit 'default'
[2024-03-06 12:46:13.518]  WARN 20012 --- [  restartedMain] JpaBaseConfiguration$JpaWebConfiguration : spring.jpa.open-in-view is enabled by default. Therefore, database queries may be performed during view rendering. Explicitly configure spring.jpa.open-in-view to disable this warning
[2024-03-06 12:46:13.525]  INFO 20012 --- [  restartedMain] o.s.b.a.w.s.WelcomePageHandlerMapping    : Adding welcome page: class path resource [static/index.html]
[2024-03-06 12:46:13.575]  INFO 20012 --- [  restartedMain] o.s.s.w.DefaultSecurityFilterChain       : Will secure any request with [org.springframework.security.web.session.DisableEncodeUrlFilter@23c0ba77, org.springframework.security.web.context.request.async.WebAsyncManagerIntegrationFilter@736afff3, org.springframework.security.web.context.SecurityContextHolderFilter@51528142, org.springframework.security.web.header.HeaderWriterFilter@531d98b8, org.springframework.security.oauth2.client.web.OAuth2AuthorizationRequestRedirectFilter@8ebce59, org.springframework.security.oauth2.client.web.OAuth2LoginAuthenticationFilter@736bcd71, org.springframework.security.web.authentication.ui.DefaultLoginPageGeneratingFilter@53b509dc, org.springframework.security.web.savedrequest.RequestCacheAwareFilter@7722310a, org.springframework.security.web.servletapi.SecurityContextHolderAwareRequestFilter@6c5294b6, org.springframework.security.web.authentication.AnonymousAuthenticationFilter@25257ec1, org.springframework.security.web.access.ExceptionTranslationFilter@47eb8018, org.springframework.security.web.access.intercept.AuthorizationFilter@706403c7]
[2024-03-06 12:46:13.611]  INFO 20012 --- [  restartedMain] o.s.b.d.a.OptionalLiveReloadServer       : LiveReload server is running on port 35729
[2024-03-06 12:46:13.617]  INFO 20012 --- [  restartedMain] o.a.c.h.Http11NioProtocol                : Starting ProtocolHandler ["http-nio-8080"]
[2024-03-06 12:46:13.619]  INFO 20012 --- [  restartedMain] o.s.b.w.e.t.TomcatWebServer              : Tomcat started on port 8080 (http) with context path ''
[2024-03-06 12:46:13.623]  INFO 20012 --- [  restartedMain] c.s.g.GalleryApplication                 : Started GalleryApplication in 0.431 seconds (process running for 5277.115)
[2024-03-06 12:46:13.623]  INFO 20012 --- [  restartedMain] .ConditionEvaluationDeltaLoggingListener : Condition evaluation unchanged
[2024-03-06 12:46:48.612]  INFO 20012 --- [   File Watcher] rtingClassPathChangeChangedEventListener : Restarting due to 1 class path change (0 additions, 0 deletions, 1 modification)
[2024-03-06 12:46:48.613]  INFO 20012 --- [      Thread-39] o.a.c.h.Http11NioProtocol                : Stopping ProtocolHandler ["http-nio-8080"]
[2024-03-06 12:46:48.630]  INFO 20012 --- [      Thread-39] j.LocalContainerEntityManagerFactoryBean : Closing JPA EntityManagerFactory for persistence unit 'default'
[2024-03-06 12:46:48.631]  INFO 20012 --- [      Thread-39] c.z.h.HikariDataSource                   : HikariPool-10 - Shutdown initiated...
[2024-03-06 12:46:48.633]  INFO 20012 --- [      Thread-39] c.z.h.HikariDataSource                   : HikariPool-10 - Shutdown completed.
[2024-03-06 12:46:48.713]  INFO 20012 --- [  restartedMain] c.s.g.GalleryApplication                 : Starting GalleryApplication using Java 17.0.9 with PID 20012 (C:\Users\SSAFY\Desktop\PJT2\backend\build\classes\java\main started by SSAFY in C:\Users\SSAFY\Desktop\PJT2\backend)
[2024-03-06 12:46:48.713]  INFO 20012 --- [  restartedMain] c.s.g.GalleryApplication                 : No active profile set, falling back to 1 default profile: "default"
[2024-03-06 12:46:48.841]  INFO 20012 --- [  restartedMain] .s.d.r.c.RepositoryConfigurationDelegate : Bootstrapping Spring Data JPA repositories in DEFAULT mode.
[2024-03-06 12:46:48.846]  INFO 20012 --- [  restartedMain] .s.d.r.c.RepositoryConfigurationDelegate : Finished Spring Data repository scanning in 4 ms. Found 1 JPA repository interface.
[2024-03-06 12:46:48.902]  INFO 20012 --- [  restartedMain] o.s.b.w.e.t.TomcatWebServer              : Tomcat initialized with port 8080 (http)
[2024-03-06 12:46:48.902]  INFO 20012 --- [  restartedMain] o.a.c.h.Http11NioProtocol                : Initializing ProtocolHandler ["http-nio-8080"]
[2024-03-06 12:46:48.903]  INFO 20012 --- [  restartedMain] o.a.c.c.StandardService                  : Starting service [Tomcat]
[2024-03-06 12:46:48.903]  INFO 20012 --- [  restartedMain] o.a.c.c.StandardEngine                   : Starting Servlet engine: [Apache Tomcat/10.1.19]
[2024-03-06 12:46:48.912]  INFO 20012 --- [  restartedMain] o.a.c.c.C.[.[.[/]                        : Initializing Spring embedded WebApplicationContext
[2024-03-06 12:46:48.912]  INFO 20012 --- [  restartedMain] w.s.c.ServletWebServerApplicationContext : Root WebApplicationContext: initialization completed in 198 ms
[2024-03-06 12:46:48.932]  INFO 20012 --- [  restartedMain] c.z.h.HikariDataSource                   : HikariPool-11 - Starting...
[2024-03-06 12:46:48.938]  INFO 20012 --- [  restartedMain] c.z.h.p.HikariPool                       : HikariPool-11 - Added connection com.mysql.cj.jdbc.ConnectionImpl@2f79c861
[2024-03-06 12:46:48.939]  INFO 20012 --- [  restartedMain] c.z.h.HikariDataSource                   : HikariPool-11 - Start completed.
[2024-03-06 12:46:48.939]  INFO 20012 --- [  restartedMain] o.h.j.i.u.LogHelper                      : HHH000204: Processing PersistenceUnitInfo [name: default]
[2024-03-06 12:46:48.941]  INFO 20012 --- [  restartedMain] o.h.c.i.RegionFactoryInitiator           : HHH000026: Second-level cache disabled
[2024-03-06 12:46:48.944]  INFO 20012 --- [  restartedMain] o.s.o.j.p.SpringPersistenceUnitInfo      : No LoadTimeWeaver setup: ignoring JPA class transformer
[2024-03-06 12:46:48.959]  INFO 20012 --- [  restartedMain] o.h.e.t.j.p.i.JtaPlatformInitiator       : HHH000489: No JTA platform available (set 'hibernate.transaction.jta.platform' to enable JTA platform integration)
[2024-03-06 12:46:48.959]  INFO 20012 --- [  restartedMain] j.LocalContainerEntityManagerFactoryBean : Initialized JPA EntityManagerFactory for persistence unit 'default'
[2024-03-06 12:46:49.016]  WARN 20012 --- [  restartedMain] JpaBaseConfiguration$JpaWebConfiguration : spring.jpa.open-in-view is enabled by default. Therefore, database queries may be performed during view rendering. Explicitly configure spring.jpa.open-in-view to disable this warning
[2024-03-06 12:46:49.023]  INFO 20012 --- [  restartedMain] o.s.b.a.w.s.WelcomePageHandlerMapping    : Adding welcome page: class path resource [static/index.html]
[2024-03-06 12:46:49.055]  INFO 20012 --- [  restartedMain] o.s.s.w.DefaultSecurityFilterChain       : Will secure any request with [org.springframework.security.web.session.DisableEncodeUrlFilter@eea7365, org.springframework.security.web.context.request.async.WebAsyncManagerIntegrationFilter@1ea616b2, org.springframework.security.web.context.SecurityContextHolderFilter@7a7245df, org.springframework.security.web.header.HeaderWriterFilter@4d1ccb9b, org.springframework.security.oauth2.client.web.OAuth2AuthorizationRequestRedirectFilter@41eaca5f, org.springframework.security.oauth2.client.web.OAuth2LoginAuthenticationFilter@cc073bb, org.springframework.security.web.authentication.ui.DefaultLoginPageGeneratingFilter@7017ae0f, org.springframework.security.web.savedrequest.RequestCacheAwareFilter@4254e1e8, org.springframework.security.web.servletapi.SecurityContextHolderAwareRequestFilter@5bfcf6f8, org.springframework.security.web.authentication.AnonymousAuthenticationFilter@9099f0b, org.springframework.security.web.access.ExceptionTranslationFilter@29c60ef4, org.springframework.security.web.access.intercept.AuthorizationFilter@7d1da832]
[2024-03-06 12:46:49.097]  INFO 20012 --- [  restartedMain] o.s.b.d.a.OptionalLiveReloadServer       : LiveReload server is running on port 35729
[2024-03-06 12:46:49.103]  INFO 20012 --- [  restartedMain] o.a.c.h.Http11NioProtocol                : Starting ProtocolHandler ["http-nio-8080"]
[2024-03-06 12:46:49.106]  INFO 20012 --- [  restartedMain] o.s.b.w.e.t.TomcatWebServer              : Tomcat started on port 8080 (http) with context path ''
[2024-03-06 12:46:49.109]  INFO 20012 --- [  restartedMain] c.s.g.GalleryApplication                 : Started GalleryApplication in 0.422 seconds (process running for 5312.601)
[2024-03-06 12:46:49.110]  INFO 20012 --- [  restartedMain] .ConditionEvaluationDeltaLoggingListener : Condition evaluation unchanged
