[2024-03-06 10:50:44.228]  INFO 22104 --- [ionShutdownHook] j.LocalContainerEntityManagerFactoryBean : Closing JPA EntityManagerFactory for persistence unit 'default'
[2024-03-06 10:50:44.233]  INFO 22104 --- [ionShutdownHook] c.z.h.HikariDataSource                   : HikariPool-1 - Shutdown initiated...
[2024-03-06 10:50:44.239]  INFO 22104 --- [ionShutdownHook] c.z.h.HikariDataSource                   : HikariPool-1 - Shutdown completed.
[2024-03-06 10:50:46.224]  INFO 10852 --- [  restartedMain] c.s.g.GalleryApplication                 : Starting GalleryApplication using Java 17.0.9 with PID 10852 (C:\Users\SSAFY\Desktop\PJT2\backend\build\classes\java\main started by SSAFY in C:\Users\SSAFY\Desktop\PJT2\backend)
[2024-03-06 10:50:46.230]  INFO 10852 --- [  restartedMain] c.s.g.GalleryApplication                 : No active profile set, falling back to 1 default profile: "default"
[2024-03-06 10:50:46.259]  INFO 10852 --- [  restartedMain] .e.DevToolsPropertyDefaultsPostProcessor : Devtools property defaults active! Set 'spring.devtools.add-properties' to 'false' to disable
[2024-03-06 10:50:46.259]  INFO 10852 --- [  restartedMain] .e.DevToolsPropertyDefaultsPostProcessor : For additional web related logging consider setting the 'logging.level.web' property to 'DEBUG'
[2024-03-06 10:50:46.825]  INFO 10852 --- [  restartedMain] .s.d.r.c.RepositoryConfigurationDelegate : Bootstrapping Spring Data JPA repositories in DEFAULT mode.
[2024-03-06 10:50:46.863]  INFO 10852 --- [  restartedMain] .s.d.r.c.RepositoryConfigurationDelegate : Finished Spring Data repository scanning in 32 ms. Found 1 JPA repository interface.
[2024-03-06 10:50:47.230]  INFO 10852 --- [  restartedMain] o.s.b.w.e.t.TomcatWebServer              : Tomcat initialized with port 8080 (http)
[2024-03-06 10:50:47.239]  INFO 10852 --- [  restartedMain] o.a.c.h.Http11NioProtocol                : Initializing ProtocolHandler ["http-nio-8080"]
[2024-03-06 10:50:47.240]  INFO 10852 --- [  restartedMain] o.a.c.c.StandardService                  : Starting service [Tomcat]
[2024-03-06 10:50:47.240]  INFO 10852 --- [  restartedMain] o.a.c.c.StandardEngine                   : Starting Servlet engine: [Apache Tomcat/10.1.19]
[2024-03-06 10:50:47.279]  INFO 10852 --- [  restartedMain] o.a.c.c.C.[.[.[/]                        : Initializing Spring embedded WebApplicationContext
[2024-03-06 10:50:47.280]  INFO 10852 --- [  restartedMain] w.s.c.ServletWebServerApplicationContext : Root WebApplicationContext: initialization completed in 1020 ms
[2024-03-06 10:50:47.376]  INFO 10852 --- [  restartedMain] c.z.h.HikariDataSource                   : HikariPool-1 - Starting...
[2024-03-06 10:50:47.563]  INFO 10852 --- [  restartedMain] c.z.h.p.HikariPool                       : HikariPool-1 - Added connection com.mysql.cj.jdbc.ConnectionImpl@387e5c67
[2024-03-06 10:50:47.564]  INFO 10852 --- [  restartedMain] c.z.h.HikariDataSource                   : HikariPool-1 - Start completed.
[2024-03-06 10:50:47.591]  INFO 10852 --- [  restartedMain] o.h.j.i.u.LogHelper                      : HHH000204: Processing PersistenceUnitInfo [name: default]
[2024-03-06 10:50:47.630]  INFO 10852 --- [  restartedMain] o.h.Version                              : HHH000412: Hibernate ORM core version 6.4.4.Final
[2024-03-06 10:50:47.653]  INFO 10852 --- [  restartedMain] o.h.c.i.RegionFactoryInitiator           : HHH000026: Second-level cache disabled
[2024-03-06 10:50:47.831]  INFO 10852 --- [  restartedMain] o.s.o.j.p.SpringPersistenceUnitInfo      : No LoadTimeWeaver setup: ignoring JPA class transformer
[2024-03-06 10:50:48.536]  INFO 10852 --- [  restartedMain] o.h.e.t.j.p.i.JtaPlatformInitiator       : HHH000489: No JTA platform available (set 'hibernate.transaction.jta.platform' to enable JTA platform integration)
[2024-03-06 10:50:48.538]  INFO 10852 --- [  restartedMain] j.LocalContainerEntityManagerFactoryBean : Initialized JPA EntityManagerFactory for persistence unit 'default'
[2024-03-06 10:50:48.860]  WARN 10852 --- [  restartedMain] JpaBaseConfiguration$JpaWebConfiguration : spring.jpa.open-in-view is enabled by default. Therefore, database queries may be performed during view rendering. Explicitly configure spring.jpa.open-in-view to disable this warning
[2024-03-06 10:50:48.916]  INFO 10852 --- [  restartedMain] o.s.b.a.w.s.WelcomePageHandlerMapping    : Adding welcome page: class path resource [static/index.html]
[2024-03-06 10:50:49.086]  INFO 10852 --- [  restartedMain] o.s.s.w.DefaultSecurityFilterChain       : Will secure any request with [org.springframework.security.web.session.DisableEncodeUrlFilter@2bbdf667, org.springframework.security.web.context.request.async.WebAsyncManagerIntegrationFilter@26773032, org.springframework.security.web.context.SecurityContextHolderFilter@73e45337, org.springframework.security.web.header.HeaderWriterFilter@158a4a20, org.springframework.security.oauth2.client.web.OAuth2AuthorizationRequestRedirectFilter@17876dfa, org.springframework.security.oauth2.client.web.OAuth2LoginAuthenticationFilter@18e2b4a6, org.springframework.security.web.authentication.ui.DefaultLoginPageGeneratingFilter@709cfb33, org.springframework.security.web.savedrequest.RequestCacheAwareFilter@1f9e78b7, org.springframework.security.web.servletapi.SecurityContextHolderAwareRequestFilter@ac91301, org.springframework.security.web.authentication.AnonymousAuthenticationFilter@25458f1b, org.springframework.security.web.access.ExceptionTranslationFilter@5d9befd0, org.springframework.security.web.access.intercept.AuthorizationFilter@4526c8ec]
[2024-03-06 10:50:49.269]  INFO 10852 --- [  restartedMain] o.s.b.d.a.OptionalLiveReloadServer       : LiveReload server is running on port 35729
[2024-03-06 10:50:49.283]  INFO 10852 --- [  restartedMain] o.a.c.h.Http11NioProtocol                : Starting ProtocolHandler ["http-nio-8080"]
[2024-03-06 10:50:49.302]  INFO 10852 --- [  restartedMain] o.s.b.w.e.t.TomcatWebServer              : Tomcat started on port 8080 (http) with context path ''
[2024-03-06 10:50:49.310]  INFO 10852 --- [  restartedMain] c.s.g.GalleryApplication                 : Started GalleryApplication in 3.359 seconds (process running for 4.073)
[2024-03-06 10:50:56.757]  INFO 10852 --- [nio-8080-exec-2] o.a.c.c.C.[.[.[/]                        : Initializing Spring DispatcherServlet 'dispatcherServlet'
[2024-03-06 10:50:56.758]  INFO 10852 --- [nio-8080-exec-2] o.s.w.s.DispatcherServlet                : Initializing Servlet 'dispatcherServlet'
[2024-03-06 10:50:56.758]  INFO 10852 --- [nio-8080-exec-2] o.s.w.s.DispatcherServlet                : Completed initialization in 0 ms
[2024-03-06 10:50:56.803]  INFO 10852 --- [nio-8080-exec-2] c.s.g.i.c.ImageController                : image/jpeg
[2024-03-06 10:50:56.803]  INFO 10852 --- [nio-8080-exec-2] c.s.g.i.c.ImageController                : people-3237648_1920.jpg
[2024-03-06 10:50:56.803]  INFO 10852 --- [nio-8080-exec-2] c.s.g.i.c.ImageController                : 572371
