[2024-03-06 13:02:49.606]  INFO 24912 --- [   File Watcher] rtingClassPathChangeChangedEventListener : Restarting due to 1 class path change (0 additions, 1 deletion, 0 modifications)
[2024-03-06 13:02:49.610]  INFO 24912 --- [       Thread-7] o.a.c.h.Http11NioProtocol                : Stopping ProtocolHandler ["http-nio-8080"]
[2024-03-06 13:02:49.630]  INFO 24912 --- [       Thread-7] j.LocalContainerEntityManagerFactoryBean : Closing JPA EntityManagerFactory for persistence unit 'default'
[2024-03-06 13:02:49.630]  INFO 24912 --- [       Thread-7] c.z.h.HikariDataSource                   : HikariPool-2 - Shutdown initiated...
[2024-03-06 13:02:49.634]  INFO 24912 --- [       Thread-7] c.z.h.HikariDataSource                   : HikariPool-2 - Shutdown completed.
[2024-03-06 13:02:49.743]  INFO 24912 --- [  restartedMain] c.s.g.GalleryApplication                 : Starting GalleryApplication using Java 17.0.9 with PID 24912 (C:\Users\SSAFY\Desktop\PJT2\backend\build\classes\java\main started by SSAFY in C:\Users\SSAFY\Desktop\PJT2\backend)
[2024-03-06 13:02:49.743]  INFO 24912 --- [  restartedMain] c.s.g.GalleryApplication                 : No active profile set, falling back to 1 default profile: "default"
[2024-03-06 13:02:49.924]  INFO 24912 --- [  restartedMain] .s.d.r.c.RepositoryConfigurationDelegate : Bootstrapping Spring Data JPA repositories in DEFAULT mode.
[2024-03-06 13:02:49.931]  INFO 24912 --- [  restartedMain] .s.d.r.c.RepositoryConfigurationDelegate : Finished Spring Data repository scanning in 6 ms. Found 1 JPA repository interface.
[2024-03-06 13:02:50.012]  INFO 24912 --- [  restartedMain] o.s.b.w.e.t.TomcatWebServer              : Tomcat initialized with port 8080 (http)
[2024-03-06 13:02:50.013]  INFO 24912 --- [  restartedMain] o.a.c.h.Http11NioProtocol                : Initializing ProtocolHandler ["http-nio-8080"]
[2024-03-06 13:02:50.013]  INFO 24912 --- [  restartedMain] o.a.c.c.StandardService                  : Starting service [Tomcat]
[2024-03-06 13:02:50.013]  INFO 24912 --- [  restartedMain] o.a.c.c.StandardEngine                   : Starting Servlet engine: [Apache Tomcat/10.1.19]
[2024-03-06 13:02:50.029]  INFO 24912 --- [  restartedMain] o.a.c.c.C.[.[.[/]                        : Initializing Spring embedded WebApplicationContext
[2024-03-06 13:02:50.029]  INFO 24912 --- [  restartedMain] w.s.c.ServletWebServerApplicationContext : Root WebApplicationContext: initialization completed in 284 ms
[2024-03-06 13:02:50.055]  INFO 24912 --- [  restartedMain] c.z.h.HikariDataSource                   : HikariPool-3 - Starting...
[2024-03-06 13:02:50.067]  INFO 24912 --- [  restartedMain] c.z.h.p.HikariPool                       : HikariPool-3 - Added connection com.mysql.cj.jdbc.ConnectionImpl@698aff91
[2024-03-06 13:02:50.068]  INFO 24912 --- [  restartedMain] c.z.h.HikariDataSource                   : HikariPool-3 - Start completed.
[2024-03-06 13:02:50.069]  INFO 24912 --- [  restartedMain] o.h.j.i.u.LogHelper                      : HHH000204: Processing PersistenceUnitInfo [name: default]
[2024-03-06 13:02:50.071]  INFO 24912 --- [  restartedMain] o.h.c.i.RegionFactoryInitiator           : HHH000026: Second-level cache disabled
[2024-03-06 13:02:50.075]  INFO 24912 --- [  restartedMain] o.s.o.j.p.SpringPersistenceUnitInfo      : No LoadTimeWeaver setup: ignoring JPA class transformer
[2024-03-06 13:02:50.107]  INFO 24912 --- [  restartedMain] o.h.e.t.j.p.i.JtaPlatformInitiator       : HHH000489: No JTA platform available (set 'hibernate.transaction.jta.platform' to enable JTA platform integration)
[2024-03-06 13:02:50.107]  INFO 24912 --- [  restartedMain] j.LocalContainerEntityManagerFactoryBean : Initialized JPA EntityManagerFactory for persistence unit 'default'
[2024-03-06 13:02:50.210]  WARN 24912 --- [  restartedMain] JpaBaseConfiguration$JpaWebConfiguration : spring.jpa.open-in-view is enabled by default. Therefore, database queries may be performed during view rendering. Explicitly configure spring.jpa.open-in-view to disable this warning
[2024-03-06 13:02:50.227]  INFO 24912 --- [  restartedMain] o.s.b.a.w.s.WelcomePageHandlerMapping    : Adding welcome page: class path resource [static/index.html]
[2024-03-06 13:02:50.292]  INFO 24912 --- [  restartedMain] o.s.s.w.DefaultSecurityFilterChain       : Will secure any request with [org.springframework.security.web.session.DisableEncodeUrlFilter@634350b8, org.springframework.security.web.context.request.async.WebAsyncManagerIntegrationFilter@79d3b8e7, org.springframework.security.web.context.SecurityContextHolderFilter@4e5c6d20, org.springframework.security.web.header.HeaderWriterFilter@d8f126d, org.springframework.security.oauth2.client.web.OAuth2AuthorizationRequestRedirectFilter@c680280, org.springframework.security.oauth2.client.web.OAuth2LoginAuthenticationFilter@65b49d5f, org.springframework.security.web.authentication.ui.DefaultLoginPageGeneratingFilter@1eaee379, org.springframework.security.web.savedrequest.RequestCacheAwareFilter@53176e30, org.springframework.security.web.servletapi.SecurityContextHolderAwareRequestFilter@6b479806, org.springframework.security.web.authentication.AnonymousAuthenticationFilter@35e3d95f, org.springframework.security.web.access.ExceptionTranslationFilter@684a1440, org.springframework.security.web.access.intercept.AuthorizationFilter@5b383649]
[2024-03-06 13:02:50.357]  INFO 24912 --- [  restartedMain] o.s.b.d.a.OptionalLiveReloadServer       : LiveReload server is running on port 35729
[2024-03-06 13:02:50.365]  INFO 24912 --- [  restartedMain] o.a.c.h.Http11NioProtocol                : Starting ProtocolHandler ["http-nio-8080"]
[2024-03-06 13:02:50.368]  INFO 24912 --- [  restartedMain] o.s.b.w.e.t.TomcatWebServer              : Tomcat started on port 8080 (http) with context path ''
[2024-03-06 13:02:50.373]  INFO 24912 --- [  restartedMain] c.s.g.GalleryApplication                 : Started GalleryApplication in 0.675 seconds (process running for 247.194)
[2024-03-06 13:02:50.374]  INFO 24912 --- [  restartedMain] .ConditionEvaluationDeltaLoggingListener : Condition evaluation unchanged
[2024-03-06 13:02:51.773]  INFO 24912 --- [   File Watcher] rtingClassPathChangeChangedEventListener : Restarting due to 1 class path change (1 addition, 0 deletions, 0 modifications)
[2024-03-06 13:02:51.774]  INFO 24912 --- [      Thread-11] o.a.c.h.Http11NioProtocol                : Stopping ProtocolHandler ["http-nio-8080"]
[2024-03-06 13:02:51.792]  INFO 24912 --- [      Thread-11] j.LocalContainerEntityManagerFactoryBean : Closing JPA EntityManagerFactory for persistence unit 'default'
[2024-03-06 13:02:51.793]  INFO 24912 --- [      Thread-11] c.z.h.HikariDataSource                   : HikariPool-3 - Shutdown initiated...
[2024-03-06 13:02:51.796]  INFO 24912 --- [      Thread-11] c.z.h.HikariDataSource                   : HikariPool-3 - Shutdown completed.
[2024-03-06 13:02:51.873]  INFO 24912 --- [  restartedMain] c.s.g.GalleryApplication                 : Starting GalleryApplication using Java 17.0.9 with PID 24912 (C:\Users\SSAFY\Desktop\PJT2\backend\build\classes\java\main started by SSAFY in C:\Users\SSAFY\Desktop\PJT2\backend)
[2024-03-06 13:02:51.873]  INFO 24912 --- [  restartedMain] c.s.g.GalleryApplication                 : No active profile set, falling back to 1 default profile: "default"
[2024-03-06 13:02:52.026]  INFO 24912 --- [  restartedMain] .s.d.r.c.RepositoryConfigurationDelegate : Bootstrapping Spring Data JPA repositories in DEFAULT mode.
[2024-03-06 13:02:52.036]  INFO 24912 --- [  restartedMain] .s.d.r.c.RepositoryConfigurationDelegate : Finished Spring Data repository scanning in 9 ms. Found 1 JPA repository interface.
[2024-03-06 13:02:52.114]  INFO 24912 --- [  restartedMain] o.s.b.w.e.t.TomcatWebServer              : Tomcat initialized with port 8080 (http)
[2024-03-06 13:02:52.115]  INFO 24912 --- [  restartedMain] o.a.c.h.Http11NioProtocol                : Initializing ProtocolHandler ["http-nio-8080"]
[2024-03-06 13:02:52.115]  INFO 24912 --- [  restartedMain] o.a.c.c.StandardService                  : Starting service [Tomcat]
[2024-03-06 13:02:52.115]  INFO 24912 --- [  restartedMain] o.a.c.c.StandardEngine                   : Starting Servlet engine: [Apache Tomcat/10.1.19]
[2024-03-06 13:02:52.125]  INFO 24912 --- [  restartedMain] o.a.c.c.C.[.[.[/]                        : Initializing Spring embedded WebApplicationContext
[2024-03-06 13:02:52.125]  INFO 24912 --- [  restartedMain] w.s.c.ServletWebServerApplicationContext : Root WebApplicationContext: initialization completed in 251 ms
[2024-03-06 13:02:52.144]  INFO 24912 --- [  restartedMain] c.z.h.HikariDataSource                   : HikariPool-4 - Starting...
[2024-03-06 13:02:52.153]  INFO 24912 --- [  restartedMain] c.z.h.p.HikariPool                       : HikariPool-4 - Added connection com.mysql.cj.jdbc.ConnectionImpl@41c021e
[2024-03-06 13:02:52.153]  INFO 24912 --- [  restartedMain] c.z.h.HikariDataSource                   : HikariPool-4 - Start completed.
[2024-03-06 13:02:52.154]  INFO 24912 --- [  restartedMain] o.h.j.i.u.LogHelper                      : HHH000204: Processing PersistenceUnitInfo [name: default]
[2024-03-06 13:02:52.157]  INFO 24912 --- [  restartedMain] o.h.c.i.RegionFactoryInitiator           : HHH000026: Second-level cache disabled
[2024-03-06 13:02:52.159]  INFO 24912 --- [  restartedMain] o.s.o.j.p.SpringPersistenceUnitInfo      : No LoadTimeWeaver setup: ignoring JPA class transformer
[2024-03-06 13:02:52.181]  INFO 24912 --- [  restartedMain] o.h.e.t.j.p.i.JtaPlatformInitiator       : HHH000489: No JTA platform available (set 'hibernate.transaction.jta.platform' to enable JTA platform integration)
[2024-03-06 13:02:52.181]  INFO 24912 --- [  restartedMain] j.LocalContainerEntityManagerFactoryBean : Initialized JPA EntityManagerFactory for persistence unit 'default'
[2024-03-06 13:02:52.246]  WARN 24912 --- [  restartedMain] JpaBaseConfiguration$JpaWebConfiguration : spring.jpa.open-in-view is enabled by default. Therefore, database queries may be performed during view rendering. Explicitly configure spring.jpa.open-in-view to disable this warning
[2024-03-06 13:02:52.255]  INFO 24912 --- [  restartedMain] o.s.b.a.w.s.WelcomePageHandlerMapping    : Adding welcome page: class path resource [static/index.html]
[2024-03-06 13:02:52.300]  INFO 24912 --- [  restartedMain] o.s.s.w.DefaultSecurityFilterChain       : Will secure any request with [org.springframework.security.web.session.DisableEncodeUrlFilter@5a3adca9, org.springframework.security.web.context.request.async.WebAsyncManagerIntegrationFilter@1927494e, org.springframework.security.web.context.SecurityContextHolderFilter@1f066a5b, org.springframework.security.web.header.HeaderWriterFilter@6c14bdba, org.springframework.security.oauth2.client.web.OAuth2AuthorizationRequestRedirectFilter@31535749, org.springframework.security.oauth2.client.web.OAuth2LoginAuthenticationFilter@44067908, org.springframework.security.web.authentication.ui.DefaultLoginPageGeneratingFilter@4da700f3, org.springframework.security.web.savedrequest.RequestCacheAwareFilter@54878d38, org.springframework.security.web.servletapi.SecurityContextHolderAwareRequestFilter@49794b6, org.springframework.security.web.authentication.AnonymousAuthenticationFilter@32e5ac3c, org.springframework.security.web.access.ExceptionTranslationFilter@219e2bdd, org.springframework.security.web.access.intercept.AuthorizationFilter@9d940e0]
[2024-03-06 13:02:52.344]  INFO 24912 --- [  restartedMain] o.s.b.d.a.OptionalLiveReloadServer       : LiveReload server is running on port 35729
[2024-03-06 13:02:52.350]  INFO 24912 --- [  restartedMain] o.a.c.h.Http11NioProtocol                : Starting ProtocolHandler ["http-nio-8080"]
[2024-03-06 13:02:52.353]  INFO 24912 --- [  restartedMain] o.s.b.w.e.t.TomcatWebServer              : Tomcat started on port 8080 (http) with context path ''
[2024-03-06 13:02:52.357]  INFO 24912 --- [  restartedMain] c.s.g.GalleryApplication                 : Started GalleryApplication in 0.515 seconds (process running for 249.177)
[2024-03-06 13:02:52.358]  INFO 24912 --- [  restartedMain] .ConditionEvaluationDeltaLoggingListener : Condition evaluation unchanged
