[2024-03-06 12:59:30.974]  INFO 24912 --- [   File Watcher] rtingClassPathChangeChangedEventListener : Restarting due to 1 class path change (0 additions, 0 deletions, 1 modification)
[2024-03-06 12:59:30.981]  INFO 24912 --- [       Thread-5] o.a.c.h.Http11NioProtocol                : Stopping ProtocolHandler ["http-nio-8080"]
[2024-03-06 12:59:31.001]  INFO 24912 --- [       Thread-5] j.LocalContainerEntityManagerFactoryBean : Closing JPA EntityManagerFactory for persistence unit 'default'
[2024-03-06 12:59:31.003]  INFO 24912 --- [       Thread-5] c.z.h.HikariDataSource                   : HikariPool-1 - Shutdown initiated...
[2024-03-06 12:59:31.008]  INFO 24912 --- [       Thread-5] c.z.h.HikariDataSource                   : HikariPool-1 - Shutdown completed.
[2024-03-06 12:59:31.098]  INFO 24912 --- [  restartedMain] c.s.g.GalleryApplication                 : Starting GalleryApplication using Java 17.0.9 with PID 24912 (C:\Users\SSAFY\Desktop\PJT2\backend\build\classes\java\main started by SSAFY in C:\Users\SSAFY\Desktop\PJT2\backend)
[2024-03-06 12:59:31.098]  INFO 24912 --- [  restartedMain] c.s.g.GalleryApplication                 : No active profile set, falling back to 1 default profile: "default"
[2024-03-06 12:59:31.252]  INFO 24912 --- [  restartedMain] .s.d.r.c.RepositoryConfigurationDelegate : Bootstrapping Spring Data JPA repositories in DEFAULT mode.
[2024-03-06 12:59:31.259]  INFO 24912 --- [  restartedMain] .s.d.r.c.RepositoryConfigurationDelegate : Finished Spring Data repository scanning in 6 ms. Found 1 JPA repository interface.
[2024-03-06 12:59:31.327]  INFO 24912 --- [  restartedMain] o.s.b.w.e.t.TomcatWebServer              : Tomcat initialized with port 8080 (http)
[2024-03-06 12:59:31.328]  INFO 24912 --- [  restartedMain] o.a.c.h.Http11NioProtocol                : Initializing ProtocolHandler ["http-nio-8080"]
[2024-03-06 12:59:31.328]  INFO 24912 --- [  restartedMain] o.a.c.c.StandardService                  : Starting service [Tomcat]
[2024-03-06 12:59:31.328]  INFO 24912 --- [  restartedMain] o.a.c.c.StandardEngine                   : Starting Servlet engine: [Apache Tomcat/10.1.19]
[2024-03-06 12:59:31.339]  INFO 24912 --- [  restartedMain] o.a.c.c.C.[.[.[/]                        : Initializing Spring embedded WebApplicationContext
[2024-03-06 12:59:31.339]  INFO 24912 --- [  restartedMain] w.s.c.ServletWebServerApplicationContext : Root WebApplicationContext: initialization completed in 240 ms
[2024-03-06 12:59:31.358]  INFO 24912 --- [  restartedMain] c.z.h.HikariDataSource                   : HikariPool-2 - Starting...
[2024-03-06 12:59:31.369]  INFO 24912 --- [  restartedMain] c.z.h.p.HikariPool                       : HikariPool-2 - Added connection com.mysql.cj.jdbc.ConnectionImpl@1c9cee29
[2024-03-06 12:59:31.369]  INFO 24912 --- [  restartedMain] c.z.h.HikariDataSource                   : HikariPool-2 - Start completed.
[2024-03-06 12:59:31.371]  INFO 24912 --- [  restartedMain] o.h.j.i.u.LogHelper                      : HHH000204: Processing PersistenceUnitInfo [name: default]
[2024-03-06 12:59:31.374]  INFO 24912 --- [  restartedMain] o.h.c.i.RegionFactoryInitiator           : HHH000026: Second-level cache disabled
[2024-03-06 12:59:31.378]  INFO 24912 --- [  restartedMain] o.s.o.j.p.SpringPersistenceUnitInfo      : No LoadTimeWeaver setup: ignoring JPA class transformer
[2024-03-06 12:59:31.403]  INFO 24912 --- [  restartedMain] o.h.e.t.j.p.i.JtaPlatformInitiator       : HHH000489: No JTA platform available (set 'hibernate.transaction.jta.platform' to enable JTA platform integration)
[2024-03-06 12:59:31.404]  INFO 24912 --- [  restartedMain] j.LocalContainerEntityManagerFactoryBean : Initialized JPA EntityManagerFactory for persistence unit 'default'
[2024-03-06 12:59:31.465]  WARN 24912 --- [  restartedMain] JpaBaseConfiguration$JpaWebConfiguration : spring.jpa.open-in-view is enabled by default. Therefore, database queries may be performed during view rendering. Explicitly configure spring.jpa.open-in-view to disable this warning
[2024-03-06 12:59:31.472]  INFO 24912 --- [  restartedMain] o.s.b.a.w.s.WelcomePageHandlerMapping    : Adding welcome page: class path resource [static/index.html]
[2024-03-06 12:59:31.505]  INFO 24912 --- [  restartedMain] o.s.s.w.DefaultSecurityFilterChain       : Will secure any request with [org.springframework.security.web.session.DisableEncodeUrlFilter@2bfa1593, org.springframework.security.web.context.request.async.WebAsyncManagerIntegrationFilter@2f7f1e30, org.springframework.security.web.context.SecurityContextHolderFilter@62ca398f, org.springframework.security.web.header.HeaderWriterFilter@12f29b0b, org.springframework.security.oauth2.client.web.OAuth2AuthorizationRequestRedirectFilter@3296f560, org.springframework.security.oauth2.client.web.OAuth2LoginAuthenticationFilter@1944226a, org.springframework.security.web.authentication.ui.DefaultLoginPageGeneratingFilter@7ebaa870, org.springframework.security.web.savedrequest.RequestCacheAwareFilter@66da6bf0, org.springframework.security.web.servletapi.SecurityContextHolderAwareRequestFilter@78965eaa, org.springframework.security.web.authentication.AnonymousAuthenticationFilter@2ac7c34a, org.springframework.security.web.access.ExceptionTranslationFilter@730dabfa, org.springframework.security.web.access.intercept.AuthorizationFilter@78bf97d3]
[2024-03-06 12:59:31.541]  INFO 24912 --- [  restartedMain] o.s.b.d.a.OptionalLiveReloadServer       : LiveReload server is running on port 35729
[2024-03-06 12:59:31.547]  INFO 24912 --- [  restartedMain] o.a.c.h.Http11NioProtocol                : Starting ProtocolHandler ["http-nio-8080"]
[2024-03-06 12:59:31.550]  INFO 24912 --- [  restartedMain] o.s.b.w.e.t.TomcatWebServer              : Tomcat started on port 8080 (http) with context path ''
[2024-03-06 12:59:31.553]  INFO 24912 --- [  restartedMain] c.s.g.GalleryApplication                 : Started GalleryApplication in 0.488 seconds (process running for 48.373)
[2024-03-06 12:59:31.554]  INFO 24912 --- [  restartedMain] .ConditionEvaluationDeltaLoggingListener : Condition evaluation unchanged
[2024-03-06 12:59:42.773]  INFO 24912 --- [nio-8080-exec-2] o.a.c.c.C.[.[.[/]                        : Initializing Spring DispatcherServlet 'dispatcherServlet'
[2024-03-06 12:59:42.773]  INFO 24912 --- [nio-8080-exec-2] o.s.w.s.DispatcherServlet                : Initializing Servlet 'dispatcherServlet'
[2024-03-06 12:59:42.775]  INFO 24912 --- [nio-8080-exec-2] o.s.w.s.DispatcherServlet                : Completed initialization in 2 ms
[2024-03-06 12:59:42.787]  INFO 24912 --- [nio-8080-exec-2] c.s.g.i.c.ImageController                : id is 나는근수야1!!
[2024-03-06 12:59:42.787]  INFO 24912 --- [nio-8080-exec-2] c.s.g.i.c.ImageController                : image/jpeg
[2024-03-06 12:59:42.787]  INFO 24912 --- [nio-8080-exec-2] c.s.g.i.c.ImageController                : people-3237648_1920.jpg
[2024-03-06 12:59:42.787]  INFO 24912 --- [nio-8080-exec-2] c.s.g.i.c.ImageController                : 572371
