[2024-03-04 17:53:01.391]  INFO 12188 --- [nio-8080-exec-2] o.a.c.c.C.[.[.[/]                        :
            Initializing Spring DispatcherServlet 'dispatcherServlet'
[2024-03-04 17:53:01.395]  INFO 12188 --- [nio-8080-exec-2] o.s.w.s.DispatcherServlet                :
            Initializing Servlet 'dispatcherServlet'
[2024-03-04 17:53:01.396]  INFO 12188 --- [nio-8080-exec-2] o.s.w.s.DispatcherServlet                :
            Completed initialization in 1 ms
[2024-03-04 17:53:01.470]  WARN 12188 --- [nio-8080-exec-2] .w.s.m.s.DefaultHandlerExceptionResolver :
            Resolved [org.springframework.web.bind.MissingServletRequestParameterException: Required request parameter 'paramValue' for method parameter type Long is present but converted to null]
[2024-03-04 17:53:02.088]  INFO 12188 --- [   File Watcher] rtingClassPathChangeChangedEventListener :
            Restarting due to 2 class path changes (0 additions, 0 deletions, 2 modifications)
[2024-03-04 17:53:02.091]  INFO 12188 --- [       Thread-5] o.a.c.h.Http11NioProtocol                :
            Stopping ProtocolHandler ["http-nio-8080"]
[2024-03-04 17:53:02.106]  INFO 12188 --- [       Thread-5] j.LocalContainerEntityManagerFactoryBean :
            Closing JPA EntityManagerFactory for persistence unit 'default'
[2024-03-04 17:53:02.109]  INFO 12188 --- [       Thread-5] c.z.h.HikariDataSource                   :
            HikariPool-1 - Shutdown initiated...
[2024-03-04 17:53:02.114]  INFO 12188 --- [       Thread-5] c.z.h.HikariDataSource                   :
            HikariPool-1 - Shutdown completed.
[2024-03-04 17:53:02.203]  INFO 12188 --- [  restartedMain] c.s.g.GalleryApplication                 : Starting GalleryApplication using Java 17.0.9 with PID 12188 (D:\Project\S10P22A101\backend\build\classes\java\main started by SSAFY in D:\Project\S10P22A101\backend)
[2024-03-04 17:53:02.204]  INFO 12188 --- [  restartedMain] c.s.g.GalleryApplication                 : No active profile set, falling back to 1 default profile: "default"
[2024-03-04 17:53:02.394]  INFO 12188 --- [  restartedMain] .s.d.r.c.RepositoryConfigurationDelegate : Bootstrapping Spring Data JPA repositories in DEFAULT mode.
[2024-03-04 17:53:02.404]  INFO 12188 --- [  restartedMain] .s.d.r.c.RepositoryConfigurationDelegate : Finished Spring Data repository scanning in 8 ms. Found 0 JPA repository interfaces.
[2024-03-04 17:53:02.538]  INFO 12188 --- [  restartedMain] o.s.b.w.e.t.TomcatWebServer              : Tomcat initialized with port 8080 (http)
[2024-03-04 17:53:02.539]  INFO 12188 --- [  restartedMain] o.a.c.h.Http11NioProtocol                : Initializing ProtocolHandler ["http-nio-8080"]
[2024-03-04 17:53:02.539]  INFO 12188 --- [  restartedMain] o.a.c.c.StandardService                  : Starting service [Tomcat]
[2024-03-04 17:53:02.539]  INFO 12188 --- [  restartedMain] o.a.c.c.StandardEngine                   : Starting Servlet engine: [Apache Tomcat/10.1.19]
[2024-03-04 17:53:02.555]  INFO 12188 --- [  restartedMain] o.a.c.c.C.[.[.[/]                        : Initializing Spring embedded WebApplicationContext
[2024-03-04 17:53:02.555]  INFO 12188 --- [  restartedMain] w.s.c.ServletWebServerApplicationContext : Root WebApplicationContext: initialization completed in 350 ms
[2024-03-04 17:53:02.583]  INFO 12188 --- [  restartedMain] c.z.h.HikariDataSource                   : HikariPool-2 - Starting...
[2024-03-04 17:53:02.607]  INFO 12188 --- [  restartedMain] c.z.h.p.HikariPool                       : HikariPool-2 - Added connection com.mysql.cj.jdbc.ConnectionImpl@63a6e8d
[2024-03-04 17:53:02.607]  INFO 12188 --- [  restartedMain] c.z.h.HikariDataSource                   : HikariPool-2 - Start completed.
[2024-03-04 17:53:02.609]  INFO 12188 --- [  restartedMain] o.h.j.i.u.LogHelper                      : HHH000204: Processing PersistenceUnitInfo [name: default]
[2024-03-04 17:53:02.612]  INFO 12188 --- [  restartedMain] o.h.c.i.RegionFactoryInitiator           : HHH000026: Second-level cache disabled
[2024-03-04 17:53:02.616]  INFO 12188 --- [  restartedMain] o.s.o.j.p.SpringPersistenceUnitInfo      : No LoadTimeWeaver setup: ignoring JPA class transformer
[2024-03-04 17:53:02.618]  WARN 12188 --- [  restartedMain] o.h.d.Dialect                            : HHH000511: The 5.7.0 version for [org.hibernate.dialect.MySQLDialect] is no longer supported, hence certain features may not work properly. The minimum supported version is 8.0.0. Check the community dialects project for available legacy versions.
[2024-03-04 17:53:02.630]  INFO 12188 --- [  restartedMain] o.h.e.t.j.p.i.JtaPlatformInitiator       : HHH000489: No JTA platform available (set 'hibernate.transaction.jta.platform' to enable JTA platform integration)
[2024-03-04 17:53:02.630]  INFO 12188 --- [  restartedMain] j.LocalContainerEntityManagerFactoryBean : Initialized JPA EntityManagerFactory for persistence unit 'default'
[2024-03-04 17:53:02.666]  WARN 12188 --- [  restartedMain] JpaBaseConfiguration$JpaWebConfiguration : spring.jpa.open-in-view is enabled by default. Therefore, database queries may be performed during view rendering. Explicitly configure spring.jpa.open-in-view to disable this warning
[2024-03-04 17:53:02.673]  WARN 12188 --- [  restartedMain] .s.s.UserDetailsServiceAutoConfiguration : 

Using generated security password: 0def816d-fdda-4e43-8891-e14402aeb1e6

This generated password is for development use only. Your security configuration must be updated before running your application in production.

[2024-03-04 17:53:02.737]  INFO 12188 --- [  restartedMain] o.s.s.w.DefaultSecurityFilterChain       : Will secure any request with [org.springframework.security.web.session.DisableEncodeUrlFilter@bfb2420, org.springframework.security.web.context.request.async.WebAsyncManagerIntegrationFilter@5179299d, org.springframework.security.web.context.SecurityContextHolderFilter@3fa45f4b, org.springframework.security.web.header.HeaderWriterFilter@913acb8, org.springframework.security.web.authentication.logout.LogoutFilter@3d7ce496, org.springframework.security.web.savedrequest.RequestCacheAwareFilter@7d79f91e, org.springframework.security.web.servletapi.SecurityContextHolderAwareRequestFilter@34dda582, org.springframework.security.web.authentication.AnonymousAuthenticationFilter@24aa3eb7, org.springframework.security.web.access.ExceptionTranslationFilter@3d9469d, org.springframework.security.web.access.intercept.AuthorizationFilter@56571ee6]
[2024-03-04 17:53:02.818]  INFO 12188 --- [  restartedMain] o.s.b.d.a.OptionalLiveReloadServer       : LiveReload server is running on port 35729
[2024-03-04 17:53:02.827]  INFO 12188 --- [  restartedMain] o.a.c.h.Http11NioProtocol                : Starting ProtocolHandler ["http-nio-8080"]
[2024-03-04 17:53:02.833]  INFO 12188 --- [  restartedMain] o.s.b.w.e.t.TomcatWebServer              : Tomcat started on port 8080 (http) with context path ''
[2024-03-04 17:53:02.839]  INFO 12188 --- [  restartedMain] c.s.g.GalleryApplication                 : Started GalleryApplication in 0.674 seconds (process running for 31.704)
[2024-03-04 17:53:02.841]  INFO 12188 --- [  restartedMain] .ConditionEvaluationDeltaLoggingListener : Condition evaluation unchanged
[2024-03-04 17:53:08.981]  INFO 12188 --- [nio-8080-exec-2] o.a.c.c.C.[.[.[/]                        : Initializing Spring DispatcherServlet 'dispatcherServlet'
[2024-03-04 17:53:08.982]  INFO 12188 --- [nio-8080-exec-2] o.s.w.s.DispatcherServlet                : Initializing Servlet 'dispatcherServlet'
[2024-03-04 17:53:08.983]  INFO 12188 --- [nio-8080-exec-2] o.s.w.s.DispatcherServlet                : Completed initialization in 1 ms
[2024-03-04 17:53:08.986]  WARN 12188 --- [nio-8080-exec-2] .w.s.m.s.DefaultHandlerExceptionResolver : Resolved [org.springframework.web.bind.MissingServletRequestParameterException: Required request parameter 'paramValue' for method parameter type Long is present but converted to null]
[2024-03-04 17:53:19.574]  WARN 12188 --- [nio-8080-exec-6] .w.s.m.s.DefaultHandlerExceptionResolver : Resolved [org.springframework.web.bind.MissingServletRequestParameterException: Required request parameter 'paramValue' for method parameter type Long is present but converted to null]
[2024-03-04 17:53:22.219]  WARN 12188 --- [nio-8080-exec-8] .w.s.m.s.DefaultHandlerExceptionResolver : Resolved [org.springframework.web.bind.MissingServletRequestParameterException: Required request parameter 'paramValue' for method parameter type Long is present but converted to null]
