[2024-03-05 17:06:00.028]  INFO 7532 --- [   File Watcher] rtingClassPathChangeChangedEventListener : Restarting due to 1 class path change (0 additions, 0 deletions, 1 modification)
[2024-03-05 17:06:00.031]  INFO 7532 --- [      Thread-23] o.a.c.h.Http11NioProtocol                : Stopping ProtocolHandler ["http-nio-8080"]
[2024-03-05 17:06:00.040]  INFO 7532 --- [      Thread-23] j.LocalContainerEntityManagerFactoryBean : Closing JPA EntityManagerFactory for persistence unit 'default'
[2024-03-05 17:06:00.041]  INFO 7532 --- [      Thread-23] c.z.h.HikariDataSource                   : HikariPool-6 - Shutdown initiated...
[2024-03-05 17:06:00.043]  INFO 7532 --- [      Thread-23] c.z.h.HikariDataSource                   : HikariPool-6 - Shutdown completed.
[2024-03-05 17:06:00.113]  INFO 7532 --- [  restartedMain] c.s.g.GalleryApplication                 : Starting GalleryApplication using Java 17.0.9 with PID 7532 (D:\Project\S10P22A101\backend\build\classes\java\main started by SSAFY in D:\Project\S10P22A101\backend)
[2024-03-05 17:06:00.113]  INFO 7532 --- [  restartedMain] c.s.g.GalleryApplication                 : No active profile set, falling back to 1 default profile: "default"
[2024-03-05 17:06:00.231]  INFO 7532 --- [  restartedMain] .s.d.r.c.RepositoryConfigurationDelegate : Bootstrapping Spring Data JPA repositories in DEFAULT mode.
[2024-03-05 17:06:00.233]  INFO 7532 --- [  restartedMain] .s.d.r.c.RepositoryConfigurationDelegate : Finished Spring Data repository scanning in 1 ms. Found 0 JPA repository interfaces.
[2024-03-05 17:06:00.292]  INFO 7532 --- [  restartedMain] o.s.b.w.e.t.TomcatWebServer              : Tomcat initialized with port 8080 (http)
[2024-03-05 17:06:00.293]  INFO 7532 --- [  restartedMain] o.a.c.h.Http11NioProtocol                : Initializing ProtocolHandler ["http-nio-8080"]
[2024-03-05 17:06:00.293]  INFO 7532 --- [  restartedMain] o.a.c.c.StandardService                  : Starting service [Tomcat]
[2024-03-05 17:06:00.293]  INFO 7532 --- [  restartedMain] o.a.c.c.StandardEngine                   : Starting Servlet engine: [Apache Tomcat/10.1.19]
[2024-03-05 17:06:00.303]  INFO 7532 --- [  restartedMain] o.a.c.c.C.[.[.[/]                        : Initializing Spring embedded WebApplicationContext
[2024-03-05 17:06:00.303]  INFO 7532 --- [  restartedMain] w.s.c.ServletWebServerApplicationContext : Root WebApplicationContext: initialization completed in 189 ms
[2024-03-05 17:06:00.322]  INFO 7532 --- [  restartedMain] c.z.h.HikariDataSource                   : HikariPool-7 - Starting...
[2024-03-05 17:06:00.339]  INFO 7532 --- [  restartedMain] c.z.h.p.HikariPool                       : HikariPool-7 - Added connection com.mysql.cj.jdbc.ConnectionImpl@35a7642
[2024-03-05 17:06:00.339]  INFO 7532 --- [  restartedMain] c.z.h.HikariDataSource                   : HikariPool-7 - Start completed.
[2024-03-05 17:06:00.340]  INFO 7532 --- [  restartedMain] o.h.j.i.u.LogHelper                      : HHH000204: Processing PersistenceUnitInfo [name: default]
[2024-03-05 17:06:00.341]  INFO 7532 --- [  restartedMain] o.h.c.i.RegionFactoryInitiator           : HHH000026: Second-level cache disabled
[2024-03-05 17:06:00.344]  INFO 7532 --- [  restartedMain] o.s.o.j.p.SpringPersistenceUnitInfo      : No LoadTimeWeaver setup: ignoring JPA class transformer
[2024-03-05 17:06:00.345]  WARN 7532 --- [  restartedMain] o.h.d.Dialect                            : HHH000511: The 5.7.0 version for [org.hibernate.dialect.MySQLDialect] is no longer supported, hence certain features may not work properly. The minimum supported version is 8.0.0. Check the community dialects project for available legacy versions.
[2024-03-05 17:06:00.352]  INFO 7532 --- [  restartedMain] o.h.e.t.j.p.i.JtaPlatformInitiator       : HHH000489: No JTA platform available (set 'hibernate.transaction.jta.platform' to enable JTA platform integration)
[2024-03-05 17:06:00.352]  INFO 7532 --- [  restartedMain] j.LocalContainerEntityManagerFactoryBean : Initialized JPA EntityManagerFactory for persistence unit 'default'
[2024-03-05 17:06:00.380]  WARN 7532 --- [  restartedMain] JpaBaseConfiguration$JpaWebConfiguration : spring.jpa.open-in-view is enabled by default. Therefore, database queries may be performed during view rendering. Explicitly configure spring.jpa.open-in-view to disable this warning
[2024-03-05 17:06:00.388]  INFO 7532 --- [  restartedMain] o.s.b.a.w.s.WelcomePageHandlerMapping    : Adding welcome page: class path resource [static/index.html]
[2024-03-05 17:06:00.418]  INFO 7532 --- [  restartedMain] o.s.s.w.DefaultSecurityFilterChain       : Will secure any request with [org.springframework.security.web.session.DisableEncodeUrlFilter@71ed2488, org.springframework.security.web.context.request.async.WebAsyncManagerIntegrationFilter@4cbda6a0, org.springframework.security.web.context.SecurityContextHolderFilter@259a3671, org.springframework.security.web.header.HeaderWriterFilter@536f6a2f, org.springframework.security.oauth2.client.web.OAuth2AuthorizationRequestRedirectFilter@692b711c, org.springframework.security.oauth2.client.web.OAuth2LoginAuthenticationFilter@32191501, org.springframework.security.web.authentication.ui.DefaultLoginPageGeneratingFilter@3d6cd0a8, org.springframework.security.web.savedrequest.RequestCacheAwareFilter@7bcb1a1, org.springframework.security.web.servletapi.SecurityContextHolderAwareRequestFilter@15fafe2a, org.springframework.security.web.authentication.AnonymousAuthenticationFilter@7eac8dba, org.springframework.security.web.access.ExceptionTranslationFilter@4b4b33f7, org.springframework.security.web.access.intercept.AuthorizationFilter@2be2d1e4]
[2024-03-05 17:06:00.461]  INFO 7532 --- [  restartedMain] o.s.b.d.a.OptionalLiveReloadServer       : LiveReload server is running on port 35729
[2024-03-05 17:06:00.467]  INFO 7532 --- [  restartedMain] o.a.c.h.Http11NioProtocol                : Starting ProtocolHandler ["http-nio-8080"]
[2024-03-05 17:06:00.469]  INFO 7532 --- [  restartedMain] o.s.b.w.e.t.TomcatWebServer              : Tomcat started on port 8080 (http) with context path ''
[2024-03-05 17:06:00.472]  INFO 7532 --- [  restartedMain] c.s.g.GalleryApplication                 : Started GalleryApplication in 0.383 seconds (process running for 956.339)
[2024-03-05 17:06:00.473]  INFO 7532 --- [  restartedMain] .ConditionEvaluationDeltaLoggingListener : Condition evaluation unchanged
[2024-03-05 17:06:24.153]  INFO 7532 --- [   File Watcher] rtingClassPathChangeChangedEventListener : Restarting due to 1 class path change (0 additions, 0 deletions, 1 modification)
[2024-03-05 17:06:24.154]  INFO 7532 --- [      Thread-27] o.a.c.h.Http11NioProtocol                : Stopping ProtocolHandler ["http-nio-8080"]
[2024-03-05 17:06:24.163]  INFO 7532 --- [      Thread-27] j.LocalContainerEntityManagerFactoryBean : Closing JPA EntityManagerFactory for persistence unit 'default'
[2024-03-05 17:06:24.164]  INFO 7532 --- [      Thread-27] c.z.h.HikariDataSource                   : HikariPool-7 - Shutdown initiated...
[2024-03-05 17:06:24.166]  INFO 7532 --- [      Thread-27] c.z.h.HikariDataSource                   : HikariPool-7 - Shutdown completed.
[2024-03-05 17:06:24.241]  INFO 7532 --- [  restartedMain] c.s.g.GalleryApplication                 : Starting GalleryApplication using Java 17.0.9 with PID 7532 (D:\Project\S10P22A101\backend\build\classes\java\main started by SSAFY in D:\Project\S10P22A101\backend)
[2024-03-05 17:06:24.241]  INFO 7532 --- [  restartedMain] c.s.g.GalleryApplication                 : No active profile set, falling back to 1 default profile: "default"
[2024-03-05 17:06:24.363]  INFO 7532 --- [  restartedMain] .s.d.r.c.RepositoryConfigurationDelegate : Bootstrapping Spring Data JPA repositories in DEFAULT mode.
[2024-03-05 17:06:24.364]  INFO 7532 --- [  restartedMain] .s.d.r.c.RepositoryConfigurationDelegate : Finished Spring Data repository scanning in 1 ms. Found 0 JPA repository interfaces.
[2024-03-05 17:06:24.424]  INFO 7532 --- [  restartedMain] o.s.b.w.e.t.TomcatWebServer              : Tomcat initialized with port 8080 (http)
[2024-03-05 17:06:24.425]  INFO 7532 --- [  restartedMain] o.a.c.h.Http11NioProtocol                : Initializing ProtocolHandler ["http-nio-8080"]
[2024-03-05 17:06:24.425]  INFO 7532 --- [  restartedMain] o.a.c.c.StandardService                  : Starting service [Tomcat]
[2024-03-05 17:06:24.425]  INFO 7532 --- [  restartedMain] o.a.c.c.StandardEngine                   : Starting Servlet engine: [Apache Tomcat/10.1.19]
[2024-03-05 17:06:24.435]  INFO 7532 --- [  restartedMain] o.a.c.c.C.[.[.[/]                        : Initializing Spring embedded WebApplicationContext
[2024-03-05 17:06:24.436]  INFO 7532 --- [  restartedMain] w.s.c.ServletWebServerApplicationContext : Root WebApplicationContext: initialization completed in 193 ms
[2024-03-05 17:06:24.455]  INFO 7532 --- [  restartedMain] c.z.h.HikariDataSource                   : HikariPool-8 - Starting...
[2024-03-05 17:06:24.471]  INFO 7532 --- [  restartedMain] c.z.h.p.HikariPool                       : HikariPool-8 - Added connection com.mysql.cj.jdbc.ConnectionImpl@82f5496
[2024-03-05 17:06:24.472]  INFO 7532 --- [  restartedMain] c.z.h.HikariDataSource                   : HikariPool-8 - Start completed.
[2024-03-05 17:06:24.472]  INFO 7532 --- [  restartedMain] o.h.j.i.u.LogHelper                      : HHH000204: Processing PersistenceUnitInfo [name: default]
[2024-03-05 17:06:24.474]  INFO 7532 --- [  restartedMain] o.h.c.i.RegionFactoryInitiator           : HHH000026: Second-level cache disabled
[2024-03-05 17:06:24.477]  INFO 7532 --- [  restartedMain] o.s.o.j.p.SpringPersistenceUnitInfo      : No LoadTimeWeaver setup: ignoring JPA class transformer
[2024-03-05 17:06:24.477]  WARN 7532 --- [  restartedMain] o.h.d.Dialect                            : HHH000511: The 5.7.0 version for [org.hibernate.dialect.MySQLDialect] is no longer supported, hence certain features may not work properly. The minimum supported version is 8.0.0. Check the community dialects project for available legacy versions.
[2024-03-05 17:06:24.484]  INFO 7532 --- [  restartedMain] o.h.e.t.j.p.i.JtaPlatformInitiator       : HHH000489: No JTA platform available (set 'hibernate.transaction.jta.platform' to enable JTA platform integration)
[2024-03-05 17:06:24.484]  INFO 7532 --- [  restartedMain] j.LocalContainerEntityManagerFactoryBean : Initialized JPA EntityManagerFactory for persistence unit 'default'
[2024-03-05 17:06:24.512]  WARN 7532 --- [  restartedMain] JpaBaseConfiguration$JpaWebConfiguration : spring.jpa.open-in-view is enabled by default. Therefore, database queries may be performed during view rendering. Explicitly configure spring.jpa.open-in-view to disable this warning
[2024-03-05 17:06:24.519]  INFO 7532 --- [  restartedMain] o.s.b.a.w.s.WelcomePageHandlerMapping    : Adding welcome page: class path resource [static/index.html]
[2024-03-05 17:06:24.549]  INFO 7532 --- [  restartedMain] o.s.s.w.DefaultSecurityFilterChain       : Will secure any request with [org.springframework.security.web.session.DisableEncodeUrlFilter@7ab033e2, org.springframework.security.web.context.request.async.WebAsyncManagerIntegrationFilter@48dcd87f, org.springframework.security.web.context.SecurityContextHolderFilter@2ea7cd8b, org.springframework.security.web.header.HeaderWriterFilter@1ad3fc90, org.springframework.security.oauth2.client.web.OAuth2AuthorizationRequestRedirectFilter@30cc0fd2, org.springframework.security.oauth2.client.web.OAuth2LoginAuthenticationFilter@4c2feadc, org.springframework.security.web.authentication.ui.DefaultLoginPageGeneratingFilter@1dbc246b, org.springframework.security.web.savedrequest.RequestCacheAwareFilter@3d0d6e29, org.springframework.security.web.servletapi.SecurityContextHolderAwareRequestFilter@180e6c86, org.springframework.security.web.authentication.AnonymousAuthenticationFilter@183efc29, org.springframework.security.web.access.ExceptionTranslationFilter@5f7f4b2d, org.springframework.security.web.access.intercept.AuthorizationFilter@5bcd3271]
[2024-03-05 17:06:24.592]  INFO 7532 --- [  restartedMain] o.s.b.d.a.OptionalLiveReloadServer       : LiveReload server is running on port 35729
[2024-03-05 17:06:24.597]  INFO 7532 --- [  restartedMain] o.a.c.h.Http11NioProtocol                : Starting ProtocolHandler ["http-nio-8080"]
[2024-03-05 17:06:24.600]  INFO 7532 --- [  restartedMain] o.s.b.w.e.t.TomcatWebServer              : Tomcat started on port 8080 (http) with context path ''
[2024-03-05 17:06:24.603]  INFO 7532 --- [  restartedMain] c.s.g.GalleryApplication                 : Started GalleryApplication in 0.388 seconds (process running for 980.469)
[2024-03-05 17:06:24.603]  INFO 7532 --- [  restartedMain] .ConditionEvaluationDeltaLoggingListener : Condition evaluation unchanged
[2024-03-05 17:06:25.514]  INFO 7532 --- [nio-8080-exec-1] o.a.c.c.C.[.[.[/]                        : Initializing Spring DispatcherServlet 'dispatcherServlet'
[2024-03-05 17:06:25.514]  INFO 7532 --- [nio-8080-exec-1] o.s.w.s.DispatcherServlet                : Initializing Servlet 'dispatcherServlet'
[2024-03-05 17:06:25.515]  INFO 7532 --- [nio-8080-exec-1] o.s.w.s.DispatcherServlet                : Completed initialization in 1 ms
[2024-03-05 17:06:28.699]  WARN 7532 --- [nio-8080-exec-7] .w.s.m.s.DefaultHandlerExceptionResolver : Resolved [org.springframework.web.bind.MissingServletRequestParameterException: Required request parameter 'error' for method parameter type String is not present]
