[2024-03-04 17:58:33.030]  INFO 12188 --- [ionShutdownHook] j.LocalContainerEntityManagerFactoryBean : Closing JPA EntityManagerFactory for persistence unit 'default'
[2024-03-04 17:58:33.032]  INFO 12188 --- [ionShutdownHook] c.z.h.HikariDataSource                   : HikariPool-3 - Shutdown initiated...
[2024-03-04 17:58:33.035]  INFO 12188 --- [ionShutdownHook] c.z.h.HikariDataSource                   : HikariPool-3 - Shutdown completed.
[2024-03-04 17:58:36.499]  INFO 9356 --- [  restartedMain] c.s.g.GalleryApplication                 : Starting GalleryApplication using Java 17.0.9 with PID 9356 (D:\Project\S10P22A101\backend\build\classes\java\main started by SSAFY in D:\Project\S10P22A101\backend)
[2024-03-04 17:58:36.507]  INFO 9356 --- [  restartedMain] c.s.g.GalleryApplication                 : No active profile set, falling back to 1 default profile: "default"
[2024-03-04 17:58:36.551]  INFO 9356 --- [  restartedMain] .e.DevToolsPropertyDefaultsPostProcessor : Devtools property defaults active! Set 'spring.devtools.add-properties' to 'false' to disable
[2024-03-04 17:58:36.551]  INFO 9356 --- [  restartedMain] .e.DevToolsPropertyDefaultsPostProcessor : For additional web related logging consider setting the 'logging.level.web' property to 'DEBUG'
[2024-03-04 17:58:37.388]  INFO 9356 --- [  restartedMain] .s.d.r.c.RepositoryConfigurationDelegate : Bootstrapping Spring Data JPA repositories in DEFAULT mode.
[2024-03-04 17:58:37.409]  INFO 9356 --- [  restartedMain] .s.d.r.c.RepositoryConfigurationDelegate : Finished Spring Data repository scanning in 13 ms. Found 0 JPA repository interfaces.
[2024-03-04 17:58:37.965]  INFO 9356 --- [  restartedMain] o.s.b.w.e.t.TomcatWebServer              : Tomcat initialized with port 8080 (http)
[2024-03-04 17:58:37.978]  INFO 9356 --- [  restartedMain] o.a.c.h.Http11NioProtocol                : Initializing ProtocolHandler ["http-nio-8080"]
[2024-03-04 17:58:37.980]  INFO 9356 --- [  restartedMain] o.a.c.c.StandardService                  : Starting service [Tomcat]
[2024-03-04 17:58:37.981]  INFO 9356 --- [  restartedMain] o.a.c.c.StandardEngine                   : Starting Servlet engine: [Apache Tomcat/10.1.19]
[2024-03-04 17:58:38.035]  INFO 9356 --- [  restartedMain] o.a.c.c.C.[.[.[/]                        : Initializing Spring embedded WebApplicationContext
[2024-03-04 17:58:38.035]  INFO 9356 --- [  restartedMain] w.s.c.ServletWebServerApplicationContext : Root WebApplicationContext: initialization completed in 1483 ms
[2024-03-04 17:58:38.170]  INFO 9356 --- [  restartedMain] c.z.h.HikariDataSource                   : HikariPool-1 - Starting...
[2024-03-04 17:58:38.468]  INFO 9356 --- [  restartedMain] c.z.h.p.HikariPool                       : HikariPool-1 - Added connection com.mysql.cj.jdbc.ConnectionImpl@16c30815
[2024-03-04 17:58:38.469]  INFO 9356 --- [  restartedMain] c.z.h.HikariDataSource                   : HikariPool-1 - Start completed.
[2024-03-04 17:58:38.510]  INFO 9356 --- [  restartedMain] o.h.j.i.u.LogHelper                      : HHH000204: Processing PersistenceUnitInfo [name: default]
[2024-03-04 17:58:38.568]  INFO 9356 --- [  restartedMain] o.h.Version                              : HHH000412: Hibernate ORM core version 6.4.4.Final
[2024-03-04 17:58:38.611]  INFO 9356 --- [  restartedMain] o.h.c.i.RegionFactoryInitiator           : HHH000026: Second-level cache disabled
[2024-03-04 17:58:39.029]  INFO 9356 --- [  restartedMain] o.s.o.j.p.SpringPersistenceUnitInfo      : No LoadTimeWeaver setup: ignoring JPA class transformer
[2024-03-04 17:58:39.133]  WARN 9356 --- [  restartedMain] o.h.d.Dialect                            : HHH000511: The 5.7.0 version for [org.hibernate.dialect.MySQLDialect] is no longer supported, hence certain features may not work properly. The minimum supported version is 8.0.0. Check the community dialects project for available legacy versions.
[2024-03-04 17:58:39.543]  INFO 9356 --- [  restartedMain] o.h.e.t.j.p.i.JtaPlatformInitiator       : HHH000489: No JTA platform available (set 'hibernate.transaction.jta.platform' to enable JTA platform integration)
[2024-03-04 17:58:39.549]  INFO 9356 --- [  restartedMain] j.LocalContainerEntityManagerFactoryBean : Initialized JPA EntityManagerFactory for persistence unit 'default'
[2024-03-04 17:58:39.679]  WARN 9356 --- [  restartedMain] JpaBaseConfiguration$JpaWebConfiguration : spring.jpa.open-in-view is enabled by default. Therefore, database queries may be performed during view rendering. Explicitly configure spring.jpa.open-in-view to disable this warning
[2024-03-04 17:58:39.702]  WARN 9356 --- [  restartedMain] .s.s.UserDetailsServiceAutoConfiguration : 

Using generated security password: 9c3649cf-8e34-4564-ab59-135da0fc645e

This generated password is for development use only. Your security configuration must be updated before running your application in production.

[2024-03-04 17:58:39.985]  INFO 9356 --- [  restartedMain] o.s.s.w.DefaultSecurityFilterChain       : Will secure any request with [org.springframework.security.web.session.DisableEncodeUrlFilter@57286775, org.springframework.security.web.context.request.async.WebAsyncManagerIntegrationFilter@5d55a05e, org.springframework.security.web.context.SecurityContextHolderFilter@43f05f51, org.springframework.security.web.header.HeaderWriterFilter@6e72914f, org.springframework.security.web.authentication.logout.LogoutFilter@4ea1baa2, org.springframework.security.web.savedrequest.RequestCacheAwareFilter@7df92928, org.springframework.security.web.servletapi.SecurityContextHolderAwareRequestFilter@24e18f23, org.springframework.security.web.authentication.AnonymousAuthenticationFilter@30a32847, org.springframework.security.web.access.ExceptionTranslationFilter@20f256bc, org.springframework.security.web.access.intercept.AuthorizationFilter@aa00ae4]
[2024-03-04 17:58:40.316]  INFO 9356 --- [  restartedMain] o.s.b.d.a.OptionalLiveReloadServer       : LiveReload server is running on port 35729
[2024-03-04 17:58:40.342]  INFO 9356 --- [  restartedMain] o.a.c.h.Http11NioProtocol                : Starting ProtocolHandler ["http-nio-8080"]
[2024-03-04 17:58:40.364]  INFO 9356 --- [  restartedMain] o.s.b.w.e.t.TomcatWebServer              : Tomcat started on port 8080 (http) with context path ''
[2024-03-04 17:58:40.376]  INFO 9356 --- [  restartedMain] c.s.g.GalleryApplication                 : Started GalleryApplication in 4.267 seconds (process running for 5.189)
[2024-03-04 17:58:55.525]  INFO 9356 --- [nio-8080-exec-2] o.a.c.c.C.[.[.[/]                        : Initializing Spring DispatcherServlet 'dispatcherServlet'
[2024-03-04 17:58:55.526]  INFO 9356 --- [nio-8080-exec-2] o.s.w.s.DispatcherServlet                : Initializing Servlet 'dispatcherServlet'
[2024-03-04 17:58:55.527]  INFO 9356 --- [nio-8080-exec-2] o.s.w.s.DispatcherServlet                : Completed initialization in 1 ms
[2024-03-04 17:58:55.660]  INFO 9356 --- [nio-8080-exec-2] c.s.g.e.c.ExampleApiController           : text
[2024-03-04 17:58:59.823]  INFO 9356 --- [nio-8080-exec-3] c.s.g.e.c.ExampleApiController           : text
