[2024-03-06 11:16:11.704]  INFO 21252 --- [   File Watcher] rtingClassPathChangeChangedEventListener : Restarting due to 1 class path change (0 additions, 1 deletion, 0 modifications)
[2024-03-06 11:16:11.708]  INFO 21252 --- [      Thread-11] o.a.c.h.Http11NioProtocol                : Stopping ProtocolHandler ["http-nio-8080"]
[2024-03-06 11:16:11.730]  INFO 21252 --- [      Thread-11] j.LocalContainerEntityManagerFactoryBean : Closing JPA EntityManagerFactory for persistence unit 'default'
[2024-03-06 11:16:11.732]  INFO 21252 --- [      Thread-11] c.z.h.HikariDataSource                   : HikariPool-3 - Shutdown initiated...
[2024-03-06 11:16:11.736]  INFO 21252 --- [      Thread-11] c.z.h.HikariDataSource                   : HikariPool-3 - Shutdown completed.
[2024-03-06 11:16:11.871]  INFO 21252 --- [  restartedMain] c.s.g.GalleryApplication                 : Starting GalleryApplication using Java 17.0.9 with PID 21252 (C:\Users\SSAFY\Desktop\PJT2\backend\build\classes\java\main started by SSAFY in C:\Users\SSAFY\Desktop\PJT2\backend)
[2024-03-06 11:16:11.871]  INFO 21252 --- [  restartedMain] c.s.g.GalleryApplication                 : No active profile set, falling back to 1 default profile: "default"
[2024-03-06 11:16:12.148]  INFO 21252 --- [  restartedMain] .s.d.r.c.RepositoryConfigurationDelegate : Bootstrapping Spring Data JPA repositories in DEFAULT mode.
[2024-03-06 11:16:12.157]  INFO 21252 --- [  restartedMain] .s.d.r.c.RepositoryConfigurationDelegate : Finished Spring Data repository scanning in 9 ms. Found 1 JPA repository interface.
[2024-03-06 11:16:12.255]  INFO 21252 --- [  restartedMain] o.s.b.w.e.t.TomcatWebServer              : Tomcat initialized with port 8080 (http)
[2024-03-06 11:16:12.256]  INFO 21252 --- [  restartedMain] o.a.c.h.Http11NioProtocol                : Initializing ProtocolHandler ["http-nio-8080"]
[2024-03-06 11:16:12.257]  INFO 21252 --- [  restartedMain] o.a.c.c.StandardService                  : Starting service [Tomcat]
[2024-03-06 11:16:12.257]  INFO 21252 --- [  restartedMain] o.a.c.c.StandardEngine                   : Starting Servlet engine: [Apache Tomcat/10.1.19]
[2024-03-06 11:16:12.271]  INFO 21252 --- [  restartedMain] o.a.c.c.C.[.[.[/]                        : Initializing Spring embedded WebApplicationContext
[2024-03-06 11:16:12.271]  INFO 21252 --- [  restartedMain] w.s.c.ServletWebServerApplicationContext : Root WebApplicationContext: initialization completed in 398 ms
[2024-03-06 11:16:12.299]  INFO 21252 --- [  restartedMain] c.z.h.HikariDataSource                   : HikariPool-4 - Starting...
[2024-03-06 11:16:12.312]  INFO 21252 --- [  restartedMain] c.z.h.p.HikariPool                       : HikariPool-4 - Added connection com.mysql.cj.jdbc.ConnectionImpl@4efbaf2d
[2024-03-06 11:16:12.312]  INFO 21252 --- [  restartedMain] c.z.h.HikariDataSource                   : HikariPool-4 - Start completed.
[2024-03-06 11:16:12.313]  INFO 21252 --- [  restartedMain] o.h.j.i.u.LogHelper                      : HHH000204: Processing PersistenceUnitInfo [name: default]
[2024-03-06 11:16:12.316]  INFO 21252 --- [  restartedMain] o.h.c.i.RegionFactoryInitiator           : HHH000026: Second-level cache disabled
[2024-03-06 11:16:12.321]  INFO 21252 --- [  restartedMain] o.s.o.j.p.SpringPersistenceUnitInfo      : No LoadTimeWeaver setup: ignoring JPA class transformer
[2024-03-06 11:16:12.351]  INFO 21252 --- [  restartedMain] o.h.e.t.j.p.i.JtaPlatformInitiator       : HHH000489: No JTA platform available (set 'hibernate.transaction.jta.platform' to enable JTA platform integration)
[2024-03-06 11:16:12.352]  INFO 21252 --- [  restartedMain] j.LocalContainerEntityManagerFactoryBean : Initialized JPA EntityManagerFactory for persistence unit 'default'
[2024-03-06 11:16:12.456]  WARN 21252 --- [  restartedMain] JpaBaseConfiguration$JpaWebConfiguration : spring.jpa.open-in-view is enabled by default. Therefore, database queries may be performed during view rendering. Explicitly configure spring.jpa.open-in-view to disable this warning
[2024-03-06 11:16:12.471]  INFO 21252 --- [  restartedMain] o.s.b.a.w.s.WelcomePageHandlerMapping    : Adding welcome page: class path resource [static/index.html]
[2024-03-06 11:16:12.540]  INFO 21252 --- [  restartedMain] o.s.s.w.DefaultSecurityFilterChain       : Will secure any request with [org.springframework.security.web.session.DisableEncodeUrlFilter@490e4e4b, org.springframework.security.web.context.request.async.WebAsyncManagerIntegrationFilter@305d94a3, org.springframework.security.web.context.SecurityContextHolderFilter@70e2ef86, org.springframework.security.web.header.HeaderWriterFilter@2c0c2b43, org.springframework.security.oauth2.client.web.OAuth2AuthorizationRequestRedirectFilter@643addc6, org.springframework.security.oauth2.client.web.OAuth2LoginAuthenticationFilter@54669b0a, org.springframework.security.web.authentication.ui.DefaultLoginPageGeneratingFilter@6a1b5efd, org.springframework.security.web.savedrequest.RequestCacheAwareFilter@808f84b, org.springframework.security.web.servletapi.SecurityContextHolderAwareRequestFilter@27003f6d, org.springframework.security.web.authentication.AnonymousAuthenticationFilter@2bbab83, org.springframework.security.web.access.ExceptionTranslationFilter@61a9d1c6, org.springframework.security.web.access.intercept.AuthorizationFilter@42e769a0]
[2024-03-06 11:16:12.649]  INFO 21252 --- [  restartedMain] o.s.b.d.a.OptionalLiveReloadServer       : LiveReload server is running on port 35729
[2024-03-06 11:16:12.671]  INFO 21252 --- [  restartedMain] o.a.c.h.Http11NioProtocol                : Starting ProtocolHandler ["http-nio-8080"]
[2024-03-06 11:16:12.676]  INFO 21252 --- [  restartedMain] o.s.b.w.e.t.TomcatWebServer              : Tomcat started on port 8080 (http) with context path ''
[2024-03-06 11:16:12.685]  INFO 21252 --- [  restartedMain] c.s.g.GalleryApplication                 : Started GalleryApplication in 0.875 seconds (process running for 453.987)
[2024-03-06 11:16:12.691]  INFO 21252 --- [  restartedMain] .ConditionEvaluationDeltaLoggingListener : Condition evaluation unchanged
[2024-03-06 11:16:14.086]  INFO 21252 --- [   File Watcher] rtingClassPathChangeChangedEventListener : Restarting due to 1 class path change (1 addition, 0 deletions, 0 modifications)
[2024-03-06 11:16:14.088]  INFO 21252 --- [      Thread-15] o.a.c.h.Http11NioProtocol                : Stopping ProtocolHandler ["http-nio-8080"]
[2024-03-06 11:16:14.107]  INFO 21252 --- [      Thread-15] j.LocalContainerEntityManagerFactoryBean : Closing JPA EntityManagerFactory for persistence unit 'default'
[2024-03-06 11:16:14.108]  INFO 21252 --- [      Thread-15] c.z.h.HikariDataSource                   : HikariPool-4 - Shutdown initiated...
[2024-03-06 11:16:14.111]  INFO 21252 --- [      Thread-15] c.z.h.HikariDataSource                   : HikariPool-4 - Shutdown completed.
[2024-03-06 11:16:14.201]  INFO 21252 --- [  restartedMain] c.s.g.GalleryApplication                 : Starting GalleryApplication using Java 17.0.9 with PID 21252 (C:\Users\SSAFY\Desktop\PJT2\backend\build\classes\java\main started by SSAFY in C:\Users\SSAFY\Desktop\PJT2\backend)
[2024-03-06 11:16:14.201]  INFO 21252 --- [  restartedMain] c.s.g.GalleryApplication                 : No active profile set, falling back to 1 default profile: "default"
[2024-03-06 11:16:14.391]  INFO 21252 --- [  restartedMain] .s.d.r.c.RepositoryConfigurationDelegate : Bootstrapping Spring Data JPA repositories in DEFAULT mode.
[2024-03-06 11:16:14.399]  INFO 21252 --- [  restartedMain] .s.d.r.c.RepositoryConfigurationDelegate : Finished Spring Data repository scanning in 7 ms. Found 1 JPA repository interface.
[2024-03-06 11:16:14.473]  INFO 21252 --- [  restartedMain] o.s.b.w.e.t.TomcatWebServer              : Tomcat initialized with port 8080 (http)
[2024-03-06 11:16:14.474]  INFO 21252 --- [  restartedMain] o.a.c.h.Http11NioProtocol                : Initializing ProtocolHandler ["http-nio-8080"]
[2024-03-06 11:16:14.475]  INFO 21252 --- [  restartedMain] o.a.c.c.StandardService                  : Starting service [Tomcat]
[2024-03-06 11:16:14.475]  INFO 21252 --- [  restartedMain] o.a.c.c.StandardEngine                   : Starting Servlet engine: [Apache Tomcat/10.1.19]
[2024-03-06 11:16:14.487]  INFO 21252 --- [  restartedMain] o.a.c.c.C.[.[.[/]                        : Initializing Spring embedded WebApplicationContext
[2024-03-06 11:16:14.487]  INFO 21252 --- [  restartedMain] w.s.c.ServletWebServerApplicationContext : Root WebApplicationContext: initialization completed in 283 ms
[2024-03-06 11:16:14.510]  INFO 21252 --- [  restartedMain] c.z.h.HikariDataSource                   : HikariPool-5 - Starting...
[2024-03-06 11:16:14.518]  INFO 21252 --- [  restartedMain] c.z.h.p.HikariPool                       : HikariPool-5 - Added connection com.mysql.cj.jdbc.ConnectionImpl@5374875
[2024-03-06 11:16:14.519]  INFO 21252 --- [  restartedMain] c.z.h.HikariDataSource                   : HikariPool-5 - Start completed.
[2024-03-06 11:16:14.519]  INFO 21252 --- [  restartedMain] o.h.j.i.u.LogHelper                      : HHH000204: Processing PersistenceUnitInfo [name: default]
[2024-03-06 11:16:14.522]  INFO 21252 --- [  restartedMain] o.h.c.i.RegionFactoryInitiator           : HHH000026: Second-level cache disabled
[2024-03-06 11:16:14.525]  INFO 21252 --- [  restartedMain] o.s.o.j.p.SpringPersistenceUnitInfo      : No LoadTimeWeaver setup: ignoring JPA class transformer
[2024-03-06 11:16:14.544]  INFO 21252 --- [  restartedMain] o.h.e.t.j.p.i.JtaPlatformInitiator       : HHH000489: No JTA platform available (set 'hibernate.transaction.jta.platform' to enable JTA platform integration)
[2024-03-06 11:16:14.545]  INFO 21252 --- [  restartedMain] j.LocalContainerEntityManagerFactoryBean : Initialized JPA EntityManagerFactory for persistence unit 'default'
[2024-03-06 11:16:14.607]  WARN 21252 --- [  restartedMain] JpaBaseConfiguration$JpaWebConfiguration : spring.jpa.open-in-view is enabled by default. Therefore, database queries may be performed during view rendering. Explicitly configure spring.jpa.open-in-view to disable this warning
[2024-03-06 11:16:14.615]  INFO 21252 --- [  restartedMain] o.s.b.a.w.s.WelcomePageHandlerMapping    : Adding welcome page: class path resource [static/index.html]
[2024-03-06 11:16:14.656]  INFO 21252 --- [  restartedMain] o.s.s.w.DefaultSecurityFilterChain       : Will secure any request with [org.springframework.security.web.session.DisableEncodeUrlFilter@71e6e66e, org.springframework.security.web.context.request.async.WebAsyncManagerIntegrationFilter@3653d964, org.springframework.security.web.context.SecurityContextHolderFilter@46baefcc, org.springframework.security.web.header.HeaderWriterFilter@197e5c81, org.springframework.security.oauth2.client.web.OAuth2AuthorizationRequestRedirectFilter@4afe53dd, org.springframework.security.oauth2.client.web.OAuth2LoginAuthenticationFilter@498869c2, org.springframework.security.web.authentication.ui.DefaultLoginPageGeneratingFilter@2c45e616, org.springframework.security.web.savedrequest.RequestCacheAwareFilter@6aef7872, org.springframework.security.web.servletapi.SecurityContextHolderAwareRequestFilter@47b42035, org.springframework.security.web.authentication.AnonymousAuthenticationFilter@e0b04c8, org.springframework.security.web.access.ExceptionTranslationFilter@522feb39, org.springframework.security.web.access.intercept.AuthorizationFilter@2cad6bf5]
[2024-03-06 11:16:14.700]  INFO 21252 --- [  restartedMain] o.s.b.d.a.OptionalLiveReloadServer       : LiveReload server is running on port 35729
[2024-03-06 11:16:14.708]  INFO 21252 --- [  restartedMain] o.a.c.h.Http11NioProtocol                : Starting ProtocolHandler ["http-nio-8080"]
[2024-03-06 11:16:14.711]  INFO 21252 --- [  restartedMain] o.s.b.w.e.t.TomcatWebServer              : Tomcat started on port 8080 (http) with context path ''
[2024-03-06 11:16:14.714]  INFO 21252 --- [  restartedMain] c.s.g.GalleryApplication                 : Started GalleryApplication in 0.551 seconds (process running for 456.016)
[2024-03-06 11:16:14.715]  INFO 21252 --- [  restartedMain] .ConditionEvaluationDeltaLoggingListener : Condition evaluation unchanged
