[2024-03-05 16:50:04.909]  INFO 7532 --- [  restartedMain] c.s.g.GalleryApplication                 : Starting GalleryApplication using Java 17.0.9 with PID 7532 (D:\Project\S10P22A101\backend\build\classes\java\main started by SSAFY in D:\Project\S10P22A101\backend)
[2024-03-05 16:50:04.917]  INFO 7532 --- [  restartedMain] c.s.g.GalleryApplication                 : No active profile set, falling back to 1 default profile: "default"
[2024-03-05 16:50:04.941]  INFO 7532 --- [  restartedMain] .e.DevToolsPropertyDefaultsPostProcessor : Devtools property defaults active! Set 'spring.devtools.add-properties' to 'false' to disable
[2024-03-05 16:50:04.941]  INFO 7532 --- [  restartedMain] .e.DevToolsPropertyDefaultsPostProcessor : For additional web related logging consider setting the 'logging.level.web' property to 'DEBUG'
[2024-03-05 16:50:05.428]  INFO 7532 --- [  restartedMain] .s.d.r.c.RepositoryConfigurationDelegate : Bootstrapping Spring Data JPA repositories in DEFAULT mode.
[2024-03-05 16:50:05.440]  INFO 7532 --- [  restartedMain] .s.d.r.c.RepositoryConfigurationDelegate : Finished Spring Data repository scanning in 8 ms. Found 0 JPA repository interfaces.
[2024-03-05 16:50:05.764]  INFO 7532 --- [  restartedMain] o.s.b.w.e.t.TomcatWebServer              : Tomcat initialized with port 8080 (http)
[2024-03-05 16:50:05.771]  INFO 7532 --- [  restartedMain] o.a.c.h.Http11NioProtocol                : Initializing ProtocolHandler ["http-nio-8080"]
[2024-03-05 16:50:05.772]  INFO 7532 --- [  restartedMain] o.a.c.c.StandardService                  : Starting service [Tomcat]
[2024-03-05 16:50:05.772]  INFO 7532 --- [  restartedMain] o.a.c.c.StandardEngine                   : Starting Servlet engine: [Apache Tomcat/10.1.19]
[2024-03-05 16:50:05.803]  INFO 7532 --- [  restartedMain] o.a.c.c.C.[.[.[/]                        : Initializing Spring embedded WebApplicationContext
[2024-03-05 16:50:05.804]  INFO 7532 --- [  restartedMain] w.s.c.ServletWebServerApplicationContext : Root WebApplicationContext: initialization completed in 861 ms
[2024-03-05 16:50:05.893]  INFO 7532 --- [  restartedMain] c.z.h.HikariDataSource                   : HikariPool-1 - Starting...
[2024-03-05 16:50:06.075]  INFO 7532 --- [  restartedMain] c.z.h.p.HikariPool                       : HikariPool-1 - Added connection com.mysql.cj.jdbc.ConnectionImpl@717cd7b8
[2024-03-05 16:50:06.076]  INFO 7532 --- [  restartedMain] c.z.h.HikariDataSource                   : HikariPool-1 - Start completed.
[2024-03-05 16:50:06.100]  INFO 7532 --- [  restartedMain] o.h.j.i.u.LogHelper                      : HHH000204: Processing PersistenceUnitInfo [name: default]
[2024-03-05 16:50:06.133]  INFO 7532 --- [  restartedMain] o.h.Version                              : HHH000412: Hibernate ORM core version 6.4.4.Final
[2024-03-05 16:50:06.153]  INFO 7532 --- [  restartedMain] o.h.c.i.RegionFactoryInitiator           : HHH000026: Second-level cache disabled
[2024-03-05 16:50:06.310]  INFO 7532 --- [  restartedMain] o.s.o.j.p.SpringPersistenceUnitInfo      : No LoadTimeWeaver setup: ignoring JPA class transformer
[2024-03-05 16:50:06.359]  WARN 7532 --- [  restartedMain] o.h.d.Dialect                            : HHH000511: The 5.7.0 version for [org.hibernate.dialect.MySQLDialect] is no longer supported, hence certain features may not work properly. The minimum supported version is 8.0.0. Check the community dialects project for available legacy versions.
[2024-03-05 16:50:06.554]  INFO 7532 --- [  restartedMain] o.h.e.t.j.p.i.JtaPlatformInitiator       : HHH000489: No JTA platform available (set 'hibernate.transaction.jta.platform' to enable JTA platform integration)
[2024-03-05 16:50:06.557]  INFO 7532 --- [  restartedMain] j.LocalContainerEntityManagerFactoryBean : Initialized JPA EntityManagerFactory for persistence unit 'default'
[2024-03-05 16:50:06.661]  WARN 7532 --- [  restartedMain] JpaBaseConfiguration$JpaWebConfiguration : spring.jpa.open-in-view is enabled by default. Therefore, database queries may be performed during view rendering. Explicitly configure spring.jpa.open-in-view to disable this warning
[2024-03-05 16:50:06.710]  INFO 7532 --- [  restartedMain] o.s.b.a.w.s.WelcomePageHandlerMapping    : Adding welcome page: class path resource [static/index.html]
[2024-03-05 16:50:06.838]  INFO 7532 --- [  restartedMain] o.s.s.w.DefaultSecurityFilterChain       : Will secure any request with [org.springframework.security.web.session.DisableEncodeUrlFilter@1d3f6514, org.springframework.security.web.context.request.async.WebAsyncManagerIntegrationFilter@36b2e37, org.springframework.security.web.context.SecurityContextHolderFilter@63275e49, org.springframework.security.web.header.HeaderWriterFilter@537931d3, org.springframework.security.oauth2.client.web.OAuth2AuthorizationRequestRedirectFilter@3bf5e815, org.springframework.security.oauth2.client.web.OAuth2LoginAuthenticationFilter@4b5ab206, org.springframework.security.web.authentication.ui.DefaultLoginPageGeneratingFilter@116d913, org.springframework.security.web.savedrequest.RequestCacheAwareFilter@5f16dd47, org.springframework.security.web.servletapi.SecurityContextHolderAwareRequestFilter@2780143d, org.springframework.security.web.authentication.AnonymousAuthenticationFilter@6643aec, org.springframework.security.web.access.ExceptionTranslationFilter@1578b735, org.springframework.security.web.access.intercept.AuthorizationFilter@7c0890fa]
[2024-03-05 16:50:07.009]  INFO 7532 --- [  restartedMain] o.s.b.d.a.OptionalLiveReloadServer       : LiveReload server is running on port 35729
[2024-03-05 16:50:07.021]  INFO 7532 --- [  restartedMain] o.a.c.h.Http11NioProtocol                : Starting ProtocolHandler ["http-nio-8080"]
[2024-03-05 16:50:07.032]  INFO 7532 --- [  restartedMain] o.s.b.w.e.t.TomcatWebServer              : Tomcat started on port 8080 (http) with context path ''
[2024-03-05 16:50:07.039]  INFO 7532 --- [  restartedMain] c.s.g.GalleryApplication                 : Started GalleryApplication in 2.352 seconds (process running for 2.906)
[2024-03-05 16:50:11.537]  INFO 7532 --- [nio-8080-exec-1] o.a.c.c.C.[.[.[/]                        : Initializing Spring DispatcherServlet 'dispatcherServlet'
[2024-03-05 16:50:11.537]  INFO 7532 --- [nio-8080-exec-1] o.s.w.s.DispatcherServlet                : Initializing Servlet 'dispatcherServlet'
[2024-03-05 16:50:11.538]  INFO 7532 --- [nio-8080-exec-1] o.s.w.s.DispatcherServlet                : Completed initialization in 1 ms
[2024-03-05 16:50:40.823]  INFO 7532 --- [   File Watcher] rtingClassPathChangeChangedEventListener : Restarting due to 3 class path changes (0 additions, 0 deletions, 3 modifications)
[2024-03-05 16:50:40.826]  INFO 7532 --- [       Thread-5] o.a.c.h.Http11NioProtocol                : Stopping ProtocolHandler ["http-nio-8080"]
[2024-03-05 16:50:40.838]  INFO 7532 --- [       Thread-5] j.LocalContainerEntityManagerFactoryBean : Closing JPA EntityManagerFactory for persistence unit 'default'
[2024-03-05 16:50:40.840]  INFO 7532 --- [       Thread-5] c.z.h.HikariDataSource                   : HikariPool-1 - Shutdown initiated...
[2024-03-05 16:50:40.844]  INFO 7532 --- [       Thread-5] c.z.h.HikariDataSource                   : HikariPool-1 - Shutdown completed.
[2024-03-05 16:50:40.918]  INFO 7532 --- [  restartedMain] c.s.g.GalleryApplication                 : Starting GalleryApplication using Java 17.0.9 with PID 7532 (D:\Project\S10P22A101\backend\build\classes\java\main started by SSAFY in D:\Project\S10P22A101\backend)
[2024-03-05 16:50:40.919]  INFO 7532 --- [  restartedMain] c.s.g.GalleryApplication                 : No active profile set, falling back to 1 default profile: "default"
[2024-03-05 16:50:41.053]  INFO 7532 --- [  restartedMain] .s.d.r.c.RepositoryConfigurationDelegate : Bootstrapping Spring Data JPA repositories in DEFAULT mode.
[2024-03-05 16:50:41.055]  INFO 7532 --- [  restartedMain] .s.d.r.c.RepositoryConfigurationDelegate : Finished Spring Data repository scanning in 1 ms. Found 0 JPA repository interfaces.
[2024-03-05 16:50:41.123]  INFO 7532 --- [  restartedMain] o.s.b.w.e.t.TomcatWebServer              : Tomcat initialized with port 8080 (http)
[2024-03-05 16:50:41.124]  INFO 7532 --- [  restartedMain] o.a.c.h.Http11NioProtocol                : Initializing ProtocolHandler ["http-nio-8080"]
[2024-03-05 16:50:41.124]  INFO 7532 --- [  restartedMain] o.a.c.c.StandardService                  : Starting service [Tomcat]
[2024-03-05 16:50:41.124]  INFO 7532 --- [  restartedMain] o.a.c.c.StandardEngine                   : Starting Servlet engine: [Apache Tomcat/10.1.19]
[2024-03-05 16:50:41.135]  INFO 7532 --- [  restartedMain] o.a.c.c.C.[.[.[/]                        : Initializing Spring embedded WebApplicationContext
[2024-03-05 16:50:41.135]  INFO 7532 --- [  restartedMain] w.s.c.ServletWebServerApplicationContext : Root WebApplicationContext: initialization completed in 215 ms
[2024-03-05 16:50:41.158]  INFO 7532 --- [  restartedMain] c.z.h.HikariDataSource                   : HikariPool-2 - Starting...
[2024-03-05 16:50:41.175]  INFO 7532 --- [  restartedMain] c.z.h.p.HikariPool                       : HikariPool-2 - Added connection com.mysql.cj.jdbc.ConnectionImpl@363ed085
[2024-03-05 16:50:41.175]  INFO 7532 --- [  restartedMain] c.z.h.HikariDataSource                   : HikariPool-2 - Start completed.
[2024-03-05 16:50:41.176]  INFO 7532 --- [  restartedMain] o.h.j.i.u.LogHelper                      : HHH000204: Processing PersistenceUnitInfo [name: default]
[2024-03-05 16:50:41.177]  INFO 7532 --- [  restartedMain] o.h.c.i.RegionFactoryInitiator           : HHH000026: Second-level cache disabled
[2024-03-05 16:50:41.180]  INFO 7532 --- [  restartedMain] o.s.o.j.p.SpringPersistenceUnitInfo      : No LoadTimeWeaver setup: ignoring JPA class transformer
[2024-03-05 16:50:41.181]  WARN 7532 --- [  restartedMain] o.h.d.Dialect                            : HHH000511: The 5.7.0 version for [org.hibernate.dialect.MySQLDialect] is no longer supported, hence certain features may not work properly. The minimum supported version is 8.0.0. Check the community dialects project for available legacy versions.
[2024-03-05 16:50:41.188]  INFO 7532 --- [  restartedMain] o.h.e.t.j.p.i.JtaPlatformInitiator       : HHH000489: No JTA platform available (set 'hibernate.transaction.jta.platform' to enable JTA platform integration)
[2024-03-05 16:50:41.189]  INFO 7532 --- [  restartedMain] j.LocalContainerEntityManagerFactoryBean : Initialized JPA EntityManagerFactory for persistence unit 'default'
[2024-03-05 16:50:41.218]  WARN 7532 --- [  restartedMain] JpaBaseConfiguration$JpaWebConfiguration : spring.jpa.open-in-view is enabled by default. Therefore, database queries may be performed during view rendering. Explicitly configure spring.jpa.open-in-view to disable this warning
[2024-03-05 16:50:41.226]  INFO 7532 --- [  restartedMain] o.s.b.a.w.s.WelcomePageHandlerMapping    : Adding welcome page: class path resource [static/index.html]
[2024-03-05 16:50:41.257]  INFO 7532 --- [  restartedMain] o.s.s.w.DefaultSecurityFilterChain       : Will secure any request with [org.springframework.security.web.session.DisableEncodeUrlFilter@476b1069, org.springframework.security.web.context.request.async.WebAsyncManagerIntegrationFilter@2305d56a, org.springframework.security.web.context.SecurityContextHolderFilter@2830ebf8, org.springframework.security.web.header.HeaderWriterFilter@1f5b9786, org.springframework.security.oauth2.client.web.OAuth2AuthorizationRequestRedirectFilter@6a0940f8, org.springframework.security.oauth2.client.web.OAuth2LoginAuthenticationFilter@195defa7, org.springframework.security.web.authentication.ui.DefaultLoginPageGeneratingFilter@29cb5d9b, org.springframework.security.web.savedrequest.RequestCacheAwareFilter@dae751c, org.springframework.security.web.servletapi.SecurityContextHolderAwareRequestFilter@6aef00e7, org.springframework.security.web.authentication.AnonymousAuthenticationFilter@32b5f72, org.springframework.security.web.access.ExceptionTranslationFilter@5636220c, org.springframework.security.web.access.intercept.AuthorizationFilter@78738f29]
[2024-03-05 16:50:41.306]  INFO 7532 --- [  restartedMain] o.s.b.d.a.OptionalLiveReloadServer       : LiveReload server is running on port 35729
[2024-03-05 16:50:41.312]  INFO 7532 --- [  restartedMain] o.a.c.h.Http11NioProtocol                : Starting ProtocolHandler ["http-nio-8080"]
[2024-03-05 16:50:41.315]  INFO 7532 --- [  restartedMain] o.s.b.w.e.t.TomcatWebServer              : Tomcat started on port 8080 (http) with context path ''
[2024-03-05 16:50:41.318]  INFO 7532 --- [  restartedMain] c.s.g.GalleryApplication                 : Started GalleryApplication in 0.431 seconds (process running for 37.185)
[2024-03-05 16:50:41.320]  INFO 7532 --- [  restartedMain] .ConditionEvaluationDeltaLoggingListener : Condition evaluation unchanged
