[2024-03-06 13:14:25.300]  INFO 24912 --- [   File Watcher] rtingClassPathChangeChangedEventListener : Restarting due to 1 class path change (0 additions, 0 deletions, 1 modification)
[2024-03-06 13:14:25.303]  INFO 24912 --- [      Thread-19] o.a.c.h.Http11NioProtocol                : Stopping ProtocolHandler ["http-nio-8080"]
[2024-03-06 13:14:25.322]  INFO 24912 --- [      Thread-19] j.LocalContainerEntityManagerFactoryBean : Closing JPA EntityManagerFactory for persistence unit 'default'
[2024-03-06 13:14:25.322]  INFO 24912 --- [      Thread-19] c.z.h.HikariDataSource                   : HikariPool-5 - Shutdown initiated...
[2024-03-06 13:14:25.325]  INFO 24912 --- [      Thread-19] c.z.h.HikariDataSource                   : HikariPool-5 - Shutdown completed.
[2024-03-06 13:14:25.401]  INFO 24912 --- [  restartedMain] c.s.g.GalleryApplication                 : Starting GalleryApplication using Java 17.0.9 with PID 24912 (C:\Users\SSAFY\Desktop\PJT2\backend\build\classes\java\main started by SSAFY in C:\Users\SSAFY\Desktop\PJT2\backend)
[2024-03-06 13:14:25.401]  INFO 24912 --- [  restartedMain] c.s.g.GalleryApplication                 : No active profile set, falling back to 1 default profile: "default"
[2024-03-06 13:14:25.539]  INFO 24912 --- [  restartedMain] .s.d.r.c.RepositoryConfigurationDelegate : Bootstrapping Spring Data JPA repositories in DEFAULT mode.
[2024-03-06 13:14:25.548]  INFO 24912 --- [  restartedMain] .s.d.r.c.RepositoryConfigurationDelegate : Finished Spring Data repository scanning in 8 ms. Found 1 JPA repository interface.
[2024-03-06 13:14:25.617]  INFO 24912 --- [  restartedMain] o.s.b.w.e.t.TomcatWebServer              : Tomcat initialized with port 8080 (http)
[2024-03-06 13:14:25.618]  INFO 24912 --- [  restartedMain] o.a.c.h.Http11NioProtocol                : Initializing ProtocolHandler ["http-nio-8080"]
[2024-03-06 13:14:25.618]  INFO 24912 --- [  restartedMain] o.a.c.c.StandardService                  : Starting service [Tomcat]
[2024-03-06 13:14:25.618]  INFO 24912 --- [  restartedMain] o.a.c.c.StandardEngine                   : Starting Servlet engine: [Apache Tomcat/10.1.19]
[2024-03-06 13:14:25.628]  INFO 24912 --- [  restartedMain] o.a.c.c.C.[.[.[/]                        : Initializing Spring embedded WebApplicationContext
[2024-03-06 13:14:25.628]  INFO 24912 --- [  restartedMain] w.s.c.ServletWebServerApplicationContext : Root WebApplicationContext: initialization completed in 226 ms
[2024-03-06 13:14:25.647]  INFO 24912 --- [  restartedMain] c.z.h.HikariDataSource                   : HikariPool-6 - Starting...
[2024-03-06 13:14:25.656]  INFO 24912 --- [  restartedMain] c.z.h.p.HikariPool                       : HikariPool-6 - Added connection com.mysql.cj.jdbc.ConnectionImpl@10aae13a
[2024-03-06 13:14:25.656]  INFO 24912 --- [  restartedMain] c.z.h.HikariDataSource                   : HikariPool-6 - Start completed.
[2024-03-06 13:14:25.657]  INFO 24912 --- [  restartedMain] o.h.j.i.u.LogHelper                      : HHH000204: Processing PersistenceUnitInfo [name: default]
[2024-03-06 13:14:25.659]  INFO 24912 --- [  restartedMain] o.h.c.i.RegionFactoryInitiator           : HHH000026: Second-level cache disabled
[2024-03-06 13:14:25.662]  INFO 24912 --- [  restartedMain] o.s.o.j.p.SpringPersistenceUnitInfo      : No LoadTimeWeaver setup: ignoring JPA class transformer
[2024-03-06 13:14:25.680]  INFO 24912 --- [  restartedMain] o.h.e.t.j.p.i.JtaPlatformInitiator       : HHH000489: No JTA platform available (set 'hibernate.transaction.jta.platform' to enable JTA platform integration)
[2024-03-06 13:14:25.680]  INFO 24912 --- [  restartedMain] j.LocalContainerEntityManagerFactoryBean : Initialized JPA EntityManagerFactory for persistence unit 'default'
[2024-03-06 13:14:25.741]  WARN 24912 --- [  restartedMain] JpaBaseConfiguration$JpaWebConfiguration : spring.jpa.open-in-view is enabled by default. Therefore, database queries may be performed during view rendering. Explicitly configure spring.jpa.open-in-view to disable this warning
[2024-03-06 13:14:25.749]  INFO 24912 --- [  restartedMain] o.s.b.a.w.s.WelcomePageHandlerMapping    : Adding welcome page: class path resource [static/index.html]
[2024-03-06 13:14:25.792]  INFO 24912 --- [  restartedMain] o.s.s.w.DefaultSecurityFilterChain       : Will secure any request with [org.springframework.security.web.session.DisableEncodeUrlFilter@10d1112e, org.springframework.security.web.context.request.async.WebAsyncManagerIntegrationFilter@2c2f49b3, org.springframework.security.web.context.SecurityContextHolderFilter@406ab741, org.springframework.security.web.header.HeaderWriterFilter@6e1c2af6, org.springframework.security.oauth2.client.web.OAuth2AuthorizationRequestRedirectFilter@5355a614, org.springframework.security.oauth2.client.web.OAuth2LoginAuthenticationFilter@1155b3eb, org.springframework.security.web.authentication.ui.DefaultLoginPageGeneratingFilter@136df0db, org.springframework.security.web.savedrequest.RequestCacheAwareFilter@71e1b344, org.springframework.security.web.servletapi.SecurityContextHolderAwareRequestFilter@1ca93222, org.springframework.security.web.authentication.AnonymousAuthenticationFilter@52b42f24, org.springframework.security.web.access.ExceptionTranslationFilter@58f6aa70, org.springframework.security.web.access.intercept.AuthorizationFilter@2fc2601f]
[2024-03-06 13:14:25.844]  INFO 24912 --- [  restartedMain] o.s.b.d.a.OptionalLiveReloadServer       : LiveReload server is running on port 35729
[2024-03-06 13:14:25.851]  INFO 24912 --- [  restartedMain] o.a.c.h.Http11NioProtocol                : Starting ProtocolHandler ["http-nio-8080"]
[2024-03-06 13:14:25.854]  INFO 24912 --- [  restartedMain] o.s.b.w.e.t.TomcatWebServer              : Tomcat started on port 8080 (http) with context path ''
[2024-03-06 13:14:25.857]  INFO 24912 --- [  restartedMain] c.s.g.GalleryApplication                 : Started GalleryApplication in 0.487 seconds (process running for 942.677)
[2024-03-06 13:14:25.858]  INFO 24912 --- [  restartedMain] .ConditionEvaluationDeltaLoggingListener : Condition evaluation unchanged
