[2024-03-06 14:35:54.017]  INFO 15444 --- [   File Watcher] rtingClassPathChangeChangedEventListener : Restarting due to 26 class path changes (22 additions, 0 deletions, 4 modifications)
[2024-03-06 14:35:54.023]  INFO 15444 --- [       Thread-5] o.a.c.h.Http11NioProtocol                : Stopping ProtocolHandler ["http-nio-8080"]
[2024-03-06 14:35:54.044]  INFO 15444 --- [       Thread-5] j.LocalContainerEntityManagerFactoryBean : Closing JPA EntityManagerFactory for persistence unit 'default'
[2024-03-06 14:35:54.047]  INFO 15444 --- [       Thread-5] c.z.h.HikariDataSource                   : HikariPool-1 - Shutdown initiated...
[2024-03-06 14:35:54.052]  INFO 15444 --- [       Thread-5] c.z.h.HikariDataSource                   : HikariPool-1 - Shutdown completed.
[2024-03-06 14:35:54.163]  INFO 15444 --- [  restartedMain] c.s.g.GalleryApplication                 : Starting GalleryApplication using Java 17.0.9 with PID 15444 (C:\Users\SSAFY\Desktop\PJT2\backend\build\classes\java\main started by SSAFY in C:\Users\SSAFY\Desktop\PJT2\backend)
[2024-03-06 14:35:54.164]  INFO 15444 --- [  restartedMain] c.s.g.GalleryApplication                 : No active profile set, falling back to 1 default profile: "default"
[2024-03-06 14:35:54.350]  INFO 15444 --- [  restartedMain] .s.d.r.c.RepositoryConfigurationDelegate : Bootstrapping Spring Data JPA repositories in DEFAULT mode.
[2024-03-06 14:35:54.361]  INFO 15444 --- [  restartedMain] .s.d.r.c.RepositoryConfigurationDelegate : Finished Spring Data repository scanning in 10 ms. Found 1 JPA repository interface.
[2024-03-06 14:35:54.433]  INFO 15444 --- [  restartedMain] o.s.b.w.e.t.TomcatWebServer              : Tomcat initialized with port 8080 (http)
[2024-03-06 14:35:54.433]  INFO 15444 --- [  restartedMain] o.a.c.h.Http11NioProtocol                : Initializing ProtocolHandler ["http-nio-8080"]
[2024-03-06 14:35:54.434]  INFO 15444 --- [  restartedMain] o.a.c.c.StandardService                  : Starting service [Tomcat]
[2024-03-06 14:35:54.434]  INFO 15444 --- [  restartedMain] o.a.c.c.StandardEngine                   : Starting Servlet engine: [Apache Tomcat/10.1.19]
[2024-03-06 14:35:54.446]  INFO 15444 --- [  restartedMain] o.a.c.c.C.[.[.[/]                        : Initializing Spring embedded WebApplicationContext
[2024-03-06 14:35:54.446]  INFO 15444 --- [  restartedMain] w.s.c.ServletWebServerApplicationContext : Root WebApplicationContext: initialization completed in 281 ms
[2024-03-06 14:35:54.468]  INFO 15444 --- [  restartedMain] c.z.h.HikariDataSource                   : HikariPool-2 - Starting...
[2024-03-06 14:35:54.477]  INFO 15444 --- [  restartedMain] c.z.h.p.HikariPool                       : HikariPool-2 - Added connection com.mysql.cj.jdbc.ConnectionImpl@421f32fa
[2024-03-06 14:35:54.477]  INFO 15444 --- [  restartedMain] c.z.h.HikariDataSource                   : HikariPool-2 - Start completed.
[2024-03-06 14:35:54.478]  INFO 15444 --- [  restartedMain] o.h.j.i.u.LogHelper                      : HHH000204: Processing PersistenceUnitInfo [name: default]
[2024-03-06 14:35:54.481]  INFO 15444 --- [  restartedMain] o.h.c.i.RegionFactoryInitiator           : HHH000026: Second-level cache disabled
[2024-03-06 14:35:54.484]  INFO 15444 --- [  restartedMain] o.s.o.j.p.SpringPersistenceUnitInfo      : No LoadTimeWeaver setup: ignoring JPA class transformer
[2024-03-06 14:35:54.508]  INFO 15444 --- [  restartedMain] o.h.e.t.j.p.i.JtaPlatformInitiator       : HHH000489: No JTA platform available (set 'hibernate.transaction.jta.platform' to enable JTA platform integration)
[2024-03-06 14:35:54.508]  INFO 15444 --- [  restartedMain] j.LocalContainerEntityManagerFactoryBean : Initialized JPA EntityManagerFactory for persistence unit 'default'
[2024-03-06 14:35:54.572]  WARN 15444 --- [  restartedMain] JpaBaseConfiguration$JpaWebConfiguration : spring.jpa.open-in-view is enabled by default. Therefore, database queries may be performed during view rendering. Explicitly configure spring.jpa.open-in-view to disable this warning
[2024-03-06 14:35:54.582]  INFO 15444 --- [  restartedMain] o.s.b.a.w.s.WelcomePageHandlerMapping    : Adding welcome page: class path resource [static/index.html]
[2024-03-06 14:35:54.628]  INFO 15444 --- [  restartedMain] o.s.s.w.DefaultSecurityFilterChain       : Will secure any request with [org.springframework.security.web.session.DisableEncodeUrlFilter@4651e72f, org.springframework.security.web.context.request.async.WebAsyncManagerIntegrationFilter@e05468, org.springframework.security.web.context.SecurityContextHolderFilter@247fec7c, org.springframework.security.web.header.HeaderWriterFilter@7b121dcd, org.springframework.security.oauth2.client.web.OAuth2AuthorizationRequestRedirectFilter@25de1912, org.springframework.security.oauth2.client.web.OAuth2LoginAuthenticationFilter@1f9f816b, org.springframework.security.web.authentication.ui.DefaultLoginPageGeneratingFilter@28825f35, org.springframework.security.web.savedrequest.RequestCacheAwareFilter@1615a743, org.springframework.security.web.servletapi.SecurityContextHolderAwareRequestFilter@4395ceff, org.springframework.security.web.authentication.AnonymousAuthenticationFilter@55a3dbef, org.springframework.security.web.access.ExceptionTranslationFilter@6ca73e40, org.springframework.security.web.access.intercept.AuthorizationFilter@4851d4d1]
[2024-03-06 14:35:54.673]  INFO 15444 --- [  restartedMain] o.s.b.d.a.OptionalLiveReloadServer       : LiveReload server is running on port 35729
[2024-03-06 14:35:54.681]  INFO 15444 --- [  restartedMain] o.a.c.h.Http11NioProtocol                : Starting ProtocolHandler ["http-nio-8080"]
[2024-03-06 14:35:54.683]  INFO 15444 --- [  restartedMain] o.s.b.w.e.t.TomcatWebServer              : Tomcat started on port 8080 (http) with context path ''
[2024-03-06 14:35:54.687]  INFO 15444 --- [  restartedMain] c.s.g.GalleryApplication                 : Started GalleryApplication in 0.569 seconds (process running for 150.996)
[2024-03-06 14:35:54.689]  INFO 15444 --- [  restartedMain] .ConditionEvaluationDeltaLoggingListener : Condition evaluation unchanged
