[2024-03-06 12:54:21.786]  INFO 11316 --- [   File Watcher] rtingClassPathChangeChangedEventListener : Restarting due to 1 class path change (0 additions, 0 deletions, 1 modification)
[2024-03-06 12:54:21.790]  INFO 11316 --- [      Thread-11] o.a.c.h.Http11NioProtocol                : Stopping ProtocolHandler ["http-nio-8080"]
[2024-03-06 12:54:21.807]  INFO 11316 --- [      Thread-11] j.LocalContainerEntityManagerFactoryBean : Closing JPA EntityManagerFactory for persistence unit 'default'
[2024-03-06 12:54:21.808]  INFO 11316 --- [      Thread-11] c.z.h.HikariDataSource                   : HikariPool-3 - Shutdown initiated...
[2024-03-06 12:54:21.811]  INFO 11316 --- [      Thread-11] c.z.h.HikariDataSource                   : HikariPool-3 - Shutdown completed.
[2024-03-06 12:54:21.894]  INFO 11316 --- [  restartedMain] c.s.g.GalleryApplication                 : Starting GalleryApplication using Java 17.0.9 with PID 11316 (C:\Users\SSAFY\Desktop\PJT2\backend\build\classes\java\main started by SSAFY in C:\Users\SSAFY\Desktop\PJT2\backend)
[2024-03-06 12:54:21.895]  INFO 11316 --- [  restartedMain] c.s.g.GalleryApplication                 : No active profile set, falling back to 1 default profile: "default"
[2024-03-06 12:54:22.036]  INFO 11316 --- [  restartedMain] .s.d.r.c.RepositoryConfigurationDelegate : Bootstrapping Spring Data JPA repositories in DEFAULT mode.
[2024-03-06 12:54:22.042]  INFO 11316 --- [  restartedMain] .s.d.r.c.RepositoryConfigurationDelegate : Finished Spring Data repository scanning in 5 ms. Found 1 JPA repository interface.
[2024-03-06 12:54:22.104]  INFO 11316 --- [  restartedMain] o.s.b.w.e.t.TomcatWebServer              : Tomcat initialized with port 8080 (http)
[2024-03-06 12:54:22.105]  INFO 11316 --- [  restartedMain] o.a.c.h.Http11NioProtocol                : Initializing ProtocolHandler ["http-nio-8080"]
[2024-03-06 12:54:22.105]  INFO 11316 --- [  restartedMain] o.a.c.c.StandardService                  : Starting service [Tomcat]
[2024-03-06 12:54:22.105]  INFO 11316 --- [  restartedMain] o.a.c.c.StandardEngine                   : Starting Servlet engine: [Apache Tomcat/10.1.19]
[2024-03-06 12:54:22.115]  INFO 11316 --- [  restartedMain] o.a.c.c.C.[.[.[/]                        : Initializing Spring embedded WebApplicationContext
[2024-03-06 12:54:22.115]  INFO 11316 --- [  restartedMain] w.s.c.ServletWebServerApplicationContext : Root WebApplicationContext: initialization completed in 219 ms
[2024-03-06 12:54:22.137]  INFO 11316 --- [  restartedMain] c.z.h.HikariDataSource                   : HikariPool-4 - Starting...
[2024-03-06 12:54:22.146]  INFO 11316 --- [  restartedMain] c.z.h.p.HikariPool                       : HikariPool-4 - Added connection com.mysql.cj.jdbc.ConnectionImpl@59301a91
[2024-03-06 12:54:22.146]  INFO 11316 --- [  restartedMain] c.z.h.HikariDataSource                   : HikariPool-4 - Start completed.
[2024-03-06 12:54:22.147]  INFO 11316 --- [  restartedMain] o.h.j.i.u.LogHelper                      : HHH000204: Processing PersistenceUnitInfo [name: default]
[2024-03-06 12:54:22.149]  INFO 11316 --- [  restartedMain] o.h.c.i.RegionFactoryInitiator           : HHH000026: Second-level cache disabled
[2024-03-06 12:54:22.152]  INFO 11316 --- [  restartedMain] o.s.o.j.p.SpringPersistenceUnitInfo      : No LoadTimeWeaver setup: ignoring JPA class transformer
[2024-03-06 12:54:22.170]  INFO 11316 --- [  restartedMain] o.h.e.t.j.p.i.JtaPlatformInitiator       : HHH000489: No JTA platform available (set 'hibernate.transaction.jta.platform' to enable JTA platform integration)
[2024-03-06 12:54:22.170]  INFO 11316 --- [  restartedMain] j.LocalContainerEntityManagerFactoryBean : Initialized JPA EntityManagerFactory for persistence unit 'default'
[2024-03-06 12:54:22.223]  WARN 11316 --- [  restartedMain] JpaBaseConfiguration$JpaWebConfiguration : spring.jpa.open-in-view is enabled by default. Therefore, database queries may be performed during view rendering. Explicitly configure spring.jpa.open-in-view to disable this warning
[2024-03-06 12:54:22.230]  INFO 11316 --- [  restartedMain] o.s.b.a.w.s.WelcomePageHandlerMapping    : Adding welcome page: class path resource [static/index.html]
[2024-03-06 12:54:22.263]  INFO 11316 --- [  restartedMain] o.s.s.w.DefaultSecurityFilterChain       : Will secure any request with [org.springframework.security.web.session.DisableEncodeUrlFilter@21412d5a, org.springframework.security.web.context.request.async.WebAsyncManagerIntegrationFilter@77ed8391, org.springframework.security.web.context.SecurityContextHolderFilter@6c6a9a8, org.springframework.security.web.header.HeaderWriterFilter@2b1995b5, org.springframework.security.oauth2.client.web.OAuth2AuthorizationRequestRedirectFilter@51190b89, org.springframework.security.oauth2.client.web.OAuth2LoginAuthenticationFilter@733a4c4c, org.springframework.security.web.authentication.ui.DefaultLoginPageGeneratingFilter@2e41caa, org.springframework.security.web.savedrequest.RequestCacheAwareFilter@7a6876c1, org.springframework.security.web.servletapi.SecurityContextHolderAwareRequestFilter@65b78994, org.springframework.security.web.authentication.AnonymousAuthenticationFilter@6e318ba6, org.springframework.security.web.access.ExceptionTranslationFilter@30c5f0a8, org.springframework.security.web.access.intercept.AuthorizationFilter@8bbd823]
[2024-03-06 12:54:22.302]  INFO 11316 --- [  restartedMain] o.s.b.d.a.OptionalLiveReloadServer       : LiveReload server is running on port 35729
[2024-03-06 12:54:22.308]  INFO 11316 --- [  restartedMain] o.a.c.h.Http11NioProtocol                : Starting ProtocolHandler ["http-nio-8080"]
[2024-03-06 12:54:22.310]  INFO 11316 --- [  restartedMain] o.s.b.w.e.t.TomcatWebServer              : Tomcat started on port 8080 (http) with context path ''
[2024-03-06 12:54:22.313]  INFO 11316 --- [  restartedMain] c.s.g.GalleryApplication                 : Started GalleryApplication in 0.454 seconds (process running for 321.159)
[2024-03-06 12:54:22.314]  INFO 11316 --- [  restartedMain] .ConditionEvaluationDeltaLoggingListener : Condition evaluation unchanged
