[2024-03-06 12:38:10.422]  INFO 20012 --- [   File Watcher] rtingClassPathChangeChangedEventListener : Restarting due to 1 class path change (0 additions, 1 deletion, 0 modifications)
[2024-03-06 12:38:10.426]  INFO 20012 --- [      Thread-23] o.a.c.h.Http11NioProtocol                : Stopping ProtocolHandler ["http-nio-8080"]
[2024-03-06 12:38:10.444]  INFO 20012 --- [      Thread-23] j.LocalContainerEntityManagerFactoryBean : Closing JPA EntityManagerFactory for persistence unit 'default'
[2024-03-06 12:38:10.445]  INFO 20012 --- [      Thread-23] c.z.h.HikariDataSource                   : HikariPool-6 - Shutdown initiated...
[2024-03-06 12:38:10.449]  INFO 20012 --- [      Thread-23] c.z.h.HikariDataSource                   : HikariPool-6 - Shutdown completed.
[2024-03-06 12:38:10.539]  INFO 20012 --- [  restartedMain] c.s.g.GalleryApplication                 : Starting GalleryApplication using Java 17.0.9 with PID 20012 (C:\Users\SSAFY\Desktop\PJT2\backend\build\classes\java\main started by SSAFY in C:\Users\SSAFY\Desktop\PJT2\backend)
[2024-03-06 12:38:10.539]  INFO 20012 --- [  restartedMain] c.s.g.GalleryApplication                 : No active profile set, falling back to 1 default profile: "default"
[2024-03-06 12:38:10.672]  INFO 20012 --- [  restartedMain] .s.d.r.c.RepositoryConfigurationDelegate : Bootstrapping Spring Data JPA repositories in DEFAULT mode.
[2024-03-06 12:38:10.677]  INFO 20012 --- [  restartedMain] .s.d.r.c.RepositoryConfigurationDelegate : Finished Spring Data repository scanning in 5 ms. Found 1 JPA repository interface.
[2024-03-06 12:38:10.737]  INFO 20012 --- [  restartedMain] o.s.b.w.e.t.TomcatWebServer              : Tomcat initialized with port 8080 (http)
[2024-03-06 12:38:10.738]  INFO 20012 --- [  restartedMain] o.a.c.h.Http11NioProtocol                : Initializing ProtocolHandler ["http-nio-8080"]
[2024-03-06 12:38:10.738]  INFO 20012 --- [  restartedMain] o.a.c.c.StandardService                  : Starting service [Tomcat]
[2024-03-06 12:38:10.738]  INFO 20012 --- [  restartedMain] o.a.c.c.StandardEngine                   : Starting Servlet engine: [Apache Tomcat/10.1.19]
[2024-03-06 12:38:10.749]  INFO 20012 --- [  restartedMain] o.a.c.c.C.[.[.[/]                        : Initializing Spring embedded WebApplicationContext
[2024-03-06 12:38:10.750]  INFO 20012 --- [  restartedMain] w.s.c.ServletWebServerApplicationContext : Root WebApplicationContext: initialization completed in 209 ms
[2024-03-06 12:38:10.774]  INFO 20012 --- [  restartedMain] c.z.h.HikariDataSource                   : HikariPool-7 - Starting...
[2024-03-06 12:38:10.782]  INFO 20012 --- [  restartedMain] c.z.h.p.HikariPool                       : HikariPool-7 - Added connection com.mysql.cj.jdbc.ConnectionImpl@36b4cf
[2024-03-06 12:38:10.782]  INFO 20012 --- [  restartedMain] c.z.h.HikariDataSource                   : HikariPool-7 - Start completed.
[2024-03-06 12:38:10.783]  INFO 20012 --- [  restartedMain] o.h.j.i.u.LogHelper                      : HHH000204: Processing PersistenceUnitInfo [name: default]
[2024-03-06 12:38:10.785]  INFO 20012 --- [  restartedMain] o.h.c.i.RegionFactoryInitiator           : HHH000026: Second-level cache disabled
[2024-03-06 12:38:10.789]  INFO 20012 --- [  restartedMain] o.s.o.j.p.SpringPersistenceUnitInfo      : No LoadTimeWeaver setup: ignoring JPA class transformer
[2024-03-06 12:38:10.807]  INFO 20012 --- [  restartedMain] o.h.e.t.j.p.i.JtaPlatformInitiator       : HHH000489: No JTA platform available (set 'hibernate.transaction.jta.platform' to enable JTA platform integration)
[2024-03-06 12:38:10.808]  INFO 20012 --- [  restartedMain] j.LocalContainerEntityManagerFactoryBean : Initialized JPA EntityManagerFactory for persistence unit 'default'
[2024-03-06 12:38:10.875]  WARN 20012 --- [  restartedMain] JpaBaseConfiguration$JpaWebConfiguration : spring.jpa.open-in-view is enabled by default. Therefore, database queries may be performed during view rendering. Explicitly configure spring.jpa.open-in-view to disable this warning
[2024-03-06 12:38:10.883]  INFO 20012 --- [  restartedMain] o.s.b.a.w.s.WelcomePageHandlerMapping    : Adding welcome page: class path resource [static/index.html]
[2024-03-06 12:38:10.931]  INFO 20012 --- [  restartedMain] o.s.s.w.DefaultSecurityFilterChain       : Will secure any request with [org.springframework.security.web.session.DisableEncodeUrlFilter@a007d8d, org.springframework.security.web.context.request.async.WebAsyncManagerIntegrationFilter@36734e20, org.springframework.security.web.context.SecurityContextHolderFilter@2e516eb3, org.springframework.security.web.header.HeaderWriterFilter@4a5d1db4, org.springframework.security.oauth2.client.web.OAuth2AuthorizationRequestRedirectFilter@2175da8e, org.springframework.security.oauth2.client.web.OAuth2LoginAuthenticationFilter@3180bcf2, org.springframework.security.web.authentication.ui.DefaultLoginPageGeneratingFilter@4d1bbfc5, org.springframework.security.web.savedrequest.RequestCacheAwareFilter@45c5c272, org.springframework.security.web.servletapi.SecurityContextHolderAwareRequestFilter@6f09bf2d, org.springframework.security.web.authentication.AnonymousAuthenticationFilter@39dd43ca, org.springframework.security.web.access.ExceptionTranslationFilter@437d3374, org.springframework.security.web.access.intercept.AuthorizationFilter@3a7ed00]
[2024-03-06 12:38:10.987]  INFO 20012 --- [  restartedMain] o.s.b.d.a.OptionalLiveReloadServer       : LiveReload server is running on port 35729
[2024-03-06 12:38:10.993]  INFO 20012 --- [  restartedMain] o.a.c.h.Http11NioProtocol                : Starting ProtocolHandler ["http-nio-8080"]
[2024-03-06 12:38:10.995]  INFO 20012 --- [  restartedMain] o.s.b.w.e.t.TomcatWebServer              : Tomcat started on port 8080 (http) with context path ''
[2024-03-06 12:38:10.998]  INFO 20012 --- [  restartedMain] c.s.g.GalleryApplication                 : Started GalleryApplication in 0.486 seconds (process running for 4794.49)
[2024-03-06 12:38:10.999]  INFO 20012 --- [  restartedMain] .ConditionEvaluationDeltaLoggingListener : Condition evaluation unchanged
[2024-03-06 12:38:12.413]  INFO 20012 --- [   File Watcher] rtingClassPathChangeChangedEventListener : Restarting due to 2 class path changes (2 additions, 0 deletions, 0 modifications)
[2024-03-06 12:38:12.414]  INFO 20012 --- [      Thread-27] o.a.c.h.Http11NioProtocol                : Stopping ProtocolHandler ["http-nio-8080"]
[2024-03-06 12:38:12.431]  INFO 20012 --- [      Thread-27] j.LocalContainerEntityManagerFactoryBean : Closing JPA EntityManagerFactory for persistence unit 'default'
[2024-03-06 12:38:12.432]  INFO 20012 --- [      Thread-27] c.z.h.HikariDataSource                   : HikariPool-7 - Shutdown initiated...
[2024-03-06 12:38:12.435]  INFO 20012 --- [      Thread-27] c.z.h.HikariDataSource                   : HikariPool-7 - Shutdown completed.
[2024-03-06 12:38:12.498]  INFO 20012 --- [  restartedMain] c.s.g.GalleryApplication                 : Starting GalleryApplication using Java 17.0.9 with PID 20012 (C:\Users\SSAFY\Desktop\PJT2\backend\build\classes\java\main started by SSAFY in C:\Users\SSAFY\Desktop\PJT2\backend)
[2024-03-06 12:38:12.498]  INFO 20012 --- [  restartedMain] c.s.g.GalleryApplication                 : No active profile set, falling back to 1 default profile: "default"
[2024-03-06 12:38:12.656]  INFO 20012 --- [  restartedMain] .s.d.r.c.RepositoryConfigurationDelegate : Bootstrapping Spring Data JPA repositories in DEFAULT mode.
[2024-03-06 12:38:12.662]  INFO 20012 --- [  restartedMain] .s.d.r.c.RepositoryConfigurationDelegate : Finished Spring Data repository scanning in 5 ms. Found 1 JPA repository interface.
[2024-03-06 12:38:12.723]  INFO 20012 --- [  restartedMain] o.s.b.w.e.t.TomcatWebServer              : Tomcat initialized with port 8080 (http)
[2024-03-06 12:38:12.724]  INFO 20012 --- [  restartedMain] o.a.c.h.Http11NioProtocol                : Initializing ProtocolHandler ["http-nio-8080"]
[2024-03-06 12:38:12.724]  INFO 20012 --- [  restartedMain] o.a.c.c.StandardService                  : Starting service [Tomcat]
[2024-03-06 12:38:12.724]  INFO 20012 --- [  restartedMain] o.a.c.c.StandardEngine                   : Starting Servlet engine: [Apache Tomcat/10.1.19]
[2024-03-06 12:38:12.734]  INFO 20012 --- [  restartedMain] o.a.c.c.C.[.[.[/]                        : Initializing Spring embedded WebApplicationContext
[2024-03-06 12:38:12.734]  INFO 20012 --- [  restartedMain] w.s.c.ServletWebServerApplicationContext : Root WebApplicationContext: initialization completed in 235 ms
[2024-03-06 12:38:12.753]  INFO 20012 --- [  restartedMain] c.z.h.HikariDataSource                   : HikariPool-8 - Starting...
[2024-03-06 12:38:12.762]  INFO 20012 --- [  restartedMain] c.z.h.p.HikariPool                       : HikariPool-8 - Added connection com.mysql.cj.jdbc.ConnectionImpl@138eb23b
[2024-03-06 12:38:12.762]  INFO 20012 --- [  restartedMain] c.z.h.HikariDataSource                   : HikariPool-8 - Start completed.
[2024-03-06 12:38:12.763]  INFO 20012 --- [  restartedMain] o.h.j.i.u.LogHelper                      : HHH000204: Processing PersistenceUnitInfo [name: default]
[2024-03-06 12:38:12.765]  INFO 20012 --- [  restartedMain] o.h.c.i.RegionFactoryInitiator           : HHH000026: Second-level cache disabled
[2024-03-06 12:38:12.767]  INFO 20012 --- [  restartedMain] o.s.o.j.p.SpringPersistenceUnitInfo      : No LoadTimeWeaver setup: ignoring JPA class transformer
[2024-03-06 12:38:12.784]  INFO 20012 --- [  restartedMain] o.h.e.t.j.p.i.JtaPlatformInitiator       : HHH000489: No JTA platform available (set 'hibernate.transaction.jta.platform' to enable JTA platform integration)
[2024-03-06 12:38:12.784]  INFO 20012 --- [  restartedMain] j.LocalContainerEntityManagerFactoryBean : Initialized JPA EntityManagerFactory for persistence unit 'default'
[2024-03-06 12:38:12.844]  WARN 20012 --- [  restartedMain] JpaBaseConfiguration$JpaWebConfiguration : spring.jpa.open-in-view is enabled by default. Therefore, database queries may be performed during view rendering. Explicitly configure spring.jpa.open-in-view to disable this warning
[2024-03-06 12:38:12.851]  INFO 20012 --- [  restartedMain] o.s.b.a.w.s.WelcomePageHandlerMapping    : Adding welcome page: class path resource [static/index.html]
[2024-03-06 12:38:12.884]  INFO 20012 --- [  restartedMain] o.s.s.w.DefaultSecurityFilterChain       : Will secure any request with [org.springframework.security.web.session.DisableEncodeUrlFilter@63c903b1, org.springframework.security.web.context.request.async.WebAsyncManagerIntegrationFilter@3e73ca86, org.springframework.security.web.context.SecurityContextHolderFilter@740e899d, org.springframework.security.web.header.HeaderWriterFilter@2887fd12, org.springframework.security.oauth2.client.web.OAuth2AuthorizationRequestRedirectFilter@72a6198e, org.springframework.security.oauth2.client.web.OAuth2LoginAuthenticationFilter@287ca08d, org.springframework.security.web.authentication.ui.DefaultLoginPageGeneratingFilter@233f27f0, org.springframework.security.web.savedrequest.RequestCacheAwareFilter@2a8edb7b, org.springframework.security.web.servletapi.SecurityContextHolderAwareRequestFilter@34472307, org.springframework.security.web.authentication.AnonymousAuthenticationFilter@7cdbceaf, org.springframework.security.web.access.ExceptionTranslationFilter@26471207, org.springframework.security.web.access.intercept.AuthorizationFilter@7ff4426c]
[2024-03-06 12:38:12.921]  INFO 20012 --- [  restartedMain] o.s.b.d.a.OptionalLiveReloadServer       : LiveReload server is running on port 35729
[2024-03-06 12:38:12.927]  INFO 20012 --- [  restartedMain] o.a.c.h.Http11NioProtocol                : Starting ProtocolHandler ["http-nio-8080"]
[2024-03-06 12:38:12.929]  INFO 20012 --- [  restartedMain] o.s.b.w.e.t.TomcatWebServer              : Tomcat started on port 8080 (http) with context path ''
[2024-03-06 12:38:12.933]  INFO 20012 --- [  restartedMain] c.s.g.GalleryApplication                 : Started GalleryApplication in 0.457 seconds (process running for 4796.424)
[2024-03-06 12:38:12.933]  INFO 20012 --- [  restartedMain] .ConditionEvaluationDeltaLoggingListener : Condition evaluation unchanged
