[2024-03-05 17:25:30.889]  INFO 14328 --- [ionShutdownHook] j.LocalContainerEntityManagerFactoryBean : Closing JPA EntityManagerFactory for persistence unit 'default'
[2024-03-05 17:25:30.892]  INFO 14328 --- [ionShutdownHook] c.z.h.HikariDataSource                   : HikariPool-6 - Shutdown initiated...
[2024-03-05 17:25:30.895]  INFO 14328 --- [ionShutdownHook] c.z.h.HikariDataSource                   : HikariPool-6 - Shutdown completed.
[2024-03-05 17:25:33.471]  INFO 16840 --- [  restartedMain] c.s.g.GalleryApplication                 : Starting GalleryApplication using Java 17.0.9 with PID 16840 (D:\Project\S10P22A101\backend\build\classes\java\main started by SSAFY in D:\Project\S10P22A101\backend)
[2024-03-05 17:25:33.475]  INFO 16840 --- [  restartedMain] c.s.g.GalleryApplication                 : No active profile set, falling back to 1 default profile: "default"
[2024-03-05 17:25:33.499]  INFO 16840 --- [  restartedMain] .e.DevToolsPropertyDefaultsPostProcessor : Devtools property defaults active! Set 'spring.devtools.add-properties' to 'false' to disable
[2024-03-05 17:25:33.499]  INFO 16840 --- [  restartedMain] .e.DevToolsPropertyDefaultsPostProcessor : For additional web related logging consider setting the 'logging.level.web' property to 'DEBUG'
[2024-03-05 17:25:34.006]  INFO 16840 --- [  restartedMain] .s.d.r.c.RepositoryConfigurationDelegate : Bootstrapping Spring Data JPA repositories in DEFAULT mode.
[2024-03-05 17:25:34.040]  INFO 16840 --- [  restartedMain] .s.d.r.c.RepositoryConfigurationDelegate : Finished Spring Data repository scanning in 29 ms. Found 1 JPA repository interface.
[2024-03-05 17:25:34.390]  INFO 16840 --- [  restartedMain] o.s.b.w.e.t.TomcatWebServer              : Tomcat initialized with port 8080 (http)
[2024-03-05 17:25:34.397]  INFO 16840 --- [  restartedMain] o.a.c.h.Http11NioProtocol                : Initializing ProtocolHandler ["http-nio-8080"]
[2024-03-05 17:25:34.399]  INFO 16840 --- [  restartedMain] o.a.c.c.StandardService                  : Starting service [Tomcat]
[2024-03-05 17:25:34.399]  INFO 16840 --- [  restartedMain] o.a.c.c.StandardEngine                   : Starting Servlet engine: [Apache Tomcat/10.1.19]
[2024-03-05 17:25:34.435]  INFO 16840 --- [  restartedMain] o.a.c.c.C.[.[.[/]                        : Initializing Spring embedded WebApplicationContext
[2024-03-05 17:25:34.435]  INFO 16840 --- [  restartedMain] w.s.c.ServletWebServerApplicationContext : Root WebApplicationContext: initialization completed in 936 ms
[2024-03-05 17:25:34.535]  INFO 16840 --- [  restartedMain] c.z.h.HikariDataSource                   : HikariPool-1 - Starting...
[2024-03-05 17:25:34.713]  INFO 16840 --- [  restartedMain] c.z.h.p.HikariPool                       : HikariPool-1 - Added connection com.mysql.cj.jdbc.ConnectionImpl@7f93d803
[2024-03-05 17:25:34.714]  INFO 16840 --- [  restartedMain] c.z.h.HikariDataSource                   : HikariPool-1 - Start completed.
[2024-03-05 17:25:34.739]  INFO 16840 --- [  restartedMain] o.h.j.i.u.LogHelper                      : HHH000204: Processing PersistenceUnitInfo [name: default]
[2024-03-05 17:25:34.774]  INFO 16840 --- [  restartedMain] o.h.Version                              : HHH000412: Hibernate ORM core version 6.4.4.Final
[2024-03-05 17:25:34.795]  INFO 16840 --- [  restartedMain] o.h.c.i.RegionFactoryInitiator           : HHH000026: Second-level cache disabled
[2024-03-05 17:25:34.956]  INFO 16840 --- [  restartedMain] o.s.o.j.p.SpringPersistenceUnitInfo      : No LoadTimeWeaver setup: ignoring JPA class transformer
[2024-03-05 17:25:35.004]  WARN 16840 --- [  restartedMain] o.h.d.Dialect                            : HHH000511: The 5.7.0 version for [org.hibernate.dialect.MySQLDialect] is no longer supported, hence certain features may not work properly. The minimum supported version is 8.0.0. Check the community dialects project for available legacy versions.
[2024-03-05 17:25:35.533]  INFO 16840 --- [  restartedMain] o.h.e.t.j.p.i.JtaPlatformInitiator       : HHH000489: No JTA platform available (set 'hibernate.transaction.jta.platform' to enable JTA platform integration)
[2024-03-05 17:25:35.535]  INFO 16840 --- [  restartedMain] j.LocalContainerEntityManagerFactoryBean : Initialized JPA EntityManagerFactory for persistence unit 'default'
[2024-03-05 17:25:35.877]  WARN 16840 --- [  restartedMain] JpaBaseConfiguration$JpaWebConfiguration : spring.jpa.open-in-view is enabled by default. Therefore, database queries may be performed during view rendering. Explicitly configure spring.jpa.open-in-view to disable this warning
[2024-03-05 17:25:35.933]  INFO 16840 --- [  restartedMain] o.s.b.a.w.s.WelcomePageHandlerMapping    : Adding welcome page: class path resource [static/index.html]
[2024-03-05 17:25:36.068]  INFO 16840 --- [  restartedMain] o.s.s.w.DefaultSecurityFilterChain       : Will secure any request with [org.springframework.security.web.session.DisableEncodeUrlFilter@3867fca3, org.springframework.security.web.context.request.async.WebAsyncManagerIntegrationFilter@4fc6913a, org.springframework.security.web.context.SecurityContextHolderFilter@48d0484d, org.springframework.security.web.header.HeaderWriterFilter@2a48ffd0, org.springframework.security.oauth2.client.web.OAuth2AuthorizationRequestRedirectFilter@34608463, org.springframework.security.oauth2.client.web.OAuth2LoginAuthenticationFilter@6cf374a9, org.springframework.security.web.authentication.ui.DefaultLoginPageGeneratingFilter@4b8aa966, org.springframework.security.web.savedrequest.RequestCacheAwareFilter@48995fe, org.springframework.security.web.servletapi.SecurityContextHolderAwareRequestFilter@3f7288a5, org.springframework.security.web.authentication.AnonymousAuthenticationFilter@162958ec, org.springframework.security.web.access.ExceptionTranslationFilter@367eacd0, org.springframework.security.web.access.intercept.AuthorizationFilter@3e3cac94]
[2024-03-05 17:25:36.229]  INFO 16840 --- [  restartedMain] o.s.b.d.a.OptionalLiveReloadServer       : LiveReload server is running on port 35729
[2024-03-05 17:25:36.242]  INFO 16840 --- [  restartedMain] o.a.c.h.Http11NioProtocol                : Starting ProtocolHandler ["http-nio-8080"]
[2024-03-05 17:25:36.255]  INFO 16840 --- [  restartedMain] o.s.b.w.e.t.TomcatWebServer              : Tomcat started on port 8080 (http) with context path ''
[2024-03-05 17:25:36.262]  INFO 16840 --- [  restartedMain] c.s.g.GalleryApplication                 : Started GalleryApplication in 3.012 seconds (process running for 3.578)
[2024-03-05 17:25:38.313]  INFO 16840 --- [nio-8080-exec-1] o.a.c.c.C.[.[.[/]                        : Initializing Spring DispatcherServlet 'dispatcherServlet'
[2024-03-05 17:25:38.313]  INFO 16840 --- [nio-8080-exec-1] o.s.w.s.DispatcherServlet                : Initializing Servlet 'dispatcherServlet'
[2024-03-05 17:25:38.314]  INFO 16840 --- [nio-8080-exec-1] o.s.w.s.DispatcherServlet                : Completed initialization in 1 ms
[2024-03-05 17:25:43.134]  INFO 16840 --- [nio-8080-exec-4] c.s.g.e.c.ExampleApiController           : 카카오 로그인 시도
