[2024-03-05 17:28:53.101]  INFO 16840 --- [   File Watcher] rtingClassPathChangeChangedEventListener : Restarting due to 3 class path changes (0 additions, 0 deletions, 3 modifications)
[2024-03-05 17:28:53.107]  INFO 16840 --- [       Thread-5] o.a.c.h.Http11NioProtocol                : Stopping ProtocolHandler ["http-nio-8080"]
[2024-03-05 17:28:53.119]  INFO 16840 --- [       Thread-5] j.LocalContainerEntityManagerFactoryBean : Closing JPA EntityManagerFactory for persistence unit 'default'
[2024-03-05 17:28:53.121]  INFO 16840 --- [       Thread-5] c.z.h.HikariDataSource                   : HikariPool-1 - Shutdown initiated...
[2024-03-05 17:28:53.126]  INFO 16840 --- [       Thread-5] c.z.h.HikariDataSource                   : HikariPool-1 - Shutdown completed.
[2024-03-05 17:28:53.191]  INFO 16840 --- [  restartedMain] c.s.g.GalleryApplication                 : Starting GalleryApplication using Java 17.0.9 with PID 16840 (D:\Project\S10P22A101\backend\build\classes\java\main started by SSAFY in D:\Project\S10P22A101\backend)
[2024-03-05 17:28:53.192]  INFO 16840 --- [  restartedMain] c.s.g.GalleryApplication                 : No active profile set, falling back to 1 default profile: "default"
[2024-03-05 17:28:53.347]  INFO 16840 --- [  restartedMain] .s.d.r.c.RepositoryConfigurationDelegate : Bootstrapping Spring Data JPA repositories in DEFAULT mode.
[2024-03-05 17:28:53.355]  INFO 16840 --- [  restartedMain] .s.d.r.c.RepositoryConfigurationDelegate : Finished Spring Data repository scanning in 7 ms. Found 1 JPA repository interface.
[2024-03-05 17:28:53.432]  INFO 16840 --- [  restartedMain] o.s.b.w.e.t.TomcatWebServer              : Tomcat initialized with port 8080 (http)
[2024-03-05 17:28:53.433]  INFO 16840 --- [  restartedMain] o.a.c.h.Http11NioProtocol                : Initializing ProtocolHandler ["http-nio-8080"]
[2024-03-05 17:28:53.433]  INFO 16840 --- [  restartedMain] o.a.c.c.StandardService                  : Starting service [Tomcat]
[2024-03-05 17:28:53.433]  INFO 16840 --- [  restartedMain] o.a.c.c.StandardEngine                   : Starting Servlet engine: [Apache Tomcat/10.1.19]
[2024-03-05 17:28:53.444]  INFO 16840 --- [  restartedMain] o.a.c.c.C.[.[.[/]                        : Initializing Spring embedded WebApplicationContext
[2024-03-05 17:28:53.444]  INFO 16840 --- [  restartedMain] w.s.c.ServletWebServerApplicationContext : Root WebApplicationContext: initialization completed in 251 ms
[2024-03-05 17:28:53.470]  INFO 16840 --- [  restartedMain] c.z.h.HikariDataSource                   : HikariPool-2 - Starting...
[2024-03-05 17:28:53.489]  INFO 16840 --- [  restartedMain] c.z.h.p.HikariPool                       : HikariPool-2 - Added connection com.mysql.cj.jdbc.ConnectionImpl@b0b5ad9
[2024-03-05 17:28:53.489]  INFO 16840 --- [  restartedMain] c.z.h.HikariDataSource                   : HikariPool-2 - Start completed.
[2024-03-05 17:28:53.490]  INFO 16840 --- [  restartedMain] o.h.j.i.u.LogHelper                      : HHH000204: Processing PersistenceUnitInfo [name: default]
[2024-03-05 17:28:53.492]  INFO 16840 --- [  restartedMain] o.h.c.i.RegionFactoryInitiator           : HHH000026: Second-level cache disabled
[2024-03-05 17:28:53.495]  INFO 16840 --- [  restartedMain] o.s.o.j.p.SpringPersistenceUnitInfo      : No LoadTimeWeaver setup: ignoring JPA class transformer
[2024-03-05 17:28:53.496]  WARN 16840 --- [  restartedMain] o.h.d.Dialect                            : HHH000511: The 5.7.0 version for [org.hibernate.dialect.MySQLDialect] is no longer supported, hence certain features may not work properly. The minimum supported version is 8.0.0. Check the community dialects project for available legacy versions.
[2024-03-05 17:28:53.516]  INFO 16840 --- [  restartedMain] o.h.e.t.j.p.i.JtaPlatformInitiator       : HHH000489: No JTA platform available (set 'hibernate.transaction.jta.platform' to enable JTA platform integration)
[2024-03-05 17:28:53.516]  INFO 16840 --- [  restartedMain] j.LocalContainerEntityManagerFactoryBean : Initialized JPA EntityManagerFactory for persistence unit 'default'
[2024-03-05 17:28:53.584]  WARN 16840 --- [  restartedMain] JpaBaseConfiguration$JpaWebConfiguration : spring.jpa.open-in-view is enabled by default. Therefore, database queries may be performed during view rendering. Explicitly configure spring.jpa.open-in-view to disable this warning
[2024-03-05 17:28:53.592]  INFO 16840 --- [  restartedMain] o.s.b.a.w.s.WelcomePageHandlerMapping    : Adding welcome page: class path resource [static/index.html]
[2024-03-05 17:28:53.638]  INFO 16840 --- [  restartedMain] o.s.s.w.DefaultSecurityFilterChain       : Will secure any request with [org.springframework.security.web.session.DisableEncodeUrlFilter@7380675e, org.springframework.security.web.context.request.async.WebAsyncManagerIntegrationFilter@3bc28a58, org.springframework.security.web.context.SecurityContextHolderFilter@792545c3, org.springframework.security.web.header.HeaderWriterFilter@25ebb7c3, org.springframework.security.oauth2.client.web.OAuth2AuthorizationRequestRedirectFilter@2d0216a6, org.springframework.security.oauth2.client.web.OAuth2LoginAuthenticationFilter@695c7af8, org.springframework.security.web.authentication.ui.DefaultLoginPageGeneratingFilter@271e59f0, org.springframework.security.web.savedrequest.RequestCacheAwareFilter@51c3efe9, org.springframework.security.web.servletapi.SecurityContextHolderAwareRequestFilter@5fb3a86a, org.springframework.security.web.authentication.AnonymousAuthenticationFilter@6481ca0, org.springframework.security.web.access.ExceptionTranslationFilter@3de66318, org.springframework.security.web.access.intercept.AuthorizationFilter@7886119f]
[2024-03-05 17:28:53.682]  INFO 16840 --- [  restartedMain] o.s.b.d.a.OptionalLiveReloadServer       : LiveReload server is running on port 35729
[2024-03-05 17:28:53.688]  INFO 16840 --- [  restartedMain] o.a.c.h.Http11NioProtocol                : Starting ProtocolHandler ["http-nio-8080"]
[2024-03-05 17:28:53.690]  INFO 16840 --- [  restartedMain] o.s.b.w.e.t.TomcatWebServer              : Tomcat started on port 8080 (http) with context path ''
[2024-03-05 17:28:53.694]  INFO 16840 --- [  restartedMain] c.s.g.GalleryApplication                 : Started GalleryApplication in 0.537 seconds (process running for 201.009)
[2024-03-05 17:28:53.695]  INFO 16840 --- [  restartedMain] .ConditionEvaluationDeltaLoggingListener : Condition evaluation unchanged
[2024-03-05 17:28:53.809]  INFO 16840 --- [nio-8080-exec-1] o.a.c.c.C.[.[.[/]                        : Initializing Spring DispatcherServlet 'dispatcherServlet'
[2024-03-05 17:28:53.809]  INFO 16840 --- [nio-8080-exec-1] o.s.w.s.DispatcherServlet                : Initializing Servlet 'dispatcherServlet'
[2024-03-05 17:28:53.810]  INFO 16840 --- [nio-8080-exec-1] o.s.w.s.DispatcherServlet                : Completed initialization in 1 ms
[2024-03-05 17:28:54.350]  INFO 16840 --- [nio-8080-exec-1] o.s.a.AbstractOpenApiResource            : Init duration for springdoc-openapi is: 162 ms
