[2024-03-05 17:16:33.876]  INFO 14328 --- [   File Watcher] rtingClassPathChangeChangedEventListener : Restarting due to 4 class path changes (0 additions, 0 deletions, 4 modifications)
[2024-03-05 17:16:33.878]  INFO 14328 --- [      Thread-19] o.a.c.h.Http11NioProtocol                : Stopping ProtocolHandler ["http-nio-8080"]
[2024-03-05 17:16:33.889]  INFO 14328 --- [      Thread-19] j.LocalContainerEntityManagerFactoryBean : Closing JPA EntityManagerFactory for persistence unit 'default'
[2024-03-05 17:16:33.889]  INFO 14328 --- [      Thread-19] c.z.h.HikariDataSource                   : HikariPool-5 - Shutdown initiated...
[2024-03-05 17:16:33.891]  INFO 14328 --- [      Thread-19] c.z.h.HikariDataSource                   : HikariPool-5 - Shutdown completed.
[2024-03-05 17:16:33.949]  INFO 14328 --- [  restartedMain] c.s.g.GalleryApplication                 : Starting GalleryApplication using Java 17.0.9 with PID 14328 (D:\Project\S10P22A101\backend\build\classes\java\main started by SSAFY in D:\Project\S10P22A101\backend)
[2024-03-05 17:16:33.950]  INFO 14328 --- [  restartedMain] c.s.g.GalleryApplication                 : No active profile set, falling back to 1 default profile: "default"
[2024-03-05 17:16:34.078]  INFO 14328 --- [  restartedMain] .s.d.r.c.RepositoryConfigurationDelegate : Bootstrapping Spring Data JPA repositories in DEFAULT mode.
[2024-03-05 17:16:34.080]  INFO 14328 --- [  restartedMain] .s.d.r.c.RepositoryConfigurationDelegate : Finished Spring Data repository scanning in 1 ms. Found 0 JPA repository interfaces.
[2024-03-05 17:16:34.140]  INFO 14328 --- [  restartedMain] o.s.b.w.e.t.TomcatWebServer              : Tomcat initialized with port 8080 (http)
[2024-03-05 17:16:34.141]  INFO 14328 --- [  restartedMain] o.a.c.h.Http11NioProtocol                : Initializing ProtocolHandler ["http-nio-8080"]
[2024-03-05 17:16:34.141]  INFO 14328 --- [  restartedMain] o.a.c.c.StandardService                  : Starting service [Tomcat]
[2024-03-05 17:16:34.141]  INFO 14328 --- [  restartedMain] o.a.c.c.StandardEngine                   : Starting Servlet engine: [Apache Tomcat/10.1.19]
[2024-03-05 17:16:34.152]  INFO 14328 --- [  restartedMain] o.a.c.c.C.[.[.[/]                        : Initializing Spring embedded WebApplicationContext
[2024-03-05 17:16:34.152]  INFO 14328 --- [  restartedMain] w.s.c.ServletWebServerApplicationContext : Root WebApplicationContext: initialization completed in 201 ms
[2024-03-05 17:16:34.173]  INFO 14328 --- [  restartedMain] c.z.h.HikariDataSource                   : HikariPool-6 - Starting...
[2024-03-05 17:16:34.189]  INFO 14328 --- [  restartedMain] c.z.h.p.HikariPool                       : HikariPool-6 - Added connection com.mysql.cj.jdbc.ConnectionImpl@61bc6855
[2024-03-05 17:16:34.189]  INFO 14328 --- [  restartedMain] c.z.h.HikariDataSource                   : HikariPool-6 - Start completed.
[2024-03-05 17:16:34.190]  INFO 14328 --- [  restartedMain] o.h.j.i.u.LogHelper                      : HHH000204: Processing PersistenceUnitInfo [name: default]
[2024-03-05 17:16:34.191]  INFO 14328 --- [  restartedMain] o.h.c.i.RegionFactoryInitiator           : HHH000026: Second-level cache disabled
[2024-03-05 17:16:34.194]  INFO 14328 --- [  restartedMain] o.s.o.j.p.SpringPersistenceUnitInfo      : No LoadTimeWeaver setup: ignoring JPA class transformer
[2024-03-05 17:16:34.195]  WARN 14328 --- [  restartedMain] o.h.d.Dialect                            : HHH000511: The 5.7.0 version for [org.hibernate.dialect.MySQLDialect] is no longer supported, hence certain features may not work properly. The minimum supported version is 8.0.0. Check the community dialects project for available legacy versions.
[2024-03-05 17:16:34.203]  INFO 14328 --- [  restartedMain] o.h.e.t.j.p.i.JtaPlatformInitiator       : HHH000489: No JTA platform available (set 'hibernate.transaction.jta.platform' to enable JTA platform integration)
[2024-03-05 17:16:34.203]  INFO 14328 --- [  restartedMain] j.LocalContainerEntityManagerFactoryBean : Initialized JPA EntityManagerFactory for persistence unit 'default'
[2024-03-05 17:16:34.232]  WARN 14328 --- [  restartedMain] JpaBaseConfiguration$JpaWebConfiguration : spring.jpa.open-in-view is enabled by default. Therefore, database queries may be performed during view rendering. Explicitly configure spring.jpa.open-in-view to disable this warning
[2024-03-05 17:16:34.239]  INFO 14328 --- [  restartedMain] o.s.b.a.w.s.WelcomePageHandlerMapping    : Adding welcome page: class path resource [static/index.html]
[2024-03-05 17:16:34.268]  INFO 14328 --- [  restartedMain] o.s.s.w.DefaultSecurityFilterChain       : Will secure any request with [org.springframework.security.web.session.DisableEncodeUrlFilter@3d811bc4, org.springframework.security.web.context.request.async.WebAsyncManagerIntegrationFilter@799e84bf, org.springframework.security.web.context.SecurityContextHolderFilter@24622fee, org.springframework.security.web.header.HeaderWriterFilter@2f9d9e83, org.springframework.security.oauth2.client.web.OAuth2AuthorizationRequestRedirectFilter@4ac12377, org.springframework.security.oauth2.client.web.OAuth2LoginAuthenticationFilter@6cc8a8c6, org.springframework.security.web.authentication.ui.DefaultLoginPageGeneratingFilter@a458d44, org.springframework.security.web.savedrequest.RequestCacheAwareFilter@75165f7f, org.springframework.security.web.servletapi.SecurityContextHolderAwareRequestFilter@49ef7b7c, org.springframework.security.web.authentication.AnonymousAuthenticationFilter@3a07ca60, org.springframework.security.web.access.ExceptionTranslationFilter@44bf0f5e, org.springframework.security.web.access.intercept.AuthorizationFilter@78479398]
[2024-03-05 17:16:34.311]  INFO 14328 --- [  restartedMain] o.s.b.d.a.OptionalLiveReloadServer       : LiveReload server is running on port 35729
[2024-03-05 17:16:34.318]  INFO 14328 --- [  restartedMain] o.a.c.h.Http11NioProtocol                : Starting ProtocolHandler ["http-nio-8080"]
[2024-03-05 17:16:34.320]  INFO 14328 --- [  restartedMain] o.s.b.w.e.t.TomcatWebServer              : Tomcat started on port 8080 (http) with context path ''
[2024-03-05 17:16:34.324]  INFO 14328 --- [  restartedMain] c.s.g.GalleryApplication                 : Started GalleryApplication in 0.401 seconds (process running for 378.194)
[2024-03-05 17:16:34.324]  INFO 14328 --- [  restartedMain] .ConditionEvaluationDeltaLoggingListener : Condition evaluation unchanged
