[2024-03-04 17:50:21.895]  INFO 5016 --- [  restartedMain] c.s.g.GalleryApplication                 :
            Starting GalleryApplication using Java 17.0.9 with PID 5016 (D:\Project\S10P22A101\backend\build\classes\java\main started by SSAFY in D:\Project\S10P22A101\backend)
[2024-03-04 17:50:21.904]  INFO 5016 --- [  restartedMain] c.s.g.GalleryApplication                 :
            No active profile set, falling back to 1 default profile: "default"
[2024-03-04 17:50:21.945]  INFO 5016 --- [  restartedMain] .e.DevToolsPropertyDefaultsPostProcessor :
            Devtools property defaults active! Set 'spring.devtools.add-properties' to 'false' to disable
[2024-03-04 17:50:21.945]  INFO 5016 --- [  restartedMain] .e.DevToolsPropertyDefaultsPostProcessor :
            For additional web related logging consider setting the 'logging.level.web' property to 'DEBUG'
[2024-03-04 17:50:22.755]  INFO 5016 --- [  restartedMain] .s.d.r.c.RepositoryConfigurationDelegate :
            Bootstrapping Spring Data JPA repositories in DEFAULT mode.
[2024-03-04 17:50:22.774]  INFO 5016 --- [  restartedMain] .s.d.r.c.RepositoryConfigurationDelegate :
            Finished Spring Data repository scanning in 11 ms. Found 0 JPA repository interfaces.
[2024-03-04 17:50:23.263]  INFO 5016 --- [  restartedMain] o.s.b.w.e.t.TomcatWebServer              :
            Tomcat initialized with port 8080 (http)
[2024-03-04 17:50:23.273]  INFO 5016 --- [  restartedMain] o.a.c.h.Http11NioProtocol                :
            Initializing ProtocolHandler ["http-nio-8080"]
[2024-03-04 17:50:23.274]  INFO 5016 --- [  restartedMain] o.a.c.c.StandardService                  :
            Starting service [Tomcat]
[2024-03-04 17:50:23.275]  INFO 5016 --- [  restartedMain] o.a.c.c.StandardEngine                   :
            Starting Servlet engine: [Apache Tomcat/10.1.19]
[2024-03-04 17:50:23.318]  INFO 5016 --- [  restartedMain] o.a.c.c.C.[.[.[/]                        :
            Initializing Spring embedded WebApplicationContext
[2024-03-04 17:50:23.318]  INFO 5016 --- [  restartedMain] w.s.c.ServletWebServerApplicationContext :
            Root WebApplicationContext: initialization completed in 1372 ms
[2024-03-04 17:50:23.429]  INFO 5016 --- [  restartedMain] c.z.h.HikariDataSource                   :
            HikariPool-1 - Starting...
[2024-03-04 17:50:23.696]  INFO 5016 --- [  restartedMain] c.z.h.p.HikariPool                       :
            HikariPool-1 - Added connection com.mysql.cj.jdbc.ConnectionImpl@62a09602
[2024-03-04 17:50:23.698]  INFO 5016 --- [  restartedMain] c.z.h.HikariDataSource                   :
            HikariPool-1 - Start completed.
[2024-03-04 17:50:23.732]  INFO 5016 --- [  restartedMain] o.h.j.i.u.LogHelper                      :
            HHH000204: Processing PersistenceUnitInfo [name: default]
[2024-03-04 17:50:23.778]  INFO 5016 --- [  restartedMain] o.h.Version                              :
            HHH000412: Hibernate ORM core version 6.4.4.Final
[2024-03-04 17:50:23.806]  INFO 5016 --- [  restartedMain] o.h.c.i.RegionFactoryInitiator           :
            HHH000026: Second-level cache disabled
[2024-03-04 17:50:24.021]  INFO 5016 --- [  restartedMain] o.s.o.j.p.SpringPersistenceUnitInfo      :
            No LoadTimeWeaver setup: ignoring JPA class transformer
[2024-03-04 17:50:24.081]  WARN 5016 --- [  restartedMain] o.h.d.Dialect                            :
            HHH000511: The 5.7.0 version for [org.hibernate.dialect.MySQLDialect] is no longer supported, hence certain features may not work properly. The minimum supported version is 8.0.0. Check the community dialects project for available legacy versions.
[2024-03-04 17:50:24.378]  INFO 5016 --- [  restartedMain] o.h.e.t.j.p.i.JtaPlatformInitiator       :
            HHH000489: No JTA platform available (set 'hibernate.transaction.jta.platform' to enable JTA platform integration)
[2024-03-04 17:50:24.382]  INFO 5016 --- [  restartedMain] j.LocalContainerEntityManagerFactoryBean :
            Initialized JPA EntityManagerFactory for persistence unit 'default'
[2024-03-04 17:50:24.486]  WARN 5016 --- [  restartedMain] JpaBaseConfiguration$JpaWebConfiguration :
            spring.jpa.open-in-view is enabled by default. Therefore, database queries may be performed during view rendering. Explicitly configure spring.jpa.open-in-view to disable this warning
[2024-03-04 17:50:24.504]  WARN 5016 --- [  restartedMain] .s.s.UserDetailsServiceAutoConfiguration :
            

Using generated security password: 46c69ae2-e7d4-4736-93ec-dee1c48d2c9b

This generated password is for development use only. Your security configuration must be updated before running your application in production.

[2024-03-04 17:50:24.731]  INFO 5016 --- [  restartedMain] o.s.s.w.DefaultSecurityFilterChain       :
            Will secure any request with [org.springframework.security.web.session.DisableEncodeUrlFilter@4b88cd61, org.springframework.security.web.context.request.async.WebAsyncManagerIntegrationFilter@68270a50, org.springframework.security.web.context.SecurityContextHolderFilter@266b829d, org.springframework.security.web.header.HeaderWriterFilter@501a8026, org.springframework.security.web.authentication.logout.LogoutFilter@20a17c86, org.springframework.security.web.savedrequest.RequestCacheAwareFilter@6a64c2fc, org.springframework.security.web.servletapi.SecurityContextHolderAwareRequestFilter@1f52e896, org.springframework.security.web.authentication.AnonymousAuthenticationFilter@72e445d7, org.springframework.security.web.access.ExceptionTranslationFilter@6acd9590, org.springframework.security.web.access.intercept.AuthorizationFilter@61184292]
[2024-03-04 17:50:24.968]  INFO 5016 --- [  restartedMain] o.s.b.d.a.OptionalLiveReloadServer       :
            LiveReload server is running on port 35729
[2024-03-04 17:50:24.985]  INFO 5016 --- [  restartedMain] o.a.c.h.Http11NioProtocol                :
            Starting ProtocolHandler ["http-nio-8080"]
[2024-03-04 17:50:25.000]  INFO 5016 --- [  restartedMain] o.s.b.w.e.t.TomcatWebServer              :
            Tomcat started on port 8080 (http) with context path ''
[2024-03-04 17:50:25.009]  INFO 5016 --- [  restartedMain] c.s.g.GalleryApplication                 :
            Started GalleryApplication in 3.475 seconds (process running for 4.398)
