[2024-03-06 16:17:16.646]  INFO 10964 --- [  restartedMain] c.s.g.GalleryApplication                 : Starting GalleryApplication using Java 17.0.9 with PID 10964 (C:\Users\SSAFY\Desktop\PJT2\backend\build\classes\java\main started by SSAFY in C:\Users\SSAFY\Desktop\PJT2\backend)
[2024-03-06 16:17:16.649]  INFO 10964 --- [  restartedMain] c.s.g.GalleryApplication                 : No active profile set, falling back to 1 default profile: "default"
[2024-03-06 16:17:16.836]  INFO 10964 --- [  restartedMain] .s.d.r.c.RepositoryConfigurationDelegate : Bootstrapping Spring Data JPA repositories in DEFAULT mode.
[2024-03-06 16:17:16.844]  INFO 10964 --- [  restartedMain] .s.d.r.c.RepositoryConfigurationDelegate : Finished Spring Data repository scanning in 7 ms. Found 1 JPA repository interface.
[2024-03-06 16:17:16.915]  INFO 10964 --- [  restartedMain] o.s.b.w.e.t.TomcatWebServer              : Tomcat initialized with port 8080 (http)
[2024-03-06 16:17:16.916]  INFO 10964 --- [  restartedMain] o.a.c.h.Http11NioProtocol                : Initializing ProtocolHandler ["http-nio-8080"]
[2024-03-06 16:17:16.916]  INFO 10964 --- [  restartedMain] o.a.c.c.StandardService                  : Starting service [Tomcat]
[2024-03-06 16:17:16.916]  INFO 10964 --- [  restartedMain] o.a.c.c.StandardEngine                   : Starting Servlet engine: [Apache Tomcat/10.1.19]
[2024-03-06 16:17:16.929]  INFO 10964 --- [  restartedMain] o.a.c.c.C.[.[.[/]                        : Initializing Spring embedded WebApplicationContext
[2024-03-06 16:17:16.929]  INFO 10964 --- [  restartedMain] w.s.c.ServletWebServerApplicationContext : Root WebApplicationContext: initialization completed in 279 ms
[2024-03-06 16:17:16.966]  INFO 10964 --- [  restartedMain] c.z.h.HikariDataSource                   : HikariPool-10 - Starting...
[2024-03-06 16:17:16.975]  INFO 10964 --- [  restartedMain] c.z.h.p.HikariPool                       : HikariPool-10 - Added connection com.mysql.cj.jdbc.ConnectionImpl@157697a7
[2024-03-06 16:17:16.975]  INFO 10964 --- [  restartedMain] c.z.h.HikariDataSource                   : HikariPool-10 - Start completed.
[2024-03-06 16:17:16.977]  INFO 10964 --- [  restartedMain] o.h.j.i.u.LogHelper                      : HHH000204: Processing PersistenceUnitInfo [name: default]
[2024-03-06 16:17:16.980]  INFO 10964 --- [  restartedMain] o.h.c.i.RegionFactoryInitiator           : HHH000026: Second-level cache disabled
[2024-03-06 16:17:16.983]  INFO 10964 --- [  restartedMain] o.s.o.j.p.SpringPersistenceUnitInfo      : No LoadTimeWeaver setup: ignoring JPA class transformer
[2024-03-06 16:17:17.001]  INFO 10964 --- [  restartedMain] o.h.e.t.j.p.i.JtaPlatformInitiator       : HHH000489: No JTA platform available (set 'hibernate.transaction.jta.platform' to enable JTA platform integration)
[2024-03-06 16:17:17.001]  INFO 10964 --- [  restartedMain] j.LocalContainerEntityManagerFactoryBean : Initialized JPA EntityManagerFactory for persistence unit 'default'
[2024-03-06 16:17:17.064]  WARN 10964 --- [  restartedMain] JpaBaseConfiguration$JpaWebConfiguration : spring.jpa.open-in-view is enabled by default. Therefore, database queries may be performed during view rendering. Explicitly configure spring.jpa.open-in-view to disable this warning
[2024-03-06 16:17:17.073]  INFO 10964 --- [  restartedMain] o.s.b.a.w.s.WelcomePageHandlerMapping    : Adding welcome page: class path resource [static/index.html]
[2024-03-06 16:17:17.115]  INFO 10964 --- [  restartedMain] o.s.s.w.DefaultSecurityFilterChain       : Will secure any request with [org.springframework.security.web.session.DisableEncodeUrlFilter@e381446, org.springframework.security.web.context.request.async.WebAsyncManagerIntegrationFilter@5dc8bea8, org.springframework.security.web.context.SecurityContextHolderFilter@5cdadd50, org.springframework.security.web.header.HeaderWriterFilter@1cdba37e, org.springframework.security.oauth2.client.web.OAuth2AuthorizationRequestRedirectFilter@573764c3, org.springframework.security.oauth2.client.web.OAuth2LoginAuthenticationFilter@eb204e0, org.springframework.security.web.authentication.ui.DefaultLoginPageGeneratingFilter@42baef3, org.springframework.security.web.savedrequest.RequestCacheAwareFilter@311f8c24, org.springframework.security.web.servletapi.SecurityContextHolderAwareRequestFilter@452a357b, org.springframework.security.web.authentication.AnonymousAuthenticationFilter@3135d8ae, org.springframework.security.web.access.ExceptionTranslationFilter@7b31fe12, org.springframework.security.web.access.intercept.AuthorizationFilter@43a20021]
[2024-03-06 16:17:17.141]  INFO 10964 --- [  restartedMain] g.s.a.GrpcServerFactoryAutoConfiguration : Detected grpc-netty-shaded: Creating ShadedNettyGrpcServerFactory
[2024-03-06 16:17:17.143]  WARN 10964 --- [  restartedMain] ConfigServletWebServerApplicationContext : Exception encountered during context initialization - cancelling refresh attempt: org.springframework.beans.factory.BeanCreationException: Error creating bean with name 'shadedNettyGrpcServerFactory' defined in class path resource [net/devh/boot/grpc/server/autoconfigure/GrpcServerFactoryAutoConfiguration.class]: Failed to instantiate [net.devh.boot.grpc.server.serverfactory.ShadedNettyGrpcServerFactory]: Factory method 'shadedNettyGrpcServerFactory' threw exception with message: Bean named 'grpcImageService' is expected to be of type 'io.grpc.BindableService' but was actually of type 'com.ssafy.gallery.image.service.grpcImageService'
[2024-03-06 16:17:17.143]  INFO 10964 --- [  restartedMain] j.LocalContainerEntityManagerFactoryBean : Closing JPA EntityManagerFactory for persistence unit 'default'
[2024-03-06 16:17:17.144]  INFO 10964 --- [  restartedMain] c.z.h.HikariDataSource                   : HikariPool-10 - Shutdown initiated...
[2024-03-06 16:17:17.146]  INFO 10964 --- [  restartedMain] c.z.h.HikariDataSource                   : HikariPool-10 - Shutdown completed.
[2024-03-06 16:17:17.146]  INFO 10964 --- [  restartedMain] o.a.c.c.StandardService                  : Stopping service [Tomcat]
[2024-03-06 16:17:17.151]  INFO 10964 --- [  restartedMain] .s.b.a.l.ConditionEvaluationReportLogger : 

Error starting ApplicationContext. To display the condition evaluation report re-run your application with 'debug' enabled.
[2024-03-06 16:17:17.153] ERROR 10964 --- [  restartedMain] o.s.b.SpringApplication                  : Application run failed

org.springframework.beans.factory.BeanCreationException: Error creating bean with name 'shadedNettyGrpcServerFactory' defined in class path resource [net/devh/boot/grpc/server/autoconfigure/GrpcServerFactoryAutoConfiguration.class]: Failed to instantiate [net.devh.boot.grpc.server.serverfactory.ShadedNettyGrpcServerFactory]: Factory method 'shadedNettyGrpcServerFactory' threw exception with message: Bean named 'grpcImageService' is expected to be of type 'io.grpc.BindableService' but was actually of type 'com.ssafy.gallery.image.service.grpcImageService'
	at org.springframework.beans.factory.support.ConstructorResolver.instantiate(ConstructorResolver.java:651) ~[spring-beans-6.1.4.jar:6.1.4]
	at org.springframework.beans.factory.support.ConstructorResolver.instantiateUsingFactoryMethod(ConstructorResolver.java:639) ~[spring-beans-6.1.4.jar:6.1.4]
	at org.springframework.beans.factory.support.AbstractAutowireCapableBeanFactory.instantiateUsingFactoryMethod(AbstractAutowireCapableBeanFactory.java:1335) ~[spring-beans-6.1.4.jar:6.1.4]
	at org.springframework.beans.factory.support.AbstractAutowireCapableBeanFactory.createBeanInstance(AbstractAutowireCapableBeanFactory.java:1165) ~[spring-beans-6.1.4.jar:6.1.4]
	at org.springframework.beans.factory.support.AbstractAutowireCapableBeanFactory.doCreateBean(AbstractAutowireCapableBeanFactory.java:562) ~[spring-beans-6.1.4.jar:6.1.4]
	at org.springframework.beans.factory.support.AbstractAutowireCapableBeanFactory.createBean(AbstractAutowireCapableBeanFactory.java:522) ~[spring-beans-6.1.4.jar:6.1.4]
	at org.springframework.beans.factory.support.AbstractBeanFactory.lambda$doGetBean$0(AbstractBeanFactory.java:325) ~[spring-beans-6.1.4.jar:6.1.4]
	at org.springframework.beans.factory.support.DefaultSingletonBeanRegistry.getSingleton(DefaultSingletonBeanRegistry.java:234) ~[spring-beans-6.1.4.jar:6.1.4]
	at org.springframework.beans.factory.support.AbstractBeanFactory.doGetBean(AbstractBeanFactory.java:323) ~[spring-beans-6.1.4.jar:6.1.4]
	at org.springframework.beans.factory.support.AbstractBeanFactory.getBean(AbstractBeanFactory.java:199) ~[spring-beans-6.1.4.jar:6.1.4]
	at org.springframework.beans.factory.support.DefaultListableBeanFactory.preInstantiateSingletons(DefaultListableBeanFactory.java:975) ~[spring-beans-6.1.4.jar:6.1.4]
	at org.springframework.context.support.AbstractApplicationContext.finishBeanFactoryInitialization(AbstractApplicationContext.java:959) ~[spring-context-6.1.4.jar:6.1.4]
	at org.springframework.context.support.AbstractApplicationContext.refresh(AbstractApplicationContext.java:624) ~[spring-context-6.1.4.jar:6.1.4]
	at org.springframework.boot.web.servlet.context.ServletWebServerApplicationContext.refresh(ServletWebServerApplicationContext.java:146) ~[spring-boot-3.2.3.jar:3.2.3]
	at org.springframework.boot.SpringApplication.refresh(SpringApplication.java:754) [spring-boot-3.2.3.jar:3.2.3]
	at org.springframework.boot.SpringApplication.refreshContext(SpringApplication.java:456) [spring-boot-3.2.3.jar:3.2.3]
	at org.springframework.boot.SpringApplication.run(SpringApplication.java:334) [spring-boot-3.2.3.jar:3.2.3]
	at org.springframework.boot.SpringApplication.run(SpringApplication.java:1354) [spring-boot-3.2.3.jar:3.2.3]
	at org.springframework.boot.SpringApplication.run(SpringApplication.java:1343) [spring-boot-3.2.3.jar:3.2.3]
	at com.ssafy.gallery.GalleryApplication.main(GalleryApplication.java:10) [main/:?]
	at java.base/jdk.internal.reflect.NativeMethodAccessorImpl.invoke0(Native Method) ~[?:?]
	at java.base/jdk.internal.reflect.NativeMethodAccessorImpl.invoke(NativeMethodAccessorImpl.java:77) ~[?:?]
	at java.base/jdk.internal.reflect.DelegatingMethodAccessorImpl.invoke(DelegatingMethodAccessorImpl.java:43) ~[?:?]
	at java.base/java.lang.reflect.Method.invoke(Method.java:568) ~[?:?]
	at org.springframework.boot.devtools.restart.RestartLauncher.run(RestartLauncher.java:50) [spring-boot-devtools-3.2.3.jar:3.2.3]
Caused by: org.springframework.beans.BeanInstantiationException: Failed to instantiate [net.devh.boot.grpc.server.serverfactory.ShadedNettyGrpcServerFactory]: Factory method 'shadedNettyGrpcServerFactory' threw exception with message: Bean named 'grpcImageService' is expected to be of type 'io.grpc.BindableService' but was actually of type 'com.ssafy.gallery.image.service.grpcImageService'
	at org.springframework.beans.factory.support.SimpleInstantiationStrategy.instantiate(SimpleInstantiationStrategy.java:177) ~[spring-beans-6.1.4.jar:6.1.4]
	at org.springframework.beans.factory.support.ConstructorResolver.instantiate(ConstructorResolver.java:647) ~[spring-beans-6.1.4.jar:6.1.4]
	... 24 more
Caused by: org.springframework.beans.factory.BeanNotOfRequiredTypeException: Bean named 'grpcImageService' is expected to be of type 'io.grpc.BindableService' but was actually of type 'com.ssafy.gallery.image.service.grpcImageService'
	at org.springframework.beans.factory.support.AbstractBeanFactory.adaptBeanInstance(AbstractBeanFactory.java:410) ~[spring-beans-6.1.4.jar:6.1.4]
	at org.springframework.beans.factory.support.AbstractBeanFactory.doGetBean(AbstractBeanFactory.java:391) ~[spring-beans-6.1.4.jar:6.1.4]
	at org.springframework.beans.factory.support.AbstractBeanFactory.getBean(AbstractBeanFactory.java:204) ~[spring-beans-6.1.4.jar:6.1.4]
	at org.springframework.context.support.AbstractApplicationContext.getBean(AbstractApplicationContext.java:1237) ~[spring-context-6.1.4.jar:6.1.4]
	at net.devh.boot.grpc.server.service.AnnotationGrpcServiceDiscoverer.findGrpcServices(AnnotationGrpcServiceDiscoverer.java:61) ~[grpc-server-spring-boot-autoconfigure-2.15.0.RELEASE.jar:2.15.0.RELEASE]
	at net.devh.boot.grpc.server.autoconfigure.GrpcServerFactoryAutoConfiguration.shadedNettyGrpcServerFactory(GrpcServerFactoryAutoConfiguration.java:76) ~[grpc-server-spring-boot-autoconfigure-2.15.0.RELEASE.jar:2.15.0.RELEASE]
	at java.base/jdk.internal.reflect.NativeMethodAccessorImpl.invoke0(Native Method) ~[?:?]
	at java.base/jdk.internal.reflect.NativeMethodAccessorImpl.invoke(NativeMethodAccessorImpl.java:77) ~[?:?]
	at java.base/jdk.internal.reflect.DelegatingMethodAccessorImpl.invoke(DelegatingMethodAccessorImpl.java:43) ~[?:?]
	at java.base/java.lang.reflect.Method.invoke(Method.java:568) ~[?:?]
	at org.springframework.beans.factory.support.SimpleInstantiationStrategy.instantiate(SimpleInstantiationStrategy.java:140) ~[spring-beans-6.1.4.jar:6.1.4]
	at org.springframework.beans.factory.support.ConstructorResolver.instantiate(ConstructorResolver.java:647) ~[spring-beans-6.1.4.jar:6.1.4]
	... 24 more

