[2024-03-05 17:38:35.558]  INFO 6136 --- [  restartedMain] c.s.g.GalleryApplication                 : Starting GalleryApplication using Java 17.0.9 with PID 6136 (D:\Project\S10P22A101\backend\build\classes\java\main started by SSAFY in D:\Project\S10P22A101\backend)
[2024-03-05 17:38:35.565]  INFO 6136 --- [  restartedMain] c.s.g.GalleryApplication                 : No active profile set, falling back to 1 default profile: "default"
[2024-03-05 17:38:35.588]  INFO 6136 --- [  restartedMain] .e.DevToolsPropertyDefaultsPostProcessor : Devtools property defaults active! Set 'spring.devtools.add-properties' to 'false' to disable
[2024-03-05 17:38:35.588]  INFO 6136 --- [  restartedMain] .e.DevToolsPropertyDefaultsPostProcessor : For additional web related logging consider setting the 'logging.level.web' property to 'DEBUG'
[2024-03-05 17:38:36.088]  INFO 6136 --- [  restartedMain] .s.d.r.c.RepositoryConfigurationDelegate : Bootstrapping Spring Data JPA repositories in DEFAULT mode.
[2024-03-05 17:38:36.120]  INFO 6136 --- [  restartedMain] .s.d.r.c.RepositoryConfigurationDelegate : Finished Spring Data repository scanning in 27 ms. Found 1 JPA repository interface.
[2024-03-05 17:38:36.449]  INFO 6136 --- [  restartedMain] o.s.b.w.e.t.TomcatWebServer              : Tomcat initialized with port 8080 (http)
[2024-03-05 17:38:36.457]  INFO 6136 --- [  restartedMain] o.a.c.h.Http11NioProtocol                : Initializing ProtocolHandler ["http-nio-8080"]
[2024-03-05 17:38:36.458]  INFO 6136 --- [  restartedMain] o.a.c.c.StandardService                  : Starting service [Tomcat]
[2024-03-05 17:38:36.458]  INFO 6136 --- [  restartedMain] o.a.c.c.StandardEngine                   : Starting Servlet engine: [Apache Tomcat/10.1.19]
[2024-03-05 17:38:36.492]  INFO 6136 --- [  restartedMain] o.a.c.c.C.[.[.[/]                        : Initializing Spring embedded WebApplicationContext
[2024-03-05 17:38:36.492]  INFO 6136 --- [  restartedMain] w.s.c.ServletWebServerApplicationContext : Root WebApplicationContext: initialization completed in 903 ms
[2024-03-05 17:38:36.587]  INFO 6136 --- [  restartedMain] c.z.h.HikariDataSource                   : HikariPool-1 - Starting...
[2024-03-05 17:38:36.777]  INFO 6136 --- [  restartedMain] c.z.h.p.HikariPool                       : HikariPool-1 - Added connection com.mysql.cj.jdbc.ConnectionImpl@185e2a5
[2024-03-05 17:38:36.778]  INFO 6136 --- [  restartedMain] c.z.h.HikariDataSource                   : HikariPool-1 - Start completed.
[2024-03-05 17:38:36.805]  INFO 6136 --- [  restartedMain] o.h.j.i.u.LogHelper                      : HHH000204: Processing PersistenceUnitInfo [name: default]
[2024-03-05 17:38:36.843]  INFO 6136 --- [  restartedMain] o.h.Version                              : HHH000412: Hibernate ORM core version 6.4.4.Final
[2024-03-05 17:38:36.867]  INFO 6136 --- [  restartedMain] o.h.c.i.RegionFactoryInitiator           : HHH000026: Second-level cache disabled
[2024-03-05 17:38:37.025]  INFO 6136 --- [  restartedMain] o.s.o.j.p.SpringPersistenceUnitInfo      : No LoadTimeWeaver setup: ignoring JPA class transformer
[2024-03-05 17:38:37.086]  WARN 6136 --- [  restartedMain] o.h.d.Dialect                            : HHH000511: The 5.7.0 version for [org.hibernate.dialect.MySQLDialect] is no longer supported, hence certain features may not work properly. The minimum supported version is 8.0.0. Check the community dialects project for available legacy versions.
[2024-03-05 17:38:37.570]  INFO 6136 --- [  restartedMain] o.h.e.t.j.p.i.JtaPlatformInitiator       : HHH000489: No JTA platform available (set 'hibernate.transaction.jta.platform' to enable JTA platform integration)
[2024-03-05 17:38:37.572]  INFO 6136 --- [  restartedMain] j.LocalContainerEntityManagerFactoryBean : Initialized JPA EntityManagerFactory for persistence unit 'default'
[2024-03-05 17:38:37.843]  WARN 6136 --- [  restartedMain] JpaBaseConfiguration$JpaWebConfiguration : spring.jpa.open-in-view is enabled by default. Therefore, database queries may be performed during view rendering. Explicitly configure spring.jpa.open-in-view to disable this warning
[2024-03-05 17:38:37.901]  INFO 6136 --- [  restartedMain] o.s.b.a.w.s.WelcomePageHandlerMapping    : Adding welcome page: class path resource [static/index.html]
[2024-03-05 17:38:38.020]  INFO 6136 --- [  restartedMain] o.s.s.w.DefaultSecurityFilterChain       : Will secure any request with [org.springframework.security.web.session.DisableEncodeUrlFilter@103da3b, org.springframework.security.web.context.request.async.WebAsyncManagerIntegrationFilter@65632ce, org.springframework.security.web.context.SecurityContextHolderFilter@6fed7aa0, org.springframework.security.web.header.HeaderWriterFilter@75aa2d26, org.springframework.security.oauth2.client.web.OAuth2AuthorizationRequestRedirectFilter@4fc6913a, org.springframework.security.oauth2.client.web.OAuth2LoginAuthenticationFilter@dc1527f, org.springframework.security.web.authentication.ui.DefaultLoginPageGeneratingFilter@5ed6373e, org.springframework.security.web.savedrequest.RequestCacheAwareFilter@3add291b, org.springframework.security.web.servletapi.SecurityContextHolderAwareRequestFilter@71cecb46, org.springframework.security.web.authentication.AnonymousAuthenticationFilter@5a920705, org.springframework.security.web.access.ExceptionTranslationFilter@48995fe, org.springframework.security.web.access.intercept.AuthorizationFilter@3915102b]
[2024-03-05 17:38:38.167]  INFO 6136 --- [  restartedMain] o.s.b.d.a.OptionalLiveReloadServer       : LiveReload server is running on port 35729
[2024-03-05 17:38:38.179]  INFO 6136 --- [  restartedMain] o.a.c.h.Http11NioProtocol                : Starting ProtocolHandler ["http-nio-8080"]
[2024-03-05 17:38:38.190]  INFO 6136 --- [  restartedMain] o.s.b.w.e.t.TomcatWebServer              : Tomcat started on port 8080 (http) with context path ''
[2024-03-05 17:38:38.197]  INFO 6136 --- [  restartedMain] c.s.g.GalleryApplication                 : Started GalleryApplication in 2.874 seconds (process running for 3.435)
[2024-03-05 17:38:40.171]  INFO 6136 --- [nio-8080-exec-1] o.a.c.c.C.[.[.[/]                        : Initializing Spring DispatcherServlet 'dispatcherServlet'
[2024-03-05 17:38:40.172]  INFO 6136 --- [nio-8080-exec-1] o.s.w.s.DispatcherServlet                : Initializing Servlet 'dispatcherServlet'
[2024-03-05 17:38:40.173]  INFO 6136 --- [nio-8080-exec-1] o.s.w.s.DispatcherServlet                : Completed initialization in 1 ms
[2024-03-05 17:38:46.798]  INFO 6136 --- [nio-8080-exec-8] c.s.g.e.c.ExampleApiController           : 카카오 로그인 시도
