[2024-03-05 17:35:28.884]  INFO 16840 --- [   File Watcher] rtingClassPathChangeChangedEventListener : Restarting due to 1 class path change (0 additions, 0 deletions, 1 modification)
[2024-03-05 17:35:28.887]  INFO 16840 --- [      Thread-15] o.a.c.h.Http11NioProtocol                : Stopping ProtocolHandler ["http-nio-8080"]
[2024-03-05 17:35:28.896]  INFO 16840 --- [      Thread-15] j.LocalContainerEntityManagerFactoryBean : Closing JPA EntityManagerFactory for persistence unit 'default'
[2024-03-05 17:35:28.897]  INFO 16840 --- [      Thread-15] c.z.h.HikariDataSource                   : HikariPool-4 - Shutdown initiated...
[2024-03-05 17:35:28.899]  INFO 16840 --- [      Thread-15] c.z.h.HikariDataSource                   : HikariPool-4 - Shutdown completed.
[2024-03-05 17:35:28.978]  INFO 16840 --- [  restartedMain] c.s.g.GalleryApplication                 : Starting GalleryApplication using Java 17.0.9 with PID 16840 (D:\Project\S10P22A101\backend\build\classes\java\main started by SSAFY in D:\Project\S10P22A101\backend)
[2024-03-05 17:35:28.978]  INFO 16840 --- [  restartedMain] c.s.g.GalleryApplication                 : No active profile set, falling back to 1 default profile: "default"
[2024-03-05 17:35:29.103]  INFO 16840 --- [  restartedMain] .s.d.r.c.RepositoryConfigurationDelegate : Bootstrapping Spring Data JPA repositories in DEFAULT mode.
[2024-03-05 17:35:29.109]  INFO 16840 --- [  restartedMain] .s.d.r.c.RepositoryConfigurationDelegate : Finished Spring Data repository scanning in 4 ms. Found 1 JPA repository interface.
[2024-03-05 17:35:29.178]  INFO 16840 --- [  restartedMain] o.s.b.w.e.t.TomcatWebServer              : Tomcat initialized with port 8080 (http)
[2024-03-05 17:35:29.179]  INFO 16840 --- [  restartedMain] o.a.c.h.Http11NioProtocol                : Initializing ProtocolHandler ["http-nio-8080"]
[2024-03-05 17:35:29.179]  INFO 16840 --- [  restartedMain] o.a.c.c.StandardService                  : Starting service [Tomcat]
[2024-03-05 17:35:29.179]  INFO 16840 --- [  restartedMain] o.a.c.c.StandardEngine                   : Starting Servlet engine: [Apache Tomcat/10.1.19]
[2024-03-05 17:35:29.193]  INFO 16840 --- [  restartedMain] o.a.c.c.C.[.[.[/]                        : Initializing Spring embedded WebApplicationContext
[2024-03-05 17:35:29.193]  INFO 16840 --- [  restartedMain] w.s.c.ServletWebServerApplicationContext : Root WebApplicationContext: initialization completed in 214 ms
[2024-03-05 17:35:29.214]  INFO 16840 --- [  restartedMain] c.z.h.HikariDataSource                   : HikariPool-5 - Starting...
[2024-03-05 17:35:29.231]  INFO 16840 --- [  restartedMain] c.z.h.p.HikariPool                       : HikariPool-5 - Added connection com.mysql.cj.jdbc.ConnectionImpl@5e2f09da
[2024-03-05 17:35:29.231]  INFO 16840 --- [  restartedMain] c.z.h.HikariDataSource                   : HikariPool-5 - Start completed.
[2024-03-05 17:35:29.232]  INFO 16840 --- [  restartedMain] o.h.j.i.u.LogHelper                      : HHH000204: Processing PersistenceUnitInfo [name: default]
[2024-03-05 17:35:29.234]  INFO 16840 --- [  restartedMain] o.h.c.i.RegionFactoryInitiator           : HHH000026: Second-level cache disabled
[2024-03-05 17:35:29.237]  INFO 16840 --- [  restartedMain] o.s.o.j.p.SpringPersistenceUnitInfo      : No LoadTimeWeaver setup: ignoring JPA class transformer
[2024-03-05 17:35:29.238]  WARN 16840 --- [  restartedMain] o.h.d.Dialect                            : HHH000511: The 5.7.0 version for [org.hibernate.dialect.MySQLDialect] is no longer supported, hence certain features may not work properly. The minimum supported version is 8.0.0. Check the community dialects project for available legacy versions.
[2024-03-05 17:35:29.254]  INFO 16840 --- [  restartedMain] o.h.e.t.j.p.i.JtaPlatformInitiator       : HHH000489: No JTA platform available (set 'hibernate.transaction.jta.platform' to enable JTA platform integration)
[2024-03-05 17:35:29.254]  INFO 16840 --- [  restartedMain] j.LocalContainerEntityManagerFactoryBean : Initialized JPA EntityManagerFactory for persistence unit 'default'
[2024-03-05 17:35:29.313]  WARN 16840 --- [  restartedMain] JpaBaseConfiguration$JpaWebConfiguration : spring.jpa.open-in-view is enabled by default. Therefore, database queries may be performed during view rendering. Explicitly configure spring.jpa.open-in-view to disable this warning
[2024-03-05 17:35:29.321]  INFO 16840 --- [  restartedMain] o.s.b.a.w.s.WelcomePageHandlerMapping    : Adding welcome page: class path resource [static/index.html]
[2024-03-05 17:35:29.362]  INFO 16840 --- [  restartedMain] o.s.s.w.DefaultSecurityFilterChain       : Will secure any request with [org.springframework.security.web.session.DisableEncodeUrlFilter@41879839, org.springframework.security.web.context.request.async.WebAsyncManagerIntegrationFilter@54271210, org.springframework.security.web.context.SecurityContextHolderFilter@3fd0e98f, org.springframework.security.web.header.HeaderWriterFilter@20ba4e34, org.springframework.security.oauth2.client.web.OAuth2AuthorizationRequestRedirectFilter@1358abd, org.springframework.security.oauth2.client.web.OAuth2LoginAuthenticationFilter@4b414a04, org.springframework.security.web.authentication.ui.DefaultLoginPageGeneratingFilter@1da9e8ca, org.springframework.security.web.savedrequest.RequestCacheAwareFilter@5fa80983, org.springframework.security.web.servletapi.SecurityContextHolderAwareRequestFilter@6f10d0f2, org.springframework.security.web.authentication.AnonymousAuthenticationFilter@79ea0a4b, org.springframework.security.web.access.ExceptionTranslationFilter@415e3ace, org.springframework.security.web.access.intercept.AuthorizationFilter@5308c7ae]
[2024-03-05 17:35:29.415]  INFO 16840 --- [  restartedMain] o.s.b.d.a.OptionalLiveReloadServer       : LiveReload server is running on port 35729
[2024-03-05 17:35:29.422]  INFO 16840 --- [  restartedMain] o.a.c.h.Http11NioProtocol                : Starting ProtocolHandler ["http-nio-8080"]
[2024-03-05 17:35:29.424]  INFO 16840 --- [  restartedMain] o.s.b.w.e.t.TomcatWebServer              : Tomcat started on port 8080 (http) with context path ''
[2024-03-05 17:35:29.428]  INFO 16840 --- [  restartedMain] c.s.g.GalleryApplication                 : Started GalleryApplication in 0.478 seconds (process running for 596.743)
[2024-03-05 17:35:29.428]  INFO 16840 --- [  restartedMain] .ConditionEvaluationDeltaLoggingListener : Condition evaluation unchanged
