[2024-03-05 17:04:24.479]  INFO 7532 --- [   File Watcher] rtingClassPathChangeChangedEventListener : Restarting due to 4 class path changes (0 additions, 0 deletions, 4 modifications)
[2024-03-05 17:04:24.482]  INFO 7532 --- [      Thread-19] o.a.c.h.Http11NioProtocol                : Stopping ProtocolHandler ["http-nio-8080"]
[2024-03-05 17:04:24.492]  INFO 7532 --- [      Thread-19] j.LocalContainerEntityManagerFactoryBean : Closing JPA EntityManagerFactory for persistence unit 'default'
[2024-03-05 17:04:24.493]  INFO 7532 --- [      Thread-19] c.z.h.HikariDataSource                   : HikariPool-5 - Shutdown initiated...
[2024-03-05 17:04:24.495]  INFO 7532 --- [      Thread-19] c.z.h.HikariDataSource                   : HikariPool-5 - Shutdown completed.
[2024-03-05 17:04:24.575]  INFO 7532 --- [  restartedMain] c.s.g.GalleryApplication                 : Starting GalleryApplication using Java 17.0.9 with PID 7532 (D:\Project\S10P22A101\backend\build\classes\java\main started by SSAFY in D:\Project\S10P22A101\backend)
[2024-03-05 17:04:24.575]  INFO 7532 --- [  restartedMain] c.s.g.GalleryApplication                 : No active profile set, falling back to 1 default profile: "default"
[2024-03-05 17:04:24.703]  INFO 7532 --- [  restartedMain] .s.d.r.c.RepositoryConfigurationDelegate : Bootstrapping Spring Data JPA repositories in DEFAULT mode.
[2024-03-05 17:04:24.705]  INFO 7532 --- [  restartedMain] .s.d.r.c.RepositoryConfigurationDelegate : Finished Spring Data repository scanning in 1 ms. Found 0 JPA repository interfaces.
[2024-03-05 17:04:24.761]  INFO 7532 --- [  restartedMain] o.s.b.w.e.t.TomcatWebServer              : Tomcat initialized with port 8080 (http)
[2024-03-05 17:04:24.762]  INFO 7532 --- [  restartedMain] o.a.c.h.Http11NioProtocol                : Initializing ProtocolHandler ["http-nio-8080"]
[2024-03-05 17:04:24.762]  INFO 7532 --- [  restartedMain] o.a.c.c.StandardService                  : Starting service [Tomcat]
[2024-03-05 17:04:24.762]  INFO 7532 --- [  restartedMain] o.a.c.c.StandardEngine                   : Starting Servlet engine: [Apache Tomcat/10.1.19]
[2024-03-05 17:04:24.772]  INFO 7532 --- [  restartedMain] o.a.c.c.C.[.[.[/]                        : Initializing Spring embedded WebApplicationContext
[2024-03-05 17:04:24.772]  INFO 7532 --- [  restartedMain] w.s.c.ServletWebServerApplicationContext : Root WebApplicationContext: initialization completed in 196 ms
[2024-03-05 17:04:24.794]  INFO 7532 --- [  restartedMain] c.z.h.HikariDataSource                   : HikariPool-6 - Starting...
[2024-03-05 17:04:24.810]  INFO 7532 --- [  restartedMain] c.z.h.p.HikariPool                       : HikariPool-6 - Added connection com.mysql.cj.jdbc.ConnectionImpl@1ca0fee0
[2024-03-05 17:04:24.811]  INFO 7532 --- [  restartedMain] c.z.h.HikariDataSource                   : HikariPool-6 - Start completed.
[2024-03-05 17:04:24.811]  INFO 7532 --- [  restartedMain] o.h.j.i.u.LogHelper                      : HHH000204: Processing PersistenceUnitInfo [name: default]
[2024-03-05 17:04:24.813]  INFO 7532 --- [  restartedMain] o.h.c.i.RegionFactoryInitiator           : HHH000026: Second-level cache disabled
[2024-03-05 17:04:24.815]  INFO 7532 --- [  restartedMain] o.s.o.j.p.SpringPersistenceUnitInfo      : No LoadTimeWeaver setup: ignoring JPA class transformer
[2024-03-05 17:04:24.816]  WARN 7532 --- [  restartedMain] o.h.d.Dialect                            : HHH000511: The 5.7.0 version for [org.hibernate.dialect.MySQLDialect] is no longer supported, hence certain features may not work properly. The minimum supported version is 8.0.0. Check the community dialects project for available legacy versions.
[2024-03-05 17:04:24.823]  INFO 7532 --- [  restartedMain] o.h.e.t.j.p.i.JtaPlatformInitiator       : HHH000489: No JTA platform available (set 'hibernate.transaction.jta.platform' to enable JTA platform integration)
[2024-03-05 17:04:24.823]  INFO 7532 --- [  restartedMain] j.LocalContainerEntityManagerFactoryBean : Initialized JPA EntityManagerFactory for persistence unit 'default'
[2024-03-05 17:04:24.853]  WARN 7532 --- [  restartedMain] JpaBaseConfiguration$JpaWebConfiguration : spring.jpa.open-in-view is enabled by default. Therefore, database queries may be performed during view rendering. Explicitly configure spring.jpa.open-in-view to disable this warning
[2024-03-05 17:04:24.861]  INFO 7532 --- [  restartedMain] o.s.b.a.w.s.WelcomePageHandlerMapping    : Adding welcome page: class path resource [static/index.html]
[2024-03-05 17:04:24.894]  INFO 7532 --- [  restartedMain] o.s.s.w.DefaultSecurityFilterChain       : Will secure any request with [org.springframework.security.web.session.DisableEncodeUrlFilter@3d828304, org.springframework.security.web.context.request.async.WebAsyncManagerIntegrationFilter@5d7b6dff, org.springframework.security.web.context.SecurityContextHolderFilter@699cb1ad, org.springframework.security.web.header.HeaderWriterFilter@2278a736, org.springframework.security.oauth2.client.web.OAuth2AuthorizationRequestRedirectFilter@5f7fd1f7, org.springframework.security.oauth2.client.web.OAuth2LoginAuthenticationFilter@70bcc44f, org.springframework.security.web.authentication.ui.DefaultLoginPageGeneratingFilter@413dca35, org.springframework.security.web.savedrequest.RequestCacheAwareFilter@3d4aab42, org.springframework.security.web.servletapi.SecurityContextHolderAwareRequestFilter@269b88c7, org.springframework.security.web.authentication.AnonymousAuthenticationFilter@7caaffce, org.springframework.security.web.access.ExceptionTranslationFilter@78bc6ed2, org.springframework.security.web.access.intercept.AuthorizationFilter@25d8a83b]
[2024-03-05 17:04:24.946]  INFO 7532 --- [  restartedMain] o.s.b.d.a.OptionalLiveReloadServer       : LiveReload server is running on port 35729
[2024-03-05 17:04:24.954]  INFO 7532 --- [  restartedMain] o.a.c.h.Http11NioProtocol                : Starting ProtocolHandler ["http-nio-8080"]
[2024-03-05 17:04:24.956]  INFO 7532 --- [  restartedMain] o.s.b.w.e.t.TomcatWebServer              : Tomcat started on port 8080 (http) with context path ''
[2024-03-05 17:04:24.961]  INFO 7532 --- [  restartedMain] c.s.g.GalleryApplication                 : Started GalleryApplication in 0.414 seconds (process running for 860.826)
[2024-03-05 17:04:24.962]  INFO 7532 --- [  restartedMain] .ConditionEvaluationDeltaLoggingListener : Condition evaluation unchanged
