[2024-03-06 12:58:23.856]  INFO 6860 --- [ionShutdownHook] j.LocalContainerEntityManagerFactoryBean : Closing JPA EntityManagerFactory for persistence unit 'default'
[2024-03-06 12:58:23.862]  INFO 6860 --- [ionShutdownHook] c.z.h.HikariDataSource                   : HikariPool-1 - Shutdown initiated...
[2024-03-06 12:58:23.867]  INFO 6860 --- [ionShutdownHook] c.z.h.HikariDataSource                   : HikariPool-1 - Shutdown completed.
[2024-03-06 12:58:29.877]  INFO 20576 --- [  restartedMain] c.s.g.GalleryApplication                 : Starting GalleryApplication using Java 17.0.9 with PID 20576 (C:\Users\SSAFY\Desktop\PJT2\backend\build\classes\java\main started by SSAFY in C:\Users\SSAFY\Desktop\PJT2\backend)
[2024-03-06 12:58:29.883]  INFO 20576 --- [  restartedMain] c.s.g.GalleryApplication                 : No active profile set, falling back to 1 default profile: "default"
[2024-03-06 12:58:29.924]  INFO 20576 --- [  restartedMain] .e.DevToolsPropertyDefaultsPostProcessor : Devtools property defaults active! Set 'spring.devtools.add-properties' to 'false' to disable
[2024-03-06 12:58:29.925]  INFO 20576 --- [  restartedMain] .e.DevToolsPropertyDefaultsPostProcessor : For additional web related logging consider setting the 'logging.level.web' property to 'DEBUG'
[2024-03-06 12:58:30.472]  INFO 20576 --- [  restartedMain] .s.d.r.c.RepositoryConfigurationDelegate : Bootstrapping Spring Data JPA repositories in DEFAULT mode.
[2024-03-06 12:58:30.506]  INFO 20576 --- [  restartedMain] .s.d.r.c.RepositoryConfigurationDelegate : Finished Spring Data repository scanning in 29 ms. Found 1 JPA repository interface.
[2024-03-06 12:58:30.865]  INFO 20576 --- [  restartedMain] o.s.b.w.e.t.TomcatWebServer              : Tomcat initialized with port 8080 (http)
[2024-03-06 12:58:30.873]  INFO 20576 --- [  restartedMain] o.a.c.h.Http11NioProtocol                : Initializing ProtocolHandler ["http-nio-8080"]
[2024-03-06 12:58:30.874]  INFO 20576 --- [  restartedMain] o.a.c.c.StandardService                  : Starting service [Tomcat]
[2024-03-06 12:58:30.874]  INFO 20576 --- [  restartedMain] o.a.c.c.StandardEngine                   : Starting Servlet engine: [Apache Tomcat/10.1.19]
[2024-03-06 12:58:30.908]  INFO 20576 --- [  restartedMain] o.a.c.c.C.[.[.[/]                        : Initializing Spring embedded WebApplicationContext
[2024-03-06 12:58:30.908]  INFO 20576 --- [  restartedMain] w.s.c.ServletWebServerApplicationContext : Root WebApplicationContext: initialization completed in 983 ms
[2024-03-06 12:58:31.004]  INFO 20576 --- [  restartedMain] c.z.h.HikariDataSource                   : HikariPool-1 - Starting...
[2024-03-06 12:58:31.196]  INFO 20576 --- [  restartedMain] c.z.h.p.HikariPool                       : HikariPool-1 - Added connection com.mysql.cj.jdbc.ConnectionImpl@3686df70
[2024-03-06 12:58:31.197]  INFO 20576 --- [  restartedMain] c.z.h.HikariDataSource                   : HikariPool-1 - Start completed.
[2024-03-06 12:58:31.225]  INFO 20576 --- [  restartedMain] o.h.j.i.u.LogHelper                      : HHH000204: Processing PersistenceUnitInfo [name: default]
[2024-03-06 12:58:31.261]  INFO 20576 --- [  restartedMain] o.h.Version                              : HHH000412: Hibernate ORM core version 6.4.4.Final
[2024-03-06 12:58:31.283]  INFO 20576 --- [  restartedMain] o.h.c.i.RegionFactoryInitiator           : HHH000026: Second-level cache disabled
[2024-03-06 12:58:31.457]  INFO 20576 --- [  restartedMain] o.s.o.j.p.SpringPersistenceUnitInfo      : No LoadTimeWeaver setup: ignoring JPA class transformer
[2024-03-06 12:58:32.031]  INFO 20576 --- [  restartedMain] o.h.e.t.j.p.i.JtaPlatformInitiator       : HHH000489: No JTA platform available (set 'hibernate.transaction.jta.platform' to enable JTA platform integration)
[2024-03-06 12:58:32.033]  INFO 20576 --- [  restartedMain] j.LocalContainerEntityManagerFactoryBean : Initialized JPA EntityManagerFactory for persistence unit 'default'
[2024-03-06 12:58:32.309]  WARN 20576 --- [  restartedMain] JpaBaseConfiguration$JpaWebConfiguration : spring.jpa.open-in-view is enabled by default. Therefore, database queries may be performed during view rendering. Explicitly configure spring.jpa.open-in-view to disable this warning
[2024-03-06 12:58:32.359]  INFO 20576 --- [  restartedMain] o.s.b.a.w.s.WelcomePageHandlerMapping    : Adding welcome page: class path resource [static/index.html]
[2024-03-06 12:58:32.482]  INFO 20576 --- [  restartedMain] o.s.s.w.DefaultSecurityFilterChain       : Will secure any request with [org.springframework.security.web.session.DisableEncodeUrlFilter@6fed7aa0, org.springframework.security.web.context.request.async.WebAsyncManagerIntegrationFilter@4b8aa966, org.springframework.security.web.context.SecurityContextHolderFilter@2d0487ca, org.springframework.security.web.header.HeaderWriterFilter@51461092, org.springframework.security.oauth2.client.web.OAuth2AuthorizationRequestRedirectFilter@250b98f8, org.springframework.security.oauth2.client.web.OAuth2LoginAuthenticationFilter@75aa2d26, org.springframework.security.web.authentication.ui.DefaultLoginPageGeneratingFilter@6e1d1787, org.springframework.security.web.savedrequest.RequestCacheAwareFilter@757131a, org.springframework.security.web.servletapi.SecurityContextHolderAwareRequestFilter@3cf9485f, org.springframework.security.web.authentication.AnonymousAuthenticationFilter@3add291b, org.springframework.security.web.access.ExceptionTranslationFilter@84e9c74, org.springframework.security.web.access.intercept.AuthorizationFilter@32faaf35]
[2024-03-06 12:58:32.646]  INFO 20576 --- [  restartedMain] o.s.b.d.a.OptionalLiveReloadServer       : LiveReload server is running on port 35729
[2024-03-06 12:58:32.658]  INFO 20576 --- [  restartedMain] o.a.c.h.Http11NioProtocol                : Starting ProtocolHandler ["http-nio-8080"]
[2024-03-06 12:58:32.670]  INFO 20576 --- [  restartedMain] o.s.b.w.e.t.TomcatWebServer              : Tomcat started on port 8080 (http) with context path ''
[2024-03-06 12:58:32.677]  INFO 20576 --- [  restartedMain] c.s.g.GalleryApplication                 : Started GalleryApplication in 3.094 seconds (process running for 3.701)
[2024-03-06 12:58:35.014]  INFO 20576 --- [nio-8080-exec-2] o.a.c.c.C.[.[.[/]                        : Initializing Spring DispatcherServlet 'dispatcherServlet'
[2024-03-06 12:58:35.014]  INFO 20576 --- [nio-8080-exec-2] o.s.w.s.DispatcherServlet                : Initializing Servlet 'dispatcherServlet'
[2024-03-06 12:58:35.015]  INFO 20576 --- [nio-8080-exec-2] o.s.w.s.DispatcherServlet                : Completed initialization in 1 ms
[2024-03-06 12:58:35.072]  INFO 20576 --- [nio-8080-exec-2] c.s.g.i.c.ImageController                : image/jpeg
[2024-03-06 12:58:35.072]  INFO 20576 --- [nio-8080-exec-2] c.s.g.i.c.ImageController                : people-3237648_1920.jpg
[2024-03-06 12:58:35.072]  INFO 20576 --- [nio-8080-exec-2] c.s.g.i.c.ImageController                : 572371
[2024-03-06 12:58:41.585]  INFO 20576 --- [ionShutdownHook] j.LocalContainerEntityManagerFactoryBean : Closing JPA EntityManagerFactory for persistence unit 'default'
[2024-03-06 12:58:41.587]  INFO 20576 --- [ionShutdownHook] c.z.h.HikariDataSource                   : HikariPool-1 - Shutdown initiated...
[2024-03-06 12:58:41.592]  INFO 20576 --- [ionShutdownHook] c.z.h.HikariDataSource                   : HikariPool-1 - Shutdown completed.
[2024-03-06 12:58:44.087]  INFO 24912 --- [  restartedMain] c.s.g.GalleryApplication                 : Starting GalleryApplication using Java 17.0.9 with PID 24912 (C:\Users\SSAFY\Desktop\PJT2\backend\build\classes\java\main started by SSAFY in C:\Users\SSAFY\Desktop\PJT2\backend)
[2024-03-06 12:58:44.092]  INFO 24912 --- [  restartedMain] c.s.g.GalleryApplication                 : No active profile set, falling back to 1 default profile: "default"
[2024-03-06 12:58:44.121]  INFO 24912 --- [  restartedMain] .e.DevToolsPropertyDefaultsPostProcessor : Devtools property defaults active! Set 'spring.devtools.add-properties' to 'false' to disable
[2024-03-06 12:58:44.121]  INFO 24912 --- [  restartedMain] .e.DevToolsPropertyDefaultsPostProcessor : For additional web related logging consider setting the 'logging.level.web' property to 'DEBUG'
[2024-03-06 12:58:44.660]  INFO 24912 --- [  restartedMain] .s.d.r.c.RepositoryConfigurationDelegate : Bootstrapping Spring Data JPA repositories in DEFAULT mode.
[2024-03-06 12:58:44.694]  INFO 24912 --- [  restartedMain] .s.d.r.c.RepositoryConfigurationDelegate : Finished Spring Data repository scanning in 28 ms. Found 1 JPA repository interface.
[2024-03-06 12:58:45.076]  INFO 24912 --- [  restartedMain] o.s.b.w.e.t.TomcatWebServer              : Tomcat initialized with port 8080 (http)
[2024-03-06 12:58:45.085]  INFO 24912 --- [  restartedMain] o.a.c.h.Http11NioProtocol                : Initializing ProtocolHandler ["http-nio-8080"]
[2024-03-06 12:58:45.086]  INFO 24912 --- [  restartedMain] o.a.c.c.StandardService                  : Starting service [Tomcat]
[2024-03-06 12:58:45.086]  INFO 24912 --- [  restartedMain] o.a.c.c.StandardEngine                   : Starting Servlet engine: [Apache Tomcat/10.1.19]
[2024-03-06 12:58:45.125]  INFO 24912 --- [  restartedMain] o.a.c.c.C.[.[.[/]                        : Initializing Spring embedded WebApplicationContext
[2024-03-06 12:58:45.125]  INFO 24912 --- [  restartedMain] w.s.c.ServletWebServerApplicationContext : Root WebApplicationContext: initialization completed in 1004 ms
[2024-03-06 12:58:45.229]  INFO 24912 --- [  restartedMain] c.z.h.HikariDataSource                   : HikariPool-1 - Starting...
[2024-03-06 12:58:45.413]  INFO 24912 --- [  restartedMain] c.z.h.p.HikariPool                       : HikariPool-1 - Added connection com.mysql.cj.jdbc.ConnectionImpl@75b93760
[2024-03-06 12:58:45.414]  INFO 24912 --- [  restartedMain] c.z.h.HikariDataSource                   : HikariPool-1 - Start completed.
[2024-03-06 12:58:45.442]  INFO 24912 --- [  restartedMain] o.h.j.i.u.LogHelper                      : HHH000204: Processing PersistenceUnitInfo [name: default]
[2024-03-06 12:58:45.488]  INFO 24912 --- [  restartedMain] o.h.Version                              : HHH000412: Hibernate ORM core version 6.4.4.Final
[2024-03-06 12:58:45.511]  INFO 24912 --- [  restartedMain] o.h.c.i.RegionFactoryInitiator           : HHH000026: Second-level cache disabled
[2024-03-06 12:58:45.696]  INFO 24912 --- [  restartedMain] o.s.o.j.p.SpringPersistenceUnitInfo      : No LoadTimeWeaver setup: ignoring JPA class transformer
[2024-03-06 12:58:46.269]  INFO 24912 --- [  restartedMain] o.h.e.t.j.p.i.JtaPlatformInitiator       : HHH000489: No JTA platform available (set 'hibernate.transaction.jta.platform' to enable JTA platform integration)
[2024-03-06 12:58:46.271]  INFO 24912 --- [  restartedMain] j.LocalContainerEntityManagerFactoryBean : Initialized JPA EntityManagerFactory for persistence unit 'default'
[2024-03-06 12:58:46.554]  WARN 24912 --- [  restartedMain] JpaBaseConfiguration$JpaWebConfiguration : spring.jpa.open-in-view is enabled by default. Therefore, database queries may be performed during view rendering. Explicitly configure spring.jpa.open-in-view to disable this warning
[2024-03-06 12:58:46.604]  INFO 24912 --- [  restartedMain] o.s.b.a.w.s.WelcomePageHandlerMapping    : Adding welcome page: class path resource [static/index.html]
[2024-03-06 12:58:46.727]  INFO 24912 --- [  restartedMain] o.s.s.w.DefaultSecurityFilterChain       : Will secure any request with [org.springframework.security.web.session.DisableEncodeUrlFilter@4d8899ec, org.springframework.security.web.context.request.async.WebAsyncManagerIntegrationFilter@3915102b, org.springframework.security.web.context.SecurityContextHolderFilter@7c8d1992, org.springframework.security.web.header.HeaderWriterFilter@fb82026, org.springframework.security.oauth2.client.web.OAuth2AuthorizationRequestRedirectFilter@3e3cac94, org.springframework.security.oauth2.client.web.OAuth2LoginAuthenticationFilter@7ce1010f, org.springframework.security.web.authentication.ui.DefaultLoginPageGeneratingFilter@7fd1efe0, org.springframework.security.web.savedrequest.RequestCacheAwareFilter@44bf420b, org.springframework.security.web.servletapi.SecurityContextHolderAwareRequestFilter@8d640a3, org.springframework.security.web.authentication.AnonymousAuthenticationFilter@c123700, org.springframework.security.web.access.ExceptionTranslationFilter@53d68b54, org.springframework.security.web.access.intercept.AuthorizationFilter@6ac35312]
[2024-03-06 12:58:46.884]  INFO 24912 --- [  restartedMain] o.s.b.d.a.OptionalLiveReloadServer       : LiveReload server is running on port 35729
[2024-03-06 12:58:46.896]  INFO 24912 --- [  restartedMain] o.a.c.h.Http11NioProtocol                : Starting ProtocolHandler ["http-nio-8080"]
[2024-03-06 12:58:46.907]  INFO 24912 --- [  restartedMain] o.s.b.w.e.t.TomcatWebServer              : Tomcat started on port 8080 (http) with context path ''
[2024-03-06 12:58:46.914]  INFO 24912 --- [  restartedMain] c.s.g.GalleryApplication                 : Started GalleryApplication in 3.101 seconds (process running for 3.734)
[2024-03-06 12:58:50.349]  INFO 24912 --- [nio-8080-exec-1] o.a.c.c.C.[.[.[/]                        : Initializing Spring DispatcherServlet 'dispatcherServlet'
[2024-03-06 12:58:50.349]  INFO 24912 --- [nio-8080-exec-1] o.s.w.s.DispatcherServlet                : Initializing Servlet 'dispatcherServlet'
[2024-03-06 12:58:50.350]  INFO 24912 --- [nio-8080-exec-1] o.s.w.s.DispatcherServlet                : Completed initialization in 1 ms
[2024-03-06 12:58:50.398]  INFO 24912 --- [nio-8080-exec-1] c.s.g.i.c.ImageController                : image/jpeg
[2024-03-06 12:58:50.398]  INFO 24912 --- [nio-8080-exec-1] c.s.g.i.c.ImageController                : people-3237648_1920.jpg
[2024-03-06 12:58:50.398]  INFO 24912 --- [nio-8080-exec-1] c.s.g.i.c.ImageController                : 572371
