[2024-03-06 11:01:08.264]  INFO 10852 --- [   File Watcher] rtingClassPathChangeChangedEventListener : Restarting due to 1 class path change (0 additions, 1 deletion, 0 modifications)
[2024-03-06 11:01:08.269]  INFO 10852 --- [       Thread-5] o.a.c.h.Http11NioProtocol                : Stopping ProtocolHandler ["http-nio-8080"]
[2024-03-06 11:01:08.291]  INFO 10852 --- [       Thread-5] j.LocalContainerEntityManagerFactoryBean : Closing JPA EntityManagerFactory for persistence unit 'default'
[2024-03-06 11:01:08.294]  INFO 10852 --- [       Thread-5] c.z.h.HikariDataSource                   : HikariPool-1 - Shutdown initiated...
[2024-03-06 11:01:08.299]  INFO 10852 --- [       Thread-5] c.z.h.HikariDataSource                   : HikariPool-1 - Shutdown completed.
[2024-03-06 11:01:08.367]  INFO 10852 --- [  restartedMain] c.s.g.GalleryApplication                 : Starting GalleryApplication using Java 17.0.9 with PID 10852 (C:\Users\SSAFY\Desktop\PJT2\backend\build\classes\java\main started by SSAFY in C:\Users\SSAFY\Desktop\PJT2\backend)
[2024-03-06 11:01:08.367]  INFO 10852 --- [  restartedMain] c.s.g.GalleryApplication                 : No active profile set, falling back to 1 default profile: "default"
[2024-03-06 11:01:08.532]  INFO 10852 --- [  restartedMain] .s.d.r.c.RepositoryConfigurationDelegate : Bootstrapping Spring Data JPA repositories in DEFAULT mode.
[2024-03-06 11:01:08.539]  INFO 10852 --- [  restartedMain] .s.d.r.c.RepositoryConfigurationDelegate : Finished Spring Data repository scanning in 6 ms. Found 1 JPA repository interface.
[2024-03-06 11:01:08.629]  INFO 10852 --- [  restartedMain] o.s.b.w.e.t.TomcatWebServer              : Tomcat initialized with port 8080 (http)
[2024-03-06 11:01:08.630]  INFO 10852 --- [  restartedMain] o.a.c.h.Http11NioProtocol                : Initializing ProtocolHandler ["http-nio-8080"]
[2024-03-06 11:01:08.630]  INFO 10852 --- [  restartedMain] o.a.c.c.StandardService                  : Starting service [Tomcat]
[2024-03-06 11:01:08.630]  INFO 10852 --- [  restartedMain] o.a.c.c.StandardEngine                   : Starting Servlet engine: [Apache Tomcat/10.1.19]
[2024-03-06 11:01:08.647]  INFO 10852 --- [  restartedMain] o.a.c.c.C.[.[.[/]                        : Initializing Spring embedded WebApplicationContext
[2024-03-06 11:01:08.647]  INFO 10852 --- [  restartedMain] w.s.c.ServletWebServerApplicationContext : Root WebApplicationContext: initialization completed in 278 ms
[2024-03-06 11:01:08.675]  INFO 10852 --- [  restartedMain] c.z.h.HikariDataSource                   : HikariPool-2 - Starting...
[2024-03-06 11:01:08.687]  INFO 10852 --- [  restartedMain] c.z.h.p.HikariPool                       : HikariPool-2 - Added connection com.mysql.cj.jdbc.ConnectionImpl@7b99f6f0
[2024-03-06 11:01:08.687]  INFO 10852 --- [  restartedMain] c.z.h.HikariDataSource                   : HikariPool-2 - Start completed.
[2024-03-06 11:01:08.688]  INFO 10852 --- [  restartedMain] o.h.j.i.u.LogHelper                      : HHH000204: Processing PersistenceUnitInfo [name: default]
[2024-03-06 11:01:08.691]  INFO 10852 --- [  restartedMain] o.h.c.i.RegionFactoryInitiator           : HHH000026: Second-level cache disabled
[2024-03-06 11:01:08.696]  INFO 10852 --- [  restartedMain] o.s.o.j.p.SpringPersistenceUnitInfo      : No LoadTimeWeaver setup: ignoring JPA class transformer
[2024-03-06 11:01:08.722]  INFO 10852 --- [  restartedMain] o.h.e.t.j.p.i.JtaPlatformInitiator       : HHH000489: No JTA platform available (set 'hibernate.transaction.jta.platform' to enable JTA platform integration)
[2024-03-06 11:01:08.723]  INFO 10852 --- [  restartedMain] j.LocalContainerEntityManagerFactoryBean : Initialized JPA EntityManagerFactory for persistence unit 'default'
[2024-03-06 11:01:08.804]  WARN 10852 --- [  restartedMain] JpaBaseConfiguration$JpaWebConfiguration : spring.jpa.open-in-view is enabled by default. Therefore, database queries may be performed during view rendering. Explicitly configure spring.jpa.open-in-view to disable this warning
[2024-03-06 11:01:08.813]  INFO 10852 --- [  restartedMain] o.s.b.a.w.s.WelcomePageHandlerMapping    : Adding welcome page: class path resource [static/index.html]
[2024-03-06 11:01:08.859]  INFO 10852 --- [  restartedMain] o.s.s.w.DefaultSecurityFilterChain       : Will secure any request with [org.springframework.security.web.session.DisableEncodeUrlFilter@afd8845, org.springframework.security.web.context.request.async.WebAsyncManagerIntegrationFilter@17501bd4, org.springframework.security.web.context.SecurityContextHolderFilter@6f33af6a, org.springframework.security.web.header.HeaderWriterFilter@651b9749, org.springframework.security.oauth2.client.web.OAuth2AuthorizationRequestRedirectFilter@2d52dcd5, org.springframework.security.oauth2.client.web.OAuth2LoginAuthenticationFilter@790214c6, org.springframework.security.web.authentication.ui.DefaultLoginPageGeneratingFilter@e4b59e0, org.springframework.security.web.savedrequest.RequestCacheAwareFilter@43178751, org.springframework.security.web.servletapi.SecurityContextHolderAwareRequestFilter@37d3318c, org.springframework.security.web.authentication.AnonymousAuthenticationFilter@2cdfc99f, org.springframework.security.web.access.ExceptionTranslationFilter@5c0516a1, org.springframework.security.web.access.intercept.AuthorizationFilter@323c26c]
[2024-03-06 11:01:08.912]  INFO 10852 --- [  restartedMain] o.s.b.d.a.OptionalLiveReloadServer       : LiveReload server is running on port 35729
[2024-03-06 11:01:08.919]  INFO 10852 --- [  restartedMain] o.a.c.h.Http11NioProtocol                : Starting ProtocolHandler ["http-nio-8080"]
[2024-03-06 11:01:08.922]  INFO 10852 --- [  restartedMain] o.s.b.w.e.t.TomcatWebServer              : Tomcat started on port 8080 (http) with context path ''
[2024-03-06 11:01:08.926]  INFO 10852 --- [  restartedMain] c.s.g.GalleryApplication                 : Started GalleryApplication in 0.592 seconds (process running for 623.688)
[2024-03-06 11:01:08.928]  INFO 10852 --- [  restartedMain] .ConditionEvaluationDeltaLoggingListener : Condition evaluation unchanged
[2024-03-06 11:01:10.340]  INFO 10852 --- [   File Watcher] rtingClassPathChangeChangedEventListener : Restarting due to 1 class path change (1 addition, 0 deletions, 0 modifications)
[2024-03-06 11:01:10.341]  INFO 10852 --- [       Thread-7] o.a.c.h.Http11NioProtocol                : Stopping ProtocolHandler ["http-nio-8080"]
[2024-03-06 11:01:10.359]  INFO 10852 --- [       Thread-7] j.LocalContainerEntityManagerFactoryBean : Closing JPA EntityManagerFactory for persistence unit 'default'
[2024-03-06 11:01:10.359]  INFO 10852 --- [       Thread-7] c.z.h.HikariDataSource                   : HikariPool-2 - Shutdown initiated...
[2024-03-06 11:01:10.362]  INFO 10852 --- [       Thread-7] c.z.h.HikariDataSource                   : HikariPool-2 - Shutdown completed.
[2024-03-06 11:01:10.445]  INFO 10852 --- [  restartedMain] c.s.g.GalleryApplication                 : Starting GalleryApplication using Java 17.0.9 with PID 10852 (C:\Users\SSAFY\Desktop\PJT2\backend\build\classes\java\main started by SSAFY in C:\Users\SSAFY\Desktop\PJT2\backend)
[2024-03-06 11:01:10.445]  INFO 10852 --- [  restartedMain] c.s.g.GalleryApplication                 : No active profile set, falling back to 1 default profile: "default"
[2024-03-06 11:01:10.594]  INFO 10852 --- [  restartedMain] .s.d.r.c.RepositoryConfigurationDelegate : Bootstrapping Spring Data JPA repositories in DEFAULT mode.
[2024-03-06 11:01:10.600]  INFO 10852 --- [  restartedMain] .s.d.r.c.RepositoryConfigurationDelegate : Finished Spring Data repository scanning in 6 ms. Found 1 JPA repository interface.
[2024-03-06 11:01:10.670]  INFO 10852 --- [  restartedMain] o.s.b.w.e.t.TomcatWebServer              : Tomcat initialized with port 8080 (http)
[2024-03-06 11:01:10.671]  INFO 10852 --- [  restartedMain] o.a.c.h.Http11NioProtocol                : Initializing ProtocolHandler ["http-nio-8080"]
[2024-03-06 11:01:10.671]  INFO 10852 --- [  restartedMain] o.a.c.c.StandardService                  : Starting service [Tomcat]
[2024-03-06 11:01:10.671]  INFO 10852 --- [  restartedMain] o.a.c.c.StandardEngine                   : Starting Servlet engine: [Apache Tomcat/10.1.19]
[2024-03-06 11:01:10.683]  INFO 10852 --- [  restartedMain] o.a.c.c.C.[.[.[/]                        : Initializing Spring embedded WebApplicationContext
[2024-03-06 11:01:10.683]  INFO 10852 --- [  restartedMain] w.s.c.ServletWebServerApplicationContext : Root WebApplicationContext: initialization completed in 237 ms
[2024-03-06 11:01:10.701]  INFO 10852 --- [  restartedMain] c.z.h.HikariDataSource                   : HikariPool-3 - Starting...
[2024-03-06 11:01:10.709]  INFO 10852 --- [  restartedMain] c.z.h.p.HikariPool                       : HikariPool-3 - Added connection com.mysql.cj.jdbc.ConnectionImpl@3ff84f38
[2024-03-06 11:01:10.709]  INFO 10852 --- [  restartedMain] c.z.h.HikariDataSource                   : HikariPool-3 - Start completed.
[2024-03-06 11:01:10.710]  INFO 10852 --- [  restartedMain] o.h.j.i.u.LogHelper                      : HHH000204: Processing PersistenceUnitInfo [name: default]
[2024-03-06 11:01:10.714]  INFO 10852 --- [  restartedMain] o.h.c.i.RegionFactoryInitiator           : HHH000026: Second-level cache disabled
[2024-03-06 11:01:10.718]  INFO 10852 --- [  restartedMain] o.s.o.j.p.SpringPersistenceUnitInfo      : No LoadTimeWeaver setup: ignoring JPA class transformer
[2024-03-06 11:01:10.737]  INFO 10852 --- [  restartedMain] o.h.e.t.j.p.i.JtaPlatformInitiator       : HHH000489: No JTA platform available (set 'hibernate.transaction.jta.platform' to enable JTA platform integration)
[2024-03-06 11:01:10.737]  INFO 10852 --- [  restartedMain] j.LocalContainerEntityManagerFactoryBean : Initialized JPA EntityManagerFactory for persistence unit 'default'
[2024-03-06 11:01:10.795]  WARN 10852 --- [  restartedMain] JpaBaseConfiguration$JpaWebConfiguration : spring.jpa.open-in-view is enabled by default. Therefore, database queries may be performed during view rendering. Explicitly configure spring.jpa.open-in-view to disable this warning
[2024-03-06 11:01:10.803]  INFO 10852 --- [  restartedMain] o.s.b.a.w.s.WelcomePageHandlerMapping    : Adding welcome page: class path resource [static/index.html]
[2024-03-06 11:01:10.841]  INFO 10852 --- [  restartedMain] o.s.s.w.DefaultSecurityFilterChain       : Will secure any request with [org.springframework.security.web.session.DisableEncodeUrlFilter@137f1ba8, org.springframework.security.web.context.request.async.WebAsyncManagerIntegrationFilter@6aaaf06d, org.springframework.security.web.context.SecurityContextHolderFilter@7d44f40e, org.springframework.security.web.header.HeaderWriterFilter@7e1ad9cf, org.springframework.security.oauth2.client.web.OAuth2AuthorizationRequestRedirectFilter@3af8614d, org.springframework.security.oauth2.client.web.OAuth2LoginAuthenticationFilter@be7435d, org.springframework.security.web.authentication.ui.DefaultLoginPageGeneratingFilter@14f4bb54, org.springframework.security.web.savedrequest.RequestCacheAwareFilter@1373ae08, org.springframework.security.web.servletapi.SecurityContextHolderAwareRequestFilter@3c88c9ab, org.springframework.security.web.authentication.AnonymousAuthenticationFilter@1321067c, org.springframework.security.web.access.ExceptionTranslationFilter@555f517c, org.springframework.security.web.access.intercept.AuthorizationFilter@40472d7f]
[2024-03-06 11:01:10.885]  INFO 10852 --- [  restartedMain] o.s.b.d.a.OptionalLiveReloadServer       : LiveReload server is running on port 35729
[2024-03-06 11:01:10.891]  INFO 10852 --- [  restartedMain] o.a.c.h.Http11NioProtocol                : Starting ProtocolHandler ["http-nio-8080"]
[2024-03-06 11:01:10.895]  INFO 10852 --- [  restartedMain] o.s.b.w.e.t.TomcatWebServer              : Tomcat started on port 8080 (http) with context path ''
[2024-03-06 11:01:10.899]  INFO 10852 --- [  restartedMain] c.s.g.GalleryApplication                 : Started GalleryApplication in 0.486 seconds (process running for 625.661)
[2024-03-06 11:01:10.901]  INFO 10852 --- [  restartedMain] .ConditionEvaluationDeltaLoggingListener : Condition evaluation unchanged
[2024-03-06 11:01:32.623]  INFO 10852 --- [   File Watcher] rtingClassPathChangeChangedEventListener : Restarting due to 1 class path change (0 additions, 1 deletion, 0 modifications)
[2024-03-06 11:01:32.624]  INFO 10852 --- [      Thread-11] o.a.c.h.Http11NioProtocol                : Stopping ProtocolHandler ["http-nio-8080"]
[2024-03-06 11:01:32.644]  INFO 10852 --- [      Thread-11] j.LocalContainerEntityManagerFactoryBean : Closing JPA EntityManagerFactory for persistence unit 'default'
[2024-03-06 11:01:32.644]  INFO 10852 --- [      Thread-11] c.z.h.HikariDataSource                   : HikariPool-3 - Shutdown initiated...
[2024-03-06 11:01:32.647]  INFO 10852 --- [      Thread-11] c.z.h.HikariDataSource                   : HikariPool-3 - Shutdown completed.
[2024-03-06 11:01:32.718]  INFO 10852 --- [  restartedMain] c.s.g.GalleryApplication                 : Starting GalleryApplication using Java 17.0.9 with PID 10852 (C:\Users\SSAFY\Desktop\PJT2\backend\build\classes\java\main started by SSAFY in C:\Users\SSAFY\Desktop\PJT2\backend)
[2024-03-06 11:01:32.718]  INFO 10852 --- [  restartedMain] c.s.g.GalleryApplication                 : No active profile set, falling back to 1 default profile: "default"
[2024-03-06 11:01:32.869]  INFO 10852 --- [  restartedMain] .s.d.r.c.RepositoryConfigurationDelegate : Bootstrapping Spring Data JPA repositories in DEFAULT mode.
[2024-03-06 11:01:32.876]  INFO 10852 --- [  restartedMain] .s.d.r.c.RepositoryConfigurationDelegate : Finished Spring Data repository scanning in 6 ms. Found 1 JPA repository interface.
[2024-03-06 11:01:32.943]  INFO 10852 --- [  restartedMain] o.s.b.w.e.t.TomcatWebServer              : Tomcat initialized with port 8080 (http)
[2024-03-06 11:01:32.943]  INFO 10852 --- [  restartedMain] o.a.c.h.Http11NioProtocol                : Initializing ProtocolHandler ["http-nio-8080"]
[2024-03-06 11:01:32.943]  INFO 10852 --- [  restartedMain] o.a.c.c.StandardService                  : Starting service [Tomcat]
[2024-03-06 11:01:32.944]  INFO 10852 --- [  restartedMain] o.a.c.c.StandardEngine                   : Starting Servlet engine: [Apache Tomcat/10.1.19]
[2024-03-06 11:01:32.954]  INFO 10852 --- [  restartedMain] o.a.c.c.C.[.[.[/]                        : Initializing Spring embedded WebApplicationContext
[2024-03-06 11:01:32.954]  INFO 10852 --- [  restartedMain] w.s.c.ServletWebServerApplicationContext : Root WebApplicationContext: initialization completed in 235 ms
[2024-03-06 11:01:32.976]  INFO 10852 --- [  restartedMain] c.z.h.HikariDataSource                   : HikariPool-4 - Starting...
[2024-03-06 11:01:32.987]  INFO 10852 --- [  restartedMain] c.z.h.p.HikariPool                       : HikariPool-4 - Added connection com.mysql.cj.jdbc.ConnectionImpl@34fad057
[2024-03-06 11:01:32.988]  INFO 10852 --- [  restartedMain] c.z.h.HikariDataSource                   : HikariPool-4 - Start completed.
[2024-03-06 11:01:32.988]  INFO 10852 --- [  restartedMain] o.h.j.i.u.LogHelper                      : HHH000204: Processing PersistenceUnitInfo [name: default]
[2024-03-06 11:01:32.991]  INFO 10852 --- [  restartedMain] o.h.c.i.RegionFactoryInitiator           : HHH000026: Second-level cache disabled
[2024-03-06 11:01:32.995]  INFO 10852 --- [  restartedMain] o.s.o.j.p.SpringPersistenceUnitInfo      : No LoadTimeWeaver setup: ignoring JPA class transformer
[2024-03-06 11:01:33.016]  INFO 10852 --- [  restartedMain] o.h.e.t.j.p.i.JtaPlatformInitiator       : HHH000489: No JTA platform available (set 'hibernate.transaction.jta.platform' to enable JTA platform integration)
[2024-03-06 11:01:33.016]  INFO 10852 --- [  restartedMain] j.LocalContainerEntityManagerFactoryBean : Initialized JPA EntityManagerFactory for persistence unit 'default'
[2024-03-06 11:01:33.078]  WARN 10852 --- [  restartedMain] JpaBaseConfiguration$JpaWebConfiguration : spring.jpa.open-in-view is enabled by default. Therefore, database queries may be performed during view rendering. Explicitly configure spring.jpa.open-in-view to disable this warning
[2024-03-06 11:01:33.087]  INFO 10852 --- [  restartedMain] o.s.b.a.w.s.WelcomePageHandlerMapping    : Adding welcome page: class path resource [static/index.html]
[2024-03-06 11:01:33.133]  INFO 10852 --- [  restartedMain] o.s.s.w.DefaultSecurityFilterChain       : Will secure any request with [org.springframework.security.web.session.DisableEncodeUrlFilter@13dd68dd, org.springframework.security.web.context.request.async.WebAsyncManagerIntegrationFilter@3621ab90, org.springframework.security.web.context.SecurityContextHolderFilter@7f178374, org.springframework.security.web.header.HeaderWriterFilter@7e44fc24, org.springframework.security.oauth2.client.web.OAuth2AuthorizationRequestRedirectFilter@29996239, org.springframework.security.oauth2.client.web.OAuth2LoginAuthenticationFilter@780777c4, org.springframework.security.web.authentication.ui.DefaultLoginPageGeneratingFilter@4b734781, org.springframework.security.web.savedrequest.RequestCacheAwareFilter@213d6af3, org.springframework.security.web.servletapi.SecurityContextHolderAwareRequestFilter@120f2c38, org.springframework.security.web.authentication.AnonymousAuthenticationFilter@54cb9fc7, org.springframework.security.web.access.ExceptionTranslationFilter@7658bb2f, org.springframework.security.web.access.intercept.AuthorizationFilter@421ce8ae]
[2024-03-06 11:01:33.182]  INFO 10852 --- [  restartedMain] o.s.b.d.a.OptionalLiveReloadServer       : LiveReload server is running on port 35729
[2024-03-06 11:01:33.189]  INFO 10852 --- [  restartedMain] o.a.c.h.Http11NioProtocol                : Starting ProtocolHandler ["http-nio-8080"]
[2024-03-06 11:01:33.192]  INFO 10852 --- [  restartedMain] o.s.b.w.e.t.TomcatWebServer              : Tomcat started on port 8080 (http) with context path ''
[2024-03-06 11:01:33.198]  INFO 10852 --- [  restartedMain] c.s.g.GalleryApplication                 : Started GalleryApplication in 0.509 seconds (process running for 647.96)
[2024-03-06 11:01:33.199]  INFO 10852 --- [  restartedMain] .ConditionEvaluationDeltaLoggingListener : Condition evaluation unchanged
[2024-03-06 11:01:34.595]  INFO 10852 --- [   File Watcher] rtingClassPathChangeChangedEventListener : Restarting due to 1 class path change (1 addition, 0 deletions, 0 modifications)
[2024-03-06 11:01:34.596]  INFO 10852 --- [      Thread-15] o.a.c.h.Http11NioProtocol                : Stopping ProtocolHandler ["http-nio-8080"]
[2024-03-06 11:01:34.614]  INFO 10852 --- [      Thread-15] j.LocalContainerEntityManagerFactoryBean : Closing JPA EntityManagerFactory for persistence unit 'default'
[2024-03-06 11:01:34.615]  INFO 10852 --- [      Thread-15] c.z.h.HikariDataSource                   : HikariPool-4 - Shutdown initiated...
[2024-03-06 11:01:34.618]  INFO 10852 --- [      Thread-15] c.z.h.HikariDataSource                   : HikariPool-4 - Shutdown completed.
[2024-03-06 11:01:34.690]  INFO 10852 --- [  restartedMain] c.s.g.GalleryApplication                 : Starting GalleryApplication using Java 17.0.9 with PID 10852 (C:\Users\SSAFY\Desktop\PJT2\backend\build\classes\java\main started by SSAFY in C:\Users\SSAFY\Desktop\PJT2\backend)
[2024-03-06 11:01:34.691]  INFO 10852 --- [  restartedMain] c.s.g.GalleryApplication                 : No active profile set, falling back to 1 default profile: "default"
[2024-03-06 11:01:34.830]  INFO 10852 --- [  restartedMain] .s.d.r.c.RepositoryConfigurationDelegate : Bootstrapping Spring Data JPA repositories in DEFAULT mode.
[2024-03-06 11:01:34.837]  INFO 10852 --- [  restartedMain] .s.d.r.c.RepositoryConfigurationDelegate : Finished Spring Data repository scanning in 6 ms. Found 1 JPA repository interface.
[2024-03-06 11:01:34.906]  INFO 10852 --- [  restartedMain] o.s.b.w.e.t.TomcatWebServer              : Tomcat initialized with port 8080 (http)
[2024-03-06 11:01:34.907]  INFO 10852 --- [  restartedMain] o.a.c.h.Http11NioProtocol                : Initializing ProtocolHandler ["http-nio-8080"]
[2024-03-06 11:01:34.907]  INFO 10852 --- [  restartedMain] o.a.c.c.StandardService                  : Starting service [Tomcat]
[2024-03-06 11:01:34.907]  INFO 10852 --- [  restartedMain] o.a.c.c.StandardEngine                   : Starting Servlet engine: [Apache Tomcat/10.1.19]
[2024-03-06 11:01:34.918]  INFO 10852 --- [  restartedMain] o.a.c.c.C.[.[.[/]                        : Initializing Spring embedded WebApplicationContext
[2024-03-06 11:01:34.918]  INFO 10852 --- [  restartedMain] w.s.c.ServletWebServerApplicationContext : Root WebApplicationContext: initialization completed in 226 ms
[2024-03-06 11:01:34.938]  INFO 10852 --- [  restartedMain] c.z.h.HikariDataSource                   : HikariPool-5 - Starting...
[2024-03-06 11:01:34.946]  INFO 10852 --- [  restartedMain] c.z.h.p.HikariPool                       : HikariPool-5 - Added connection com.mysql.cj.jdbc.ConnectionImpl@635e75ba
[2024-03-06 11:01:34.947]  INFO 10852 --- [  restartedMain] c.z.h.HikariDataSource                   : HikariPool-5 - Start completed.
[2024-03-06 11:01:34.947]  INFO 10852 --- [  restartedMain] o.h.j.i.u.LogHelper                      : HHH000204: Processing PersistenceUnitInfo [name: default]
[2024-03-06 11:01:34.949]  INFO 10852 --- [  restartedMain] o.h.c.i.RegionFactoryInitiator           : HHH000026: Second-level cache disabled
[2024-03-06 11:01:34.952]  INFO 10852 --- [  restartedMain] o.s.o.j.p.SpringPersistenceUnitInfo      : No LoadTimeWeaver setup: ignoring JPA class transformer
[2024-03-06 11:01:34.969]  INFO 10852 --- [  restartedMain] o.h.e.t.j.p.i.JtaPlatformInitiator       : HHH000489: No JTA platform available (set 'hibernate.transaction.jta.platform' to enable JTA platform integration)
[2024-03-06 11:01:34.969]  INFO 10852 --- [  restartedMain] j.LocalContainerEntityManagerFactoryBean : Initialized JPA EntityManagerFactory for persistence unit 'default'
[2024-03-06 11:01:35.024]  WARN 10852 --- [  restartedMain] JpaBaseConfiguration$JpaWebConfiguration : spring.jpa.open-in-view is enabled by default. Therefore, database queries may be performed during view rendering. Explicitly configure spring.jpa.open-in-view to disable this warning
[2024-03-06 11:01:35.032]  INFO 10852 --- [  restartedMain] o.s.b.a.w.s.WelcomePageHandlerMapping    : Adding welcome page: class path resource [static/index.html]
[2024-03-06 11:01:35.067]  INFO 10852 --- [  restartedMain] o.s.s.w.DefaultSecurityFilterChain       : Will secure any request with [org.springframework.security.web.session.DisableEncodeUrlFilter@70d036ec, org.springframework.security.web.context.request.async.WebAsyncManagerIntegrationFilter@2df86380, org.springframework.security.web.context.SecurityContextHolderFilter@69ac652a, org.springframework.security.web.header.HeaderWriterFilter@59b8abd9, org.springframework.security.oauth2.client.web.OAuth2AuthorizationRequestRedirectFilter@7b80272, org.springframework.security.oauth2.client.web.OAuth2LoginAuthenticationFilter@e90e198, org.springframework.security.web.authentication.ui.DefaultLoginPageGeneratingFilter@10f32a4f, org.springframework.security.web.savedrequest.RequestCacheAwareFilter@41d3be0f, org.springframework.security.web.servletapi.SecurityContextHolderAwareRequestFilter@c09ae74, org.springframework.security.web.authentication.AnonymousAuthenticationFilter@6a144fdf, org.springframework.security.web.access.ExceptionTranslationFilter@226def5e, org.springframework.security.web.access.intercept.AuthorizationFilter@46836ed8]
[2024-03-06 11:01:35.110]  INFO 10852 --- [  restartedMain] o.s.b.d.a.OptionalLiveReloadServer       : LiveReload server is running on port 35729
[2024-03-06 11:01:35.116]  INFO 10852 --- [  restartedMain] o.a.c.h.Http11NioProtocol                : Starting ProtocolHandler ["http-nio-8080"]
[2024-03-06 11:01:35.119]  INFO 10852 --- [  restartedMain] o.s.b.w.e.t.TomcatWebServer              : Tomcat started on port 8080 (http) with context path ''
[2024-03-06 11:01:35.122]  INFO 10852 --- [  restartedMain] c.s.g.GalleryApplication                 : Started GalleryApplication in 0.461 seconds (process running for 649.885)
[2024-03-06 11:01:35.123]  INFO 10852 --- [  restartedMain] .ConditionEvaluationDeltaLoggingListener : Condition evaluation unchanged
