[2024-03-06 15:22:13.180]  INFO 28448 --- [   File Watcher] rtingClassPathChangeChangedEventListener : Restarting due to 1 class path change (0 additions, 0 deletions, 1 modification)
[2024-03-06 15:22:13.184]  INFO 28448 --- [      Thread-15] o.a.c.h.Http11NioProtocol                : Stopping ProtocolHandler ["http-nio-8080"]
[2024-03-06 15:22:13.201]  INFO 28448 --- [      Thread-15] j.LocalContainerEntityManagerFactoryBean : Closing JPA EntityManagerFactory for persistence unit 'default'
[2024-03-06 15:22:13.201]  INFO 28448 --- [      Thread-15] c.z.h.HikariDataSource                   : HikariPool-4 - Shutdown initiated...
[2024-03-06 15:22:13.204]  INFO 28448 --- [      Thread-15] c.z.h.HikariDataSource                   : HikariPool-4 - Shutdown completed.
[2024-03-06 15:22:13.277]  INFO 28448 --- [  restartedMain] c.s.g.GalleryApplication                 : Starting GalleryApplication using Java 17.0.9 with PID 28448 (C:\Users\SSAFY\Desktop\PJT2\backend\build\classes\java\main started by SSAFY in C:\Users\SSAFY\Desktop\PJT2\backend)
[2024-03-06 15:22:13.278]  INFO 28448 --- [  restartedMain] c.s.g.GalleryApplication                 : No active profile set, falling back to 1 default profile: "default"
[2024-03-06 15:22:13.442]  INFO 28448 --- [  restartedMain] .s.d.r.c.RepositoryConfigurationDelegate : Bootstrapping Spring Data JPA repositories in DEFAULT mode.
[2024-03-06 15:22:13.448]  INFO 28448 --- [  restartedMain] .s.d.r.c.RepositoryConfigurationDelegate : Finished Spring Data repository scanning in 6 ms. Found 1 JPA repository interface.
[2024-03-06 15:22:13.517]  INFO 28448 --- [  restartedMain] o.s.b.w.e.t.TomcatWebServer              : Tomcat initialized with port 8080 (http)
[2024-03-06 15:22:13.518]  INFO 28448 --- [  restartedMain] o.a.c.h.Http11NioProtocol                : Initializing ProtocolHandler ["http-nio-8080"]
[2024-03-06 15:22:13.518]  INFO 28448 --- [  restartedMain] o.a.c.c.StandardService                  : Starting service [Tomcat]
[2024-03-06 15:22:13.518]  INFO 28448 --- [  restartedMain] o.a.c.c.StandardEngine                   : Starting Servlet engine: [Apache Tomcat/10.1.19]
[2024-03-06 15:22:13.530]  INFO 28448 --- [  restartedMain] o.a.c.c.C.[.[.[/]                        : Initializing Spring embedded WebApplicationContext
[2024-03-06 15:22:13.531]  INFO 28448 --- [  restartedMain] w.s.c.ServletWebServerApplicationContext : Root WebApplicationContext: initialization completed in 252 ms
[2024-03-06 15:22:13.549]  INFO 28448 --- [  restartedMain] c.z.h.HikariDataSource                   : HikariPool-5 - Starting...
[2024-03-06 15:22:13.559]  INFO 28448 --- [  restartedMain] c.z.h.p.HikariPool                       : HikariPool-5 - Added connection com.mysql.cj.jdbc.ConnectionImpl@4ae7946d
[2024-03-06 15:22:13.559]  INFO 28448 --- [  restartedMain] c.z.h.HikariDataSource                   : HikariPool-5 - Start completed.
[2024-03-06 15:22:13.560]  INFO 28448 --- [  restartedMain] o.h.j.i.u.LogHelper                      : HHH000204: Processing PersistenceUnitInfo [name: default]
[2024-03-06 15:22:13.562]  INFO 28448 --- [  restartedMain] o.h.c.i.RegionFactoryInitiator           : HHH000026: Second-level cache disabled
[2024-03-06 15:22:13.565]  INFO 28448 --- [  restartedMain] o.s.o.j.p.SpringPersistenceUnitInfo      : No LoadTimeWeaver setup: ignoring JPA class transformer
[2024-03-06 15:22:13.582]  INFO 28448 --- [  restartedMain] o.h.e.t.j.p.i.JtaPlatformInitiator       : HHH000489: No JTA platform available (set 'hibernate.transaction.jta.platform' to enable JTA platform integration)
[2024-03-06 15:22:13.582]  INFO 28448 --- [  restartedMain] j.LocalContainerEntityManagerFactoryBean : Initialized JPA EntityManagerFactory for persistence unit 'default'
[2024-03-06 15:22:13.641]  WARN 28448 --- [  restartedMain] JpaBaseConfiguration$JpaWebConfiguration : spring.jpa.open-in-view is enabled by default. Therefore, database queries may be performed during view rendering. Explicitly configure spring.jpa.open-in-view to disable this warning
[2024-03-06 15:22:13.648]  INFO 28448 --- [  restartedMain] o.s.b.a.w.s.WelcomePageHandlerMapping    : Adding welcome page: class path resource [static/index.html]
[2024-03-06 15:22:13.687]  INFO 28448 --- [  restartedMain] o.s.s.w.DefaultSecurityFilterChain       : Will secure any request with [org.springframework.security.web.session.DisableEncodeUrlFilter@5ba7cacc, org.springframework.security.web.context.request.async.WebAsyncManagerIntegrationFilter@5863d566, org.springframework.security.web.context.SecurityContextHolderFilter@f1f2c53, org.springframework.security.web.header.HeaderWriterFilter@4f52db6a, org.springframework.security.oauth2.client.web.OAuth2AuthorizationRequestRedirectFilter@737d297b, org.springframework.security.oauth2.client.web.OAuth2LoginAuthenticationFilter@3ea3988, org.springframework.security.web.authentication.ui.DefaultLoginPageGeneratingFilter@3668c1f5, org.springframework.security.web.savedrequest.RequestCacheAwareFilter@485a4701, org.springframework.security.web.servletapi.SecurityContextHolderAwareRequestFilter@6f38cef3, org.springframework.security.web.authentication.AnonymousAuthenticationFilter@424f09e0, org.springframework.security.web.access.ExceptionTranslationFilter@666835ac, org.springframework.security.web.access.intercept.AuthorizationFilter@5a9b3b8d]
[2024-03-06 15:22:13.730]  INFO 28448 --- [  restartedMain] o.s.b.d.a.OptionalLiveReloadServer       : LiveReload server is running on port 35729
[2024-03-06 15:22:13.738]  INFO 28448 --- [  restartedMain] o.a.c.h.Http11NioProtocol                : Starting ProtocolHandler ["http-nio-8080"]
[2024-03-06 15:22:13.741]  INFO 28448 --- [  restartedMain] o.s.b.w.e.t.TomcatWebServer              : Tomcat started on port 8080 (http) with context path ''
[2024-03-06 15:22:13.745]  INFO 28448 --- [  restartedMain] c.s.g.GalleryApplication                 : Started GalleryApplication in 0.499 seconds (process running for 440.175)
[2024-03-06 15:22:13.746]  INFO 28448 --- [  restartedMain] .ConditionEvaluationDeltaLoggingListener : Condition evaluation unchanged
