[2024-03-05 17:53:00.043]  INFO 11420 --- [  restartedMain] c.s.g.GalleryApplication                 : Starting GalleryApplication using Java 17.0.9 with PID 11420 (D:\Project\S10P22A101\backend\build\classes\java\main started by SSAFY in D:\Project\S10P22A101\backend)
[2024-03-05 17:53:00.050]  INFO 11420 --- [  restartedMain] c.s.g.GalleryApplication                 : No active profile set, falling back to 1 default profile: "default"
[2024-03-05 17:53:00.074]  INFO 11420 --- [  restartedMain] .e.DevToolsPropertyDefaultsPostProcessor : Devtools property defaults active! Set 'spring.devtools.add-properties' to 'false' to disable
[2024-03-05 17:53:00.074]  INFO 11420 --- [  restartedMain] .e.DevToolsPropertyDefaultsPostProcessor : For additional web related logging consider setting the 'logging.level.web' property to 'DEBUG'
[2024-03-05 17:53:00.564]  INFO 11420 --- [  restartedMain] .s.d.r.c.RepositoryConfigurationDelegate : Bootstrapping Spring Data JPA repositories in DEFAULT mode.
[2024-03-05 17:53:00.597]  INFO 11420 --- [  restartedMain] .s.d.r.c.RepositoryConfigurationDelegate : Finished Spring Data repository scanning in 27 ms. Found 1 JPA repository interface.
[2024-03-05 17:53:00.930]  INFO 11420 --- [  restartedMain] o.s.b.w.e.t.TomcatWebServer              : Tomcat initialized with port 8080 (http)
[2024-03-05 17:53:00.936]  INFO 11420 --- [  restartedMain] o.a.c.h.Http11NioProtocol                : Initializing ProtocolHandler ["http-nio-8080"]
[2024-03-05 17:53:00.937]  INFO 11420 --- [  restartedMain] o.a.c.c.StandardService                  : Starting service [Tomcat]
[2024-03-05 17:53:00.938]  INFO 11420 --- [  restartedMain] o.a.c.c.StandardEngine                   : Starting Servlet engine: [Apache Tomcat/10.1.19]
[2024-03-05 17:53:00.973]  INFO 11420 --- [  restartedMain] o.a.c.c.C.[.[.[/]                        : Initializing Spring embedded WebApplicationContext
[2024-03-05 17:53:00.973]  INFO 11420 --- [  restartedMain] w.s.c.ServletWebServerApplicationContext : Root WebApplicationContext: initialization completed in 898 ms
[2024-03-05 17:53:01.068]  INFO 11420 --- [  restartedMain] c.z.h.HikariDataSource                   : HikariPool-1 - Starting...
[2024-03-05 17:53:01.245]  INFO 11420 --- [  restartedMain] c.z.h.p.HikariPool                       : HikariPool-1 - Added connection com.mysql.cj.jdbc.ConnectionImpl@6f99a2e4
[2024-03-05 17:53:01.246]  INFO 11420 --- [  restartedMain] c.z.h.HikariDataSource                   : HikariPool-1 - Start completed.
[2024-03-05 17:53:01.270]  INFO 11420 --- [  restartedMain] o.h.j.i.u.LogHelper                      : HHH000204: Processing PersistenceUnitInfo [name: default]
[2024-03-05 17:53:01.303]  INFO 11420 --- [  restartedMain] o.h.Version                              : HHH000412: Hibernate ORM core version 6.4.4.Final
[2024-03-05 17:53:01.322]  INFO 11420 --- [  restartedMain] o.h.c.i.RegionFactoryInitiator           : HHH000026: Second-level cache disabled
[2024-03-05 17:53:01.477]  INFO 11420 --- [  restartedMain] o.s.o.j.p.SpringPersistenceUnitInfo      : No LoadTimeWeaver setup: ignoring JPA class transformer
[2024-03-05 17:53:01.529]  WARN 11420 --- [  restartedMain] o.h.d.Dialect                            : HHH000511: The 5.7.0 version for [org.hibernate.dialect.MySQLDialect] is no longer supported, hence certain features may not work properly. The minimum supported version is 8.0.0. Check the community dialects project for available legacy versions.
[2024-03-05 17:53:02.010]  INFO 11420 --- [  restartedMain] o.h.e.t.j.p.i.JtaPlatformInitiator       : HHH000489: No JTA platform available (set 'hibernate.transaction.jta.platform' to enable JTA platform integration)
[2024-03-05 17:53:02.012]  INFO 11420 --- [  restartedMain] j.LocalContainerEntityManagerFactoryBean : Initialized JPA EntityManagerFactory for persistence unit 'default'
[2024-03-05 17:53:02.272]  WARN 11420 --- [  restartedMain] JpaBaseConfiguration$JpaWebConfiguration : spring.jpa.open-in-view is enabled by default. Therefore, database queries may be performed during view rendering. Explicitly configure spring.jpa.open-in-view to disable this warning
[2024-03-05 17:53:02.325]  INFO 11420 --- [  restartedMain] o.s.b.a.w.s.WelcomePageHandlerMapping    : Adding welcome page: class path resource [static/index.html]
[2024-03-05 17:53:02.449]  INFO 11420 --- [  restartedMain] o.s.s.w.DefaultSecurityFilterChain       : Will secure any request with [org.springframework.security.web.session.DisableEncodeUrlFilter@292840bf, org.springframework.security.web.context.request.async.WebAsyncManagerIntegrationFilter@1d4e550a, org.springframework.security.web.context.SecurityContextHolderFilter@b9efbc6, org.springframework.security.web.header.HeaderWriterFilter@71d20e5e, org.springframework.security.oauth2.client.web.OAuth2AuthorizationRequestRedirectFilter@68b515d6, org.springframework.security.oauth2.client.web.OAuth2LoginAuthenticationFilter@164442c2, org.springframework.security.web.authentication.ui.DefaultLoginPageGeneratingFilter@240f9715, org.springframework.security.web.savedrequest.RequestCacheAwareFilter@78da3a65, org.springframework.security.web.servletapi.SecurityContextHolderAwareRequestFilter@7ef9f1ba, org.springframework.security.web.authentication.AnonymousAuthenticationFilter@340b9cec, org.springframework.security.web.access.ExceptionTranslationFilter@20283aee, org.springframework.security.web.access.intercept.AuthorizationFilter@6732fba2]
[2024-03-05 17:53:02.598]  INFO 11420 --- [  restartedMain] o.s.b.d.a.OptionalLiveReloadServer       : LiveReload server is running on port 35729
[2024-03-05 17:53:02.610]  INFO 11420 --- [  restartedMain] o.a.c.h.Http11NioProtocol                : Starting ProtocolHandler ["http-nio-8080"]
[2024-03-05 17:53:02.622]  INFO 11420 --- [  restartedMain] o.s.b.w.e.t.TomcatWebServer              : Tomcat started on port 8080 (http) with context path ''
[2024-03-05 17:53:02.628]  INFO 11420 --- [  restartedMain] c.s.g.GalleryApplication                 : Started GalleryApplication in 2.804 seconds (process running for 3.361)
