[2024-03-05 17:07:01.923]  INFO 7532 --- [ionShutdownHook] j.LocalContainerEntityManagerFactoryBean : Closing JPA EntityManagerFactory for persistence unit 'default'
[2024-03-05 17:07:01.925]  INFO 7532 --- [ionShutdownHook] c.z.h.HikariDataSource                   : HikariPool-8 - Shutdown initiated...
[2024-03-05 17:07:01.927]  INFO 7532 --- [ionShutdownHook] c.z.h.HikariDataSource                   : HikariPool-8 - Shutdown completed.
[2024-03-05 17:07:04.356]  INFO 2144 --- [  restartedMain] c.s.g.GalleryApplication                 : Starting GalleryApplication using Java 17.0.9 with PID 2144 (D:\Project\S10P22A101\backend\build\classes\java\main started by SSAFY in D:\Project\S10P22A101\backend)
[2024-03-05 17:07:04.360]  INFO 2144 --- [  restartedMain] c.s.g.GalleryApplication                 : No active profile set, falling back to 1 default profile: "default"
[2024-03-05 17:07:04.384]  INFO 2144 --- [  restartedMain] .e.DevToolsPropertyDefaultsPostProcessor : Devtools property defaults active! Set 'spring.devtools.add-properties' to 'false' to disable
[2024-03-05 17:07:04.385]  INFO 2144 --- [  restartedMain] .e.DevToolsPropertyDefaultsPostProcessor : For additional web related logging consider setting the 'logging.level.web' property to 'DEBUG'
[2024-03-05 17:07:05.094]  INFO 2144 --- [  restartedMain] .s.d.r.c.RepositoryConfigurationDelegate : Bootstrapping Spring Data JPA repositories in DEFAULT mode.
[2024-03-05 17:07:05.108]  INFO 2144 --- [  restartedMain] .s.d.r.c.RepositoryConfigurationDelegate : Finished Spring Data repository scanning in 9 ms. Found 0 JPA repository interfaces.
[2024-03-05 17:07:05.492]  INFO 2144 --- [  restartedMain] o.s.b.w.e.t.TomcatWebServer              : Tomcat initialized with port 8080 (http)
[2024-03-05 17:07:05.503]  INFO 2144 --- [  restartedMain] o.a.c.h.Http11NioProtocol                : Initializing ProtocolHandler ["http-nio-8080"]
[2024-03-05 17:07:05.505]  INFO 2144 --- [  restartedMain] o.a.c.c.StandardService                  : Starting service [Tomcat]
[2024-03-05 17:07:05.505]  INFO 2144 --- [  restartedMain] o.a.c.c.StandardEngine                   : Starting Servlet engine: [Apache Tomcat/10.1.19]
[2024-03-05 17:07:05.540]  INFO 2144 --- [  restartedMain] o.a.c.c.C.[.[.[/]                        : Initializing Spring embedded WebApplicationContext
[2024-03-05 17:07:05.541]  INFO 2144 --- [  restartedMain] w.s.c.ServletWebServerApplicationContext : Root WebApplicationContext: initialization completed in 1156 ms
[2024-03-05 17:07:05.643]  INFO 2144 --- [  restartedMain] c.z.h.HikariDataSource                   : HikariPool-1 - Starting...
[2024-03-05 17:07:05.844]  INFO 2144 --- [  restartedMain] c.z.h.p.HikariPool                       : HikariPool-1 - Added connection com.mysql.cj.jdbc.ConnectionImpl@21fc50ab
[2024-03-05 17:07:05.845]  INFO 2144 --- [  restartedMain] c.z.h.HikariDataSource                   : HikariPool-1 - Start completed.
[2024-03-05 17:07:05.874]  INFO 2144 --- [  restartedMain] o.h.j.i.u.LogHelper                      : HHH000204: Processing PersistenceUnitInfo [name: default]
[2024-03-05 17:07:05.913]  INFO 2144 --- [  restartedMain] o.h.Version                              : HHH000412: Hibernate ORM core version 6.4.4.Final
[2024-03-05 17:07:05.938]  INFO 2144 --- [  restartedMain] o.h.c.i.RegionFactoryInitiator           : HHH000026: Second-level cache disabled
[2024-03-05 17:07:06.126]  INFO 2144 --- [  restartedMain] o.s.o.j.p.SpringPersistenceUnitInfo      : No LoadTimeWeaver setup: ignoring JPA class transformer
[2024-03-05 17:07:06.188]  WARN 2144 --- [  restartedMain] o.h.d.Dialect                            : HHH000511: The 5.7.0 version for [org.hibernate.dialect.MySQLDialect] is no longer supported, hence certain features may not work properly. The minimum supported version is 8.0.0. Check the community dialects project for available legacy versions.
[2024-03-05 17:07:06.420]  INFO 2144 --- [  restartedMain] o.h.e.t.j.p.i.JtaPlatformInitiator       : HHH000489: No JTA platform available (set 'hibernate.transaction.jta.platform' to enable JTA platform integration)
[2024-03-05 17:07:06.423]  INFO 2144 --- [  restartedMain] j.LocalContainerEntityManagerFactoryBean : Initialized JPA EntityManagerFactory for persistence unit 'default'
[2024-03-05 17:07:06.559]  WARN 2144 --- [  restartedMain] JpaBaseConfiguration$JpaWebConfiguration : spring.jpa.open-in-view is enabled by default. Therefore, database queries may be performed during view rendering. Explicitly configure spring.jpa.open-in-view to disable this warning
[2024-03-05 17:07:06.626]  INFO 2144 --- [  restartedMain] o.s.b.a.w.s.WelcomePageHandlerMapping    : Adding welcome page: class path resource [static/index.html]
[2024-03-05 17:07:06.782]  INFO 2144 --- [  restartedMain] o.s.s.w.DefaultSecurityFilterChain       : Will secure any request with [org.springframework.security.web.session.DisableEncodeUrlFilter@114d9e1b, org.springframework.security.web.context.request.async.WebAsyncManagerIntegrationFilter@7d310d5, org.springframework.security.web.context.SecurityContextHolderFilter@439d92fd, org.springframework.security.web.header.HeaderWriterFilter@2915cce4, org.springframework.security.oauth2.client.web.OAuth2AuthorizationRequestRedirectFilter@2357c22b, org.springframework.security.oauth2.client.web.OAuth2LoginAuthenticationFilter@4e6b0c73, org.springframework.security.web.authentication.ui.DefaultLoginPageGeneratingFilter@51b7f198, org.springframework.security.web.savedrequest.RequestCacheAwareFilter@6f2382b9, org.springframework.security.web.servletapi.SecurityContextHolderAwareRequestFilter@db7574e, org.springframework.security.web.authentication.AnonymousAuthenticationFilter@52fe5991, org.springframework.security.web.access.ExceptionTranslationFilter@2f599dee, org.springframework.security.web.access.intercept.AuthorizationFilter@749a4c0d]
[2024-03-05 17:07:06.982]  INFO 2144 --- [  restartedMain] o.s.b.d.a.OptionalLiveReloadServer       : LiveReload server is running on port 35729
[2024-03-05 17:07:06.996]  INFO 2144 --- [  restartedMain] o.a.c.h.Http11NioProtocol                : Starting ProtocolHandler ["http-nio-8080"]
[2024-03-05 17:07:07.009]  INFO 2144 --- [  restartedMain] o.s.b.w.e.t.TomcatWebServer              : Tomcat started on port 8080 (http) with context path ''
[2024-03-05 17:07:07.017]  INFO 2144 --- [  restartedMain] c.s.g.GalleryApplication                 : Started GalleryApplication in 2.88 seconds (process running for 3.435)
[2024-03-05 17:07:09.599]  INFO 2144 --- [nio-8080-exec-1] o.a.c.c.C.[.[.[/]                        : Initializing Spring DispatcherServlet 'dispatcherServlet'
[2024-03-05 17:07:09.600]  INFO 2144 --- [nio-8080-exec-1] o.s.w.s.DispatcherServlet                : Initializing Servlet 'dispatcherServlet'
[2024-03-05 17:07:09.601]  INFO 2144 --- [nio-8080-exec-1] o.s.w.s.DispatcherServlet                : Completed initialization in 1 ms
[2024-03-05 17:07:18.229]  WARN 2144 --- [nio-8080-exec-8] .w.s.m.s.DefaultHandlerExceptionResolver : Resolved [org.springframework.web.bind.MissingServletRequestParameterException: Required request parameter 'error' for method parameter type String is not present]
