[2024-03-06 14:37:32.262]  INFO 15444 --- [   File Watcher] rtingClassPathChangeChangedEventListener : Restarting due to 2 class path changes (0 additions, 0 deletions, 2 modifications)
[2024-03-06 14:37:32.266]  INFO 15444 --- [      Thread-19] o.a.c.h.Http11NioProtocol                : Stopping ProtocolHandler ["http-nio-8080"]
[2024-03-06 14:37:32.284]  INFO 15444 --- [      Thread-19] j.LocalContainerEntityManagerFactoryBean : Closing JPA EntityManagerFactory for persistence unit 'default'
[2024-03-06 14:37:32.284]  INFO 15444 --- [      Thread-19] c.z.h.HikariDataSource                   : HikariPool-5 - Shutdown initiated...
[2024-03-06 14:37:32.288]  INFO 15444 --- [      Thread-19] c.z.h.HikariDataSource                   : HikariPool-5 - Shutdown completed.
[2024-03-06 14:37:32.365]  INFO 15444 --- [  restartedMain] c.s.g.GalleryApplication                 : Starting GalleryApplication using Java 17.0.9 with PID 15444 (C:\Users\SSAFY\Desktop\PJT2\backend\build\classes\java\main started by SSAFY in C:\Users\SSAFY\Desktop\PJT2\backend)
[2024-03-06 14:37:32.366]  INFO 15444 --- [  restartedMain] c.s.g.GalleryApplication                 : No active profile set, falling back to 1 default profile: "default"
[2024-03-06 14:37:32.517]  INFO 15444 --- [  restartedMain] .s.d.r.c.RepositoryConfigurationDelegate : Bootstrapping Spring Data JPA repositories in DEFAULT mode.
[2024-03-06 14:37:32.526]  INFO 15444 --- [  restartedMain] .s.d.r.c.RepositoryConfigurationDelegate : Finished Spring Data repository scanning in 8 ms. Found 1 JPA repository interface.
[2024-03-06 14:37:32.591]  INFO 15444 --- [  restartedMain] o.s.b.w.e.t.TomcatWebServer              : Tomcat initialized with port 8080 (http)
[2024-03-06 14:37:32.592]  INFO 15444 --- [  restartedMain] o.a.c.h.Http11NioProtocol                : Initializing ProtocolHandler ["http-nio-8080"]
[2024-03-06 14:37:32.592]  INFO 15444 --- [  restartedMain] o.a.c.c.StandardService                  : Starting service [Tomcat]
[2024-03-06 14:37:32.592]  INFO 15444 --- [  restartedMain] o.a.c.c.StandardEngine                   : Starting Servlet engine: [Apache Tomcat/10.1.19]
[2024-03-06 14:37:32.603]  INFO 15444 --- [  restartedMain] o.a.c.c.C.[.[.[/]                        : Initializing Spring embedded WebApplicationContext
[2024-03-06 14:37:32.603]  INFO 15444 --- [  restartedMain] w.s.c.ServletWebServerApplicationContext : Root WebApplicationContext: initialization completed in 236 ms
[2024-03-06 14:37:32.628]  INFO 15444 --- [  restartedMain] c.z.h.HikariDataSource                   : HikariPool-6 - Starting...
[2024-03-06 14:37:32.636]  INFO 15444 --- [  restartedMain] c.z.h.p.HikariPool                       : HikariPool-6 - Added connection com.mysql.cj.jdbc.ConnectionImpl@1100c501
[2024-03-06 14:37:32.637]  INFO 15444 --- [  restartedMain] c.z.h.HikariDataSource                   : HikariPool-6 - Start completed.
[2024-03-06 14:37:32.637]  INFO 15444 --- [  restartedMain] o.h.j.i.u.LogHelper                      : HHH000204: Processing PersistenceUnitInfo [name: default]
[2024-03-06 14:37:32.639]  INFO 15444 --- [  restartedMain] o.h.c.i.RegionFactoryInitiator           : HHH000026: Second-level cache disabled
[2024-03-06 14:37:32.643]  INFO 15444 --- [  restartedMain] o.s.o.j.p.SpringPersistenceUnitInfo      : No LoadTimeWeaver setup: ignoring JPA class transformer
[2024-03-06 14:37:32.662]  INFO 15444 --- [  restartedMain] o.h.e.t.j.p.i.JtaPlatformInitiator       : HHH000489: No JTA platform available (set 'hibernate.transaction.jta.platform' to enable JTA platform integration)
[2024-03-06 14:37:32.662]  INFO 15444 --- [  restartedMain] j.LocalContainerEntityManagerFactoryBean : Initialized JPA EntityManagerFactory for persistence unit 'default'
[2024-03-06 14:37:32.721]  WARN 15444 --- [  restartedMain] JpaBaseConfiguration$JpaWebConfiguration : spring.jpa.open-in-view is enabled by default. Therefore, database queries may be performed during view rendering. Explicitly configure spring.jpa.open-in-view to disable this warning
[2024-03-06 14:37:32.728]  INFO 15444 --- [  restartedMain] o.s.b.a.w.s.WelcomePageHandlerMapping    : Adding welcome page: class path resource [static/index.html]
[2024-03-06 14:37:32.770]  INFO 15444 --- [  restartedMain] o.s.s.w.DefaultSecurityFilterChain       : Will secure any request with [org.springframework.security.web.session.DisableEncodeUrlFilter@5657d4df, org.springframework.security.web.context.request.async.WebAsyncManagerIntegrationFilter@5056dd9e, org.springframework.security.web.context.SecurityContextHolderFilter@3e501c0b, org.springframework.security.web.header.HeaderWriterFilter@26e25b38, org.springframework.security.oauth2.client.web.OAuth2AuthorizationRequestRedirectFilter@1f5057ee, org.springframework.security.oauth2.client.web.OAuth2LoginAuthenticationFilter@74f24e5b, org.springframework.security.web.authentication.ui.DefaultLoginPageGeneratingFilter@62d1330c, org.springframework.security.web.savedrequest.RequestCacheAwareFilter@70722578, org.springframework.security.web.servletapi.SecurityContextHolderAwareRequestFilter@56de9974, org.springframework.security.web.authentication.AnonymousAuthenticationFilter@4d241f5d, org.springframework.security.web.access.ExceptionTranslationFilter@59cff8aa, org.springframework.security.web.access.intercept.AuthorizationFilter@3de76c1f]
[2024-03-06 14:37:32.815]  INFO 15444 --- [  restartedMain] o.s.b.d.a.OptionalLiveReloadServer       : LiveReload server is running on port 35729
[2024-03-06 14:37:32.822]  INFO 15444 --- [  restartedMain] o.a.c.h.Http11NioProtocol                : Starting ProtocolHandler ["http-nio-8080"]
[2024-03-06 14:37:32.825]  INFO 15444 --- [  restartedMain] o.s.b.w.e.t.TomcatWebServer              : Tomcat started on port 8080 (http) with context path ''
[2024-03-06 14:37:32.828]  INFO 15444 --- [  restartedMain] c.s.g.GalleryApplication                 : Started GalleryApplication in 0.493 seconds (process running for 249.137)
[2024-03-06 14:37:32.830]  INFO 15444 --- [  restartedMain] .ConditionEvaluationDeltaLoggingListener : Condition evaluation unchanged
