2024-03-04 16:31:22,890 [restartedMain] INFO  org.springframework.boot.devtools.env.DevToolsPropertyDefaultsPostProcessor(logTo:252) - Devtools property defaults active! Set 'spring.devtools.add-properties' to 'false' to disable
2024-03-04 16:31:22,892 [restartedMain] INFO  org.springframework.boot.devtools.env.DevToolsPropertyDefaultsPostProcessor(logTo:252) - For additional web related logging consider setting the 'logging.level.web' property to 'DEBUG'
2024-03-04 16:31:23,418 [restartedMain] INFO  org.springframework.data.repository.config.RepositoryConfigurationDelegate(registerRepositoriesIn:139) - Bootstrapping Spring Data JPA repositories in DEFAULT mode.
2024-03-04 16:31:23,431 [restartedMain] INFO  org.springframework.data.repository.config.RepositoryConfigurationDelegate(registerRepositoriesIn:208) - Finished Spring Data repository scanning in 8 ms. Found 0 JPA repository interfaces.
2024-03-04 16:31:23,783 [restartedMain] INFO  org.springframework.boot.web.embedded.tomcat.TomcatWebServer(initialize:109) - Tomcat initialized with port 8080 (http)
2024-03-04 16:31:23,832 [restartedMain] INFO  org.springframework.boot.web.servlet.context.ServletWebServerApplicationContext(prepareWebApplicationContext:296) - Root WebApplicationContext: initialization completed in 940 ms
2024-03-04 16:31:24,370 [restartedMain] INFO  org.springframework.orm.jpa.persistenceunit.SpringPersistenceUnitInfo(addTransformer:87) - No LoadTimeWeaver setup: ignoring JPA class transformer
2024-03-04 16:31:24,630 [restartedMain] INFO  org.springframework.orm.jpa.LocalContainerEntityManagerFactoryBean(buildNativeEntityManagerFactory:437) - Initialized JPA EntityManagerFactory for persistence unit 'default'
2024-03-04 16:31:24,706 [restartedMain] WARN  org.springframework.boot.autoconfigure.orm.jpa.JpaBaseConfiguration$JpaWebConfiguration(openEntityManagerInViewInterceptor:232) - spring.jpa.open-in-view is enabled by default. Therefore, database queries may be performed during view rendering. Explicitly configure spring.jpa.open-in-view to disable this warning
2024-03-04 16:31:24,718 [restartedMain] WARN  org.springframework.boot.autoconfigure.security.servlet.UserDetailsServiceAutoConfiguration(getOrDeducePassword:86) - 

Using generated security password: 213075fb-7f9e-48ce-be44-18eb946b5bae

This generated password is for development use only. Your security configuration must be updated before running your application in production.

2024-03-04 16:31:24,889 [restartedMain] INFO  org.springframework.security.web.DefaultSecurityFilterChain(<init>:54) - Will secure any request with [org.springframework.security.web.session.DisableEncodeUrlFilter@27343f09, org.springframework.security.web.context.request.async.WebAsyncManagerIntegrationFilter@7442a22e, org.springframework.security.web.context.SecurityContextHolderFilter@56d304ab, org.springframework.security.web.header.HeaderWriterFilter@5e035cea, org.springframework.security.web.authentication.logout.LogoutFilter@624e9f4, org.springframework.security.web.savedrequest.RequestCacheAwareFilter@1e2b9fc3, org.springframework.security.web.servletapi.SecurityContextHolderAwareRequestFilter@6b4f2baa, org.springframework.security.web.authentication.AnonymousAuthenticationFilter@39b11ea, org.springframework.security.web.access.ExceptionTranslationFilter@646bc339, org.springframework.security.web.access.intercept.AuthorizationFilter@418244ed]
2024-03-04 16:31:25,068 [restartedMain] INFO  org.springframework.boot.devtools.autoconfigure.OptionalLiveReloadServer(startServer:59) - LiveReload server is running on port 35729
2024-03-04 16:31:25,092 [restartedMain] INFO  org.springframework.boot.web.embedded.tomcat.TomcatWebServer(start:241) - Tomcat started on port 8080 (http) with context path ''
2024-03-04 16:31:27,506 [http-nio-8080-exec-1] INFO  org.springframework.web.servlet.DispatcherServlet(initServletBean:532) - Initializing Servlet 'dispatcherServlet'
2024-03-04 16:31:27,507 [http-nio-8080-exec-1] INFO  org.springframework.web.servlet.DispatcherServlet(initServletBean:554) - Completed initialization in 1 ms
2024-03-04 16:32:26,692 [File Watcher] INFO  org.springframework.boot.devtools.autoconfigure.LocalDevToolsAutoConfiguration$RestartingClassPathChangeChangedEventListener(onApplicationEvent:211) - Restarting due to 1 class path change (0 additions, 0 deletions, 1 modification)
2024-03-04 16:32:26,707 [Thread-5] INFO  org.springframework.orm.jpa.LocalContainerEntityManagerFactoryBean(destroy:650) - Closing JPA EntityManagerFactory for persistence unit 'default'
2024-03-04 16:32:26,938 [restartedMain] INFO  org.springframework.data.repository.config.RepositoryConfigurationDelegate(registerRepositoriesIn:139) - Bootstrapping Spring Data JPA repositories in DEFAULT mode.
2024-03-04 16:32:26,940 [restartedMain] INFO  org.springframework.data.repository.config.RepositoryConfigurationDelegate(registerRepositoriesIn:208) - Finished Spring Data repository scanning in 1 ms. Found 0 JPA repository interfaces.
2024-03-04 16:32:27,007 [restartedMain] INFO  org.springframework.boot.web.embedded.tomcat.TomcatWebServer(initialize:109) - Tomcat initialized with port 8080 (http)
2024-03-04 16:32:27,018 [restartedMain] INFO  org.springframework.boot.web.servlet.context.ServletWebServerApplicationContext(prepareWebApplicationContext:296) - Root WebApplicationContext: initialization completed in 212 ms
2024-03-04 16:32:27,060 [restartedMain] INFO  org.springframework.orm.jpa.persistenceunit.SpringPersistenceUnitInfo(addTransformer:87) - No LoadTimeWeaver setup: ignoring JPA class transformer
2024-03-04 16:32:27,069 [restartedMain] INFO  org.springframework.orm.jpa.LocalContainerEntityManagerFactoryBean(buildNativeEntityManagerFactory:437) - Initialized JPA EntityManagerFactory for persistence unit 'default'
2024-03-04 16:32:27,093 [restartedMain] WARN  org.springframework.boot.autoconfigure.orm.jpa.JpaBaseConfiguration$JpaWebConfiguration(openEntityManagerInViewInterceptor:232) - spring.jpa.open-in-view is enabled by default. Therefore, database queries may be performed during view rendering. Explicitly configure spring.jpa.open-in-view to disable this warning
2024-03-04 16:32:27,097 [restartedMain] WARN  org.springframework.boot.autoconfigure.security.servlet.UserDetailsServiceAutoConfiguration(getOrDeducePassword:86) - 

Using generated security password: b4826d2e-9ef1-4c1b-9faf-2279736c2b3a

This generated password is for development use only. Your security configuration must be updated before running your application in production.

2024-03-04 16:32:27,133 [restartedMain] INFO  org.springframework.security.web.DefaultSecurityFilterChain(<init>:54) - Will secure any request with [org.springframework.security.web.session.DisableEncodeUrlFilter@7ebe72b, org.springframework.security.web.context.request.async.WebAsyncManagerIntegrationFilter@721f5fc1, org.springframework.security.web.context.SecurityContextHolderFilter@30c50792, org.springframework.security.web.header.HeaderWriterFilter@bdde35e, org.springframework.security.web.authentication.logout.LogoutFilter@3348d93e, org.springframework.security.web.savedrequest.RequestCacheAwareFilter@5e921961, org.springframework.security.web.servletapi.SecurityContextHolderAwareRequestFilter@4f8a7ff2, org.springframework.security.web.authentication.AnonymousAuthenticationFilter@7378080a, org.springframework.security.web.access.ExceptionTranslationFilter@57e8dc35, org.springframework.security.web.access.intercept.AuthorizationFilter@61b60291]
2024-03-04 16:32:27,183 [restartedMain] INFO  org.springframework.boot.devtools.autoconfigure.OptionalLiveReloadServer(startServer:59) - LiveReload server is running on port 35729
2024-03-04 16:32:27,191 [restartedMain] INFO  org.springframework.boot.web.embedded.tomcat.TomcatWebServer(start:241) - Tomcat started on port 8080 (http) with context path ''
2024-03-04 16:32:27,196 [restartedMain] INFO  org.springframework.boot.devtools.autoconfigure.ConditionEvaluationDeltaLoggingListener(onApplicationEvent:63) - Condition evaluation unchanged
2024-03-04 16:32:33,754 [http-nio-8080-exec-1] INFO  org.springframework.web.servlet.DispatcherServlet(initServletBean:532) - Initializing Servlet 'dispatcherServlet'
2024-03-04 16:32:33,756 [http-nio-8080-exec-1] INFO  org.springframework.web.servlet.DispatcherServlet(initServletBean:554) - Completed initialization in 1 ms
2024-03-04 16:32:53,341 [File Watcher] INFO  org.springframework.boot.devtools.autoconfigure.LocalDevToolsAutoConfiguration$RestartingClassPathChangeChangedEventListener(onApplicationEvent:211) - Restarting due to 1 class path change (0 additions, 0 deletions, 1 modification)
2024-03-04 16:32:53,352 [Thread-7] INFO  org.springframework.orm.jpa.LocalContainerEntityManagerFactoryBean(destroy:650) - Closing JPA EntityManagerFactory for persistence unit 'default'
2024-03-04 16:32:53,565 [restartedMain] INFO  org.springframework.data.repository.config.RepositoryConfigurationDelegate(registerRepositoriesIn:139) - Bootstrapping Spring Data JPA repositories in DEFAULT mode.
2024-03-04 16:32:53,567 [restartedMain] INFO  org.springframework.data.repository.config.RepositoryConfigurationDelegate(registerRepositoriesIn:208) - Finished Spring Data repository scanning in 1 ms. Found 0 JPA repository interfaces.
2024-03-04 16:32:53,630 [restartedMain] INFO  org.springframework.boot.web.embedded.tomcat.TomcatWebServer(initialize:109) - Tomcat initialized with port 8080 (http)
2024-03-04 16:32:53,641 [restartedMain] INFO  org.springframework.boot.web.servlet.context.ServletWebServerApplicationContext(prepareWebApplicationContext:296) - Root WebApplicationContext: initialization completed in 201 ms
2024-03-04 16:32:53,682 [restartedMain] INFO  org.springframework.orm.jpa.persistenceunit.SpringPersistenceUnitInfo(addTransformer:87) - No LoadTimeWeaver setup: ignoring JPA class transformer
2024-03-04 16:32:53,689 [restartedMain] INFO  org.springframework.orm.jpa.LocalContainerEntityManagerFactoryBean(buildNativeEntityManagerFactory:437) - Initialized JPA EntityManagerFactory for persistence unit 'default'
2024-03-04 16:32:53,711 [restartedMain] WARN  org.springframework.boot.autoconfigure.orm.jpa.JpaBaseConfiguration$JpaWebConfiguration(openEntityManagerInViewInterceptor:232) - spring.jpa.open-in-view is enabled by default. Therefore, database queries may be performed during view rendering. Explicitly configure spring.jpa.open-in-view to disable this warning
2024-03-04 16:32:53,715 [restartedMain] WARN  org.springframework.boot.autoconfigure.security.servlet.UserDetailsServiceAutoConfiguration(getOrDeducePassword:86) - 

Using generated security password: 7d8573e3-9fe6-454b-9be9-c1703bb34f52

This generated password is for development use only. Your security configuration must be updated before running your application in production.

2024-03-04 16:32:53,750 [restartedMain] INFO  org.springframework.security.web.DefaultSecurityFilterChain(<init>:54) - Will secure any request with [org.springframework.security.web.session.DisableEncodeUrlFilter@3e7df0c1, org.springframework.security.web.context.request.async.WebAsyncManagerIntegrationFilter@5ecd2ebf, org.springframework.security.web.context.SecurityContextHolderFilter@7e5ee270, org.springframework.security.web.header.HeaderWriterFilter@46987909, org.springframework.security.web.authentication.logout.LogoutFilter@2e99d928, org.springframework.security.web.savedrequest.RequestCacheAwareFilter@1e8411dd, org.springframework.security.web.servletapi.SecurityContextHolderAwareRequestFilter@220887b8, org.springframework.security.web.authentication.AnonymousAuthenticationFilter@2767a16e, org.springframework.security.web.access.ExceptionTranslationFilter@5d1c3580, org.springframework.security.web.access.intercept.AuthorizationFilter@76fe4f25]
2024-03-04 16:32:53,795 [restartedMain] INFO  org.springframework.boot.devtools.autoconfigure.OptionalLiveReloadServer(startServer:59) - LiveReload server is running on port 35729
2024-03-04 16:32:53,803 [restartedMain] INFO  org.springframework.boot.web.embedded.tomcat.TomcatWebServer(start:241) - Tomcat started on port 8080 (http) with context path ''
2024-03-04 16:32:53,808 [restartedMain] INFO  org.springframework.boot.devtools.autoconfigure.ConditionEvaluationDeltaLoggingListener(onApplicationEvent:63) - Condition evaluation unchanged
2024-03-04 16:32:55,905 [http-nio-8080-exec-1] INFO  org.springframework.web.servlet.DispatcherServlet(initServletBean:532) - Initializing Servlet 'dispatcherServlet'
2024-03-04 16:32:55,906 [http-nio-8080-exec-1] INFO  org.springframework.web.servlet.DispatcherServlet(initServletBean:554) - Completed initialization in 1 ms
2024-03-04 16:34:31,416 [File Watcher] INFO  org.springframework.boot.devtools.autoconfigure.LocalDevToolsAutoConfiguration$RestartingClassPathChangeChangedEventListener(onApplicationEvent:211) - Restarting due to 1 class path change (0 additions, 0 deletions, 1 modification)
2024-03-04 16:34:31,427 [Thread-11] INFO  org.springframework.orm.jpa.LocalContainerEntityManagerFactoryBean(destroy:650) - Closing JPA EntityManagerFactory for persistence unit 'default'
2024-03-04 16:34:31,608 [restartedMain] INFO  org.springframework.data.repository.config.RepositoryConfigurationDelegate(registerRepositoriesIn:139) - Bootstrapping Spring Data JPA repositories in DEFAULT mode.
2024-03-04 16:34:31,610 [restartedMain] INFO  org.springframework.data.repository.config.RepositoryConfigurationDelegate(registerRepositoriesIn:208) - Finished Spring Data repository scanning in 1 ms. Found 0 JPA repository interfaces.
2024-03-04 16:34:31,664 [restartedMain] INFO  org.springframework.boot.web.embedded.tomcat.TomcatWebServer(initialize:109) - Tomcat initialized with port 8080 (http)
2024-03-04 16:34:31,673 [restartedMain] INFO  org.springframework.boot.web.servlet.context.ServletWebServerApplicationContext(prepareWebApplicationContext:296) - Root WebApplicationContext: initialization completed in 175 ms
2024-03-04 16:34:31,710 [restartedMain] INFO  org.springframework.orm.jpa.persistenceunit.SpringPersistenceUnitInfo(addTransformer:87) - No LoadTimeWeaver setup: ignoring JPA class transformer
2024-03-04 16:34:31,717 [restartedMain] INFO  org.springframework.orm.jpa.LocalContainerEntityManagerFactoryBean(buildNativeEntityManagerFactory:437) - Initialized JPA EntityManagerFactory for persistence unit 'default'
2024-03-04 16:34:31,738 [restartedMain] WARN  org.springframework.boot.autoconfigure.orm.jpa.JpaBaseConfiguration$JpaWebConfiguration(openEntityManagerInViewInterceptor:232) - spring.jpa.open-in-view is enabled by default. Therefore, database queries may be performed during view rendering. Explicitly configure spring.jpa.open-in-view to disable this warning
2024-03-04 16:34:31,742 [restartedMain] WARN  org.springframework.boot.autoconfigure.security.servlet.UserDetailsServiceAutoConfiguration(getOrDeducePassword:86) - 

Using generated security password: f2cebfc1-9331-4d97-8101-cc768a1bcc24

This generated password is for development use only. Your security configuration must be updated before running your application in production.

2024-03-04 16:34:31,773 [restartedMain] INFO  org.springframework.security.web.DefaultSecurityFilterChain(<init>:54) - Will secure any request with [org.springframework.security.web.session.DisableEncodeUrlFilter@42a2c4e5, org.springframework.security.web.context.request.async.WebAsyncManagerIntegrationFilter@300254d7, org.springframework.security.web.context.SecurityContextHolderFilter@106c2b9c, org.springframework.security.web.header.HeaderWriterFilter@168a0545, org.springframework.security.web.authentication.logout.LogoutFilter@6f03ba3c, org.springframework.security.web.savedrequest.RequestCacheAwareFilter@296ec6fa, org.springframework.security.web.servletapi.SecurityContextHolderAwareRequestFilter@58a4d4cf, org.springframework.security.web.authentication.AnonymousAuthenticationFilter@2fd9fe9f, org.springframework.security.web.access.ExceptionTranslationFilter@1de0cb4, org.springframework.security.web.access.intercept.AuthorizationFilter@4e795053]
2024-03-04 16:34:31,816 [restartedMain] INFO  org.springframework.boot.devtools.autoconfigure.OptionalLiveReloadServer(startServer:59) - LiveReload server is running on port 35729
2024-03-04 16:34:31,823 [restartedMain] INFO  org.springframework.boot.web.embedded.tomcat.TomcatWebServer(start:241) - Tomcat started on port 8080 (http) with context path ''
2024-03-04 16:34:31,827 [restartedMain] INFO  org.springframework.boot.devtools.autoconfigure.ConditionEvaluationDeltaLoggingListener(onApplicationEvent:63) - Condition evaluation unchanged
2024-03-04 16:34:52,470 [http-nio-8080-exec-1] INFO  org.springframework.web.servlet.DispatcherServlet(initServletBean:532) - Initializing Servlet 'dispatcherServlet'
2024-03-04 16:34:52,471 [http-nio-8080-exec-1] INFO  org.springframework.web.servlet.DispatcherServlet(initServletBean:554) - Completed initialization in 0 ms
2024-03-04 16:36:00,243 [File Watcher] INFO  org.springframework.boot.devtools.autoconfigure.LocalDevToolsAutoConfiguration$RestartingClassPathChangeChangedEventListener(onApplicationEvent:211) - Restarting due to 1 class path change (0 additions, 0 deletions, 1 modification)
2024-03-04 16:36:00,254 [Thread-15] INFO  org.springframework.orm.jpa.LocalContainerEntityManagerFactoryBean(destroy:650) - Closing JPA EntityManagerFactory for persistence unit 'default'
2024-03-04 16:36:00,431 [restartedMain] INFO  org.springframework.data.repository.config.RepositoryConfigurationDelegate(registerRepositoriesIn:139) - Bootstrapping Spring Data JPA repositories in DEFAULT mode.
2024-03-04 16:36:00,433 [restartedMain] INFO  org.springframework.data.repository.config.RepositoryConfigurationDelegate(registerRepositoriesIn:208) - Finished Spring Data repository scanning in 1 ms. Found 0 JPA repository interfaces.
2024-03-04 16:36:00,491 [restartedMain] INFO  org.springframework.boot.web.embedded.tomcat.TomcatWebServer(initialize:109) - Tomcat initialized with port 8080 (http)
2024-03-04 16:36:00,501 [restartedMain] INFO  org.springframework.boot.web.servlet.context.ServletWebServerApplicationContext(prepareWebApplicationContext:296) - Root WebApplicationContext: initialization completed in 178 ms
2024-03-04 16:36:00,541 [restartedMain] INFO  org.springframework.orm.jpa.persistenceunit.SpringPersistenceUnitInfo(addTransformer:87) - No LoadTimeWeaver setup: ignoring JPA class transformer
2024-03-04 16:36:00,550 [restartedMain] INFO  org.springframework.orm.jpa.LocalContainerEntityManagerFactoryBean(buildNativeEntityManagerFactory:437) - Initialized JPA EntityManagerFactory for persistence unit 'default'
2024-03-04 16:36:00,571 [restartedMain] WARN  org.springframework.boot.autoconfigure.orm.jpa.JpaBaseConfiguration$JpaWebConfiguration(openEntityManagerInViewInterceptor:232) - spring.jpa.open-in-view is enabled by default. Therefore, database queries may be performed during view rendering. Explicitly configure spring.jpa.open-in-view to disable this warning
2024-03-04 16:36:00,575 [restartedMain] WARN  org.springframework.boot.autoconfigure.security.servlet.UserDetailsServiceAutoConfiguration(getOrDeducePassword:86) - 

Using generated security password: 63cd3e0d-ebfe-43db-bab1-643fca63cccf

This generated password is for development use only. Your security configuration must be updated before running your application in production.

2024-03-04 16:36:00,607 [restartedMain] INFO  org.springframework.security.web.DefaultSecurityFilterChain(<init>:54) - Will secure any request with [org.springframework.security.web.session.DisableEncodeUrlFilter@7b742fe1, org.springframework.security.web.context.request.async.WebAsyncManagerIntegrationFilter@5d2b6ebb, org.springframework.security.web.context.SecurityContextHolderFilter@3f0ce639, org.springframework.security.web.header.HeaderWriterFilter@557345b6, org.springframework.security.web.authentication.logout.LogoutFilter@b85af83, org.springframework.security.web.savedrequest.RequestCacheAwareFilter@33003acf, org.springframework.security.web.servletapi.SecurityContextHolderAwareRequestFilter@1c710e25, org.springframework.security.web.authentication.AnonymousAuthenticationFilter@6da91dba, org.springframework.security.web.access.ExceptionTranslationFilter@45bd4c76, org.springframework.security.web.access.intercept.AuthorizationFilter@2d750b41]
2024-03-04 16:36:00,653 [restartedMain] INFO  org.springframework.boot.devtools.autoconfigure.OptionalLiveReloadServer(startServer:59) - LiveReload server is running on port 35729
2024-03-04 16:36:00,661 [restartedMain] INFO  org.springframework.boot.web.embedded.tomcat.TomcatWebServer(start:241) - Tomcat started on port 8080 (http) with context path ''
2024-03-04 16:36:00,665 [restartedMain] INFO  org.springframework.boot.devtools.autoconfigure.ConditionEvaluationDeltaLoggingListener(onApplicationEvent:63) - Condition evaluation unchanged
2024-03-04 16:36:19,978 [http-nio-8080-exec-1] INFO  org.springframework.web.servlet.DispatcherServlet(initServletBean:532) - Initializing Servlet 'dispatcherServlet'
2024-03-04 16:36:19,979 [http-nio-8080-exec-1] INFO  org.springframework.web.servlet.DispatcherServlet(initServletBean:554) - Completed initialization in 1 ms
2024-03-04 16:36:23,608 [SpringApplicationShutdownHook] INFO  org.springframework.orm.jpa.LocalContainerEntityManagerFactoryBean(destroy:650) - Closing JPA EntityManagerFactory for persistence unit 'default'
2024-03-04 16:36:25,320 [restartedMain] INFO  org.springframework.boot.devtools.env.DevToolsPropertyDefaultsPostProcessor(logTo:252) - Devtools property defaults active! Set 'spring.devtools.add-properties' to 'false' to disable
2024-03-04 16:36:25,320 [restartedMain] INFO  org.springframework.boot.devtools.env.DevToolsPropertyDefaultsPostProcessor(logTo:252) - For additional web related logging consider setting the 'logging.level.web' property to 'DEBUG'
2024-03-04 16:36:25,834 [restartedMain] INFO  org.springframework.data.repository.config.RepositoryConfigurationDelegate(registerRepositoriesIn:139) - Bootstrapping Spring Data JPA repositories in DEFAULT mode.
2024-03-04 16:36:25,847 [restartedMain] INFO  org.springframework.data.repository.config.RepositoryConfigurationDelegate(registerRepositoriesIn:208) - Finished Spring Data repository scanning in 8 ms. Found 0 JPA repository interfaces.
2024-03-04 16:36:26,168 [restartedMain] INFO  org.springframework.boot.web.embedded.tomcat.TomcatWebServer(initialize:109) - Tomcat initialized with port 8080 (http)
2024-03-04 16:36:26,209 [restartedMain] INFO  org.springframework.boot.web.servlet.context.ServletWebServerApplicationContext(prepareWebApplicationContext:296) - Root WebApplicationContext: initialization completed in 887 ms
2024-03-04 16:36:26,702 [restartedMain] INFO  org.springframework.orm.jpa.persistenceunit.SpringPersistenceUnitInfo(addTransformer:87) - No LoadTimeWeaver setup: ignoring JPA class transformer
2024-03-04 16:36:26,943 [restartedMain] INFO  org.springframework.orm.jpa.LocalContainerEntityManagerFactoryBean(buildNativeEntityManagerFactory:437) - Initialized JPA EntityManagerFactory for persistence unit 'default'
2024-03-04 16:36:27,013 [restartedMain] WARN  org.springframework.boot.autoconfigure.orm.jpa.JpaBaseConfiguration$JpaWebConfiguration(openEntityManagerInViewInterceptor:232) - spring.jpa.open-in-view is enabled by default. Therefore, database queries may be performed during view rendering. Explicitly configure spring.jpa.open-in-view to disable this warning
2024-03-04 16:36:27,027 [restartedMain] WARN  org.springframework.boot.autoconfigure.security.servlet.UserDetailsServiceAutoConfiguration(getOrDeducePassword:86) - 

Using generated security password: d6ab8ce1-8c17-48bd-a983-642f17c0fbef

This generated password is for development use only. Your security configuration must be updated before running your application in production.

2024-03-04 16:36:27,196 [restartedMain] INFO  org.springframework.security.web.DefaultSecurityFilterChain(<init>:54) - Will secure any request with [org.springframework.security.web.session.DisableEncodeUrlFilter@4af9d1b5, org.springframework.security.web.context.request.async.WebAsyncManagerIntegrationFilter@6db0e5a6, org.springframework.security.web.context.SecurityContextHolderFilter@325da654, org.springframework.security.web.header.HeaderWriterFilter@37e6f5e2, org.springframework.security.web.authentication.logout.LogoutFilter@545393c0, org.springframework.security.web.savedrequest.RequestCacheAwareFilter@6061666d, org.springframework.security.web.servletapi.SecurityContextHolderAwareRequestFilter@4ba59b47, org.springframework.security.web.authentication.AnonymousAuthenticationFilter@6058693a, org.springframework.security.web.access.ExceptionTranslationFilter@7872dfd4, org.springframework.security.web.access.intercept.AuthorizationFilter@3232bb8f]
2024-03-04 16:36:27,375 [restartedMain] INFO  org.springframework.boot.devtools.autoconfigure.OptionalLiveReloadServer(startServer:59) - LiveReload server is running on port 35729
2024-03-04 16:36:27,398 [restartedMain] INFO  org.springframework.boot.web.embedded.tomcat.TomcatWebServer(start:241) - Tomcat started on port 8080 (http) with context path ''
2024-03-04 16:36:32,470 [http-nio-8080-exec-1] INFO  org.springframework.web.servlet.DispatcherServlet(initServletBean:532) - Initializing Servlet 'dispatcherServlet'
2024-03-04 16:36:32,471 [http-nio-8080-exec-1] INFO  org.springframework.web.servlet.DispatcherServlet(initServletBean:554) - Completed initialization in 1 ms
2024-03-04 16:41:35,094 [SpringApplicationShutdownHook] INFO  org.springframework.orm.jpa.LocalContainerEntityManagerFactoryBean(destroy:650) - Closing JPA EntityManagerFactory for persistence unit 'default'
2024-03-04 16:41:37,293 [restartedMain] INFO  org.springframework.boot.devtools.env.DevToolsPropertyDefaultsPostProcessor(logTo:252) - Devtools property defaults active! Set 'spring.devtools.add-properties' to 'false' to disable
2024-03-04 16:41:37,295 [restartedMain] INFO  org.springframework.boot.devtools.env.DevToolsPropertyDefaultsPostProcessor(logTo:252) - For additional web related logging consider setting the 'logging.level.web' property to 'DEBUG'
2024-03-04 16:41:37,779 [restartedMain] INFO  org.springframework.data.repository.config.RepositoryConfigurationDelegate(registerRepositoriesIn:139) - Bootstrapping Spring Data JPA repositories in DEFAULT mode.
2024-03-04 16:41:37,791 [restartedMain] INFO  org.springframework.data.repository.config.RepositoryConfigurationDelegate(registerRepositoriesIn:208) - Finished Spring Data repository scanning in 8 ms. Found 0 JPA repository interfaces.
2024-03-04 16:41:38,120 [restartedMain] INFO  org.springframework.boot.web.embedded.tomcat.TomcatWebServer(initialize:109) - Tomcat initialized with port 8080 (http)
2024-03-04 16:41:38,160 [restartedMain] INFO  org.springframework.boot.web.servlet.context.ServletWebServerApplicationContext(prepareWebApplicationContext:296) - Root WebApplicationContext: initialization completed in 865 ms
2024-03-04 16:41:38,650 [restartedMain] INFO  org.springframework.orm.jpa.persistenceunit.SpringPersistenceUnitInfo(addTransformer:87) - No LoadTimeWeaver setup: ignoring JPA class transformer
2024-03-04 16:41:38,896 [restartedMain] INFO  org.springframework.orm.jpa.LocalContainerEntityManagerFactoryBean(buildNativeEntityManagerFactory:437) - Initialized JPA EntityManagerFactory for persistence unit 'default'
2024-03-04 16:41:38,965 [restartedMain] WARN  org.springframework.boot.autoconfigure.orm.jpa.JpaBaseConfiguration$JpaWebConfiguration(openEntityManagerInViewInterceptor:232) - spring.jpa.open-in-view is enabled by default. Therefore, database queries may be performed during view rendering. Explicitly configure spring.jpa.open-in-view to disable this warning
2024-03-04 16:41:38,977 [restartedMain] WARN  org.springframework.boot.autoconfigure.security.servlet.UserDetailsServiceAutoConfiguration(getOrDeducePassword:86) - 

Using generated security password: 98ebad2a-d6c7-4b49-9b93-7a59541d1c03

This generated password is for development use only. Your security configuration must be updated before running your application in production.

2024-03-04 16:41:39,141 [restartedMain] INFO  org.springframework.security.web.DefaultSecurityFilterChain(<init>:54) - Will secure any request with [org.springframework.security.web.session.DisableEncodeUrlFilter@230f02e3, org.springframework.security.web.context.request.async.WebAsyncManagerIntegrationFilter@56f4c34f, org.springframework.security.web.context.SecurityContextHolderFilter@7ec0c81a, org.springframework.security.web.header.HeaderWriterFilter@244d36d0, org.springframework.security.web.authentication.logout.LogoutFilter@54b1ad75, org.springframework.security.web.savedrequest.RequestCacheAwareFilter@57ae3427, org.springframework.security.web.servletapi.SecurityContextHolderAwareRequestFilter@67eef7e9, org.springframework.security.web.authentication.AnonymousAuthenticationFilter@68905250, org.springframework.security.web.access.ExceptionTranslationFilter@165bae6e, org.springframework.security.web.access.intercept.AuthorizationFilter@46566b16]
2024-03-04 16:41:39,317 [restartedMain] INFO  org.springframework.boot.devtools.autoconfigure.OptionalLiveReloadServer(startServer:59) - LiveReload server is running on port 35729
2024-03-04 16:41:39,339 [restartedMain] INFO  org.springframework.boot.web.embedded.tomcat.TomcatWebServer(start:241) - Tomcat started on port 8080 (http) with context path ''
2024-03-04 16:41:43,741 [http-nio-8080-exec-1] INFO  org.springframework.web.servlet.DispatcherServlet(initServletBean:532) - Initializing Servlet 'dispatcherServlet'
2024-03-04 16:41:43,741 [http-nio-8080-exec-1] INFO  org.springframework.web.servlet.DispatcherServlet(initServletBean:554) - Completed initialization in 0 ms
2024-03-04 16:47:54,429 [File Watcher] INFO  org.springframework.boot.devtools.autoconfigure.LocalDevToolsAutoConfiguration$RestartingClassPathChangeChangedEventListener(onApplicationEvent:211) - Restarting due to 1 class path change (0 additions, 0 deletions, 1 modification)
2024-03-04 16:47:54,444 [Thread-5] INFO  org.springframework.orm.jpa.LocalContainerEntityManagerFactoryBean(destroy:650) - Closing JPA EntityManagerFactory for persistence unit 'default'
2024-03-04 16:47:54,658 [restartedMain] INFO  org.springframework.data.repository.config.RepositoryConfigurationDelegate(registerRepositoriesIn:139) - Bootstrapping Spring Data JPA repositories in DEFAULT mode.
2024-03-04 16:47:54,660 [restartedMain] INFO  org.springframework.data.repository.config.RepositoryConfigurationDelegate(registerRepositoriesIn:208) - Finished Spring Data repository scanning in 1 ms. Found 0 JPA repository interfaces.
2024-03-04 16:47:54,725 [restartedMain] INFO  org.springframework.boot.web.embedded.tomcat.TomcatWebServer(initialize:109) - Tomcat initialized with port 8080 (http)
2024-03-04 16:47:54,736 [restartedMain] INFO  org.springframework.boot.web.servlet.context.ServletWebServerApplicationContext(prepareWebApplicationContext:296) - Root WebApplicationContext: initialization completed in 205 ms
2024-03-04 16:47:54,778 [restartedMain] INFO  org.springframework.orm.jpa.persistenceunit.SpringPersistenceUnitInfo(addTransformer:87) - No LoadTimeWeaver setup: ignoring JPA class transformer
2024-03-04 16:47:54,786 [restartedMain] INFO  org.springframework.orm.jpa.LocalContainerEntityManagerFactoryBean(buildNativeEntityManagerFactory:437) - Initialized JPA EntityManagerFactory for persistence unit 'default'
2024-03-04 16:47:54,809 [restartedMain] WARN  org.springframework.boot.autoconfigure.orm.jpa.JpaBaseConfiguration$JpaWebConfiguration(openEntityManagerInViewInterceptor:232) - spring.jpa.open-in-view is enabled by default. Therefore, database queries may be performed during view rendering. Explicitly configure spring.jpa.open-in-view to disable this warning
2024-03-04 16:47:54,813 [restartedMain] WARN  org.springframework.boot.autoconfigure.security.servlet.UserDetailsServiceAutoConfiguration(getOrDeducePassword:86) - 

Using generated security password: 81b1c6aa-9e8d-4be4-a321-fcc6959cec8d

This generated password is for development use only. Your security configuration must be updated before running your application in production.

2024-03-04 16:47:54,846 [restartedMain] INFO  org.springframework.security.web.DefaultSecurityFilterChain(<init>:54) - Will secure any request with [org.springframework.security.web.session.DisableEncodeUrlFilter@6ffb205a, org.springframework.security.web.context.request.async.WebAsyncManagerIntegrationFilter@2dd860c7, org.springframework.security.web.context.SecurityContextHolderFilter@7062e0ef, org.springframework.security.web.header.HeaderWriterFilter@4d15c89e, org.springframework.security.web.authentication.logout.LogoutFilter@5c03cc5e, org.springframework.security.web.savedrequest.RequestCacheAwareFilter@17da86da, org.springframework.security.web.servletapi.SecurityContextHolderAwareRequestFilter@58b354e9, org.springframework.security.web.authentication.AnonymousAuthenticationFilter@51e2dec3, org.springframework.security.web.access.ExceptionTranslationFilter@7397962e, org.springframework.security.web.access.intercept.AuthorizationFilter@5dfa7652]
2024-03-04 16:47:54,896 [restartedMain] INFO  org.springframework.boot.devtools.autoconfigure.OptionalLiveReloadServer(startServer:59) - LiveReload server is running on port 35729
2024-03-04 16:47:54,904 [restartedMain] INFO  org.springframework.boot.web.embedded.tomcat.TomcatWebServer(start:241) - Tomcat started on port 8080 (http) with context path ''
2024-03-04 16:47:54,909 [restartedMain] INFO  org.springframework.boot.devtools.autoconfigure.ConditionEvaluationDeltaLoggingListener(onApplicationEvent:63) - Condition evaluation unchanged
2024-03-04 16:50:26,547 [http-nio-8080-exec-2] INFO  org.springframework.web.servlet.DispatcherServlet(initServletBean:532) - Initializing Servlet 'dispatcherServlet'
2024-03-04 16:50:26,549 [http-nio-8080-exec-2] INFO  org.springframework.web.servlet.DispatcherServlet(initServletBean:554) - Completed initialization in 1 ms
2024-03-04 16:50:26,554 [http-nio-8080-exec-2] WARN  org.springframework.web.servlet.mvc.support.DefaultHandlerExceptionResolver(logException:247) - Resolved [org.springframework.web.method.annotation.MethodArgumentTypeMismatchException: Failed to convert value of type 'java.lang.String' to required type 'java.lang.Long'; For input string: "{pathValue}"]
2024-03-04 16:50:44,900 [http-nio-8080-exec-3] WARN  org.springframework.web.servlet.mvc.support.DefaultHandlerExceptionResolver(logException:247) - Resolved [org.springframework.web.method.annotation.MethodArgumentTypeMismatchException: Failed to convert value of type 'java.lang.String' to required type 'java.lang.Long'; For input string: "{pathValue}"]
2024-03-04 16:51:03,955 [http-nio-8080-exec-6] WARN  org.springframework.web.servlet.mvc.support.DefaultHandlerExceptionResolver(logException:247) - Resolved [org.springframework.web.method.annotation.MethodArgumentTypeMismatchException: Failed to convert value of type 'java.lang.String' to required type 'java.lang.Long'; For input string: "{pathValue}"]
2024-03-04 16:51:38,593 [http-nio-8080-exec-8] WARN  org.springframework.web.servlet.mvc.support.DefaultHandlerExceptionResolver(logException:247) - Resolved [org.springframework.web.method.annotation.MethodArgumentTypeMismatchException: Failed to convert value of type 'java.lang.String' to required type 'java.lang.Long'; For input string: "{pathValue}"]
2024-03-04 16:53:00,350 [http-nio-8080-exec-10] WARN  org.springframework.web.servlet.mvc.support.DefaultHandlerExceptionResolver(logException:247) - Resolved [org.springframework.web.method.annotation.MethodArgumentTypeMismatchException: Failed to convert value of type 'java.lang.String' to required type 'java.lang.Long'; For input string: "{pathValue}"]
