[2024-03-06 13:18:37.428]  INFO 24912 --- [ionShutdownHook] j.LocalContainerEntityManagerFactoryBean : Closing JPA EntityManagerFactory for persistence unit 'default'
[2024-03-06 13:18:37.431]  INFO 24912 --- [ionShutdownHook] c.z.h.HikariDataSource                   : HikariPool-6 - Shutdown initiated...
[2024-03-06 13:18:37.434]  INFO 24912 --- [ionShutdownHook] c.z.h.HikariDataSource                   : HikariPool-6 - Shutdown completed.
[2024-03-06 13:18:39.390]  INFO 24580 --- [  restartedMain] c.s.g.GalleryApplication                 : Starting GalleryApplication using Java 17.0.9 with PID 24580 (C:\Users\SSAFY\Desktop\PJT2\backend\build\classes\java\main started by SSAFY in C:\Users\SSAFY\Desktop\PJT2\backend)
[2024-03-06 13:18:39.402]  INFO 24580 --- [  restartedMain] c.s.g.GalleryApplication                 : No active profile set, falling back to 1 default profile: "default"
[2024-03-06 13:18:39.457]  INFO 24580 --- [  restartedMain] .e.DevToolsPropertyDefaultsPostProcessor : Devtools property defaults active! Set 'spring.devtools.add-properties' to 'false' to disable
[2024-03-06 13:18:39.458]  INFO 24580 --- [  restartedMain] .e.DevToolsPropertyDefaultsPostProcessor : For additional web related logging consider setting the 'logging.level.web' property to 'DEBUG'
[2024-03-06 13:18:40.116]  INFO 24580 --- [  restartedMain] .s.d.r.c.RepositoryConfigurationDelegate : Bootstrapping Spring Data JPA repositories in DEFAULT mode.
[2024-03-06 13:18:40.153]  INFO 24580 --- [  restartedMain] .s.d.r.c.RepositoryConfigurationDelegate : Finished Spring Data repository scanning in 32 ms. Found 1 JPA repository interface.
[2024-03-06 13:18:40.530]  INFO 24580 --- [  restartedMain] o.s.b.w.e.t.TomcatWebServer              : Tomcat initialized with port 8080 (http)
[2024-03-06 13:18:40.538]  INFO 24580 --- [  restartedMain] o.a.c.h.Http11NioProtocol                : Initializing ProtocolHandler ["http-nio-8080"]
[2024-03-06 13:18:40.540]  INFO 24580 --- [  restartedMain] o.a.c.c.StandardService                  : Starting service [Tomcat]
[2024-03-06 13:18:40.540]  INFO 24580 --- [  restartedMain] o.a.c.c.StandardEngine                   : Starting Servlet engine: [Apache Tomcat/10.1.19]
[2024-03-06 13:18:40.575]  INFO 24580 --- [  restartedMain] o.a.c.c.C.[.[.[/]                        : Initializing Spring embedded WebApplicationContext
[2024-03-06 13:18:40.575]  INFO 24580 --- [  restartedMain] w.s.c.ServletWebServerApplicationContext : Root WebApplicationContext: initialization completed in 1117 ms
[2024-03-06 13:18:40.674]  INFO 24580 --- [  restartedMain] c.z.h.HikariDataSource                   : HikariPool-1 - Starting...
[2024-03-06 13:18:40.880]  INFO 24580 --- [  restartedMain] c.z.h.p.HikariPool                       : HikariPool-1 - Added connection com.mysql.cj.jdbc.ConnectionImpl@31344859
[2024-03-06 13:18:40.881]  INFO 24580 --- [  restartedMain] c.z.h.HikariDataSource                   : HikariPool-1 - Start completed.
[2024-03-06 13:18:40.915]  INFO 24580 --- [  restartedMain] o.h.j.i.u.LogHelper                      : HHH000204: Processing PersistenceUnitInfo [name: default]
[2024-03-06 13:18:40.956]  INFO 24580 --- [  restartedMain] o.h.Version                              : HHH000412: Hibernate ORM core version 6.4.4.Final
[2024-03-06 13:18:40.979]  INFO 24580 --- [  restartedMain] o.h.c.i.RegionFactoryInitiator           : HHH000026: Second-level cache disabled
[2024-03-06 13:18:41.165]  INFO 24580 --- [  restartedMain] o.s.o.j.p.SpringPersistenceUnitInfo      : No LoadTimeWeaver setup: ignoring JPA class transformer
[2024-03-06 13:18:41.792]  INFO 24580 --- [  restartedMain] o.h.e.t.j.p.i.JtaPlatformInitiator       : HHH000489: No JTA platform available (set 'hibernate.transaction.jta.platform' to enable JTA platform integration)
[2024-03-06 13:18:41.794]  INFO 24580 --- [  restartedMain] j.LocalContainerEntityManagerFactoryBean : Initialized JPA EntityManagerFactory for persistence unit 'default'
[2024-03-06 13:18:42.106]  WARN 24580 --- [  restartedMain] JpaBaseConfiguration$JpaWebConfiguration : spring.jpa.open-in-view is enabled by default. Therefore, database queries may be performed during view rendering. Explicitly configure spring.jpa.open-in-view to disable this warning
[2024-03-06 13:18:42.169]  INFO 24580 --- [  restartedMain] o.s.b.a.w.s.WelcomePageHandlerMapping    : Adding welcome page: class path resource [static/index.html]
[2024-03-06 13:18:42.325]  INFO 24580 --- [  restartedMain] o.s.s.w.DefaultSecurityFilterChain       : Will secure any request with [org.springframework.security.web.session.DisableEncodeUrlFilter@72152dd5, org.springframework.security.web.context.request.async.WebAsyncManagerIntegrationFilter@2c02ec42, org.springframework.security.web.context.SecurityContextHolderFilter@3a2408fb, org.springframework.security.web.header.HeaderWriterFilter@379bc3d8, org.springframework.security.oauth2.client.web.OAuth2AuthorizationRequestRedirectFilter@2ae29e59, org.springframework.security.oauth2.client.web.OAuth2LoginAuthenticationFilter@223f9ed3, org.springframework.security.web.authentication.ui.DefaultLoginPageGeneratingFilter@5cca9a53, org.springframework.security.web.savedrequest.RequestCacheAwareFilter@5be7ea7e, org.springframework.security.web.servletapi.SecurityContextHolderAwareRequestFilter@62a2f8fd, org.springframework.security.web.authentication.AnonymousAuthenticationFilter@3e65085d, org.springframework.security.web.access.ExceptionTranslationFilter@6378c3e6, org.springframework.security.web.access.intercept.AuthorizationFilter@2c89d600]
[2024-03-06 13:18:42.494]  INFO 24580 --- [  restartedMain] o.s.b.d.a.OptionalLiveReloadServer       : LiveReload server is running on port 35729
[2024-03-06 13:18:42.508]  INFO 24580 --- [  restartedMain] o.a.c.h.Http11NioProtocol                : Starting ProtocolHandler ["http-nio-8080"]
[2024-03-06 13:18:42.521]  INFO 24580 --- [  restartedMain] o.s.b.w.e.t.TomcatWebServer              : Tomcat started on port 8080 (http) with context path ''
[2024-03-06 13:18:42.528]  INFO 24580 --- [  restartedMain] c.s.g.GalleryApplication                 : Started GalleryApplication in 3.414 seconds (process running for 4.17)
[2024-03-06 13:18:43.824]  INFO 24580 --- [nio-8080-exec-2] o.a.c.c.C.[.[.[/]                        : Initializing Spring DispatcherServlet 'dispatcherServlet'
[2024-03-06 13:18:43.825]  INFO 24580 --- [nio-8080-exec-2] o.s.w.s.DispatcherServlet                : Initializing Servlet 'dispatcherServlet'
[2024-03-06 13:18:43.825]  INFO 24580 --- [nio-8080-exec-2] o.s.w.s.DispatcherServlet                : Completed initialization in 0 ms
[2024-03-06 13:18:43.875]  INFO 24580 --- [nio-8080-exec-2] c.s.g.i.c.ImageController                : image/jpeg
[2024-03-06 13:18:43.875]  INFO 24580 --- [nio-8080-exec-2] c.s.g.i.c.ImageController                : people-3237648_1920.jpg
[2024-03-06 13:18:43.875]  INFO 24580 --- [nio-8080-exec-2] c.s.g.i.c.ImageController                : 572371
