[2024-03-05 17:10:12.541]  INFO 2144 --- [   File Watcher] rtingClassPathChangeChangedEventListener : Restarting due to 1 class path change (0 additions, 1 deletion, 0 modifications)
[2024-03-05 17:10:12.545]  INFO 2144 --- [       Thread-5] o.a.c.h.Http11NioProtocol                : Stopping ProtocolHandler ["http-nio-8080"]
[2024-03-05 17:10:12.557]  INFO 2144 --- [       Thread-5] j.LocalContainerEntityManagerFactoryBean : Closing JPA EntityManagerFactory for persistence unit 'default'
[2024-03-05 17:10:12.559]  INFO 2144 --- [       Thread-5] c.z.h.HikariDataSource                   : HikariPool-1 - Shutdown initiated...
[2024-03-05 17:10:12.564]  INFO 2144 --- [       Thread-5] c.z.h.HikariDataSource                   : HikariPool-1 - Shutdown completed.
[2024-03-05 17:10:12.648]  INFO 2144 --- [  restartedMain] c.s.g.GalleryApplication                 : Starting GalleryApplication using Java 17.0.9 with PID 2144 (D:\Project\S10P22A101\backend\build\classes\java\main started by SSAFY in D:\Project\S10P22A101\backend)
[2024-03-05 17:10:12.649]  INFO 2144 --- [  restartedMain] c.s.g.GalleryApplication                 : No active profile set, falling back to 1 default profile: "default"
[2024-03-05 17:10:12.815]  INFO 2144 --- [  restartedMain] .s.d.r.c.RepositoryConfigurationDelegate : Bootstrapping Spring Data JPA repositories in DEFAULT mode.
[2024-03-05 17:10:12.817]  INFO 2144 --- [  restartedMain] .s.d.r.c.RepositoryConfigurationDelegate : Finished Spring Data repository scanning in 1 ms. Found 0 JPA repository interfaces.
[2024-03-05 17:10:12.903]  INFO 2144 --- [  restartedMain] o.s.b.w.e.t.TomcatWebServer              : Tomcat initialized with port 8080 (http)
[2024-03-05 17:10:12.904]  INFO 2144 --- [  restartedMain] o.a.c.h.Http11NioProtocol                : Initializing ProtocolHandler ["http-nio-8080"]
[2024-03-05 17:10:12.905]  INFO 2144 --- [  restartedMain] o.a.c.c.StandardService                  : Starting service [Tomcat]
[2024-03-05 17:10:12.905]  INFO 2144 --- [  restartedMain] o.a.c.c.StandardEngine                   : Starting Servlet engine: [Apache Tomcat/10.1.19]
[2024-03-05 17:10:12.917]  INFO 2144 --- [  restartedMain] o.a.c.c.C.[.[.[/]                        : Initializing Spring embedded WebApplicationContext
[2024-03-05 17:10:12.917]  INFO 2144 --- [  restartedMain] w.s.c.ServletWebServerApplicationContext : Root WebApplicationContext: initialization completed in 266 ms
[2024-03-05 17:10:12.966]  INFO 2144 --- [  restartedMain] c.z.h.HikariDataSource                   : HikariPool-2 - Starting...
[2024-03-05 17:10:12.991]  INFO 2144 --- [  restartedMain] c.z.h.p.HikariPool                       : HikariPool-2 - Added connection com.mysql.cj.jdbc.ConnectionImpl@7e87304d
[2024-03-05 17:10:12.992]  INFO 2144 --- [  restartedMain] c.z.h.HikariDataSource                   : HikariPool-2 - Start completed.
[2024-03-05 17:10:12.993]  INFO 2144 --- [  restartedMain] o.h.j.i.u.LogHelper                      : HHH000204: Processing PersistenceUnitInfo [name: default]
[2024-03-05 17:10:12.997]  INFO 2144 --- [  restartedMain] o.h.c.i.RegionFactoryInitiator           : HHH000026: Second-level cache disabled
[2024-03-05 17:10:13.001]  INFO 2144 --- [  restartedMain] o.s.o.j.p.SpringPersistenceUnitInfo      : No LoadTimeWeaver setup: ignoring JPA class transformer
[2024-03-05 17:10:13.003]  WARN 2144 --- [  restartedMain] o.h.d.Dialect                            : HHH000511: The 5.7.0 version for [org.hibernate.dialect.MySQLDialect] is no longer supported, hence certain features may not work properly. The minimum supported version is 8.0.0. Check the community dialects project for available legacy versions.
[2024-03-05 17:10:13.016]  INFO 2144 --- [  restartedMain] o.h.e.t.j.p.i.JtaPlatformInitiator       : HHH000489: No JTA platform available (set 'hibernate.transaction.jta.platform' to enable JTA platform integration)
[2024-03-05 17:10:13.016]  INFO 2144 --- [  restartedMain] j.LocalContainerEntityManagerFactoryBean : Initialized JPA EntityManagerFactory for persistence unit 'default'
[2024-03-05 17:10:13.084]  WARN 2144 --- [  restartedMain] JpaBaseConfiguration$JpaWebConfiguration : spring.jpa.open-in-view is enabled by default. Therefore, database queries may be performed during view rendering. Explicitly configure spring.jpa.open-in-view to disable this warning
[2024-03-05 17:10:13.097]  INFO 2144 --- [  restartedMain] o.s.b.a.w.s.WelcomePageHandlerMapping    : Adding welcome page: class path resource [static/index.html]
[2024-03-05 17:10:13.169]  INFO 2144 --- [  restartedMain] o.s.s.w.DefaultSecurityFilterChain       : Will secure any request with [org.springframework.security.web.session.DisableEncodeUrlFilter@54baf656, org.springframework.security.web.context.request.async.WebAsyncManagerIntegrationFilter@3ece70cb, org.springframework.security.web.context.SecurityContextHolderFilter@256f263, org.springframework.security.web.header.HeaderWriterFilter@4e593007, org.springframework.security.oauth2.client.web.OAuth2AuthorizationRequestRedirectFilter@ddc348a, org.springframework.security.oauth2.client.web.OAuth2LoginAuthenticationFilter@83aa6df, org.springframework.security.web.authentication.ui.DefaultLoginPageGeneratingFilter@8973e15, org.springframework.security.web.savedrequest.RequestCacheAwareFilter@4f11c871, org.springframework.security.web.servletapi.SecurityContextHolderAwareRequestFilter@fc9fee3, org.springframework.security.web.authentication.AnonymousAuthenticationFilter@52da7bfc, org.springframework.security.web.access.ExceptionTranslationFilter@54e29f57, org.springframework.security.web.access.intercept.AuthorizationFilter@3c0ac288]
[2024-03-05 17:10:13.239]  INFO 2144 --- [  restartedMain] o.s.b.d.a.OptionalLiveReloadServer       : LiveReload server is running on port 35729
[2024-03-05 17:10:13.246]  INFO 2144 --- [  restartedMain] o.a.c.h.Http11NioProtocol                : Starting ProtocolHandler ["http-nio-8080"]
[2024-03-05 17:10:13.252]  INFO 2144 --- [  restartedMain] o.s.b.w.e.t.TomcatWebServer              : Tomcat started on port 8080 (http) with context path ''
[2024-03-05 17:10:13.256]  INFO 2144 --- [  restartedMain] c.s.g.GalleryApplication                 : Started GalleryApplication in 0.645 seconds (process running for 189.674)
[2024-03-05 17:10:13.257]  INFO 2144 --- [  restartedMain] .ConditionEvaluationDeltaLoggingListener : Condition evaluation unchanged
[2024-03-05 17:10:14.663]  INFO 2144 --- [   File Watcher] rtingClassPathChangeChangedEventListener : Restarting due to 1 class path change (1 addition, 0 deletions, 0 modifications)
[2024-03-05 17:10:14.664]  INFO 2144 --- [       Thread-7] o.a.c.h.Http11NioProtocol                : Stopping ProtocolHandler ["http-nio-8080"]
[2024-03-05 17:10:14.674]  INFO 2144 --- [       Thread-7] j.LocalContainerEntityManagerFactoryBean : Closing JPA EntityManagerFactory for persistence unit 'default'
[2024-03-05 17:10:14.674]  INFO 2144 --- [       Thread-7] c.z.h.HikariDataSource                   : HikariPool-2 - Shutdown initiated...
[2024-03-05 17:10:14.677]  INFO 2144 --- [       Thread-7] c.z.h.HikariDataSource                   : HikariPool-2 - Shutdown completed.
[2024-03-05 17:10:14.747]  INFO 2144 --- [  restartedMain] c.s.g.GalleryApplication                 : Starting GalleryApplication using Java 17.0.9 with PID 2144 (D:\Project\S10P22A101\backend\build\classes\java\main started by SSAFY in D:\Project\S10P22A101\backend)
[2024-03-05 17:10:14.748]  INFO 2144 --- [  restartedMain] c.s.g.GalleryApplication                 : No active profile set, falling back to 1 default profile: "default"
[2024-03-05 17:10:14.875]  INFO 2144 --- [  restartedMain] .s.d.r.c.RepositoryConfigurationDelegate : Bootstrapping Spring Data JPA repositories in DEFAULT mode.
[2024-03-05 17:10:14.877]  INFO 2144 --- [  restartedMain] .s.d.r.c.RepositoryConfigurationDelegate : Finished Spring Data repository scanning in 1 ms. Found 0 JPA repository interfaces.
[2024-03-05 17:10:14.934]  INFO 2144 --- [  restartedMain] o.s.b.w.e.t.TomcatWebServer              : Tomcat initialized with port 8080 (http)
[2024-03-05 17:10:14.935]  INFO 2144 --- [  restartedMain] o.a.c.h.Http11NioProtocol                : Initializing ProtocolHandler ["http-nio-8080"]
[2024-03-05 17:10:14.935]  INFO 2144 --- [  restartedMain] o.a.c.c.StandardService                  : Starting service [Tomcat]
[2024-03-05 17:10:14.936]  INFO 2144 --- [  restartedMain] o.a.c.c.StandardEngine                   : Starting Servlet engine: [Apache Tomcat/10.1.19]
[2024-03-05 17:10:14.946]  INFO 2144 --- [  restartedMain] o.a.c.c.C.[.[.[/]                        : Initializing Spring embedded WebApplicationContext
[2024-03-05 17:10:14.946]  INFO 2144 --- [  restartedMain] w.s.c.ServletWebServerApplicationContext : Root WebApplicationContext: initialization completed in 197 ms
[2024-03-05 17:10:14.969]  INFO 2144 --- [  restartedMain] c.z.h.HikariDataSource                   : HikariPool-3 - Starting...
[2024-03-05 17:10:14.986]  INFO 2144 --- [  restartedMain] c.z.h.p.HikariPool                       : HikariPool-3 - Added connection com.mysql.cj.jdbc.ConnectionImpl@7f33023d
[2024-03-05 17:10:14.986]  INFO 2144 --- [  restartedMain] c.z.h.HikariDataSource                   : HikariPool-3 - Start completed.
[2024-03-05 17:10:14.987]  INFO 2144 --- [  restartedMain] o.h.j.i.u.LogHelper                      : HHH000204: Processing PersistenceUnitInfo [name: default]
[2024-03-05 17:10:14.988]  INFO 2144 --- [  restartedMain] o.h.c.i.RegionFactoryInitiator           : HHH000026: Second-level cache disabled
[2024-03-05 17:10:14.991]  INFO 2144 --- [  restartedMain] o.s.o.j.p.SpringPersistenceUnitInfo      : No LoadTimeWeaver setup: ignoring JPA class transformer
[2024-03-05 17:10:14.992]  WARN 2144 --- [  restartedMain] o.h.d.Dialect                            : HHH000511: The 5.7.0 version for [org.hibernate.dialect.MySQLDialect] is no longer supported, hence certain features may not work properly. The minimum supported version is 8.0.0. Check the community dialects project for available legacy versions.
[2024-03-05 17:10:15.000]  INFO 2144 --- [  restartedMain] o.h.e.t.j.p.i.JtaPlatformInitiator       : HHH000489: No JTA platform available (set 'hibernate.transaction.jta.platform' to enable JTA platform integration)
[2024-03-05 17:10:15.000]  INFO 2144 --- [  restartedMain] j.LocalContainerEntityManagerFactoryBean : Initialized JPA EntityManagerFactory for persistence unit 'default'
[2024-03-05 17:10:15.031]  WARN 2144 --- [  restartedMain] JpaBaseConfiguration$JpaWebConfiguration : spring.jpa.open-in-view is enabled by default. Therefore, database queries may be performed during view rendering. Explicitly configure spring.jpa.open-in-view to disable this warning
[2024-03-05 17:10:15.039]  INFO 2144 --- [  restartedMain] o.s.b.a.w.s.WelcomePageHandlerMapping    : Adding welcome page: class path resource [static/index.html]
[2024-03-05 17:10:15.072]  INFO 2144 --- [  restartedMain] o.s.s.w.DefaultSecurityFilterChain       : Will secure any request with [org.springframework.security.web.session.DisableEncodeUrlFilter@3459c1ec, org.springframework.security.web.context.request.async.WebAsyncManagerIntegrationFilter@e82839e, org.springframework.security.web.context.SecurityContextHolderFilter@7be11e55, org.springframework.security.web.header.HeaderWriterFilter@6d2cd19c, org.springframework.security.oauth2.client.web.OAuth2AuthorizationRequestRedirectFilter@4246d31d, org.springframework.security.oauth2.client.web.OAuth2LoginAuthenticationFilter@1793c200, org.springframework.security.web.authentication.ui.DefaultLoginPageGeneratingFilter@26ce69dc, org.springframework.security.web.savedrequest.RequestCacheAwareFilter@49eb83fc, org.springframework.security.web.servletapi.SecurityContextHolderAwareRequestFilter@2d65fddd, org.springframework.security.web.authentication.AnonymousAuthenticationFilter@7aa86768, org.springframework.security.web.access.ExceptionTranslationFilter@70428511, org.springframework.security.web.access.intercept.AuthorizationFilter@40cf55cc]
[2024-03-05 17:10:15.120]  INFO 2144 --- [  restartedMain] o.s.b.d.a.OptionalLiveReloadServer       : LiveReload server is running on port 35729
[2024-03-05 17:10:15.126]  INFO 2144 --- [  restartedMain] o.a.c.h.Http11NioProtocol                : Starting ProtocolHandler ["http-nio-8080"]
[2024-03-05 17:10:15.128]  INFO 2144 --- [  restartedMain] o.s.b.w.e.t.TomcatWebServer              : Tomcat started on port 8080 (http) with context path ''
[2024-03-05 17:10:15.131]  INFO 2144 --- [  restartedMain] c.s.g.GalleryApplication                 : Started GalleryApplication in 0.412 seconds (process running for 191.55)
[2024-03-05 17:10:15.132]  INFO 2144 --- [  restartedMain] .ConditionEvaluationDeltaLoggingListener : Condition evaluation unchanged
[2024-03-05 17:10:15.275]  INFO 2144 --- [ionShutdownHook] j.LocalContainerEntityManagerFactoryBean : Closing JPA EntityManagerFactory for persistence unit 'default'
[2024-03-05 17:10:15.276]  INFO 2144 --- [ionShutdownHook] c.z.h.HikariDataSource                   : HikariPool-3 - Shutdown initiated...
[2024-03-05 17:10:15.280]  INFO 2144 --- [ionShutdownHook] c.z.h.HikariDataSource                   : HikariPool-3 - Shutdown completed.
[2024-03-05 17:10:16.951]  INFO 14328 --- [  restartedMain] c.s.g.GalleryApplication                 : Starting GalleryApplication using Java 17.0.9 with PID 14328 (D:\Project\S10P22A101\backend\build\classes\java\main started by SSAFY in D:\Project\S10P22A101\backend)
[2024-03-05 17:10:16.955]  INFO 14328 --- [  restartedMain] c.s.g.GalleryApplication                 : No active profile set, falling back to 1 default profile: "default"
[2024-03-05 17:10:16.979]  INFO 14328 --- [  restartedMain] .e.DevToolsPropertyDefaultsPostProcessor : Devtools property defaults active! Set 'spring.devtools.add-properties' to 'false' to disable
[2024-03-05 17:10:16.979]  INFO 14328 --- [  restartedMain] .e.DevToolsPropertyDefaultsPostProcessor : For additional web related logging consider setting the 'logging.level.web' property to 'DEBUG'
[2024-03-05 17:10:17.476]  INFO 14328 --- [  restartedMain] .s.d.r.c.RepositoryConfigurationDelegate : Bootstrapping Spring Data JPA repositories in DEFAULT mode.
[2024-03-05 17:10:17.488]  INFO 14328 --- [  restartedMain] .s.d.r.c.RepositoryConfigurationDelegate : Finished Spring Data repository scanning in 8 ms. Found 0 JPA repository interfaces.
[2024-03-05 17:10:17.826]  INFO 14328 --- [  restartedMain] o.s.b.w.e.t.TomcatWebServer              : Tomcat initialized with port 8080 (http)
[2024-03-05 17:10:17.833]  INFO 14328 --- [  restartedMain] o.a.c.h.Http11NioProtocol                : Initializing ProtocolHandler ["http-nio-8080"]
[2024-03-05 17:10:17.834]  INFO 14328 --- [  restartedMain] o.a.c.c.StandardService                  : Starting service [Tomcat]
[2024-03-05 17:10:17.834]  INFO 14328 --- [  restartedMain] o.a.c.c.StandardEngine                   : Starting Servlet engine: [Apache Tomcat/10.1.19]
[2024-03-05 17:10:17.865]  INFO 14328 --- [  restartedMain] o.a.c.c.C.[.[.[/]                        : Initializing Spring embedded WebApplicationContext
[2024-03-05 17:10:17.865]  INFO 14328 --- [  restartedMain] w.s.c.ServletWebServerApplicationContext : Root WebApplicationContext: initialization completed in 885 ms
[2024-03-05 17:10:17.956]  INFO 14328 --- [  restartedMain] c.z.h.HikariDataSource                   : HikariPool-1 - Starting...
[2024-03-05 17:10:18.138]  INFO 14328 --- [  restartedMain] c.z.h.p.HikariPool                       : HikariPool-1 - Added connection com.mysql.cj.jdbc.ConnectionImpl@24a85c1c
[2024-03-05 17:10:18.139]  INFO 14328 --- [  restartedMain] c.z.h.HikariDataSource                   : HikariPool-1 - Start completed.
[2024-03-05 17:10:18.164]  INFO 14328 --- [  restartedMain] o.h.j.i.u.LogHelper                      : HHH000204: Processing PersistenceUnitInfo [name: default]
[2024-03-05 17:10:18.196]  INFO 14328 --- [  restartedMain] o.h.Version                              : HHH000412: Hibernate ORM core version 6.4.4.Final
[2024-03-05 17:10:18.217]  INFO 14328 --- [  restartedMain] o.h.c.i.RegionFactoryInitiator           : HHH000026: Second-level cache disabled
[2024-03-05 17:10:18.376]  INFO 14328 --- [  restartedMain] o.s.o.j.p.SpringPersistenceUnitInfo      : No LoadTimeWeaver setup: ignoring JPA class transformer
[2024-03-05 17:10:18.424]  WARN 14328 --- [  restartedMain] o.h.d.Dialect                            : HHH000511: The 5.7.0 version for [org.hibernate.dialect.MySQLDialect] is no longer supported, hence certain features may not work properly. The minimum supported version is 8.0.0. Check the community dialects project for available legacy versions.
[2024-03-05 17:10:18.620]  INFO 14328 --- [  restartedMain] o.h.e.t.j.p.i.JtaPlatformInitiator       : HHH000489: No JTA platform available (set 'hibernate.transaction.jta.platform' to enable JTA platform integration)
[2024-03-05 17:10:18.624]  INFO 14328 --- [  restartedMain] j.LocalContainerEntityManagerFactoryBean : Initialized JPA EntityManagerFactory for persistence unit 'default'
[2024-03-05 17:10:18.730]  WARN 14328 --- [  restartedMain] JpaBaseConfiguration$JpaWebConfiguration : spring.jpa.open-in-view is enabled by default. Therefore, database queries may be performed during view rendering. Explicitly configure spring.jpa.open-in-view to disable this warning
[2024-03-05 17:10:18.778]  INFO 14328 --- [  restartedMain] o.s.b.a.w.s.WelcomePageHandlerMapping    : Adding welcome page: class path resource [static/index.html]
[2024-03-05 17:10:18.908]  INFO 14328 --- [  restartedMain] o.s.s.w.DefaultSecurityFilterChain       : Will secure any request with [org.springframework.security.web.session.DisableEncodeUrlFilter@1d798c39, org.springframework.security.web.context.request.async.WebAsyncManagerIntegrationFilter@641fe45c, org.springframework.security.web.context.SecurityContextHolderFilter@52f4946c, org.springframework.security.web.header.HeaderWriterFilter@44736248, org.springframework.security.oauth2.client.web.OAuth2AuthorizationRequestRedirectFilter@25c201d2, org.springframework.security.oauth2.client.web.OAuth2LoginAuthenticationFilter@d3e942e, org.springframework.security.web.authentication.ui.DefaultLoginPageGeneratingFilter@25c8dcf4, org.springframework.security.web.savedrequest.RequestCacheAwareFilter@780dc451, org.springframework.security.web.servletapi.SecurityContextHolderAwareRequestFilter@65089d8c, org.springframework.security.web.authentication.AnonymousAuthenticationFilter@6298f18d, org.springframework.security.web.access.ExceptionTranslationFilter@7e2c77eb, org.springframework.security.web.access.intercept.AuthorizationFilter@37b30ab4]
[2024-03-05 17:10:19.078]  INFO 14328 --- [  restartedMain] o.s.b.d.a.OptionalLiveReloadServer       : LiveReload server is running on port 35729
[2024-03-05 17:10:19.091]  INFO 14328 --- [  restartedMain] o.a.c.h.Http11NioProtocol                : Starting ProtocolHandler ["http-nio-8080"]
[2024-03-05 17:10:19.103]  INFO 14328 --- [  restartedMain] o.s.b.w.e.t.TomcatWebServer              : Tomcat started on port 8080 (http) with context path ''
[2024-03-05 17:10:19.109]  INFO 14328 --- [  restartedMain] c.s.g.GalleryApplication                 : Started GalleryApplication in 2.378 seconds (process running for 2.98)
[2024-03-05 17:10:23.619]  INFO 14328 --- [nio-8080-exec-1] o.a.c.c.C.[.[.[/]                        : Initializing Spring DispatcherServlet 'dispatcherServlet'
[2024-03-05 17:10:23.620]  INFO 14328 --- [nio-8080-exec-1] o.s.w.s.DispatcherServlet                : Initializing Servlet 'dispatcherServlet'
[2024-03-05 17:10:23.621]  INFO 14328 --- [nio-8080-exec-1] o.s.w.s.DispatcherServlet                : Completed initialization in 1 ms
