[2024-03-06 15:15:14.404]  INFO 28448 --- [   File Watcher] rtingClassPathChangeChangedEventListener : Restarting due to 1 class path change (0 additions, 0 deletions, 1 modification)
[2024-03-06 15:15:14.412]  INFO 28448 --- [       Thread-5] o.a.c.h.Http11NioProtocol                : Stopping ProtocolHandler ["http-nio-8080"]
[2024-03-06 15:15:14.432]  INFO 28448 --- [       Thread-5] j.LocalContainerEntityManagerFactoryBean : Closing JPA EntityManagerFactory for persistence unit 'default'
[2024-03-06 15:15:14.435]  INFO 28448 --- [       Thread-5] c.z.h.HikariDataSource                   : HikariPool-1 - Shutdown initiated...
[2024-03-06 15:15:14.441]  INFO 28448 --- [       Thread-5] c.z.h.HikariDataSource                   : HikariPool-1 - Shutdown completed.
[2024-03-06 15:15:14.539]  INFO 28448 --- [  restartedMain] c.s.g.GalleryApplication                 : Starting GalleryApplication using Java 17.0.9 with PID 28448 (C:\Users\SSAFY\Desktop\PJT2\backend\build\classes\java\main started by SSAFY in C:\Users\SSAFY\Desktop\PJT2\backend)
[2024-03-06 15:15:14.539]  INFO 28448 --- [  restartedMain] c.s.g.GalleryApplication                 : No active profile set, falling back to 1 default profile: "default"
[2024-03-06 15:15:14.717]  INFO 28448 --- [  restartedMain] .s.d.r.c.RepositoryConfigurationDelegate : Bootstrapping Spring Data JPA repositories in DEFAULT mode.
[2024-03-06 15:15:14.724]  INFO 28448 --- [  restartedMain] .s.d.r.c.RepositoryConfigurationDelegate : Finished Spring Data repository scanning in 6 ms. Found 1 JPA repository interface.
[2024-03-06 15:15:14.800]  INFO 28448 --- [  restartedMain] o.s.b.w.e.t.TomcatWebServer              : Tomcat initialized with port 8080 (http)
[2024-03-06 15:15:14.801]  INFO 28448 --- [  restartedMain] o.a.c.h.Http11NioProtocol                : Initializing ProtocolHandler ["http-nio-8080"]
[2024-03-06 15:15:14.801]  INFO 28448 --- [  restartedMain] o.a.c.c.StandardService                  : Starting service [Tomcat]
[2024-03-06 15:15:14.802]  INFO 28448 --- [  restartedMain] o.a.c.c.StandardEngine                   : Starting Servlet engine: [Apache Tomcat/10.1.19]
[2024-03-06 15:15:14.814]  INFO 28448 --- [  restartedMain] o.a.c.c.C.[.[.[/]                        : Initializing Spring embedded WebApplicationContext
[2024-03-06 15:15:14.814]  INFO 28448 --- [  restartedMain] w.s.c.ServletWebServerApplicationContext : Root WebApplicationContext: initialization completed in 274 ms
[2024-03-06 15:15:14.835]  INFO 28448 --- [  restartedMain] c.z.h.HikariDataSource                   : HikariPool-2 - Starting...
[2024-03-06 15:15:14.844]  INFO 28448 --- [  restartedMain] c.z.h.p.HikariPool                       : HikariPool-2 - Added connection com.mysql.cj.jdbc.ConnectionImpl@4b36a3a9
[2024-03-06 15:15:14.844]  INFO 28448 --- [  restartedMain] c.z.h.HikariDataSource                   : HikariPool-2 - Start completed.
[2024-03-06 15:15:14.845]  INFO 28448 --- [  restartedMain] o.h.j.i.u.LogHelper                      : HHH000204: Processing PersistenceUnitInfo [name: default]
[2024-03-06 15:15:14.848]  INFO 28448 --- [  restartedMain] o.h.c.i.RegionFactoryInitiator           : HHH000026: Second-level cache disabled
[2024-03-06 15:15:14.851]  INFO 28448 --- [  restartedMain] o.s.o.j.p.SpringPersistenceUnitInfo      : No LoadTimeWeaver setup: ignoring JPA class transformer
[2024-03-06 15:15:14.873]  INFO 28448 --- [  restartedMain] o.h.e.t.j.p.i.JtaPlatformInitiator       : HHH000489: No JTA platform available (set 'hibernate.transaction.jta.platform' to enable JTA platform integration)
[2024-03-06 15:15:14.874]  INFO 28448 --- [  restartedMain] j.LocalContainerEntityManagerFactoryBean : Initialized JPA EntityManagerFactory for persistence unit 'default'
[2024-03-06 15:15:14.937]  WARN 28448 --- [  restartedMain] JpaBaseConfiguration$JpaWebConfiguration : spring.jpa.open-in-view is enabled by default. Therefore, database queries may be performed during view rendering. Explicitly configure spring.jpa.open-in-view to disable this warning
[2024-03-06 15:15:14.945]  INFO 28448 --- [  restartedMain] o.s.b.a.w.s.WelcomePageHandlerMapping    : Adding welcome page: class path resource [static/index.html]
[2024-03-06 15:15:14.985]  INFO 28448 --- [  restartedMain] o.s.s.w.DefaultSecurityFilterChain       : Will secure any request with [org.springframework.security.web.session.DisableEncodeUrlFilter@30913d49, org.springframework.security.web.context.request.async.WebAsyncManagerIntegrationFilter@6e2f8727, org.springframework.security.web.context.SecurityContextHolderFilter@48176b90, org.springframework.security.web.header.HeaderWriterFilter@7c3a6904, org.springframework.security.oauth2.client.web.OAuth2AuthorizationRequestRedirectFilter@6fe7a7f, org.springframework.security.oauth2.client.web.OAuth2LoginAuthenticationFilter@128de66c, org.springframework.security.web.authentication.ui.DefaultLoginPageGeneratingFilter@62fed327, org.springframework.security.web.savedrequest.RequestCacheAwareFilter@1a1be338, org.springframework.security.web.servletapi.SecurityContextHolderAwareRequestFilter@4da3f1de, org.springframework.security.web.authentication.AnonymousAuthenticationFilter@1b77251f, org.springframework.security.web.access.ExceptionTranslationFilter@1a59a6db, org.springframework.security.web.access.intercept.AuthorizationFilter@54015c20]
[2024-03-06 15:15:15.031]  INFO 28448 --- [  restartedMain] o.s.b.d.a.OptionalLiveReloadServer       : LiveReload server is running on port 35729
[2024-03-06 15:15:15.039]  INFO 28448 --- [  restartedMain] o.a.c.h.Http11NioProtocol                : Starting ProtocolHandler ["http-nio-8080"]
[2024-03-06 15:15:15.044]  INFO 28448 --- [  restartedMain] o.s.b.w.e.t.TomcatWebServer              : Tomcat started on port 8080 (http) with context path ''
[2024-03-06 15:15:15.049]  INFO 28448 --- [  restartedMain] c.s.g.GalleryApplication                 : Started GalleryApplication in 0.55 seconds (process running for 21.48)
[2024-03-06 15:15:15.051]  INFO 28448 --- [  restartedMain] .ConditionEvaluationDeltaLoggingListener : Condition evaluation unchanged
