[2024-03-04 17:56:26.045]  INFO 12188 --- [   File Watcher] rtingClassPathChangeChangedEventListener : Restarting due to 1 class path change (0 additions, 0 deletions, 1 modification)
[2024-03-04 17:56:26.049]  INFO 12188 --- [       Thread-7] o.a.c.h.Http11NioProtocol                : Stopping ProtocolHandler ["http-nio-8080"]
[2024-03-04 17:56:26.061]  INFO 12188 --- [       Thread-7] j.LocalContainerEntityManagerFactoryBean : Closing JPA EntityManagerFactory for persistence unit 'default'
[2024-03-04 17:56:26.062]  INFO 12188 --- [       Thread-7] c.z.h.HikariDataSource                   : HikariPool-2 - Shutdown initiated...
[2024-03-04 17:56:26.065]  INFO 12188 --- [       Thread-7] c.z.h.HikariDataSource                   : HikariPool-2 - Shutdown completed.
[2024-03-04 17:56:26.173]  INFO 12188 --- [  restartedMain] c.s.g.GalleryApplication                 : Starting GalleryApplication using Java 17.0.9 with PID 12188 (D:\Project\S10P22A101\backend\build\classes\java\main started by SSAFY in D:\Project\S10P22A101\backend)
[2024-03-04 17:56:26.173]  INFO 12188 --- [  restartedMain] c.s.g.GalleryApplication                 : No active profile set, falling back to 1 default profile: "default"
[2024-03-04 17:56:26.372]  INFO 12188 --- [  restartedMain] .s.d.r.c.RepositoryConfigurationDelegate : Bootstrapping Spring Data JPA repositories in DEFAULT mode.
[2024-03-04 17:56:26.375]  INFO 12188 --- [  restartedMain] .s.d.r.c.RepositoryConfigurationDelegate : Finished Spring Data repository scanning in 3 ms. Found 0 JPA repository interfaces.
[2024-03-04 17:56:26.461]  INFO 12188 --- [  restartedMain] o.s.b.w.e.t.TomcatWebServer              : Tomcat initialized with port 8080 (http)
[2024-03-04 17:56:26.462]  INFO 12188 --- [  restartedMain] o.a.c.h.Http11NioProtocol                : Initializing ProtocolHandler ["http-nio-8080"]
[2024-03-04 17:56:26.462]  INFO 12188 --- [  restartedMain] o.a.c.c.StandardService                  : Starting service [Tomcat]
[2024-03-04 17:56:26.462]  INFO 12188 --- [  restartedMain] o.a.c.c.StandardEngine                   : Starting Servlet engine: [Apache Tomcat/10.1.19]
[2024-03-04 17:56:26.477]  INFO 12188 --- [  restartedMain] o.a.c.c.C.[.[.[/]                        : Initializing Spring embedded WebApplicationContext
[2024-03-04 17:56:26.477]  INFO 12188 --- [  restartedMain] w.s.c.ServletWebServerApplicationContext : Root WebApplicationContext: initialization completed in 303 ms
[2024-03-04 17:56:26.502]  INFO 12188 --- [  restartedMain] c.z.h.HikariDataSource                   : HikariPool-3 - Starting...
[2024-03-04 17:56:26.526]  INFO 12188 --- [  restartedMain] c.z.h.p.HikariPool                       : HikariPool-3 - Added connection com.mysql.cj.jdbc.ConnectionImpl@4c87a367
[2024-03-04 17:56:26.527]  INFO 12188 --- [  restartedMain] c.z.h.HikariDataSource                   : HikariPool-3 - Start completed.
[2024-03-04 17:56:26.528]  INFO 12188 --- [  restartedMain] o.h.j.i.u.LogHelper                      : HHH000204: Processing PersistenceUnitInfo [name: default]
[2024-03-04 17:56:26.531]  INFO 12188 --- [  restartedMain] o.h.c.i.RegionFactoryInitiator           : HHH000026: Second-level cache disabled
[2024-03-04 17:56:26.535]  INFO 12188 --- [  restartedMain] o.s.o.j.p.SpringPersistenceUnitInfo      : No LoadTimeWeaver setup: ignoring JPA class transformer
[2024-03-04 17:56:26.536]  WARN 12188 --- [  restartedMain] o.h.d.Dialect                            : HHH000511: The 5.7.0 version for [org.hibernate.dialect.MySQLDialect] is no longer supported, hence certain features may not work properly. The minimum supported version is 8.0.0. Check the community dialects project for available legacy versions.
[2024-03-04 17:56:26.547]  INFO 12188 --- [  restartedMain] o.h.e.t.j.p.i.JtaPlatformInitiator       : HHH000489: No JTA platform available (set 'hibernate.transaction.jta.platform' to enable JTA platform integration)
[2024-03-04 17:56:26.548]  INFO 12188 --- [  restartedMain] j.LocalContainerEntityManagerFactoryBean : Initialized JPA EntityManagerFactory for persistence unit 'default'
[2024-03-04 17:56:26.584]  WARN 12188 --- [  restartedMain] JpaBaseConfiguration$JpaWebConfiguration : spring.jpa.open-in-view is enabled by default. Therefore, database queries may be performed during view rendering. Explicitly configure spring.jpa.open-in-view to disable this warning
[2024-03-04 17:56:26.590]  WARN 12188 --- [  restartedMain] .s.s.UserDetailsServiceAutoConfiguration : 

Using generated security password: 55939560-1203-491e-a425-51993ff379d2

This generated password is for development use only. Your security configuration must be updated before running your application in production.

[2024-03-04 17:56:26.652]  INFO 12188 --- [  restartedMain] o.s.s.w.DefaultSecurityFilterChain       : Will secure any request with [org.springframework.security.web.session.DisableEncodeUrlFilter@2dab5439, org.springframework.security.web.context.request.async.WebAsyncManagerIntegrationFilter@c7503c5, org.springframework.security.web.context.SecurityContextHolderFilter@177074cd, org.springframework.security.web.header.HeaderWriterFilter@40956414, org.springframework.security.web.authentication.logout.LogoutFilter@5949d74, org.springframework.security.web.savedrequest.RequestCacheAwareFilter@f47ff4a, org.springframework.security.web.servletapi.SecurityContextHolderAwareRequestFilter@7a083b1e, org.springframework.security.web.authentication.AnonymousAuthenticationFilter@75ec75ff, org.springframework.security.web.access.ExceptionTranslationFilter@76807753, org.springframework.security.web.access.intercept.AuthorizationFilter@ef28245]
[2024-03-04 17:56:26.726]  INFO 12188 --- [  restartedMain] o.s.b.d.a.OptionalLiveReloadServer       : LiveReload server is running on port 35729
[2024-03-04 17:56:26.734]  INFO 12188 --- [  restartedMain] o.a.c.h.Http11NioProtocol                : Starting ProtocolHandler ["http-nio-8080"]
[2024-03-04 17:56:26.737]  INFO 12188 --- [  restartedMain] o.s.b.w.e.t.TomcatWebServer              : Tomcat started on port 8080 (http) with context path ''
[2024-03-04 17:56:26.742]  INFO 12188 --- [  restartedMain] c.s.g.GalleryApplication                 : Started GalleryApplication in 0.614 seconds (process running for 235.586)
[2024-03-04 17:56:26.743]  INFO 12188 --- [  restartedMain] .ConditionEvaluationDeltaLoggingListener : Condition evaluation unchanged
