[2024-03-05 16:35:16.770]  INFO 11692 --- [   File Watcher] rtingClassPathChangeChangedEventListener : Restarting due to 1 class path change (0 additions, 0 deletions, 1 modification)
[2024-03-05 16:35:16.775]  INFO 11692 --- [       Thread-5] o.a.c.h.Http11NioProtocol                : Stopping ProtocolHandler ["http-nio-8080"]
[2024-03-05 16:35:16.787]  INFO 11692 --- [       Thread-5] j.LocalContainerEntityManagerFactoryBean : Closing JPA EntityManagerFactory for persistence unit 'default'
[2024-03-05 16:35:16.790]  INFO 11692 --- [       Thread-5] c.z.h.HikariDataSource                   : HikariPool-1 - Shutdown initiated...
[2024-03-05 16:35:16.794]  INFO 11692 --- [       Thread-5] c.z.h.HikariDataSource                   : HikariPool-1 - Shutdown completed.
[2024-03-05 16:35:16.877]  INFO 11692 --- [  restartedMain] c.s.g.GalleryApplication                 : Starting GalleryApplication using Java 17.0.9 with PID 11692 (D:\Project\S10P22A101\backend\build\classes\java\main started by SSAFY in D:\Project\S10P22A101\backend)
[2024-03-05 16:35:16.877]  INFO 11692 --- [  restartedMain] c.s.g.GalleryApplication                 : No active profile set, falling back to 1 default profile: "default"
[2024-03-05 16:35:17.016]  INFO 11692 --- [  restartedMain] .s.d.r.c.RepositoryConfigurationDelegate : Bootstrapping Spring Data JPA repositories in DEFAULT mode.
[2024-03-05 16:35:17.019]  INFO 11692 --- [  restartedMain] .s.d.r.c.RepositoryConfigurationDelegate : Finished Spring Data repository scanning in 1 ms. Found 0 JPA repository interfaces.
[2024-03-05 16:35:17.091]  INFO 11692 --- [  restartedMain] o.s.b.w.e.t.TomcatWebServer              : Tomcat initialized with port 8080 (http)
[2024-03-05 16:35:17.092]  INFO 11692 --- [  restartedMain] o.a.c.h.Http11NioProtocol                : Initializing ProtocolHandler ["http-nio-8080"]
[2024-03-05 16:35:17.092]  INFO 11692 --- [  restartedMain] o.a.c.c.StandardService                  : Starting service [Tomcat]
[2024-03-05 16:35:17.092]  INFO 11692 --- [  restartedMain] o.a.c.c.StandardEngine                   : Starting Servlet engine: [Apache Tomcat/10.1.19]
[2024-03-05 16:35:17.104]  INFO 11692 --- [  restartedMain] o.a.c.c.C.[.[.[/]                        : Initializing Spring embedded WebApplicationContext
[2024-03-05 16:35:17.104]  INFO 11692 --- [  restartedMain] w.s.c.ServletWebServerApplicationContext : Root WebApplicationContext: initialization completed in 225 ms
[2024-03-05 16:35:17.126]  INFO 11692 --- [  restartedMain] c.z.h.HikariDataSource                   : HikariPool-2 - Starting...
[2024-03-05 16:35:17.142]  INFO 11692 --- [  restartedMain] c.z.h.p.HikariPool                       : HikariPool-2 - Added connection com.mysql.cj.jdbc.ConnectionImpl@3f38830d
[2024-03-05 16:35:17.143]  INFO 11692 --- [  restartedMain] c.z.h.HikariDataSource                   : HikariPool-2 - Start completed.
[2024-03-05 16:35:17.143]  INFO 11692 --- [  restartedMain] o.h.j.i.u.LogHelper                      : HHH000204: Processing PersistenceUnitInfo [name: default]
[2024-03-05 16:35:17.145]  INFO 11692 --- [  restartedMain] o.h.c.i.RegionFactoryInitiator           : HHH000026: Second-level cache disabled
[2024-03-05 16:35:17.148]  INFO 11692 --- [  restartedMain] o.s.o.j.p.SpringPersistenceUnitInfo      : No LoadTimeWeaver setup: ignoring JPA class transformer
[2024-03-05 16:35:17.150]  WARN 11692 --- [  restartedMain] o.h.d.Dialect                            : HHH000511: The 5.7.0 version for [org.hibernate.dialect.MySQLDialect] is no longer supported, hence certain features may not work properly. The minimum supported version is 8.0.0. Check the community dialects project for available legacy versions.
[2024-03-05 16:35:17.157]  INFO 11692 --- [  restartedMain] o.h.e.t.j.p.i.JtaPlatformInitiator       : HHH000489: No JTA platform available (set 'hibernate.transaction.jta.platform' to enable JTA platform integration)
[2024-03-05 16:35:17.158]  INFO 11692 --- [  restartedMain] j.LocalContainerEntityManagerFactoryBean : Initialized JPA EntityManagerFactory for persistence unit 'default'
[2024-03-05 16:35:17.190]  WARN 11692 --- [  restartedMain] JpaBaseConfiguration$JpaWebConfiguration : spring.jpa.open-in-view is enabled by default. Therefore, database queries may be performed during view rendering. Explicitly configure spring.jpa.open-in-view to disable this warning
[2024-03-05 16:35:17.197]  INFO 11692 --- [  restartedMain] o.s.b.a.w.s.WelcomePageHandlerMapping    : Adding welcome page: class path resource [static/index.html]
[2024-03-05 16:35:17.233]  INFO 11692 --- [  restartedMain] o.s.s.w.DefaultSecurityFilterChain       : Will secure any request with [org.springframework.security.web.session.DisableEncodeUrlFilter@7c27f19d, org.springframework.security.web.context.request.async.WebAsyncManagerIntegrationFilter@38771b6c, org.springframework.security.web.context.SecurityContextHolderFilter@3323b2a9, org.springframework.security.web.header.HeaderWriterFilter@27bdc811, org.springframework.security.oauth2.client.web.OAuth2AuthorizationRequestRedirectFilter@10b05d6b, org.springframework.security.oauth2.client.web.OAuth2LoginAuthenticationFilter@4ee64501, org.springframework.security.web.authentication.ui.DefaultLoginPageGeneratingFilter@19bf27e, org.springframework.security.web.savedrequest.RequestCacheAwareFilter@3e566882, org.springframework.security.web.servletapi.SecurityContextHolderAwareRequestFilter@482f562a, org.springframework.security.web.authentication.AnonymousAuthenticationFilter@2a3e420c, org.springframework.security.web.access.ExceptionTranslationFilter@1e3d0644, org.springframework.security.web.access.intercept.AuthorizationFilter@229cc114]
[2024-03-05 16:35:17.283]  INFO 11692 --- [  restartedMain] o.s.b.d.a.OptionalLiveReloadServer       : LiveReload server is running on port 35729
[2024-03-05 16:35:17.290]  INFO 11692 --- [  restartedMain] o.a.c.h.Http11NioProtocol                : Starting ProtocolHandler ["http-nio-8080"]
[2024-03-05 16:35:17.292]  INFO 11692 --- [  restartedMain] o.s.b.w.e.t.TomcatWebServer              : Tomcat started on port 8080 (http) with context path ''
[2024-03-05 16:35:17.296]  INFO 11692 --- [  restartedMain] c.s.g.GalleryApplication                 : Started GalleryApplication in 0.452 seconds (process running for 200.354)
[2024-03-05 16:35:17.297]  INFO 11692 --- [  restartedMain] .ConditionEvaluationDeltaLoggingListener : Condition evaluation unchanged
