[2024-03-06 14:33:20.843]  INFO 5916 --- [ionShutdownHook] j.LocalContainerEntityManagerFactoryBean : Closing JPA EntityManagerFactory for persistence unit 'default'
[2024-03-06 14:33:20.847]  INFO 5916 --- [ionShutdownHook] c.z.h.HikariDataSource                   : HikariPool-2 - Shutdown initiated...
[2024-03-06 14:33:20.850]  INFO 5916 --- [ionShutdownHook] c.z.h.HikariDataSource                   : HikariPool-2 - Shutdown completed.
[2024-03-06 14:33:25.161]  INFO 15444 --- [  restartedMain] c.s.g.GalleryApplication                 : Starting GalleryApplication using Java 17.0.9 with PID 15444 (C:\Users\SSAFY\Desktop\PJT2\backend\build\classes\java\main started by SSAFY in C:\Users\SSAFY\Desktop\PJT2\backend)
[2024-03-06 14:33:25.171]  INFO 15444 --- [  restartedMain] c.s.g.GalleryApplication                 : No active profile set, falling back to 1 default profile: "default"
[2024-03-06 14:33:25.224]  INFO 15444 --- [  restartedMain] .e.DevToolsPropertyDefaultsPostProcessor : Devtools property defaults active! Set 'spring.devtools.add-properties' to 'false' to disable
[2024-03-06 14:33:25.225]  INFO 15444 --- [  restartedMain] .e.DevToolsPropertyDefaultsPostProcessor : For additional web related logging consider setting the 'logging.level.web' property to 'DEBUG'
[2024-03-06 14:33:26.074]  INFO 15444 --- [  restartedMain] .s.d.r.c.RepositoryConfigurationDelegate : Bootstrapping Spring Data JPA repositories in DEFAULT mode.
[2024-03-06 14:33:26.133]  INFO 15444 --- [  restartedMain] .s.d.r.c.RepositoryConfigurationDelegate : Finished Spring Data repository scanning in 51 ms. Found 1 JPA repository interface.
[2024-03-06 14:33:26.625]  INFO 15444 --- [  restartedMain] o.s.b.w.e.t.TomcatWebServer              : Tomcat initialized with port 8080 (http)
[2024-03-06 14:33:26.634]  INFO 15444 --- [  restartedMain] o.a.c.h.Http11NioProtocol                : Initializing ProtocolHandler ["http-nio-8080"]
[2024-03-06 14:33:26.636]  INFO 15444 --- [  restartedMain] o.a.c.c.StandardService                  : Starting service [Tomcat]
[2024-03-06 14:33:26.636]  INFO 15444 --- [  restartedMain] o.a.c.c.StandardEngine                   : Starting Servlet engine: [Apache Tomcat/10.1.19]
[2024-03-06 14:33:26.680]  INFO 15444 --- [  restartedMain] o.a.c.c.C.[.[.[/]                        : Initializing Spring embedded WebApplicationContext
[2024-03-06 14:33:26.681]  INFO 15444 --- [  restartedMain] w.s.c.ServletWebServerApplicationContext : Root WebApplicationContext: initialization completed in 1456 ms
[2024-03-06 14:33:26.787]  INFO 15444 --- [  restartedMain] c.z.h.HikariDataSource                   : HikariPool-1 - Starting...
[2024-03-06 14:33:27.008]  INFO 15444 --- [  restartedMain] c.z.h.p.HikariPool                       : HikariPool-1 - Added connection com.mysql.cj.jdbc.ConnectionImpl@2d0f5dc8
[2024-03-06 14:33:27.010]  INFO 15444 --- [  restartedMain] c.z.h.HikariDataSource                   : HikariPool-1 - Start completed.
[2024-03-06 14:33:27.042]  INFO 15444 --- [  restartedMain] o.h.j.i.u.LogHelper                      : HHH000204: Processing PersistenceUnitInfo [name: default]
[2024-03-06 14:33:27.086]  INFO 15444 --- [  restartedMain] o.h.Version                              : HHH000412: Hibernate ORM core version 6.4.4.Final
[2024-03-06 14:33:27.112]  INFO 15444 --- [  restartedMain] o.h.c.i.RegionFactoryInitiator           : HHH000026: Second-level cache disabled
[2024-03-06 14:33:27.322]  INFO 15444 --- [  restartedMain] o.s.o.j.p.SpringPersistenceUnitInfo      : No LoadTimeWeaver setup: ignoring JPA class transformer
[2024-03-06 14:33:28.075]  INFO 15444 --- [  restartedMain] o.h.e.t.j.p.i.JtaPlatformInitiator       : HHH000489: No JTA platform available (set 'hibernate.transaction.jta.platform' to enable JTA platform integration)
[2024-03-06 14:33:28.079]  INFO 15444 --- [  restartedMain] j.LocalContainerEntityManagerFactoryBean : Initialized JPA EntityManagerFactory for persistence unit 'default'
[2024-03-06 14:33:28.469]  WARN 15444 --- [  restartedMain] JpaBaseConfiguration$JpaWebConfiguration : spring.jpa.open-in-view is enabled by default. Therefore, database queries may be performed during view rendering. Explicitly configure spring.jpa.open-in-view to disable this warning
[2024-03-06 14:33:28.534]  INFO 15444 --- [  restartedMain] o.s.b.a.w.s.WelcomePageHandlerMapping    : Adding welcome page: class path resource [static/index.html]
[2024-03-06 14:33:28.705]  INFO 15444 --- [  restartedMain] o.s.s.w.DefaultSecurityFilterChain       : Will secure any request with [org.springframework.security.web.session.DisableEncodeUrlFilter@5ff14de4, org.springframework.security.web.context.request.async.WebAsyncManagerIntegrationFilter@56ed9cde, org.springframework.security.web.context.SecurityContextHolderFilter@77e2eb9a, org.springframework.security.web.header.HeaderWriterFilter@438b8b24, org.springframework.security.oauth2.client.web.OAuth2AuthorizationRequestRedirectFilter@6a08bcc, org.springframework.security.oauth2.client.web.OAuth2LoginAuthenticationFilter@4129178b, org.springframework.security.web.authentication.ui.DefaultLoginPageGeneratingFilter@2ac2940b, org.springframework.security.web.savedrequest.RequestCacheAwareFilter@471b1f27, org.springframework.security.web.servletapi.SecurityContextHolderAwareRequestFilter@558ffcea, org.springframework.security.web.authentication.AnonymousAuthenticationFilter@3d8755d8, org.springframework.security.web.access.ExceptionTranslationFilter@2bcbd4f7, org.springframework.security.web.access.intercept.AuthorizationFilter@5234ce7e]
[2024-03-06 14:33:28.936]  INFO 15444 --- [  restartedMain] o.s.b.d.a.OptionalLiveReloadServer       : LiveReload server is running on port 35729
[2024-03-06 14:33:28.956]  INFO 15444 --- [  restartedMain] o.a.c.h.Http11NioProtocol                : Starting ProtocolHandler ["http-nio-8080"]
[2024-03-06 14:33:28.972]  INFO 15444 --- [  restartedMain] o.s.b.w.e.t.TomcatWebServer              : Tomcat started on port 8080 (http) with context path ''
[2024-03-06 14:33:28.982]  INFO 15444 --- [  restartedMain] c.s.g.GalleryApplication                 : Started GalleryApplication in 4.243 seconds (process running for 5.29)
