[2024-03-06 15:21:54.410]  INFO 28448 --- [   File Watcher] rtingClassPathChangeChangedEventListener : Restarting due to 1 class path change (0 additions, 1 deletion, 0 modifications)
[2024-03-06 15:21:54.414]  INFO 28448 --- [       Thread-7] o.a.c.h.Http11NioProtocol                : Stopping ProtocolHandler ["http-nio-8080"]
[2024-03-06 15:21:54.434]  INFO 28448 --- [       Thread-7] j.LocalContainerEntityManagerFactoryBean : Closing JPA EntityManagerFactory for persistence unit 'default'
[2024-03-06 15:21:54.435]  INFO 28448 --- [       Thread-7] c.z.h.HikariDataSource                   : HikariPool-2 - Shutdown initiated...
[2024-03-06 15:21:54.438]  INFO 28448 --- [       Thread-7] c.z.h.HikariDataSource                   : HikariPool-2 - Shutdown completed.
[2024-03-06 15:21:54.523]  INFO 28448 --- [  restartedMain] c.s.g.GalleryApplication                 : Starting GalleryApplication using Java 17.0.9 with PID 28448 (C:\Users\SSAFY\Desktop\PJT2\backend\build\classes\java\main started by SSAFY in C:\Users\SSAFY\Desktop\PJT2\backend)
[2024-03-06 15:21:54.523]  INFO 28448 --- [  restartedMain] c.s.g.GalleryApplication                 : No active profile set, falling back to 1 default profile: "default"
[2024-03-06 15:21:54.714]  INFO 28448 --- [  restartedMain] .s.d.r.c.RepositoryConfigurationDelegate : Bootstrapping Spring Data JPA repositories in DEFAULT mode.
[2024-03-06 15:21:54.722]  INFO 28448 --- [  restartedMain] .s.d.r.c.RepositoryConfigurationDelegate : Finished Spring Data repository scanning in 7 ms. Found 1 JPA repository interface.
[2024-03-06 15:21:54.799]  INFO 28448 --- [  restartedMain] o.s.b.w.e.t.TomcatWebServer              : Tomcat initialized with port 8080 (http)
[2024-03-06 15:21:54.800]  INFO 28448 --- [  restartedMain] o.a.c.h.Http11NioProtocol                : Initializing ProtocolHandler ["http-nio-8080"]
[2024-03-06 15:21:54.800]  INFO 28448 --- [  restartedMain] o.a.c.c.StandardService                  : Starting service [Tomcat]
[2024-03-06 15:21:54.800]  INFO 28448 --- [  restartedMain] o.a.c.c.StandardEngine                   : Starting Servlet engine: [Apache Tomcat/10.1.19]
[2024-03-06 15:21:54.812]  INFO 28448 --- [  restartedMain] o.a.c.c.C.[.[.[/]                        : Initializing Spring embedded WebApplicationContext
[2024-03-06 15:21:54.812]  INFO 28448 --- [  restartedMain] w.s.c.ServletWebServerApplicationContext : Root WebApplicationContext: initialization completed in 287 ms
[2024-03-06 15:21:54.835]  INFO 28448 --- [  restartedMain] c.z.h.HikariDataSource                   : HikariPool-3 - Starting...
[2024-03-06 15:21:54.845]  INFO 28448 --- [  restartedMain] c.z.h.p.HikariPool                       : HikariPool-3 - Added connection com.mysql.cj.jdbc.ConnectionImpl@72525c1a
[2024-03-06 15:21:54.845]  INFO 28448 --- [  restartedMain] c.z.h.HikariDataSource                   : HikariPool-3 - Start completed.
[2024-03-06 15:21:54.846]  INFO 28448 --- [  restartedMain] o.h.j.i.u.LogHelper                      : HHH000204: Processing PersistenceUnitInfo [name: default]
[2024-03-06 15:21:54.849]  INFO 28448 --- [  restartedMain] o.h.c.i.RegionFactoryInitiator           : HHH000026: Second-level cache disabled
[2024-03-06 15:21:54.852]  INFO 28448 --- [  restartedMain] o.s.o.j.p.SpringPersistenceUnitInfo      : No LoadTimeWeaver setup: ignoring JPA class transformer
[2024-03-06 15:21:54.874]  INFO 28448 --- [  restartedMain] o.h.e.t.j.p.i.JtaPlatformInitiator       : HHH000489: No JTA platform available (set 'hibernate.transaction.jta.platform' to enable JTA platform integration)
[2024-03-06 15:21:54.874]  INFO 28448 --- [  restartedMain] j.LocalContainerEntityManagerFactoryBean : Initialized JPA EntityManagerFactory for persistence unit 'default'
[2024-03-06 15:21:54.946]  WARN 28448 --- [  restartedMain] JpaBaseConfiguration$JpaWebConfiguration : spring.jpa.open-in-view is enabled by default. Therefore, database queries may be performed during view rendering. Explicitly configure spring.jpa.open-in-view to disable this warning
[2024-03-06 15:21:54.957]  INFO 28448 --- [  restartedMain] o.s.b.a.w.s.WelcomePageHandlerMapping    : Adding welcome page: class path resource [static/index.html]
[2024-03-06 15:21:55.005]  INFO 28448 --- [  restartedMain] o.s.s.w.DefaultSecurityFilterChain       : Will secure any request with [org.springframework.security.web.session.DisableEncodeUrlFilter@37a97d2d, org.springframework.security.web.context.request.async.WebAsyncManagerIntegrationFilter@4f60d387, org.springframework.security.web.context.SecurityContextHolderFilter@46068337, org.springframework.security.web.header.HeaderWriterFilter@11661008, org.springframework.security.oauth2.client.web.OAuth2AuthorizationRequestRedirectFilter@2c8803b9, org.springframework.security.oauth2.client.web.OAuth2LoginAuthenticationFilter@1dc0ab5f, org.springframework.security.web.authentication.ui.DefaultLoginPageGeneratingFilter@7718dc33, org.springframework.security.web.savedrequest.RequestCacheAwareFilter@fc169e5, org.springframework.security.web.servletapi.SecurityContextHolderAwareRequestFilter@56df60b0, org.springframework.security.web.authentication.AnonymousAuthenticationFilter@23198419, org.springframework.security.web.access.ExceptionTranslationFilter@1bb85fe2, org.springframework.security.web.access.intercept.AuthorizationFilter@1ff39d6]
[2024-03-06 15:21:55.066]  INFO 28448 --- [  restartedMain] o.s.b.d.a.OptionalLiveReloadServer       : LiveReload server is running on port 35729
[2024-03-06 15:21:55.075]  INFO 28448 --- [  restartedMain] o.a.c.h.Http11NioProtocol                : Starting ProtocolHandler ["http-nio-8080"]
[2024-03-06 15:21:55.078]  INFO 28448 --- [  restartedMain] o.s.b.w.e.t.TomcatWebServer              : Tomcat started on port 8080 (http) with context path ''
[2024-03-06 15:21:55.082]  INFO 28448 --- [  restartedMain] c.s.g.GalleryApplication                 : Started GalleryApplication in 0.593 seconds (process running for 421.511)
[2024-03-06 15:21:55.083]  INFO 28448 --- [  restartedMain] .ConditionEvaluationDeltaLoggingListener : Condition evaluation unchanged
[2024-03-06 15:21:56.505]  INFO 28448 --- [   File Watcher] rtingClassPathChangeChangedEventListener : Restarting due to 1 class path change (1 addition, 0 deletions, 0 modifications)
[2024-03-06 15:21:56.507]  INFO 28448 --- [      Thread-11] o.a.c.h.Http11NioProtocol                : Stopping ProtocolHandler ["http-nio-8080"]
[2024-03-06 15:21:56.528]  INFO 28448 --- [      Thread-11] j.LocalContainerEntityManagerFactoryBean : Closing JPA EntityManagerFactory for persistence unit 'default'
[2024-03-06 15:21:56.528]  INFO 28448 --- [      Thread-11] c.z.h.HikariDataSource                   : HikariPool-3 - Shutdown initiated...
[2024-03-06 15:21:56.532]  INFO 28448 --- [      Thread-11] c.z.h.HikariDataSource                   : HikariPool-3 - Shutdown completed.
[2024-03-06 15:21:56.616]  INFO 28448 --- [  restartedMain] c.s.g.GalleryApplication                 : Starting GalleryApplication using Java 17.0.9 with PID 28448 (C:\Users\SSAFY\Desktop\PJT2\backend\build\classes\java\main started by SSAFY in C:\Users\SSAFY\Desktop\PJT2\backend)
[2024-03-06 15:21:56.616]  INFO 28448 --- [  restartedMain] c.s.g.GalleryApplication                 : No active profile set, falling back to 1 default profile: "default"
[2024-03-06 15:21:56.771]  INFO 28448 --- [  restartedMain] .s.d.r.c.RepositoryConfigurationDelegate : Bootstrapping Spring Data JPA repositories in DEFAULT mode.
[2024-03-06 15:21:56.781]  INFO 28448 --- [  restartedMain] .s.d.r.c.RepositoryConfigurationDelegate : Finished Spring Data repository scanning in 9 ms. Found 1 JPA repository interface.
[2024-03-06 15:21:56.853]  INFO 28448 --- [  restartedMain] o.s.b.w.e.t.TomcatWebServer              : Tomcat initialized with port 8080 (http)
[2024-03-06 15:21:56.854]  INFO 28448 --- [  restartedMain] o.a.c.h.Http11NioProtocol                : Initializing ProtocolHandler ["http-nio-8080"]
[2024-03-06 15:21:56.854]  INFO 28448 --- [  restartedMain] o.a.c.c.StandardService                  : Starting service [Tomcat]
[2024-03-06 15:21:56.854]  INFO 28448 --- [  restartedMain] o.a.c.c.StandardEngine                   : Starting Servlet engine: [Apache Tomcat/10.1.19]
[2024-03-06 15:21:56.866]  INFO 28448 --- [  restartedMain] o.a.c.c.C.[.[.[/]                        : Initializing Spring embedded WebApplicationContext
[2024-03-06 15:21:56.867]  INFO 28448 --- [  restartedMain] w.s.c.ServletWebServerApplicationContext : Root WebApplicationContext: initialization completed in 250 ms
[2024-03-06 15:21:56.886]  INFO 28448 --- [  restartedMain] c.z.h.HikariDataSource                   : HikariPool-4 - Starting...
[2024-03-06 15:21:56.895]  INFO 28448 --- [  restartedMain] c.z.h.p.HikariPool                       : HikariPool-4 - Added connection com.mysql.cj.jdbc.ConnectionImpl@56a62358
[2024-03-06 15:21:56.895]  INFO 28448 --- [  restartedMain] c.z.h.HikariDataSource                   : HikariPool-4 - Start completed.
[2024-03-06 15:21:56.896]  INFO 28448 --- [  restartedMain] o.h.j.i.u.LogHelper                      : HHH000204: Processing PersistenceUnitInfo [name: default]
[2024-03-06 15:21:56.899]  INFO 28448 --- [  restartedMain] o.h.c.i.RegionFactoryInitiator           : HHH000026: Second-level cache disabled
[2024-03-06 15:21:56.902]  INFO 28448 --- [  restartedMain] o.s.o.j.p.SpringPersistenceUnitInfo      : No LoadTimeWeaver setup: ignoring JPA class transformer
[2024-03-06 15:21:56.922]  INFO 28448 --- [  restartedMain] o.h.e.t.j.p.i.JtaPlatformInitiator       : HHH000489: No JTA platform available (set 'hibernate.transaction.jta.platform' to enable JTA platform integration)
[2024-03-06 15:21:56.922]  INFO 28448 --- [  restartedMain] j.LocalContainerEntityManagerFactoryBean : Initialized JPA EntityManagerFactory for persistence unit 'default'
[2024-03-06 15:21:56.982]  WARN 28448 --- [  restartedMain] JpaBaseConfiguration$JpaWebConfiguration : spring.jpa.open-in-view is enabled by default. Therefore, database queries may be performed during view rendering. Explicitly configure spring.jpa.open-in-view to disable this warning
[2024-03-06 15:21:56.990]  INFO 28448 --- [  restartedMain] o.s.b.a.w.s.WelcomePageHandlerMapping    : Adding welcome page: class path resource [static/index.html]
[2024-03-06 15:21:57.032]  INFO 28448 --- [  restartedMain] o.s.s.w.DefaultSecurityFilterChain       : Will secure any request with [org.springframework.security.web.session.DisableEncodeUrlFilter@83f39bd, org.springframework.security.web.context.request.async.WebAsyncManagerIntegrationFilter@1d2e43c3, org.springframework.security.web.context.SecurityContextHolderFilter@552164a3, org.springframework.security.web.header.HeaderWriterFilter@1eabd790, org.springframework.security.oauth2.client.web.OAuth2AuthorizationRequestRedirectFilter@5614ea3, org.springframework.security.oauth2.client.web.OAuth2LoginAuthenticationFilter@29dc0aee, org.springframework.security.web.authentication.ui.DefaultLoginPageGeneratingFilter@4f3c65a4, org.springframework.security.web.savedrequest.RequestCacheAwareFilter@6e359d33, org.springframework.security.web.servletapi.SecurityContextHolderAwareRequestFilter@feb349e, org.springframework.security.web.authentication.AnonymousAuthenticationFilter@12b51293, org.springframework.security.web.access.ExceptionTranslationFilter@41e40b60, org.springframework.security.web.access.intercept.AuthorizationFilter@53f8cf86]
[2024-03-06 15:21:57.077]  INFO 28448 --- [  restartedMain] o.s.b.d.a.OptionalLiveReloadServer       : LiveReload server is running on port 35729
[2024-03-06 15:21:57.086]  INFO 28448 --- [  restartedMain] o.a.c.h.Http11NioProtocol                : Starting ProtocolHandler ["http-nio-8080"]
[2024-03-06 15:21:57.089]  INFO 28448 --- [  restartedMain] o.s.b.w.e.t.TomcatWebServer              : Tomcat started on port 8080 (http) with context path ''
[2024-03-06 15:21:57.093]  INFO 28448 --- [  restartedMain] c.s.g.GalleryApplication                 : Started GalleryApplication in 0.508 seconds (process running for 423.523)
[2024-03-06 15:21:57.094]  INFO 28448 --- [  restartedMain] .ConditionEvaluationDeltaLoggingListener : Condition evaluation unchanged
