[2024-03-06 12:34:12.362]  INFO 20012 --- [   File Watcher] rtingClassPathChangeChangedEventListener : Restarting due to 1 class path change (0 additions, 0 deletions, 1 modification)
[2024-03-06 12:34:12.367]  INFO 20012 --- [      Thread-19] o.a.c.h.Http11NioProtocol                : Stopping ProtocolHandler ["http-nio-8080"]
[2024-03-06 12:34:12.394]  INFO 20012 --- [      Thread-19] j.LocalContainerEntityManagerFactoryBean : Closing JPA EntityManagerFactory for persistence unit 'default'
[2024-03-06 12:34:12.395]  INFO 20012 --- [      Thread-19] c.z.h.HikariDataSource                   : HikariPool-5 - Shutdown initiated...
[2024-03-06 12:34:12.401]  INFO 20012 --- [      Thread-19] c.z.h.HikariDataSource                   : HikariPool-5 - Shutdown completed.
[2024-03-06 12:34:12.506]  INFO 20012 --- [  restartedMain] c.s.g.GalleryApplication                 : Starting GalleryApplication using Java 17.0.9 with PID 20012 (C:\Users\SSAFY\Desktop\PJT2\backend\build\classes\java\main started by SSAFY in C:\Users\SSAFY\Desktop\PJT2\backend)
[2024-03-06 12:34:12.506]  INFO 20012 --- [  restartedMain] c.s.g.GalleryApplication                 : No active profile set, falling back to 1 default profile: "default"
[2024-03-06 12:34:12.666]  INFO 20012 --- [  restartedMain] .s.d.r.c.RepositoryConfigurationDelegate : Bootstrapping Spring Data JPA repositories in DEFAULT mode.
[2024-03-06 12:34:12.672]  INFO 20012 --- [  restartedMain] .s.d.r.c.RepositoryConfigurationDelegate : Finished Spring Data repository scanning in 5 ms. Found 1 JPA repository interface.
[2024-03-06 12:34:12.761]  INFO 20012 --- [  restartedMain] o.s.b.w.e.t.TomcatWebServer              : Tomcat initialized with port 8080 (http)
[2024-03-06 12:34:12.762]  INFO 20012 --- [  restartedMain] o.a.c.h.Http11NioProtocol                : Initializing ProtocolHandler ["http-nio-8080"]
[2024-03-06 12:34:12.763]  INFO 20012 --- [  restartedMain] o.a.c.c.StandardService                  : Starting service [Tomcat]
[2024-03-06 12:34:12.763]  INFO 20012 --- [  restartedMain] o.a.c.c.StandardEngine                   : Starting Servlet engine: [Apache Tomcat/10.1.19]
[2024-03-06 12:34:12.777]  INFO 20012 --- [  restartedMain] o.a.c.c.C.[.[.[/]                        : Initializing Spring embedded WebApplicationContext
[2024-03-06 12:34:12.777]  INFO 20012 --- [  restartedMain] w.s.c.ServletWebServerApplicationContext : Root WebApplicationContext: initialization completed in 269 ms
[2024-03-06 12:34:12.804]  INFO 20012 --- [  restartedMain] c.z.h.HikariDataSource                   : HikariPool-6 - Starting...
[2024-03-06 12:34:12.817]  INFO 20012 --- [  restartedMain] c.z.h.p.HikariPool                       : HikariPool-6 - Added connection com.mysql.cj.jdbc.ConnectionImpl@6b772038
[2024-03-06 12:34:12.817]  INFO 20012 --- [  restartedMain] c.z.h.HikariDataSource                   : HikariPool-6 - Start completed.
[2024-03-06 12:34:12.818]  INFO 20012 --- [  restartedMain] o.h.j.i.u.LogHelper                      : HHH000204: Processing PersistenceUnitInfo [name: default]
[2024-03-06 12:34:12.821]  INFO 20012 --- [  restartedMain] o.h.c.i.RegionFactoryInitiator           : HHH000026: Second-level cache disabled
[2024-03-06 12:34:12.824]  INFO 20012 --- [  restartedMain] o.s.o.j.p.SpringPersistenceUnitInfo      : No LoadTimeWeaver setup: ignoring JPA class transformer
[2024-03-06 12:34:12.844]  INFO 20012 --- [  restartedMain] o.h.e.t.j.p.i.JtaPlatformInitiator       : HHH000489: No JTA platform available (set 'hibernate.transaction.jta.platform' to enable JTA platform integration)
[2024-03-06 12:34:12.844]  INFO 20012 --- [  restartedMain] j.LocalContainerEntityManagerFactoryBean : Initialized JPA EntityManagerFactory for persistence unit 'default'
[2024-03-06 12:34:12.920]  WARN 20012 --- [  restartedMain] JpaBaseConfiguration$JpaWebConfiguration : spring.jpa.open-in-view is enabled by default. Therefore, database queries may be performed during view rendering. Explicitly configure spring.jpa.open-in-view to disable this warning
[2024-03-06 12:34:12.930]  INFO 20012 --- [  restartedMain] o.s.b.a.w.s.WelcomePageHandlerMapping    : Adding welcome page: class path resource [static/index.html]
[2024-03-06 12:34:12.976]  INFO 20012 --- [  restartedMain] o.s.s.w.DefaultSecurityFilterChain       : Will secure any request with [org.springframework.security.web.session.DisableEncodeUrlFilter@470e42f, org.springframework.security.web.context.request.async.WebAsyncManagerIntegrationFilter@4992983e, org.springframework.security.web.context.SecurityContextHolderFilter@5f4e9292, org.springframework.security.web.header.HeaderWriterFilter@5db2f792, org.springframework.security.oauth2.client.web.OAuth2AuthorizationRequestRedirectFilter@5a574f2e, org.springframework.security.oauth2.client.web.OAuth2LoginAuthenticationFilter@65448c4b, org.springframework.security.web.authentication.ui.DefaultLoginPageGeneratingFilter@65bff86c, org.springframework.security.web.savedrequest.RequestCacheAwareFilter@7d80152a, org.springframework.security.web.servletapi.SecurityContextHolderAwareRequestFilter@2f7b9476, org.springframework.security.web.authentication.AnonymousAuthenticationFilter@295c801d, org.springframework.security.web.access.ExceptionTranslationFilter@69577fcb, org.springframework.security.web.access.intercept.AuthorizationFilter@4031a3dc]
[2024-03-06 12:34:13.036]  INFO 20012 --- [  restartedMain] o.s.b.d.a.OptionalLiveReloadServer       : LiveReload server is running on port 35729
[2024-03-06 12:34:13.044]  INFO 20012 --- [  restartedMain] o.a.c.h.Http11NioProtocol                : Starting ProtocolHandler ["http-nio-8080"]
[2024-03-06 12:34:13.047]  INFO 20012 --- [  restartedMain] o.s.b.w.e.t.TomcatWebServer              : Tomcat started on port 8080 (http) with context path ''
[2024-03-06 12:34:13.051]  INFO 20012 --- [  restartedMain] c.s.g.GalleryApplication                 : Started GalleryApplication in 0.587 seconds (process running for 4556.542)
[2024-03-06 12:34:13.052]  INFO 20012 --- [  restartedMain] .ConditionEvaluationDeltaLoggingListener : Condition evaluation unchanged
