[2024-03-05 16:29:29.682]  INFO 15892 --- [   File Watcher] rtingClassPathChangeChangedEventListener : Restarting due to 1 class path change (0 additions, 0 deletions, 1 modification)
[2024-03-05 16:29:29.686]  INFO 15892 --- [       Thread-5] o.a.c.h.Http11NioProtocol                : Stopping ProtocolHandler ["http-nio-8080"]
[2024-03-05 16:29:29.699]  INFO 15892 --- [       Thread-5] j.LocalContainerEntityManagerFactoryBean : Closing JPA EntityManagerFactory for persistence unit 'default'
[2024-03-05 16:29:29.702]  INFO 15892 --- [       Thread-5] c.z.h.HikariDataSource                   : HikariPool-1 - Shutdown initiated...
[2024-03-05 16:29:29.706]  INFO 15892 --- [       Thread-5] c.z.h.HikariDataSource                   : HikariPool-1 - Shutdown completed.
[2024-03-05 16:29:29.790]  INFO 15892 --- [  restartedMain] c.s.g.GalleryApplication                 : Starting GalleryApplication using Java 17.0.9 with PID 15892 (D:\Project\S10P22A101\backend\build\classes\java\main started by SSAFY in D:\Project\S10P22A101\backend)
[2024-03-05 16:29:29.790]  INFO 15892 --- [  restartedMain] c.s.g.GalleryApplication                 : No active profile set, falling back to 1 default profile: "default"
[2024-03-05 16:29:29.936]  INFO 15892 --- [  restartedMain] .s.d.r.c.RepositoryConfigurationDelegate : Bootstrapping Spring Data JPA repositories in DEFAULT mode.
[2024-03-05 16:29:29.938]  INFO 15892 --- [  restartedMain] .s.d.r.c.RepositoryConfigurationDelegate : Finished Spring Data repository scanning in 1 ms. Found 0 JPA repository interfaces.
[2024-03-05 16:29:30.005]  INFO 15892 --- [  restartedMain] o.s.b.w.e.t.TomcatWebServer              : Tomcat initialized with port 8080 (http)
[2024-03-05 16:29:30.006]  INFO 15892 --- [  restartedMain] o.a.c.h.Http11NioProtocol                : Initializing ProtocolHandler ["http-nio-8080"]
[2024-03-05 16:29:30.006]  INFO 15892 --- [  restartedMain] o.a.c.c.StandardService                  : Starting service [Tomcat]
[2024-03-05 16:29:30.006]  INFO 15892 --- [  restartedMain] o.a.c.c.StandardEngine                   : Starting Servlet engine: [Apache Tomcat/10.1.19]
[2024-03-05 16:29:30.017]  INFO 15892 --- [  restartedMain] o.a.c.c.C.[.[.[/]                        : Initializing Spring embedded WebApplicationContext
[2024-03-05 16:29:30.017]  INFO 15892 --- [  restartedMain] w.s.c.ServletWebServerApplicationContext : Root WebApplicationContext: initialization completed in 226 ms
[2024-03-05 16:29:30.052]  INFO 15892 --- [  restartedMain] c.z.h.HikariDataSource                   : HikariPool-2 - Starting...
[2024-03-05 16:29:30.072]  INFO 15892 --- [  restartedMain] c.z.h.p.HikariPool                       : HikariPool-2 - Added connection com.mysql.cj.jdbc.ConnectionImpl@26d855a7
[2024-03-05 16:29:30.072]  INFO 15892 --- [  restartedMain] c.z.h.HikariDataSource                   : HikariPool-2 - Start completed.
[2024-03-05 16:29:30.073]  INFO 15892 --- [  restartedMain] o.h.j.i.u.LogHelper                      : HHH000204: Processing PersistenceUnitInfo [name: default]
[2024-03-05 16:29:30.075]  INFO 15892 --- [  restartedMain] o.h.c.i.RegionFactoryInitiator           : HHH000026: Second-level cache disabled
[2024-03-05 16:29:30.077]  INFO 15892 --- [  restartedMain] o.s.o.j.p.SpringPersistenceUnitInfo      : No LoadTimeWeaver setup: ignoring JPA class transformer
[2024-03-05 16:29:30.079]  WARN 15892 --- [  restartedMain] o.h.d.Dialect                            : HHH000511: The 5.7.0 version for [org.hibernate.dialect.MySQLDialect] is no longer supported, hence certain features may not work properly. The minimum supported version is 8.0.0. Check the community dialects project for available legacy versions.
[2024-03-05 16:29:30.087]  INFO 15892 --- [  restartedMain] o.h.e.t.j.p.i.JtaPlatformInitiator       : HHH000489: No JTA platform available (set 'hibernate.transaction.jta.platform' to enable JTA platform integration)
[2024-03-05 16:29:30.087]  INFO 15892 --- [  restartedMain] j.LocalContainerEntityManagerFactoryBean : Initialized JPA EntityManagerFactory for persistence unit 'default'
[2024-03-05 16:29:30.119]  WARN 15892 --- [  restartedMain] JpaBaseConfiguration$JpaWebConfiguration : spring.jpa.open-in-view is enabled by default. Therefore, database queries may be performed during view rendering. Explicitly configure spring.jpa.open-in-view to disable this warning
[2024-03-05 16:29:30.127]  INFO 15892 --- [  restartedMain] o.s.b.a.w.s.WelcomePageHandlerMapping    : Adding welcome page: class path resource [static/index.html]
[2024-03-05 16:29:30.165]  INFO 15892 --- [  restartedMain] o.s.s.w.DefaultSecurityFilterChain       : Will secure any request with [org.springframework.security.web.session.DisableEncodeUrlFilter@5dbcd8f9, org.springframework.security.web.context.request.async.WebAsyncManagerIntegrationFilter@2eac82b0, org.springframework.security.web.context.SecurityContextHolderFilter@17cf73c2, org.springframework.security.web.header.HeaderWriterFilter@79cc9aa7, org.springframework.security.oauth2.client.web.OAuth2AuthorizationRequestRedirectFilter@8ca899d, org.springframework.security.oauth2.client.web.OAuth2LoginAuthenticationFilter@58cd2535, org.springframework.security.web.authentication.ui.DefaultLoginPageGeneratingFilter@15781255, org.springframework.security.web.savedrequest.RequestCacheAwareFilter@5e02f519, org.springframework.security.web.servletapi.SecurityContextHolderAwareRequestFilter@8fca84f, org.springframework.security.web.authentication.AnonymousAuthenticationFilter@72f67099, org.springframework.security.web.access.ExceptionTranslationFilter@b5bbe68, org.springframework.security.web.access.intercept.AuthorizationFilter@5d75c2dc]
[2024-03-05 16:29:30.221]  INFO 15892 --- [  restartedMain] o.s.b.d.a.OptionalLiveReloadServer       : LiveReload server is running on port 35729
[2024-03-05 16:29:30.228]  INFO 15892 --- [  restartedMain] o.a.c.h.Http11NioProtocol                : Starting ProtocolHandler ["http-nio-8080"]
[2024-03-05 16:29:30.230]  INFO 15892 --- [  restartedMain] o.s.b.w.e.t.TomcatWebServer              : Tomcat started on port 8080 (http) with context path ''
[2024-03-05 16:29:30.234]  INFO 15892 --- [  restartedMain] c.s.g.GalleryApplication                 : Started GalleryApplication in 0.474 seconds (process running for 120.88)
[2024-03-05 16:29:30.235]  INFO 15892 --- [  restartedMain] .ConditionEvaluationDeltaLoggingListener : Condition evaluation unchanged
