[2024-03-06 11:15:04.632]  INFO 21252 --- [   File Watcher] rtingClassPathChangeChangedEventListener : Restarting due to 1 class path change (0 additions, 1 deletion, 0 modifications)
[2024-03-06 11:15:04.638]  INFO 21252 --- [       Thread-5] o.a.c.h.Http11NioProtocol                : Stopping ProtocolHandler ["http-nio-8080"]
[2024-03-06 11:15:04.658]  INFO 21252 --- [       Thread-5] j.LocalContainerEntityManagerFactoryBean : Closing JPA EntityManagerFactory for persistence unit 'default'
[2024-03-06 11:15:04.662]  INFO 21252 --- [       Thread-5] c.z.h.HikariDataSource                   : HikariPool-1 - Shutdown initiated...
[2024-03-06 11:15:04.668]  INFO 21252 --- [       Thread-5] c.z.h.HikariDataSource                   : HikariPool-1 - Shutdown completed.
[2024-03-06 11:15:04.788]  INFO 21252 --- [  restartedMain] c.s.g.GalleryApplication                 : Starting GalleryApplication using Java 17.0.9 with PID 21252 (C:\Users\SSAFY\Desktop\PJT2\backend\build\classes\java\main started by SSAFY in C:\Users\SSAFY\Desktop\PJT2\backend)
[2024-03-06 11:15:04.789]  INFO 21252 --- [  restartedMain] c.s.g.GalleryApplication                 : No active profile set, falling back to 1 default profile: "default"
[2024-03-06 11:15:04.978]  INFO 21252 --- [  restartedMain] .s.d.r.c.RepositoryConfigurationDelegate : Bootstrapping Spring Data JPA repositories in DEFAULT mode.
[2024-03-06 11:15:04.984]  INFO 21252 --- [  restartedMain] .s.d.r.c.RepositoryConfigurationDelegate : Finished Spring Data repository scanning in 6 ms. Found 1 JPA repository interface.
[2024-03-06 11:15:05.095]  INFO 21252 --- [  restartedMain] o.s.b.w.e.t.TomcatWebServer              : Tomcat initialized with port 8080 (http)
[2024-03-06 11:15:05.096]  INFO 21252 --- [  restartedMain] o.a.c.h.Http11NioProtocol                : Initializing ProtocolHandler ["http-nio-8080"]
[2024-03-06 11:15:05.097]  INFO 21252 --- [  restartedMain] o.a.c.c.StandardService                  : Starting service [Tomcat]
[2024-03-06 11:15:05.097]  INFO 21252 --- [  restartedMain] o.a.c.c.StandardEngine                   : Starting Servlet engine: [Apache Tomcat/10.1.19]
[2024-03-06 11:15:05.115]  INFO 21252 --- [  restartedMain] o.a.c.c.C.[.[.[/]                        : Initializing Spring embedded WebApplicationContext
[2024-03-06 11:15:05.115]  INFO 21252 --- [  restartedMain] w.s.c.ServletWebServerApplicationContext : Root WebApplicationContext: initialization completed in 325 ms
[2024-03-06 11:15:05.144]  INFO 21252 --- [  restartedMain] c.z.h.HikariDataSource                   : HikariPool-2 - Starting...
[2024-03-06 11:15:05.155]  INFO 21252 --- [  restartedMain] c.z.h.p.HikariPool                       : HikariPool-2 - Added connection com.mysql.cj.jdbc.ConnectionImpl@2cfd1e86
[2024-03-06 11:15:05.156]  INFO 21252 --- [  restartedMain] c.z.h.HikariDataSource                   : HikariPool-2 - Start completed.
[2024-03-06 11:15:05.157]  INFO 21252 --- [  restartedMain] o.h.j.i.u.LogHelper                      : HHH000204: Processing PersistenceUnitInfo [name: default]
[2024-03-06 11:15:05.161]  INFO 21252 --- [  restartedMain] o.h.c.i.RegionFactoryInitiator           : HHH000026: Second-level cache disabled
[2024-03-06 11:15:05.167]  INFO 21252 --- [  restartedMain] o.s.o.j.p.SpringPersistenceUnitInfo      : No LoadTimeWeaver setup: ignoring JPA class transformer
[2024-03-06 11:15:05.209]  INFO 21252 --- [  restartedMain] o.h.e.t.j.p.i.JtaPlatformInitiator       : HHH000489: No JTA platform available (set 'hibernate.transaction.jta.platform' to enable JTA platform integration)
[2024-03-06 11:15:05.209]  INFO 21252 --- [  restartedMain] j.LocalContainerEntityManagerFactoryBean : Initialized JPA EntityManagerFactory for persistence unit 'default'
[2024-03-06 11:15:05.310]  WARN 21252 --- [  restartedMain] JpaBaseConfiguration$JpaWebConfiguration : spring.jpa.open-in-view is enabled by default. Therefore, database queries may be performed during view rendering. Explicitly configure spring.jpa.open-in-view to disable this warning
[2024-03-06 11:15:05.320]  INFO 21252 --- [  restartedMain] o.s.b.a.w.s.WelcomePageHandlerMapping    : Adding welcome page: class path resource [static/index.html]
[2024-03-06 11:15:05.366]  INFO 21252 --- [  restartedMain] o.s.s.w.DefaultSecurityFilterChain       : Will secure any request with [org.springframework.security.web.session.DisableEncodeUrlFilter@704b8458, org.springframework.security.web.context.request.async.WebAsyncManagerIntegrationFilter@7469dd9d, org.springframework.security.web.context.SecurityContextHolderFilter@4d96ea5e, org.springframework.security.web.header.HeaderWriterFilter@1a8bb4c, org.springframework.security.oauth2.client.web.OAuth2AuthorizationRequestRedirectFilter@7c6e95b3, org.springframework.security.oauth2.client.web.OAuth2LoginAuthenticationFilter@2dc1a371, org.springframework.security.web.authentication.ui.DefaultLoginPageGeneratingFilter@65c69718, org.springframework.security.web.savedrequest.RequestCacheAwareFilter@9e94739, org.springframework.security.web.servletapi.SecurityContextHolderAwareRequestFilter@21703aa1, org.springframework.security.web.authentication.AnonymousAuthenticationFilter@7c220dae, org.springframework.security.web.access.ExceptionTranslationFilter@7cda8d68, org.springframework.security.web.access.intercept.AuthorizationFilter@5c6b09ad]
[2024-03-06 11:15:05.414]  INFO 21252 --- [  restartedMain] o.s.b.d.a.OptionalLiveReloadServer       : LiveReload server is running on port 35729
[2024-03-06 11:15:05.425]  INFO 21252 --- [  restartedMain] o.a.c.h.Http11NioProtocol                : Starting ProtocolHandler ["http-nio-8080"]
[2024-03-06 11:15:05.428]  INFO 21252 --- [  restartedMain] o.s.b.w.e.t.TomcatWebServer              : Tomcat started on port 8080 (http) with context path ''
[2024-03-06 11:15:05.432]  INFO 21252 --- [  restartedMain] c.s.g.GalleryApplication                 : Started GalleryApplication in 0.689 seconds (process running for 386.734)
[2024-03-06 11:15:05.434]  INFO 21252 --- [  restartedMain] .ConditionEvaluationDeltaLoggingListener : Condition evaluation unchanged
[2024-03-06 11:15:06.838]  INFO 21252 --- [   File Watcher] rtingClassPathChangeChangedEventListener : Restarting due to 1 class path change (1 addition, 0 deletions, 0 modifications)
[2024-03-06 11:15:06.840]  INFO 21252 --- [       Thread-7] o.a.c.h.Http11NioProtocol                : Stopping ProtocolHandler ["http-nio-8080"]
[2024-03-06 11:15:06.859]  INFO 21252 --- [       Thread-7] j.LocalContainerEntityManagerFactoryBean : Closing JPA EntityManagerFactory for persistence unit 'default'
[2024-03-06 11:15:06.859]  INFO 21252 --- [       Thread-7] c.z.h.HikariDataSource                   : HikariPool-2 - Shutdown initiated...
[2024-03-06 11:15:06.862]  INFO 21252 --- [       Thread-7] c.z.h.HikariDataSource                   : HikariPool-2 - Shutdown completed.
[2024-03-06 11:15:06.948]  INFO 21252 --- [  restartedMain] c.s.g.GalleryApplication                 : Starting GalleryApplication using Java 17.0.9 with PID 21252 (C:\Users\SSAFY\Desktop\PJT2\backend\build\classes\java\main started by SSAFY in C:\Users\SSAFY\Desktop\PJT2\backend)
[2024-03-06 11:15:06.948]  INFO 21252 --- [  restartedMain] c.s.g.GalleryApplication                 : No active profile set, falling back to 1 default profile: "default"
[2024-03-06 11:15:07.095]  INFO 21252 --- [  restartedMain] .s.d.r.c.RepositoryConfigurationDelegate : Bootstrapping Spring Data JPA repositories in DEFAULT mode.
[2024-03-06 11:15:07.102]  INFO 21252 --- [  restartedMain] .s.d.r.c.RepositoryConfigurationDelegate : Finished Spring Data repository scanning in 6 ms. Found 1 JPA repository interface.
[2024-03-06 11:15:07.165]  INFO 21252 --- [  restartedMain] o.s.b.w.e.t.TomcatWebServer              : Tomcat initialized with port 8080 (http)
[2024-03-06 11:15:07.166]  INFO 21252 --- [  restartedMain] o.a.c.h.Http11NioProtocol                : Initializing ProtocolHandler ["http-nio-8080"]
[2024-03-06 11:15:07.166]  INFO 21252 --- [  restartedMain] o.a.c.c.StandardService                  : Starting service [Tomcat]
[2024-03-06 11:15:07.166]  INFO 21252 --- [  restartedMain] o.a.c.c.StandardEngine                   : Starting Servlet engine: [Apache Tomcat/10.1.19]
[2024-03-06 11:15:07.177]  INFO 21252 --- [  restartedMain] o.a.c.c.C.[.[.[/]                        : Initializing Spring embedded WebApplicationContext
[2024-03-06 11:15:07.177]  INFO 21252 --- [  restartedMain] w.s.c.ServletWebServerApplicationContext : Root WebApplicationContext: initialization completed in 227 ms
[2024-03-06 11:15:07.196]  INFO 21252 --- [  restartedMain] c.z.h.HikariDataSource                   : HikariPool-3 - Starting...
[2024-03-06 11:15:07.204]  INFO 21252 --- [  restartedMain] c.z.h.p.HikariPool                       : HikariPool-3 - Added connection com.mysql.cj.jdbc.ConnectionImpl@7e199e6c
[2024-03-06 11:15:07.204]  INFO 21252 --- [  restartedMain] c.z.h.HikariDataSource                   : HikariPool-3 - Start completed.
[2024-03-06 11:15:07.205]  INFO 21252 --- [  restartedMain] o.h.j.i.u.LogHelper                      : HHH000204: Processing PersistenceUnitInfo [name: default]
[2024-03-06 11:15:07.207]  INFO 21252 --- [  restartedMain] o.h.c.i.RegionFactoryInitiator           : HHH000026: Second-level cache disabled
[2024-03-06 11:15:07.210]  INFO 21252 --- [  restartedMain] o.s.o.j.p.SpringPersistenceUnitInfo      : No LoadTimeWeaver setup: ignoring JPA class transformer
[2024-03-06 11:15:07.229]  INFO 21252 --- [  restartedMain] o.h.e.t.j.p.i.JtaPlatformInitiator       : HHH000489: No JTA platform available (set 'hibernate.transaction.jta.platform' to enable JTA platform integration)
[2024-03-06 11:15:07.229]  INFO 21252 --- [  restartedMain] j.LocalContainerEntityManagerFactoryBean : Initialized JPA EntityManagerFactory for persistence unit 'default'
[2024-03-06 11:15:07.291]  WARN 21252 --- [  restartedMain] JpaBaseConfiguration$JpaWebConfiguration : spring.jpa.open-in-view is enabled by default. Therefore, database queries may be performed during view rendering. Explicitly configure spring.jpa.open-in-view to disable this warning
[2024-03-06 11:15:07.298]  INFO 21252 --- [  restartedMain] o.s.b.a.w.s.WelcomePageHandlerMapping    : Adding welcome page: class path resource [static/index.html]
[2024-03-06 11:15:07.336]  INFO 21252 --- [  restartedMain] o.s.s.w.DefaultSecurityFilterChain       : Will secure any request with [org.springframework.security.web.session.DisableEncodeUrlFilter@38c87717, org.springframework.security.web.context.request.async.WebAsyncManagerIntegrationFilter@d8d470d, org.springframework.security.web.context.SecurityContextHolderFilter@35cb5396, org.springframework.security.web.header.HeaderWriterFilter@753668bd, org.springframework.security.oauth2.client.web.OAuth2AuthorizationRequestRedirectFilter@123f3109, org.springframework.security.oauth2.client.web.OAuth2LoginAuthenticationFilter@2f0be2d3, org.springframework.security.web.authentication.ui.DefaultLoginPageGeneratingFilter@460f70c5, org.springframework.security.web.savedrequest.RequestCacheAwareFilter@5097f02b, org.springframework.security.web.servletapi.SecurityContextHolderAwareRequestFilter@ba83ef, org.springframework.security.web.authentication.AnonymousAuthenticationFilter@66d188cc, org.springframework.security.web.access.ExceptionTranslationFilter@2cdf8442, org.springframework.security.web.access.intercept.AuthorizationFilter@464e77d4]
[2024-03-06 11:15:07.383]  INFO 21252 --- [  restartedMain] o.s.b.d.a.OptionalLiveReloadServer       : LiveReload server is running on port 35729
[2024-03-06 11:15:07.391]  INFO 21252 --- [  restartedMain] o.a.c.h.Http11NioProtocol                : Starting ProtocolHandler ["http-nio-8080"]
[2024-03-06 11:15:07.394]  INFO 21252 --- [  restartedMain] o.s.b.w.e.t.TomcatWebServer              : Tomcat started on port 8080 (http) with context path ''
[2024-03-06 11:15:07.398]  INFO 21252 --- [  restartedMain] c.s.g.GalleryApplication                 : Started GalleryApplication in 0.483 seconds (process running for 388.701)
[2024-03-06 11:15:07.399]  INFO 21252 --- [  restartedMain] .ConditionEvaluationDeltaLoggingListener : Condition evaluation unchanged
