[2024-03-04 17:51:12.001]  INFO 5016 --- [nio-8080-exec-1] o.a.c.c.C.[.[.[/]                        :
            Initializing Spring DispatcherServlet 'dispatcherServlet'
[2024-03-04 17:51:12.005]  INFO 5016 --- [nio-8080-exec-1] o.s.w.s.DispatcherServlet                :
            Initializing Servlet 'dispatcherServlet'
[2024-03-04 17:51:12.006]  INFO 5016 --- [nio-8080-exec-1] o.s.w.s.DispatcherServlet                :
            Completed initialization in 1 ms
[2024-03-04 17:51:12.085]  WARN 5016 --- [nio-8080-exec-1] .w.s.m.s.DefaultHandlerExceptionResolver :
            Resolved [org.springframework.web.bind.MissingServletRequestParameterException: Required request parameter 'paramValue' for method parameter type Long is present but converted to null]
[2024-03-04 17:51:31.611]  INFO 5016 --- [ionShutdownHook] j.LocalContainerEntityManagerFactoryBean :
            Closing JPA EntityManagerFactory for persistence unit 'default'
[2024-03-04 17:51:31.614]  INFO 5016 --- [ionShutdownHook] c.z.h.HikariDataSource                   :
            HikariPool-1 - Shutdown initiated...
[2024-03-04 17:51:31.621]  INFO 5016 --- [ionShutdownHook] c.z.h.HikariDataSource                   :
            HikariPool-1 - Shutdown completed.
[2024-03-04 17:51:34.761]  INFO 660 --- [  restartedMain] c.s.g.GalleryApplication                 :
            Starting GalleryApplication using Java 17.0.9 with PID 660 (D:\Project\S10P22A101\backend\build\classes\java\main started by SSAFY in D:\Project\S10P22A101\backend)
[2024-03-04 17:51:34.768]  INFO 660 --- [  restartedMain] c.s.g.GalleryApplication                 :
            No active profile set, falling back to 1 default profile: "default"
[2024-03-04 17:51:34.805]  INFO 660 --- [  restartedMain] .e.DevToolsPropertyDefaultsPostProcessor :
            Devtools property defaults active! Set 'spring.devtools.add-properties' to 'false' to disable
[2024-03-04 17:51:34.805]  INFO 660 --- [  restartedMain] .e.DevToolsPropertyDefaultsPostProcessor :
            For additional web related logging consider setting the 'logging.level.web' property to 'DEBUG'
[2024-03-04 17:51:35.635]  INFO 660 --- [  restartedMain] .s.d.r.c.RepositoryConfigurationDelegate :
            Bootstrapping Spring Data JPA repositories in DEFAULT mode.
[2024-03-04 17:51:35.652]  INFO 660 --- [  restartedMain] .s.d.r.c.RepositoryConfigurationDelegate :
            Finished Spring Data repository scanning in 10 ms. Found 0 JPA repository interfaces.
[2024-03-04 17:51:36.080]  INFO 660 --- [  restartedMain] o.s.b.w.e.t.TomcatWebServer              :
            Tomcat initialized with port 8080 (http)
[2024-03-04 17:51:36.090]  INFO 660 --- [  restartedMain] o.a.c.h.Http11NioProtocol                :
            Initializing ProtocolHandler ["http-nio-8080"]
[2024-03-04 17:51:36.091]  INFO 660 --- [  restartedMain] o.a.c.c.StandardService                  :
            Starting service [Tomcat]
[2024-03-04 17:51:36.091]  INFO 660 --- [  restartedMain] o.a.c.c.StandardEngine                   :
            Starting Servlet engine: [Apache Tomcat/10.1.19]
[2024-03-04 17:51:36.140]  INFO 660 --- [  restartedMain] o.a.c.c.C.[.[.[/]                        :
            Initializing Spring embedded WebApplicationContext
[2024-03-04 17:51:36.141]  INFO 660 --- [  restartedMain] w.s.c.ServletWebServerApplicationContext :
            Root WebApplicationContext: initialization completed in 1335 ms
[2024-03-04 17:51:36.245]  INFO 660 --- [  restartedMain] c.z.h.HikariDataSource                   :
            HikariPool-1 - Starting...
[2024-03-04 17:51:36.483]  INFO 660 --- [  restartedMain] c.z.h.p.HikariPool                       :
            HikariPool-1 - Added connection com.mysql.cj.jdbc.ConnectionImpl@30ec1935
[2024-03-04 17:51:36.485]  INFO 660 --- [  restartedMain] c.z.h.HikariDataSource                   :
            HikariPool-1 - Start completed.
[2024-03-04 17:51:36.517]  INFO 660 --- [  restartedMain] o.h.j.i.u.LogHelper                      :
            HHH000204: Processing PersistenceUnitInfo [name: default]
[2024-03-04 17:51:36.561]  INFO 660 --- [  restartedMain] o.h.Version                              :
            HHH000412: Hibernate ORM core version 6.4.4.Final
[2024-03-04 17:51:36.588]  INFO 660 --- [  restartedMain] o.h.c.i.RegionFactoryInitiator           :
            HHH000026: Second-level cache disabled
[2024-03-04 17:51:36.813]  INFO 660 --- [  restartedMain] o.s.o.j.p.SpringPersistenceUnitInfo      :
            No LoadTimeWeaver setup: ignoring JPA class transformer
[2024-03-04 17:51:36.885]  WARN 660 --- [  restartedMain] o.h.d.Dialect                            :
            HHH000511: The 5.7.0 version for [org.hibernate.dialect.MySQLDialect] is no longer supported, hence certain features may not work properly. The minimum supported version is 8.0.0. Check the community dialects project for available legacy versions.
[2024-03-04 17:51:37.171]  INFO 660 --- [  restartedMain] o.h.e.t.j.p.i.JtaPlatformInitiator       :
            HHH000489: No JTA platform available (set 'hibernate.transaction.jta.platform' to enable JTA platform integration)
[2024-03-04 17:51:37.176]  INFO 660 --- [  restartedMain] j.LocalContainerEntityManagerFactoryBean :
            Initialized JPA EntityManagerFactory for persistence unit 'default'
[2024-03-04 17:51:37.294]  WARN 660 --- [  restartedMain] JpaBaseConfiguration$JpaWebConfiguration :
            spring.jpa.open-in-view is enabled by default. Therefore, database queries may be performed during view rendering. Explicitly configure spring.jpa.open-in-view to disable this warning
[2024-03-04 17:51:37.312]  WARN 660 --- [  restartedMain] .s.s.UserDetailsServiceAutoConfiguration :
            

Using generated security password: 01cddcf5-a940-4cec-9bcf-2f27f7ed0f79

This generated password is for development use only. Your security configuration must be updated before running your application in production.

[2024-03-04 17:51:37.567]  INFO 660 --- [  restartedMain] o.s.s.w.DefaultSecurityFilterChain       :
            Will secure any request with [org.springframework.security.web.session.DisableEncodeUrlFilter@56755809, org.springframework.security.web.context.request.async.WebAsyncManagerIntegrationFilter@12c3705, org.springframework.security.web.context.SecurityContextHolderFilter@182ac234, org.springframework.security.web.header.HeaderWriterFilter@2408c82e, org.springframework.security.web.authentication.logout.LogoutFilter@ee9aeca, org.springframework.security.web.savedrequest.RequestCacheAwareFilter@4e9e8b8d, org.springframework.security.web.servletapi.SecurityContextHolderAwareRequestFilter@4b997330, org.springframework.security.web.authentication.AnonymousAuthenticationFilter@3e3845a4, org.springframework.security.web.access.ExceptionTranslationFilter@ea9d4fe, org.springframework.security.web.access.intercept.AuthorizationFilter@6a97a329]
[2024-03-04 17:51:37.823]  INFO 660 --- [  restartedMain] o.s.b.d.a.OptionalLiveReloadServer       :
            LiveReload server is running on port 35729
[2024-03-04 17:51:37.844]  INFO 660 --- [  restartedMain] o.a.c.h.Http11NioProtocol                :
            Starting ProtocolHandler ["http-nio-8080"]
[2024-03-04 17:51:37.862]  INFO 660 --- [  restartedMain] o.s.b.w.e.t.TomcatWebServer              :
            Tomcat started on port 8080 (http) with context path ''
[2024-03-04 17:51:37.873]  INFO 660 --- [  restartedMain] c.s.g.GalleryApplication                 :
            Started GalleryApplication in 3.504 seconds (process running for 4.391)
