[2024-03-04 17:59:19.804]  INFO 9356 --- [nio-8080-exec-4] c.s.g.e.c.ExampleApiController           : text
[2024-03-04 17:59:21.475]  INFO 9356 --- [   File Watcher] rtingClassPathChangeChangedEventListener : Restarting due to 1 class path change (0 additions, 1 deletion, 0 modifications)
[2024-03-04 17:59:21.507]  INFO 9356 --- [       Thread-5] o.a.c.h.Http11NioProtocol                : Stopping ProtocolHandler ["http-nio-8080"]
[2024-03-04 17:59:21.537]  INFO 9356 --- [       Thread-5] j.LocalContainerEntityManagerFactoryBean : Closing JPA EntityManagerFactory for persistence unit 'default'
[2024-03-04 17:59:21.543]  INFO 9356 --- [       Thread-5] c.z.h.HikariDataSource                   : HikariPool-1 - Shutdown initiated...
[2024-03-04 17:59:21.555]  INFO 9356 --- [       Thread-5] c.z.h.HikariDataSource                   : HikariPool-1 - Shutdown completed.
[2024-03-04 17:59:21.746]  INFO 9356 --- [  restartedMain] c.s.g.GalleryApplication                 : Starting GalleryApplication using Java 17.0.9 with PID 9356 (D:\Project\S10P22A101\backend\build\classes\java\main started by SSAFY in D:\Project\S10P22A101\backend)
[2024-03-04 17:59:21.747]  INFO 9356 --- [  restartedMain] c.s.g.GalleryApplication                 : No active profile set, falling back to 1 default profile: "default"
[2024-03-04 17:59:22.074]  INFO 9356 --- [  restartedMain] .s.d.r.c.RepositoryConfigurationDelegate : Bootstrapping Spring Data JPA repositories in DEFAULT mode.
[2024-03-04 17:59:22.077]  INFO 9356 --- [  restartedMain] .s.d.r.c.RepositoryConfigurationDelegate : Finished Spring Data repository scanning in 2 ms. Found 0 JPA repository interfaces.
[2024-03-04 17:59:22.193]  INFO 9356 --- [  restartedMain] o.s.b.w.e.t.TomcatWebServer              : Tomcat initialized with port 8080 (http)
[2024-03-04 17:59:22.194]  INFO 9356 --- [  restartedMain] o.a.c.h.Http11NioProtocol                : Initializing ProtocolHandler ["http-nio-8080"]
[2024-03-04 17:59:22.194]  INFO 9356 --- [  restartedMain] o.a.c.c.StandardService                  : Starting service [Tomcat]
[2024-03-04 17:59:22.194]  INFO 9356 --- [  restartedMain] o.a.c.c.StandardEngine                   : Starting Servlet engine: [Apache Tomcat/10.1.19]
[2024-03-04 17:59:22.213]  INFO 9356 --- [  restartedMain] o.a.c.c.C.[.[.[/]                        : Initializing Spring embedded WebApplicationContext
[2024-03-04 17:59:22.213]  INFO 9356 --- [  restartedMain] w.s.c.ServletWebServerApplicationContext : Root WebApplicationContext: initialization completed in 463 ms
[2024-03-04 17:59:22.244]  INFO 9356 --- [  restartedMain] c.z.h.HikariDataSource                   : HikariPool-2 - Starting...
[2024-03-04 17:59:22.270]  INFO 9356 --- [  restartedMain] c.z.h.p.HikariPool                       : HikariPool-2 - Added connection com.mysql.cj.jdbc.ConnectionImpl@6c7d5cbb
[2024-03-04 17:59:22.271]  INFO 9356 --- [  restartedMain] c.z.h.HikariDataSource                   : HikariPool-2 - Start completed.
[2024-03-04 17:59:22.272]  INFO 9356 --- [  restartedMain] o.h.j.i.u.LogHelper                      : HHH000204: Processing PersistenceUnitInfo [name: default]
[2024-03-04 17:59:22.276]  INFO 9356 --- [  restartedMain] o.h.c.i.RegionFactoryInitiator           : HHH000026: Second-level cache disabled
[2024-03-04 17:59:22.281]  INFO 9356 --- [  restartedMain] o.s.o.j.p.SpringPersistenceUnitInfo      : No LoadTimeWeaver setup: ignoring JPA class transformer
[2024-03-04 17:59:22.283]  WARN 9356 --- [  restartedMain] o.h.d.Dialect                            : HHH000511: The 5.7.0 version for [org.hibernate.dialect.MySQLDialect] is no longer supported, hence certain features may not work properly. The minimum supported version is 8.0.0. Check the community dialects project for available legacy versions.
[2024-03-04 17:59:22.297]  INFO 9356 --- [  restartedMain] o.h.e.t.j.p.i.JtaPlatformInitiator       : HHH000489: No JTA platform available (set 'hibernate.transaction.jta.platform' to enable JTA platform integration)
[2024-03-04 17:59:22.297]  INFO 9356 --- [  restartedMain] j.LocalContainerEntityManagerFactoryBean : Initialized JPA EntityManagerFactory for persistence unit 'default'
[2024-03-04 17:59:22.343]  WARN 9356 --- [  restartedMain] JpaBaseConfiguration$JpaWebConfiguration : spring.jpa.open-in-view is enabled by default. Therefore, database queries may be performed during view rendering. Explicitly configure spring.jpa.open-in-view to disable this warning
[2024-03-04 17:59:22.352]  WARN 9356 --- [  restartedMain] .s.s.UserDetailsServiceAutoConfiguration : 

Using generated security password: c0f69c03-e004-4576-823a-498b5e9d0de2

This generated password is for development use only. Your security configuration must be updated before running your application in production.

[2024-03-04 17:59:22.418]  INFO 9356 --- [  restartedMain] o.s.s.w.DefaultSecurityFilterChain       : Will secure any request with [org.springframework.security.web.session.DisableEncodeUrlFilter@2829d17a, org.springframework.security.web.context.request.async.WebAsyncManagerIntegrationFilter@7e4446d0, org.springframework.security.web.context.SecurityContextHolderFilter@e138898, org.springframework.security.web.header.HeaderWriterFilter@638bb501, org.springframework.security.web.authentication.logout.LogoutFilter@6af78996, org.springframework.security.web.savedrequest.RequestCacheAwareFilter@1630d048, org.springframework.security.web.servletapi.SecurityContextHolderAwareRequestFilter@46af0f39, org.springframework.security.web.authentication.AnonymousAuthenticationFilter@29f60a2e, org.springframework.security.web.access.ExceptionTranslationFilter@211e2a35, org.springframework.security.web.access.intercept.AuthorizationFilter@44bdb8a4]
[2024-03-04 17:59:22.515]  INFO 9356 --- [  restartedMain] o.s.b.d.a.OptionalLiveReloadServer       : LiveReload server is running on port 35729
[2024-03-04 17:59:22.535]  INFO 9356 --- [  restartedMain] o.a.c.h.Http11NioProtocol                : Starting ProtocolHandler ["http-nio-8080"]
[2024-03-04 17:59:22.540]  INFO 9356 --- [  restartedMain] o.s.b.w.e.t.TomcatWebServer              : Tomcat started on port 8080 (http) with context path ''
[2024-03-04 17:59:22.549]  INFO 9356 --- [  restartedMain] c.s.g.GalleryApplication                 : Started GalleryApplication in 0.898 seconds (process running for 47.357)
[2024-03-04 17:59:22.553]  INFO 9356 --- [  restartedMain] .ConditionEvaluationDeltaLoggingListener : Condition evaluation unchanged
[2024-03-04 17:59:23.944]  INFO 9356 --- [   File Watcher] rtingClassPathChangeChangedEventListener : Restarting due to 1 class path change (1 addition, 0 deletions, 0 modifications)
[2024-03-04 17:59:23.946]  INFO 9356 --- [       Thread-7] o.a.c.h.Http11NioProtocol                : Stopping ProtocolHandler ["http-nio-8080"]
[2024-03-04 17:59:23.962]  INFO 9356 --- [       Thread-7] j.LocalContainerEntityManagerFactoryBean : Closing JPA EntityManagerFactory for persistence unit 'default'
[2024-03-04 17:59:23.963]  INFO 9356 --- [       Thread-7] c.z.h.HikariDataSource                   : HikariPool-2 - Shutdown initiated...
[2024-03-04 17:59:23.968]  INFO 9356 --- [       Thread-7] c.z.h.HikariDataSource                   : HikariPool-2 - Shutdown completed.
[2024-03-04 17:59:24.073]  INFO 9356 --- [  restartedMain] c.s.g.GalleryApplication                 : Starting GalleryApplication using Java 17.0.9 with PID 9356 (D:\Project\S10P22A101\backend\build\classes\java\main started by SSAFY in D:\Project\S10P22A101\backend)
[2024-03-04 17:59:24.074]  INFO 9356 --- [  restartedMain] c.s.g.GalleryApplication                 : No active profile set, falling back to 1 default profile: "default"
[2024-03-04 17:59:24.352]  INFO 9356 --- [  restartedMain] .s.d.r.c.RepositoryConfigurationDelegate : Bootstrapping Spring Data JPA repositories in DEFAULT mode.
[2024-03-04 17:59:24.355]  INFO 9356 --- [  restartedMain] .s.d.r.c.RepositoryConfigurationDelegate : Finished Spring Data repository scanning in 2 ms. Found 0 JPA repository interfaces.
[2024-03-04 17:59:24.516]  INFO 9356 --- [  restartedMain] o.s.b.w.e.t.TomcatWebServer              : Tomcat initialized with port 8080 (http)
[2024-03-04 17:59:24.517]  INFO 9356 --- [  restartedMain] o.a.c.h.Http11NioProtocol                : Initializing ProtocolHandler ["http-nio-8080"]
[2024-03-04 17:59:24.518]  INFO 9356 --- [  restartedMain] o.a.c.c.StandardService                  : Starting service [Tomcat]
[2024-03-04 17:59:24.518]  INFO 9356 --- [  restartedMain] o.a.c.c.StandardEngine                   : Starting Servlet engine: [Apache Tomcat/10.1.19]
[2024-03-04 17:59:24.542]  INFO 9356 --- [  restartedMain] o.a.c.c.C.[.[.[/]                        : Initializing Spring embedded WebApplicationContext
[2024-03-04 17:59:24.543]  INFO 9356 --- [  restartedMain] w.s.c.ServletWebServerApplicationContext : Root WebApplicationContext: initialization completed in 468 ms
[2024-03-04 17:59:24.587]  INFO 9356 --- [  restartedMain] c.z.h.HikariDataSource                   : HikariPool-3 - Starting...
[2024-03-04 17:59:24.618]  INFO 9356 --- [  restartedMain] c.z.h.p.HikariPool                       : HikariPool-3 - Added connection com.mysql.cj.jdbc.ConnectionImpl@7386ee4e
[2024-03-04 17:59:24.618]  INFO 9356 --- [  restartedMain] c.z.h.HikariDataSource                   : HikariPool-3 - Start completed.
[2024-03-04 17:59:24.620]  INFO 9356 --- [  restartedMain] o.h.j.i.u.LogHelper                      : HHH000204: Processing PersistenceUnitInfo [name: default]
[2024-03-04 17:59:24.623]  INFO 9356 --- [  restartedMain] o.h.c.i.RegionFactoryInitiator           : HHH000026: Second-level cache disabled
[2024-03-04 17:59:24.630]  INFO 9356 --- [  restartedMain] o.s.o.j.p.SpringPersistenceUnitInfo      : No LoadTimeWeaver setup: ignoring JPA class transformer
[2024-03-04 17:59:24.632]  WARN 9356 --- [  restartedMain] o.h.d.Dialect                            : HHH000511: The 5.7.0 version for [org.hibernate.dialect.MySQLDialect] is no longer supported, hence certain features may not work properly. The minimum supported version is 8.0.0. Check the community dialects project for available legacy versions.
[2024-03-04 17:59:24.648]  INFO 9356 --- [  restartedMain] o.h.e.t.j.p.i.JtaPlatformInitiator       : HHH000489: No JTA platform available (set 'hibernate.transaction.jta.platform' to enable JTA platform integration)
[2024-03-04 17:59:24.648]  INFO 9356 --- [  restartedMain] j.LocalContainerEntityManagerFactoryBean : Initialized JPA EntityManagerFactory for persistence unit 'default'
[2024-03-04 17:59:24.703]  WARN 9356 --- [  restartedMain] JpaBaseConfiguration$JpaWebConfiguration : spring.jpa.open-in-view is enabled by default. Therefore, database queries may be performed during view rendering. Explicitly configure spring.jpa.open-in-view to disable this warning
[2024-03-04 17:59:24.714]  WARN 9356 --- [  restartedMain] .s.s.UserDetailsServiceAutoConfiguration : 

Using generated security password: 70abcfe9-bf68-43f0-b8e6-7569c9074deb

This generated password is for development use only. Your security configuration must be updated before running your application in production.

[2024-03-04 17:59:24.803]  INFO 9356 --- [  restartedMain] o.s.s.w.DefaultSecurityFilterChain       : Will secure any request with [org.springframework.security.web.session.DisableEncodeUrlFilter@75e21588, org.springframework.security.web.context.request.async.WebAsyncManagerIntegrationFilter@193ebf8d, org.springframework.security.web.context.SecurityContextHolderFilter@2e24b531, org.springframework.security.web.header.HeaderWriterFilter@59e2eeed, org.springframework.security.web.authentication.logout.LogoutFilter@63d1fc2d, org.springframework.security.web.savedrequest.RequestCacheAwareFilter@543a9f22, org.springframework.security.web.servletapi.SecurityContextHolderAwareRequestFilter@260c5691, org.springframework.security.web.authentication.AnonymousAuthenticationFilter@6f3db53c, org.springframework.security.web.access.ExceptionTranslationFilter@1e3d9f33, org.springframework.security.web.access.intercept.AuthorizationFilter@27eec6c7]
[2024-03-04 17:59:24.946]  INFO 9356 --- [  restartedMain] o.s.b.d.a.OptionalLiveReloadServer       : LiveReload server is running on port 35729
[2024-03-04 17:59:24.962]  INFO 9356 --- [  restartedMain] o.a.c.h.Http11NioProtocol                : Starting ProtocolHandler ["http-nio-8080"]
[2024-03-04 17:59:24.966]  INFO 9356 --- [  restartedMain] o.s.b.w.e.t.TomcatWebServer              : Tomcat started on port 8080 (http) with context path ''
[2024-03-04 17:59:24.974]  INFO 9356 --- [  restartedMain] c.s.g.GalleryApplication                 : Started GalleryApplication in 0.947 seconds (process running for 49.782)
[2024-03-04 17:59:24.977]  INFO 9356 --- [  restartedMain] .ConditionEvaluationDeltaLoggingListener : Condition evaluation unchanged
[2024-03-04 17:59:28.219]  INFO 9356 --- [nio-8080-exec-2] o.a.c.c.C.[.[.[/]                        : Initializing Spring DispatcherServlet 'dispatcherServlet'
[2024-03-04 17:59:28.220]  INFO 9356 --- [nio-8080-exec-2] o.s.w.s.DispatcherServlet                : Initializing Servlet 'dispatcherServlet'
[2024-03-04 17:59:28.220]  INFO 9356 --- [nio-8080-exec-2] o.s.w.s.DispatcherServlet                : Completed initialization in 0 ms
[2024-03-04 17:59:28.230]  INFO 9356 --- [nio-8080-exec-2] c.s.g.e.c.ExampleApiController           : response : BasicResponseDto(success=true, message=Example API Success, data=ParamValue = 32, Request Email : testtest@gmail.com)
