[2024-03-06 13:20:17.944]  INFO 24580 --- [ionShutdownHook] j.LocalContainerEntityManagerFactoryBean : Closing JPA EntityManagerFactory for persistence unit 'default'
[2024-03-06 13:20:17.950]  INFO 24580 --- [ionShutdownHook] c.z.h.HikariDataSource                   : HikariPool-1 - Shutdown initiated...
[2024-03-06 13:20:17.955]  INFO 24580 --- [ionShutdownHook] c.z.h.HikariDataSource                   : HikariPool-1 - Shutdown completed.
[2024-03-06 13:20:20.575]  INFO 21524 --- [  restartedMain] c.s.g.GalleryApplication                 : Starting GalleryApplication using Java 17.0.9 with PID 21524 (C:\Users\SSAFY\Desktop\PJT2\backend\build\classes\java\main started by SSAFY in C:\Users\SSAFY\Desktop\PJT2\backend)
[2024-03-06 13:20:20.581]  INFO 21524 --- [  restartedMain] c.s.g.GalleryApplication                 : No active profile set, falling back to 1 default profile: "default"
[2024-03-06 13:20:20.606]  INFO 21524 --- [  restartedMain] .e.DevToolsPropertyDefaultsPostProcessor : Devtools property defaults active! Set 'spring.devtools.add-properties' to 'false' to disable
[2024-03-06 13:20:20.606]  INFO 21524 --- [  restartedMain] .e.DevToolsPropertyDefaultsPostProcessor : For additional web related logging consider setting the 'logging.level.web' property to 'DEBUG'
[2024-03-06 13:20:21.146]  INFO 21524 --- [  restartedMain] .s.d.r.c.RepositoryConfigurationDelegate : Bootstrapping Spring Data JPA repositories in DEFAULT mode.
[2024-03-06 13:20:21.182]  INFO 21524 --- [  restartedMain] .s.d.r.c.RepositoryConfigurationDelegate : Finished Spring Data repository scanning in 31 ms. Found 1 JPA repository interface.
[2024-03-06 13:20:21.572]  INFO 21524 --- [  restartedMain] o.s.b.w.e.t.TomcatWebServer              : Tomcat initialized with port 8080 (http)
[2024-03-06 13:20:21.583]  INFO 21524 --- [  restartedMain] o.a.c.h.Http11NioProtocol                : Initializing ProtocolHandler ["http-nio-8080"]
[2024-03-06 13:20:21.584]  INFO 21524 --- [  restartedMain] o.a.c.c.StandardService                  : Starting service [Tomcat]
[2024-03-06 13:20:21.585]  INFO 21524 --- [  restartedMain] o.a.c.c.StandardEngine                   : Starting Servlet engine: [Apache Tomcat/10.1.19]
[2024-03-06 13:20:21.619]  INFO 21524 --- [  restartedMain] o.a.c.c.C.[.[.[/]                        : Initializing Spring embedded WebApplicationContext
[2024-03-06 13:20:21.619]  INFO 21524 --- [  restartedMain] w.s.c.ServletWebServerApplicationContext : Root WebApplicationContext: initialization completed in 1012 ms
[2024-03-06 13:20:21.714]  INFO 21524 --- [  restartedMain] c.z.h.HikariDataSource                   : HikariPool-1 - Starting...
[2024-03-06 13:20:21.901]  INFO 21524 --- [  restartedMain] c.z.h.p.HikariPool                       : HikariPool-1 - Added connection com.mysql.cj.jdbc.ConnectionImpl@3428fc66
[2024-03-06 13:20:21.902]  INFO 21524 --- [  restartedMain] c.z.h.HikariDataSource                   : HikariPool-1 - Start completed.
[2024-03-06 13:20:21.929]  INFO 21524 --- [  restartedMain] o.h.j.i.u.LogHelper                      : HHH000204: Processing PersistenceUnitInfo [name: default]
[2024-03-06 13:20:21.967]  INFO 21524 --- [  restartedMain] o.h.Version                              : HHH000412: Hibernate ORM core version 6.4.4.Final
[2024-03-06 13:20:21.991]  INFO 21524 --- [  restartedMain] o.h.c.i.RegionFactoryInitiator           : HHH000026: Second-level cache disabled
[2024-03-06 13:20:22.176]  INFO 21524 --- [  restartedMain] o.s.o.j.p.SpringPersistenceUnitInfo      : No LoadTimeWeaver setup: ignoring JPA class transformer
[2024-03-06 13:20:22.819]  INFO 21524 --- [  restartedMain] o.h.e.t.j.p.i.JtaPlatformInitiator       : HHH000489: No JTA platform available (set 'hibernate.transaction.jta.platform' to enable JTA platform integration)
[2024-03-06 13:20:22.821]  INFO 21524 --- [  restartedMain] j.LocalContainerEntityManagerFactoryBean : Initialized JPA EntityManagerFactory for persistence unit 'default'
[2024-03-06 13:20:23.142]  WARN 21524 --- [  restartedMain] JpaBaseConfiguration$JpaWebConfiguration : spring.jpa.open-in-view is enabled by default. Therefore, database queries may be performed during view rendering. Explicitly configure spring.jpa.open-in-view to disable this warning
[2024-03-06 13:20:23.207]  INFO 21524 --- [  restartedMain] o.s.b.a.w.s.WelcomePageHandlerMapping    : Adding welcome page: class path resource [static/index.html]
[2024-03-06 13:20:23.358]  INFO 21524 --- [  restartedMain] o.s.s.w.DefaultSecurityFilterChain       : Will secure any request with [org.springframework.security.web.session.DisableEncodeUrlFilter@5612c6e3, org.springframework.security.web.context.request.async.WebAsyncManagerIntegrationFilter@2ad97d37, org.springframework.security.web.context.SecurityContextHolderFilter@29a64232, org.springframework.security.web.header.HeaderWriterFilter@3a6f04a3, org.springframework.security.oauth2.client.web.OAuth2AuthorizationRequestRedirectFilter@70816415, org.springframework.security.oauth2.client.web.OAuth2LoginAuthenticationFilter@40878610, org.springframework.security.web.authentication.ui.DefaultLoginPageGeneratingFilter@3aec977d, org.springframework.security.web.savedrequest.RequestCacheAwareFilter@141ca6ad, org.springframework.security.web.servletapi.SecurityContextHolderAwareRequestFilter@33685f3e, org.springframework.security.web.authentication.AnonymousAuthenticationFilter@7e4e909e, org.springframework.security.web.access.ExceptionTranslationFilter@305ebf17, org.springframework.security.web.access.intercept.AuthorizationFilter@4abdb249]
[2024-03-06 13:20:23.536]  INFO 21524 --- [  restartedMain] o.s.b.d.a.OptionalLiveReloadServer       : LiveReload server is running on port 35729
[2024-03-06 13:20:23.550]  INFO 21524 --- [  restartedMain] o.a.c.h.Http11NioProtocol                : Starting ProtocolHandler ["http-nio-8080"]
[2024-03-06 13:20:23.563]  INFO 21524 --- [  restartedMain] o.s.b.w.e.t.TomcatWebServer              : Tomcat started on port 8080 (http) with context path ''
[2024-03-06 13:20:23.571]  INFO 21524 --- [  restartedMain] c.s.g.GalleryApplication                 : Started GalleryApplication in 3.266 seconds (process running for 3.92)
[2024-03-06 13:20:26.042]  INFO 21524 --- [nio-8080-exec-1] o.a.c.c.C.[.[.[/]                        : Initializing Spring DispatcherServlet 'dispatcherServlet'
[2024-03-06 13:20:26.042]  INFO 21524 --- [nio-8080-exec-1] o.s.w.s.DispatcherServlet                : Initializing Servlet 'dispatcherServlet'
[2024-03-06 13:20:26.043]  INFO 21524 --- [nio-8080-exec-1] o.s.w.s.DispatcherServlet                : Completed initialization in 1 ms
[2024-03-06 13:20:26.094]  INFO 21524 --- [nio-8080-exec-1] c.s.g.i.c.ImageController                : image/jpeg
[2024-03-06 13:20:26.094]  INFO 21524 --- [nio-8080-exec-1] c.s.g.i.c.ImageController                : people-3237648_1920.jpg
[2024-03-06 13:20:26.094]  INFO 21524 --- [nio-8080-exec-1] c.s.g.i.c.ImageController                : 572371
