[2024-03-06 12:18:18.762]  INFO 20012 --- [   File Watcher] rtingClassPathChangeChangedEventListener : Restarting due to 3 class path changes (0 additions, 0 deletions, 3 modifications)
[2024-03-06 12:18:18.766]  INFO 20012 --- [      Thread-15] o.a.c.h.Http11NioProtocol                : Stopping ProtocolHandler ["http-nio-8080"]
[2024-03-06 12:18:18.785]  INFO 20012 --- [      Thread-15] j.LocalContainerEntityManagerFactoryBean : Closing JPA EntityManagerFactory for persistence unit 'default'
[2024-03-06 12:18:18.786]  INFO 20012 --- [      Thread-15] c.z.h.HikariDataSource                   : HikariPool-4 - Shutdown initiated...
[2024-03-06 12:18:18.790]  INFO 20012 --- [      Thread-15] c.z.h.HikariDataSource                   : HikariPool-4 - Shutdown completed.
[2024-03-06 12:18:18.878]  INFO 20012 --- [  restartedMain] c.s.g.GalleryApplication                 : Starting GalleryApplication using Java 17.0.9 with PID 20012 (C:\Users\SSAFY\Desktop\PJT2\backend\build\classes\java\main started by SSAFY in C:\Users\SSAFY\Desktop\PJT2\backend)
[2024-03-06 12:18:18.879]  INFO 20012 --- [  restartedMain] c.s.g.GalleryApplication                 : No active profile set, falling back to 1 default profile: "default"
[2024-03-06 12:18:19.011]  INFO 20012 --- [  restartedMain] .s.d.r.c.RepositoryConfigurationDelegate : Bootstrapping Spring Data JPA repositories in DEFAULT mode.
[2024-03-06 12:18:19.016]  INFO 20012 --- [  restartedMain] .s.d.r.c.RepositoryConfigurationDelegate : Finished Spring Data repository scanning in 4 ms. Found 1 JPA repository interface.
[2024-03-06 12:18:19.078]  INFO 20012 --- [  restartedMain] o.s.b.w.e.t.TomcatWebServer              : Tomcat initialized with port 8080 (http)
[2024-03-06 12:18:19.078]  INFO 20012 --- [  restartedMain] o.a.c.h.Http11NioProtocol                : Initializing ProtocolHandler ["http-nio-8080"]
[2024-03-06 12:18:19.079]  INFO 20012 --- [  restartedMain] o.a.c.c.StandardService                  : Starting service [Tomcat]
[2024-03-06 12:18:19.079]  INFO 20012 --- [  restartedMain] o.a.c.c.StandardEngine                   : Starting Servlet engine: [Apache Tomcat/10.1.19]
[2024-03-06 12:18:19.089]  INFO 20012 --- [  restartedMain] o.a.c.c.C.[.[.[/]                        : Initializing Spring embedded WebApplicationContext
[2024-03-06 12:18:19.089]  INFO 20012 --- [  restartedMain] w.s.c.ServletWebServerApplicationContext : Root WebApplicationContext: initialization completed in 209 ms
[2024-03-06 12:18:19.109]  INFO 20012 --- [  restartedMain] c.z.h.HikariDataSource                   : HikariPool-5 - Starting...
[2024-03-06 12:18:19.117]  INFO 20012 --- [  restartedMain] c.z.h.p.HikariPool                       : HikariPool-5 - Added connection com.mysql.cj.jdbc.ConnectionImpl@610395a
[2024-03-06 12:18:19.117]  INFO 20012 --- [  restartedMain] c.z.h.HikariDataSource                   : HikariPool-5 - Start completed.
[2024-03-06 12:18:19.118]  INFO 20012 --- [  restartedMain] o.h.j.i.u.LogHelper                      : HHH000204: Processing PersistenceUnitInfo [name: default]
[2024-03-06 12:18:19.120]  INFO 20012 --- [  restartedMain] o.h.c.i.RegionFactoryInitiator           : HHH000026: Second-level cache disabled
[2024-03-06 12:18:19.123]  INFO 20012 --- [  restartedMain] o.s.o.j.p.SpringPersistenceUnitInfo      : No LoadTimeWeaver setup: ignoring JPA class transformer
[2024-03-06 12:18:19.140]  INFO 20012 --- [  restartedMain] o.h.e.t.j.p.i.JtaPlatformInitiator       : HHH000489: No JTA platform available (set 'hibernate.transaction.jta.platform' to enable JTA platform integration)
[2024-03-06 12:18:19.141]  INFO 20012 --- [  restartedMain] j.LocalContainerEntityManagerFactoryBean : Initialized JPA EntityManagerFactory for persistence unit 'default'
[2024-03-06 12:18:19.201]  WARN 20012 --- [  restartedMain] JpaBaseConfiguration$JpaWebConfiguration : spring.jpa.open-in-view is enabled by default. Therefore, database queries may be performed during view rendering. Explicitly configure spring.jpa.open-in-view to disable this warning
[2024-03-06 12:18:19.210]  INFO 20012 --- [  restartedMain] o.s.b.a.w.s.WelcomePageHandlerMapping    : Adding welcome page: class path resource [static/index.html]
[2024-03-06 12:18:19.245]  INFO 20012 --- [  restartedMain] o.s.s.w.DefaultSecurityFilterChain       : Will secure any request with [org.springframework.security.web.session.DisableEncodeUrlFilter@79a07be4, org.springframework.security.web.context.request.async.WebAsyncManagerIntegrationFilter@58704a45, org.springframework.security.web.context.SecurityContextHolderFilter@44a9ed55, org.springframework.security.web.header.HeaderWriterFilter@370303a8, org.springframework.security.oauth2.client.web.OAuth2AuthorizationRequestRedirectFilter@3687f6de, org.springframework.security.oauth2.client.web.OAuth2LoginAuthenticationFilter@7ccb2963, org.springframework.security.web.authentication.ui.DefaultLoginPageGeneratingFilter@107b4fb2, org.springframework.security.web.savedrequest.RequestCacheAwareFilter@79b76928, org.springframework.security.web.servletapi.SecurityContextHolderAwareRequestFilter@3f4a05b0, org.springframework.security.web.authentication.AnonymousAuthenticationFilter@51487693, org.springframework.security.web.access.ExceptionTranslationFilter@217ce8f6, org.springframework.security.web.access.intercept.AuthorizationFilter@590f0fca]
[2024-03-06 12:18:19.282]  INFO 20012 --- [  restartedMain] o.s.b.d.a.OptionalLiveReloadServer       : LiveReload server is running on port 35729
[2024-03-06 12:18:19.289]  INFO 20012 --- [  restartedMain] o.a.c.h.Http11NioProtocol                : Starting ProtocolHandler ["http-nio-8080"]
[2024-03-06 12:18:19.291]  INFO 20012 --- [  restartedMain] o.s.b.w.e.t.TomcatWebServer              : Tomcat started on port 8080 (http) with context path ''
[2024-03-06 12:18:19.294]  INFO 20012 --- [  restartedMain] c.s.g.GalleryApplication                 : Started GalleryApplication in 0.446 seconds (process running for 3602.786)
[2024-03-06 12:18:19.295]  INFO 20012 --- [  restartedMain] .ConditionEvaluationDeltaLoggingListener : Condition evaluation unchanged
