[2024-03-06 12:53:10.333]  INFO 11316 --- [   File Watcher] rtingClassPathChangeChangedEventListener : Restarting due to 1 class path change (0 additions, 0 deletions, 1 modification)
[2024-03-06 12:53:10.337]  INFO 11316 --- [       Thread-7] o.a.c.h.Http11NioProtocol                : Stopping ProtocolHandler ["http-nio-8080"]
[2024-03-06 12:53:10.355]  INFO 11316 --- [       Thread-7] j.LocalContainerEntityManagerFactoryBean : Closing JPA EntityManagerFactory for persistence unit 'default'
[2024-03-06 12:53:10.356]  INFO 11316 --- [       Thread-7] c.z.h.HikariDataSource                   : HikariPool-2 - Shutdown initiated...
[2024-03-06 12:53:10.359]  INFO 11316 --- [       Thread-7] c.z.h.HikariDataSource                   : HikariPool-2 - Shutdown completed.
[2024-03-06 12:53:10.446]  INFO 11316 --- [  restartedMain] c.s.g.GalleryApplication                 : Starting GalleryApplication using Java 17.0.9 with PID 11316 (C:\Users\SSAFY\Desktop\PJT2\backend\build\classes\java\main started by SSAFY in C:\Users\SSAFY\Desktop\PJT2\backend)
[2024-03-06 12:53:10.446]  INFO 11316 --- [  restartedMain] c.s.g.GalleryApplication                 : No active profile set, falling back to 1 default profile: "default"
[2024-03-06 12:53:10.588]  INFO 11316 --- [  restartedMain] .s.d.r.c.RepositoryConfigurationDelegate : Bootstrapping Spring Data JPA repositories in DEFAULT mode.
[2024-03-06 12:53:10.594]  INFO 11316 --- [  restartedMain] .s.d.r.c.RepositoryConfigurationDelegate : Finished Spring Data repository scanning in 5 ms. Found 1 JPA repository interface.
[2024-03-06 12:53:10.658]  INFO 11316 --- [  restartedMain] o.s.b.w.e.t.TomcatWebServer              : Tomcat initialized with port 8080 (http)
[2024-03-06 12:53:10.659]  INFO 11316 --- [  restartedMain] o.a.c.h.Http11NioProtocol                : Initializing ProtocolHandler ["http-nio-8080"]
[2024-03-06 12:53:10.659]  INFO 11316 --- [  restartedMain] o.a.c.c.StandardService                  : Starting service [Tomcat]
[2024-03-06 12:53:10.660]  INFO 11316 --- [  restartedMain] o.a.c.c.StandardEngine                   : Starting Servlet engine: [Apache Tomcat/10.1.19]
[2024-03-06 12:53:10.670]  INFO 11316 --- [  restartedMain] o.a.c.c.C.[.[.[/]                        : Initializing Spring embedded WebApplicationContext
[2024-03-06 12:53:10.670]  INFO 11316 --- [  restartedMain] w.s.c.ServletWebServerApplicationContext : Root WebApplicationContext: initialization completed in 222 ms
[2024-03-06 12:53:10.690]  INFO 11316 --- [  restartedMain] c.z.h.HikariDataSource                   : HikariPool-3 - Starting...
[2024-03-06 12:53:10.700]  INFO 11316 --- [  restartedMain] c.z.h.p.HikariPool                       : HikariPool-3 - Added connection com.mysql.cj.jdbc.ConnectionImpl@1cb907b7
[2024-03-06 12:53:10.700]  INFO 11316 --- [  restartedMain] c.z.h.HikariDataSource                   : HikariPool-3 - Start completed.
[2024-03-06 12:53:10.701]  INFO 11316 --- [  restartedMain] o.h.j.i.u.LogHelper                      : HHH000204: Processing PersistenceUnitInfo [name: default]
[2024-03-06 12:53:10.703]  INFO 11316 --- [  restartedMain] o.h.c.i.RegionFactoryInitiator           : HHH000026: Second-level cache disabled
[2024-03-06 12:53:10.706]  INFO 11316 --- [  restartedMain] o.s.o.j.p.SpringPersistenceUnitInfo      : No LoadTimeWeaver setup: ignoring JPA class transformer
[2024-03-06 12:53:10.724]  INFO 11316 --- [  restartedMain] o.h.e.t.j.p.i.JtaPlatformInitiator       : HHH000489: No JTA platform available (set 'hibernate.transaction.jta.platform' to enable JTA platform integration)
[2024-03-06 12:53:10.724]  INFO 11316 --- [  restartedMain] j.LocalContainerEntityManagerFactoryBean : Initialized JPA EntityManagerFactory for persistence unit 'default'
[2024-03-06 12:53:10.778]  WARN 11316 --- [  restartedMain] JpaBaseConfiguration$JpaWebConfiguration : spring.jpa.open-in-view is enabled by default. Therefore, database queries may be performed during view rendering. Explicitly configure spring.jpa.open-in-view to disable this warning
[2024-03-06 12:53:10.784]  INFO 11316 --- [  restartedMain] o.s.b.a.w.s.WelcomePageHandlerMapping    : Adding welcome page: class path resource [static/index.html]
[2024-03-06 12:53:10.819]  INFO 11316 --- [  restartedMain] o.s.s.w.DefaultSecurityFilterChain       : Will secure any request with [org.springframework.security.web.session.DisableEncodeUrlFilter@28b101ba, org.springframework.security.web.context.request.async.WebAsyncManagerIntegrationFilter@69188572, org.springframework.security.web.context.SecurityContextHolderFilter@5a83a412, org.springframework.security.web.header.HeaderWriterFilter@1f81ca8b, org.springframework.security.oauth2.client.web.OAuth2AuthorizationRequestRedirectFilter@4b92676c, org.springframework.security.oauth2.client.web.OAuth2LoginAuthenticationFilter@5ca66bf4, org.springframework.security.web.authentication.ui.DefaultLoginPageGeneratingFilter@1d11565c, org.springframework.security.web.savedrequest.RequestCacheAwareFilter@7bc9cd8c, org.springframework.security.web.servletapi.SecurityContextHolderAwareRequestFilter@cd510df, org.springframework.security.web.authentication.AnonymousAuthenticationFilter@31e9263a, org.springframework.security.web.access.ExceptionTranslationFilter@6e633103, org.springframework.security.web.access.intercept.AuthorizationFilter@6f65d1b7]
[2024-03-06 12:53:10.859]  INFO 11316 --- [  restartedMain] o.s.b.d.a.OptionalLiveReloadServer       : LiveReload server is running on port 35729
[2024-03-06 12:53:10.865]  INFO 11316 --- [  restartedMain] o.a.c.h.Http11NioProtocol                : Starting ProtocolHandler ["http-nio-8080"]
[2024-03-06 12:53:10.867]  INFO 11316 --- [  restartedMain] o.s.b.w.e.t.TomcatWebServer              : Tomcat started on port 8080 (http) with context path ''
[2024-03-06 12:53:10.870]  INFO 11316 --- [  restartedMain] c.s.g.GalleryApplication                 : Started GalleryApplication in 0.46 seconds (process running for 249.716)
[2024-03-06 12:53:10.871]  INFO 11316 --- [  restartedMain] .ConditionEvaluationDeltaLoggingListener : Condition evaluation unchanged
