[2024-03-06 16:23:27.734]  INFO 20276 --- [  restartedMain] c.s.g.GalleryApplication                 : Starting GalleryApplication using Java 17.0.9 with PID 20276 (C:\Users\SSAFY\Desktop\PJT2\backend\build\classes\java\main started by SSAFY in C:\Users\SSAFY\Desktop\PJT2\backend)
[2024-03-06 16:23:27.743]  INFO 20276 --- [  restartedMain] c.s.g.GalleryApplication                 : No active profile set, falling back to 1 default profile: "default"
[2024-03-06 16:23:27.772]  INFO 20276 --- [  restartedMain] .e.DevToolsPropertyDefaultsPostProcessor : Devtools property defaults active! Set 'spring.devtools.add-properties' to 'false' to disable
[2024-03-06 16:23:27.772]  INFO 20276 --- [  restartedMain] .e.DevToolsPropertyDefaultsPostProcessor : For additional web related logging consider setting the 'logging.level.web' property to 'DEBUG'
[2024-03-06 16:23:28.391]  INFO 20276 --- [  restartedMain] .s.d.r.c.RepositoryConfigurationDelegate : Bootstrapping Spring Data JPA repositories in DEFAULT mode.
[2024-03-06 16:23:28.431]  INFO 20276 --- [  restartedMain] .s.d.r.c.RepositoryConfigurationDelegate : Finished Spring Data repository scanning in 35 ms. Found 1 JPA repository interface.
[2024-03-06 16:23:28.852]  INFO 20276 --- [  restartedMain] o.s.b.w.e.t.TomcatWebServer              : Tomcat initialized with port 8080 (http)
[2024-03-06 16:23:28.860]  INFO 20276 --- [  restartedMain] o.a.c.h.Http11NioProtocol                : Initializing ProtocolHandler ["http-nio-8080"]
[2024-03-06 16:23:28.861]  INFO 20276 --- [  restartedMain] o.a.c.c.StandardService                  : Starting service [Tomcat]
[2024-03-06 16:23:28.862]  INFO 20276 --- [  restartedMain] o.a.c.c.StandardEngine                   : Starting Servlet engine: [Apache Tomcat/10.1.19]
[2024-03-06 16:23:28.899]  INFO 20276 --- [  restartedMain] o.a.c.c.C.[.[.[/]                        : Initializing Spring embedded WebApplicationContext
[2024-03-06 16:23:28.899]  INFO 20276 --- [  restartedMain] w.s.c.ServletWebServerApplicationContext : Root WebApplicationContext: initialization completed in 1126 ms
[2024-03-06 16:23:28.999]  INFO 20276 --- [  restartedMain] c.z.h.HikariDataSource                   : HikariPool-1 - Starting...
[2024-03-06 16:23:29.182]  INFO 20276 --- [  restartedMain] c.z.h.p.HikariPool                       : HikariPool-1 - Added connection com.mysql.cj.jdbc.ConnectionImpl@16462f52
[2024-03-06 16:23:29.184]  INFO 20276 --- [  restartedMain] c.z.h.HikariDataSource                   : HikariPool-1 - Start completed.
[2024-03-06 16:23:29.212]  INFO 20276 --- [  restartedMain] o.h.j.i.u.LogHelper                      : HHH000204: Processing PersistenceUnitInfo [name: default]
[2024-03-06 16:23:29.251]  INFO 20276 --- [  restartedMain] o.h.Version                              : HHH000412: Hibernate ORM core version 6.4.4.Final
[2024-03-06 16:23:29.276]  INFO 20276 --- [  restartedMain] o.h.c.i.RegionFactoryInitiator           : HHH000026: Second-level cache disabled
[2024-03-06 16:23:29.461]  INFO 20276 --- [  restartedMain] o.s.o.j.p.SpringPersistenceUnitInfo      : No LoadTimeWeaver setup: ignoring JPA class transformer
[2024-03-06 16:23:30.104]  INFO 20276 --- [  restartedMain] o.h.e.t.j.p.i.JtaPlatformInitiator       : HHH000489: No JTA platform available (set 'hibernate.transaction.jta.platform' to enable JTA platform integration)
[2024-03-06 16:23:30.107]  INFO 20276 --- [  restartedMain] j.LocalContainerEntityManagerFactoryBean : Initialized JPA EntityManagerFactory for persistence unit 'default'
[2024-03-06 16:23:30.415]  WARN 20276 --- [  restartedMain] JpaBaseConfiguration$JpaWebConfiguration : spring.jpa.open-in-view is enabled by default. Therefore, database queries may be performed during view rendering. Explicitly configure spring.jpa.open-in-view to disable this warning
[2024-03-06 16:23:30.469]  INFO 20276 --- [  restartedMain] o.s.b.a.w.s.WelcomePageHandlerMapping    : Adding welcome page: class path resource [static/index.html]
[2024-03-06 16:23:30.612]  INFO 20276 --- [  restartedMain] o.s.s.w.DefaultSecurityFilterChain       : Will secure any request with [org.springframework.security.web.session.DisableEncodeUrlFilter@59d98082, org.springframework.security.web.context.request.async.WebAsyncManagerIntegrationFilter@6f25e79a, org.springframework.security.web.context.SecurityContextHolderFilter@14d023d0, org.springframework.security.web.header.HeaderWriterFilter@4d77a41f, org.springframework.security.oauth2.client.web.OAuth2AuthorizationRequestRedirectFilter@2016a076, org.springframework.security.oauth2.client.web.OAuth2LoginAuthenticationFilter@663a0e05, org.springframework.security.web.authentication.ui.DefaultLoginPageGeneratingFilter@6bf6f3c9, org.springframework.security.web.savedrequest.RequestCacheAwareFilter@220d3060, org.springframework.security.web.servletapi.SecurityContextHolderAwareRequestFilter@26cadb68, org.springframework.security.web.authentication.AnonymousAuthenticationFilter@4c81dafd, org.springframework.security.web.access.ExceptionTranslationFilter@61caa613, org.springframework.security.web.access.intercept.AuthorizationFilter@fdc72b8]
[2024-03-06 16:23:30.725]  INFO 20276 --- [  restartedMain] g.s.a.GrpcServerFactoryAutoConfiguration : Detected grpc-netty-shaded: Creating ShadedNettyGrpcServerFactory
[2024-03-06 16:23:30.900]  INFO 20276 --- [  restartedMain] o.s.b.d.a.OptionalLiveReloadServer       : LiveReload server is running on port 35729
[2024-03-06 16:23:30.917]  INFO 20276 --- [  restartedMain] o.a.c.h.Http11NioProtocol                : Starting ProtocolHandler ["http-nio-8080"]
[2024-03-06 16:23:30.929]  INFO 20276 --- [  restartedMain] o.s.b.w.e.t.TomcatWebServer              : Tomcat started on port 8080 (http) with context path ''
[2024-03-06 16:23:30.985]  INFO 20276 --- [  restartedMain] n.d.b.g.s.s.AbstractGrpcServerFactory    : Registered gRPC service: com.ssafy.gallery.ImageService, bean: grpcImageService, class: com.ssafy.gallery.image.service.grpcImageService
[2024-03-06 16:23:30.985]  INFO 20276 --- [  restartedMain] n.d.b.g.s.s.AbstractGrpcServerFactory    : Registered gRPC service: grpc.health.v1.Health, bean: grpcHealthService, class: io.grpc.protobuf.services.HealthServiceImpl
[2024-03-06 16:23:30.985]  INFO 20276 --- [  restartedMain] n.d.b.g.s.s.AbstractGrpcServerFactory    : Registered gRPC service: grpc.reflection.v1alpha.ServerReflection, bean: protoReflectionService, class: io.grpc.protobuf.services.ProtoReflectionService
[2024-03-06 16:23:31.137]  INFO 20276 --- [  restartedMain] n.d.b.g.s.s.GrpcServerLifecycle          : gRPC Server started, listening on address: *, port: 9090
[2024-03-06 16:23:31.146]  INFO 20276 --- [  restartedMain] c.s.g.GalleryApplication                 : Started GalleryApplication in 3.684 seconds (process running for 4.417)
[2024-03-06 16:23:48.054]  INFO 20276 --- [   File Watcher] rtingClassPathChangeChangedEventListener : Restarting due to 1 class path change (0 additions, 0 deletions, 1 modification)
[2024-03-06 16:23:48.062]  INFO 20276 --- [       Thread-5] n.d.b.g.s.s.GrpcServerLifecycle          : Completed gRPC server shutdown
[2024-03-06 16:23:48.063]  INFO 20276 --- [       Thread-5] o.a.c.h.Http11NioProtocol                : Stopping ProtocolHandler ["http-nio-8080"]
[2024-03-06 16:23:48.085]  INFO 20276 --- [       Thread-5] j.LocalContainerEntityManagerFactoryBean : Closing JPA EntityManagerFactory for persistence unit 'default'
[2024-03-06 16:23:48.088]  INFO 20276 --- [       Thread-5] c.z.h.HikariDataSource                   : HikariPool-1 - Shutdown initiated...
[2024-03-06 16:23:48.094]  INFO 20276 --- [       Thread-5] c.z.h.HikariDataSource                   : HikariPool-1 - Shutdown completed.
[2024-03-06 16:23:48.195]  INFO 20276 --- [  restartedMain] c.s.g.GalleryApplication                 : Starting GalleryApplication using Java 17.0.9 with PID 20276 (C:\Users\SSAFY\Desktop\PJT2\backend\build\classes\java\main started by SSAFY in C:\Users\SSAFY\Desktop\PJT2\backend)
[2024-03-06 16:23:48.196]  INFO 20276 --- [  restartedMain] c.s.g.GalleryApplication                 : No active profile set, falling back to 1 default profile: "default"
[2024-03-06 16:23:48.435]  INFO 20276 --- [  restartedMain] .s.d.r.c.RepositoryConfigurationDelegate : Bootstrapping Spring Data JPA repositories in DEFAULT mode.
[2024-03-06 16:23:48.446]  INFO 20276 --- [  restartedMain] .s.d.r.c.RepositoryConfigurationDelegate : Finished Spring Data repository scanning in 11 ms. Found 1 JPA repository interface.
[2024-03-06 16:23:48.541]  INFO 20276 --- [  restartedMain] o.s.b.w.e.t.TomcatWebServer              : Tomcat initialized with port 8080 (http)
[2024-03-06 16:23:48.542]  INFO 20276 --- [  restartedMain] o.a.c.h.Http11NioProtocol                : Initializing ProtocolHandler ["http-nio-8080"]
[2024-03-06 16:23:48.543]  INFO 20276 --- [  restartedMain] o.a.c.c.StandardService                  : Starting service [Tomcat]
[2024-03-06 16:23:48.543]  INFO 20276 --- [  restartedMain] o.a.c.c.StandardEngine                   : Starting Servlet engine: [Apache Tomcat/10.1.19]
[2024-03-06 16:23:48.559]  INFO 20276 --- [  restartedMain] o.a.c.c.C.[.[.[/]                        : Initializing Spring embedded WebApplicationContext
[2024-03-06 16:23:48.560]  INFO 20276 --- [  restartedMain] w.s.c.ServletWebServerApplicationContext : Root WebApplicationContext: initialization completed in 363 ms
[2024-03-06 16:23:48.587]  INFO 20276 --- [  restartedMain] c.z.h.HikariDataSource                   : HikariPool-2 - Starting...
[2024-03-06 16:23:48.598]  INFO 20276 --- [  restartedMain] c.z.h.p.HikariPool                       : HikariPool-2 - Added connection com.mysql.cj.jdbc.ConnectionImpl@12a410c5
[2024-03-06 16:23:48.599]  INFO 20276 --- [  restartedMain] c.z.h.HikariDataSource                   : HikariPool-2 - Start completed.
[2024-03-06 16:23:48.601]  INFO 20276 --- [  restartedMain] o.h.j.i.u.LogHelper                      : HHH000204: Processing PersistenceUnitInfo [name: default]
[2024-03-06 16:23:48.604]  INFO 20276 --- [  restartedMain] o.h.c.i.RegionFactoryInitiator           : HHH000026: Second-level cache disabled
[2024-03-06 16:23:48.608]  INFO 20276 --- [  restartedMain] o.s.o.j.p.SpringPersistenceUnitInfo      : No LoadTimeWeaver setup: ignoring JPA class transformer
[2024-03-06 16:23:48.633]  INFO 20276 --- [  restartedMain] o.h.e.t.j.p.i.JtaPlatformInitiator       : HHH000489: No JTA platform available (set 'hibernate.transaction.jta.platform' to enable JTA platform integration)
[2024-03-06 16:23:48.634]  INFO 20276 --- [  restartedMain] j.LocalContainerEntityManagerFactoryBean : Initialized JPA EntityManagerFactory for persistence unit 'default'
[2024-03-06 16:23:48.712]  WARN 20276 --- [  restartedMain] JpaBaseConfiguration$JpaWebConfiguration : spring.jpa.open-in-view is enabled by default. Therefore, database queries may be performed during view rendering. Explicitly configure spring.jpa.open-in-view to disable this warning
[2024-03-06 16:23:48.721]  INFO 20276 --- [  restartedMain] o.s.b.a.w.s.WelcomePageHandlerMapping    : Adding welcome page: class path resource [static/index.html]
[2024-03-06 16:23:48.764]  INFO 20276 --- [  restartedMain] o.s.s.w.DefaultSecurityFilterChain       : Will secure any request with [org.springframework.security.web.session.DisableEncodeUrlFilter@7b07c7c7, org.springframework.security.web.context.request.async.WebAsyncManagerIntegrationFilter@2d6e129d, org.springframework.security.web.context.SecurityContextHolderFilter@305572b, org.springframework.security.web.header.HeaderWriterFilter@138d6d0f, org.springframework.security.oauth2.client.web.OAuth2AuthorizationRequestRedirectFilter@7fe6b603, org.springframework.security.oauth2.client.web.OAuth2LoginAuthenticationFilter@694e2371, org.springframework.security.web.authentication.ui.DefaultLoginPageGeneratingFilter@699ff42a, org.springframework.security.web.savedrequest.RequestCacheAwareFilter@4d746dd, org.springframework.security.web.servletapi.SecurityContextHolderAwareRequestFilter@11020610, org.springframework.security.web.authentication.AnonymousAuthenticationFilter@6772ef9d, org.springframework.security.web.access.ExceptionTranslationFilter@4022847, org.springframework.security.web.access.intercept.AuthorizationFilter@7ed50d4f]
[2024-03-06 16:23:48.791]  INFO 20276 --- [  restartedMain] g.s.a.GrpcServerFactoryAutoConfiguration : Detected grpc-netty-shaded: Creating ShadedNettyGrpcServerFactory
[2024-03-06 16:23:48.829]  INFO 20276 --- [  restartedMain] o.s.b.d.a.OptionalLiveReloadServer       : LiveReload server is running on port 35729
[2024-03-06 16:23:48.836]  INFO 20276 --- [  restartedMain] o.a.c.h.Http11NioProtocol                : Starting ProtocolHandler ["http-nio-8080"]
[2024-03-06 16:23:48.839]  INFO 20276 --- [  restartedMain] o.s.b.w.e.t.TomcatWebServer              : Tomcat started on port 8080 (http) with context path ''
[2024-03-06 16:23:48.840]  INFO 20276 --- [  restartedMain] n.d.b.g.s.s.AbstractGrpcServerFactory    : Registered gRPC service: com.ssafy.gallery.ImageService, bean: grpcImageService, class: com.ssafy.gallery.image.service.grpcImageService
[2024-03-06 16:23:48.840]  INFO 20276 --- [  restartedMain] n.d.b.g.s.s.AbstractGrpcServerFactory    : Registered gRPC service: grpc.health.v1.Health, bean: grpcHealthService, class: io.grpc.protobuf.services.HealthServiceImpl
[2024-03-06 16:23:48.840]  INFO 20276 --- [  restartedMain] n.d.b.g.s.s.AbstractGrpcServerFactory    : Registered gRPC service: grpc.reflection.v1alpha.ServerReflection, bean: protoReflectionService, class: io.grpc.protobuf.services.ProtoReflectionService
[2024-03-06 16:23:48.841]  INFO 20276 --- [  restartedMain] n.d.b.g.s.s.GrpcServerLifecycle          : gRPC Server started, listening on address: *, port: 9090
[2024-03-06 16:23:48.845]  INFO 20276 --- [  restartedMain] c.s.g.GalleryApplication                 : Started GalleryApplication in 0.706 seconds (process running for 22.115)
[2024-03-06 16:23:48.847]  INFO 20276 --- [  restartedMain] .ConditionEvaluationDeltaLoggingListener : Condition evaluation unchanged
