2024-03-04 17:25:53,622 [http-nio-8080-exec-1] WARN  org.springframework.web.servlet.mvc.support.DefaultHandlerExceptionResolver(logException:247) - Resolved [org.springframework.web.method.annotation.MethodArgumentTypeMismatchException: Failed to convert value of type 'java.lang.String' to required type 'java.lang.Long'; For input string: "{pathValue}"]
2024-03-04 17:26:20,182 [http-nio-8080-exec-3] WARN  org.springframework.web.servlet.mvc.support.DefaultHandlerExceptionResolver(logException:247) - Resolved [org.springframework.web.method.annotation.MethodArgumentTypeMismatchException: Failed to convert value of type 'java.lang.String' to required type 'java.lang.Long'; For input string: "{pathValue}"]
2024-03-04 17:27:59,614 [SpringApplicationShutdownHook] INFO  org.springframework.orm.jpa.LocalContainerEntityManagerFactoryBean(destroy:650) - Closing JPA EntityManagerFactory for persistence unit 'default'
2024-03-04 17:28:01,936 [restartedMain] INFO  org.springframework.boot.devtools.env.DevToolsPropertyDefaultsPostProcessor(logTo:252) - Devtools property defaults active! Set 'spring.devtools.add-properties' to 'false' to disable
2024-03-04 17:28:01,938 [restartedMain] INFO  org.springframework.boot.devtools.env.DevToolsPropertyDefaultsPostProcessor(logTo:252) - For additional web related logging consider setting the 'logging.level.web' property to 'DEBUG'
2024-03-04 17:28:02,680 [restartedMain] INFO  org.springframework.data.repository.config.RepositoryConfigurationDelegate(registerRepositoriesIn:139) - Bootstrapping Spring Data JPA repositories in DEFAULT mode.
2024-03-04 17:28:02,705 [restartedMain] INFO  org.springframework.data.repository.config.RepositoryConfigurationDelegate(registerRepositoriesIn:208) - Finished Spring Data repository scanning in 17 ms. Found 0 JPA repository interfaces.
2024-03-04 17:28:03,198 [restartedMain] INFO  org.springframework.boot.web.embedded.tomcat.TomcatWebServer(initialize:109) - Tomcat initialized with port 8080 (http)
2024-03-04 17:28:03,255 [restartedMain] INFO  org.springframework.boot.web.servlet.context.ServletWebServerApplicationContext(prepareWebApplicationContext:296) - Root WebApplicationContext: initialization completed in 1316 ms
2024-03-04 17:28:03,935 [restartedMain] INFO  org.springframework.orm.jpa.persistenceunit.SpringPersistenceUnitInfo(addTransformer:87) - No LoadTimeWeaver setup: ignoring JPA class transformer
2024-03-04 17:28:04,279 [restartedMain] INFO  org.springframework.orm.jpa.LocalContainerEntityManagerFactoryBean(buildNativeEntityManagerFactory:437) - Initialized JPA EntityManagerFactory for persistence unit 'default'
2024-03-04 17:28:04,397 [restartedMain] WARN  org.springframework.boot.autoconfigure.orm.jpa.JpaBaseConfiguration$JpaWebConfiguration(openEntityManagerInViewInterceptor:232) - spring.jpa.open-in-view is enabled by default. Therefore, database queries may be performed during view rendering. Explicitly configure spring.jpa.open-in-view to disable this warning
2024-03-04 17:28:04,417 [restartedMain] WARN  org.springframework.boot.autoconfigure.security.servlet.UserDetailsServiceAutoConfiguration(getOrDeducePassword:86) - 

Using generated security password: e8ac15c0-eaea-4657-966b-f7da522e0771

This generated password is for development use only. Your security configuration must be updated before running your application in production.

2024-03-04 17:28:04,686 [restartedMain] INFO  org.springframework.security.web.DefaultSecurityFilterChain(<init>:54) - Will secure any request with [org.springframework.security.web.session.DisableEncodeUrlFilter@4dfaa74, org.springframework.security.web.context.request.async.WebAsyncManagerIntegrationFilter@d65f11a, org.springframework.security.web.context.SecurityContextHolderFilter@7872dfd4, org.springframework.security.web.header.HeaderWriterFilter@7dbd2573, org.springframework.security.web.authentication.logout.LogoutFilter@28e7c9fb, org.springframework.security.web.savedrequest.RequestCacheAwareFilter@37e6f5e2, org.springframework.security.web.servletapi.SecurityContextHolderAwareRequestFilter@37fcbb7c, org.springframework.security.web.authentication.AnonymousAuthenticationFilter@3232bb8f, org.springframework.security.web.access.ExceptionTranslationFilter@77c2b2fb, org.springframework.security.web.access.intercept.AuthorizationFilter@31b7108d]
2024-03-04 17:28:04,968 [restartedMain] INFO  org.springframework.boot.devtools.autoconfigure.OptionalLiveReloadServer(startServer:59) - LiveReload server is running on port 35729
2024-03-04 17:28:05,009 [restartedMain] INFO  org.springframework.boot.web.embedded.tomcat.TomcatWebServer(start:241) - Tomcat started on port 8080 (http) with context path ''
2024-03-04 17:28:09,910 [http-nio-8080-exec-2] INFO  org.springframework.web.servlet.DispatcherServlet(initServletBean:532) - Initializing Servlet 'dispatcherServlet'
2024-03-04 17:28:09,911 [http-nio-8080-exec-2] INFO  org.springframework.web.servlet.DispatcherServlet(initServletBean:554) - Completed initialization in 1 ms
2024-03-04 17:28:42,003 [File Watcher] INFO  org.springframework.boot.devtools.autoconfigure.LocalDevToolsAutoConfiguration$RestartingClassPathChangeChangedEventListener(onApplicationEvent:211) - Restarting due to 1 class path change (0 additions, 0 deletions, 1 modification)
2024-03-04 17:28:42,021 [Thread-5] INFO  org.springframework.orm.jpa.LocalContainerEntityManagerFactoryBean(destroy:650) - Closing JPA EntityManagerFactory for persistence unit 'default'
2024-03-04 17:28:42,335 [restartedMain] INFO  org.springframework.data.repository.config.RepositoryConfigurationDelegate(registerRepositoriesIn:139) - Bootstrapping Spring Data JPA repositories in DEFAULT mode.
2024-03-04 17:28:42,338 [restartedMain] INFO  org.springframework.data.repository.config.RepositoryConfigurationDelegate(registerRepositoriesIn:208) - Finished Spring Data repository scanning in 1 ms. Found 0 JPA repository interfaces.
2024-03-04 17:28:42,434 [restartedMain] INFO  org.springframework.boot.web.embedded.tomcat.TomcatWebServer(initialize:109) - Tomcat initialized with port 8080 (http)
2024-03-04 17:28:42,451 [restartedMain] INFO  org.springframework.boot.web.servlet.context.ServletWebServerApplicationContext(prepareWebApplicationContext:296) - Root WebApplicationContext: initialization completed in 316 ms
2024-03-04 17:28:42,514 [restartedMain] INFO  org.springframework.orm.jpa.persistenceunit.SpringPersistenceUnitInfo(addTransformer:87) - No LoadTimeWeaver setup: ignoring JPA class transformer
2024-03-04 17:28:42,527 [restartedMain] INFO  org.springframework.orm.jpa.LocalContainerEntityManagerFactoryBean(buildNativeEntityManagerFactory:437) - Initialized JPA EntityManagerFactory for persistence unit 'default'
2024-03-04 17:28:42,562 [restartedMain] WARN  org.springframework.boot.autoconfigure.orm.jpa.JpaBaseConfiguration$JpaWebConfiguration(openEntityManagerInViewInterceptor:232) - spring.jpa.open-in-view is enabled by default. Therefore, database queries may be performed during view rendering. Explicitly configure spring.jpa.open-in-view to disable this warning
2024-03-04 17:28:42,569 [restartedMain] WARN  org.springframework.boot.autoconfigure.security.servlet.UserDetailsServiceAutoConfiguration(getOrDeducePassword:86) - 

Using generated security password: 877b8df6-67f7-4b8e-9e3e-59d38f1bba10

This generated password is for development use only. Your security configuration must be updated before running your application in production.

2024-03-04 17:28:42,623 [restartedMain] INFO  org.springframework.security.web.DefaultSecurityFilterChain(<init>:54) - Will secure any request with [org.springframework.security.web.session.DisableEncodeUrlFilter@1dd9af61, org.springframework.security.web.context.request.async.WebAsyncManagerIntegrationFilter@51e2c835, org.springframework.security.web.context.SecurityContextHolderFilter@328d34f4, org.springframework.security.web.header.HeaderWriterFilter@45be2ea2, org.springframework.security.web.authentication.logout.LogoutFilter@be8f3fc, org.springframework.security.web.savedrequest.RequestCacheAwareFilter@335dc9b8, org.springframework.security.web.servletapi.SecurityContextHolderAwareRequestFilter@6466be9f, org.springframework.security.web.authentication.AnonymousAuthenticationFilter@2867d552, org.springframework.security.web.access.ExceptionTranslationFilter@63c69551, org.springframework.security.web.access.intercept.AuthorizationFilter@7e6252d]
2024-03-04 17:28:42,688 [restartedMain] INFO  org.springframework.boot.devtools.autoconfigure.OptionalLiveReloadServer(startServer:59) - LiveReload server is running on port 35729
2024-03-04 17:28:42,699 [restartedMain] INFO  org.springframework.boot.web.embedded.tomcat.TomcatWebServer(start:241) - Tomcat started on port 8080 (http) with context path ''
2024-03-04 17:28:42,704 [restartedMain] INFO  org.springframework.boot.devtools.autoconfigure.ConditionEvaluationDeltaLoggingListener(onApplicationEvent:63) - Condition evaluation unchanged
2024-03-04 17:29:04,773 [http-nio-8080-exec-2] INFO  org.springframework.web.servlet.DispatcherServlet(initServletBean:532) - Initializing Servlet 'dispatcherServlet'
2024-03-04 17:29:04,775 [http-nio-8080-exec-2] INFO  org.springframework.web.servlet.DispatcherServlet(initServletBean:554) - Completed initialization in 1 ms
2024-03-04 17:29:04,778 [http-nio-8080-exec-2] WARN  org.springframework.web.servlet.mvc.support.DefaultHandlerExceptionResolver(logException:247) - Resolved [org.springframework.web.bind.MissingPathVariableException: Required URI template variable 'pathValue' for method parameter type Long is not present]
2024-03-04 17:29:16,249 [SpringApplicationShutdownHook] INFO  org.springframework.orm.jpa.LocalContainerEntityManagerFactoryBean(destroy:650) - Closing JPA EntityManagerFactory for persistence unit 'default'
2024-03-04 17:29:19,515 [restartedMain] INFO  org.springframework.boot.devtools.env.DevToolsPropertyDefaultsPostProcessor(logTo:252) - Devtools property defaults active! Set 'spring.devtools.add-properties' to 'false' to disable
2024-03-04 17:29:19,516 [restartedMain] INFO  org.springframework.boot.devtools.env.DevToolsPropertyDefaultsPostProcessor(logTo:252) - For additional web related logging consider setting the 'logging.level.web' property to 'DEBUG'
2024-03-04 17:29:20,239 [restartedMain] INFO  org.springframework.data.repository.config.RepositoryConfigurationDelegate(registerRepositoriesIn:139) - Bootstrapping Spring Data JPA repositories in DEFAULT mode.
2024-03-04 17:29:20,256 [restartedMain] INFO  org.springframework.data.repository.config.RepositoryConfigurationDelegate(registerRepositoriesIn:208) - Finished Spring Data repository scanning in 10 ms. Found 0 JPA repository interfaces.
2024-03-04 17:29:20,702 [restartedMain] INFO  org.springframework.boot.web.embedded.tomcat.TomcatWebServer(initialize:109) - Tomcat initialized with port 8080 (http)
2024-03-04 17:29:20,760 [restartedMain] INFO  org.springframework.boot.web.servlet.context.ServletWebServerApplicationContext(prepareWebApplicationContext:296) - Root WebApplicationContext: initialization completed in 1243 ms
2024-03-04 17:29:21,430 [restartedMain] INFO  org.springframework.orm.jpa.persistenceunit.SpringPersistenceUnitInfo(addTransformer:87) - No LoadTimeWeaver setup: ignoring JPA class transformer
2024-03-04 17:29:21,764 [restartedMain] INFO  org.springframework.orm.jpa.LocalContainerEntityManagerFactoryBean(buildNativeEntityManagerFactory:437) - Initialized JPA EntityManagerFactory for persistence unit 'default'
2024-03-04 17:29:21,863 [restartedMain] WARN  org.springframework.boot.autoconfigure.orm.jpa.JpaBaseConfiguration$JpaWebConfiguration(openEntityManagerInViewInterceptor:232) - spring.jpa.open-in-view is enabled by default. Therefore, database queries may be performed during view rendering. Explicitly configure spring.jpa.open-in-view to disable this warning
2024-03-04 17:29:21,881 [restartedMain] WARN  org.springframework.boot.autoconfigure.security.servlet.UserDetailsServiceAutoConfiguration(getOrDeducePassword:86) - 

Using generated security password: a1e3179d-71a9-4aa1-a912-0aa64d19bc98

This generated password is for development use only. Your security configuration must be updated before running your application in production.

2024-03-04 17:29:22,110 [restartedMain] INFO  org.springframework.security.web.DefaultSecurityFilterChain(<init>:54) - Will secure any request with [org.springframework.security.web.session.DisableEncodeUrlFilter@d0a9cd0, org.springframework.security.web.context.request.async.WebAsyncManagerIntegrationFilter@6c3e0967, org.springframework.security.web.context.SecurityContextHolderFilter@bfd33ef, org.springframework.security.web.header.HeaderWriterFilter@2dfb72d0, org.springframework.security.web.authentication.logout.LogoutFilter@244d36d0, org.springframework.security.web.savedrequest.RequestCacheAwareFilter@47de84c0, org.springframework.security.web.servletapi.SecurityContextHolderAwareRequestFilter@3c26369c, org.springframework.security.web.authentication.AnonymousAuthenticationFilter@1298cc32, org.springframework.security.web.access.ExceptionTranslationFilter@ab75d25, org.springframework.security.web.access.intercept.AuthorizationFilter@3e1be9c7]
2024-03-04 17:29:22,364 [restartedMain] INFO  org.springframework.boot.devtools.autoconfigure.OptionalLiveReloadServer(startServer:59) - LiveReload server is running on port 35729
2024-03-04 17:29:22,398 [restartedMain] INFO  org.springframework.boot.web.embedded.tomcat.TomcatWebServer(start:241) - Tomcat started on port 8080 (http) with context path ''
2024-03-04 17:29:26,731 [http-nio-8080-exec-1] INFO  org.springframework.web.servlet.DispatcherServlet(initServletBean:532) - Initializing Servlet 'dispatcherServlet'
2024-03-04 17:29:26,733 [http-nio-8080-exec-1] INFO  org.springframework.web.servlet.DispatcherServlet(initServletBean:554) - Completed initialization in 0 ms
2024-03-04 17:31:38,336 [File Watcher] INFO  org.springframework.boot.devtools.autoconfigure.LocalDevToolsAutoConfiguration$RestartingClassPathChangeChangedEventListener(onApplicationEvent:211) - Restarting due to 1 class path change (0 additions, 1 deletion, 0 modifications)
2024-03-04 17:31:38,353 [Thread-5] INFO  org.springframework.orm.jpa.LocalContainerEntityManagerFactoryBean(destroy:650) - Closing JPA EntityManagerFactory for persistence unit 'default'
2024-03-04 17:31:38,657 [restartedMain] INFO  org.springframework.data.repository.config.RepositoryConfigurationDelegate(registerRepositoriesIn:139) - Bootstrapping Spring Data JPA repositories in DEFAULT mode.
2024-03-04 17:31:38,660 [restartedMain] INFO  org.springframework.data.repository.config.RepositoryConfigurationDelegate(registerRepositoriesIn:208) - Finished Spring Data repository scanning in 2 ms. Found 0 JPA repository interfaces.
2024-03-04 17:31:38,750 [restartedMain] INFO  org.springframework.boot.web.embedded.tomcat.TomcatWebServer(initialize:109) - Tomcat initialized with port 8080 (http)
2024-03-04 17:31:38,767 [restartedMain] INFO  org.springframework.boot.web.servlet.context.ServletWebServerApplicationContext(prepareWebApplicationContext:296) - Root WebApplicationContext: initialization completed in 310 ms
2024-03-04 17:31:38,826 [restartedMain] INFO  org.springframework.orm.jpa.persistenceunit.SpringPersistenceUnitInfo(addTransformer:87) - No LoadTimeWeaver setup: ignoring JPA class transformer
2024-03-04 17:31:38,839 [restartedMain] INFO  org.springframework.orm.jpa.LocalContainerEntityManagerFactoryBean(buildNativeEntityManagerFactory:437) - Initialized JPA EntityManagerFactory for persistence unit 'default'
2024-03-04 17:31:38,870 [restartedMain] WARN  org.springframework.boot.autoconfigure.orm.jpa.JpaBaseConfiguration$JpaWebConfiguration(openEntityManagerInViewInterceptor:232) - spring.jpa.open-in-view is enabled by default. Therefore, database queries may be performed during view rendering. Explicitly configure spring.jpa.open-in-view to disable this warning
2024-03-04 17:31:38,877 [restartedMain] WARN  org.springframework.boot.autoconfigure.security.servlet.UserDetailsServiceAutoConfiguration(getOrDeducePassword:86) - 

Using generated security password: 729acc7c-8451-4ae8-9878-386468cb634d

This generated password is for development use only. Your security configuration must be updated before running your application in production.

2024-03-04 17:31:38,930 [restartedMain] INFO  org.springframework.security.web.DefaultSecurityFilterChain(<init>:54) - Will secure any request with [org.springframework.security.web.session.DisableEncodeUrlFilter@4e32b0bb, org.springframework.security.web.context.request.async.WebAsyncManagerIntegrationFilter@17b6c77b, org.springframework.security.web.context.SecurityContextHolderFilter@180a8cd0, org.springframework.security.web.header.HeaderWriterFilter@7ae0a071, org.springframework.security.web.authentication.logout.LogoutFilter@7d849b35, org.springframework.security.web.savedrequest.RequestCacheAwareFilter@7c5adaf9, org.springframework.security.web.servletapi.SecurityContextHolderAwareRequestFilter@4eb82f53, org.springframework.security.web.authentication.AnonymousAuthenticationFilter@58815688, org.springframework.security.web.access.ExceptionTranslationFilter@1144629b, org.springframework.security.web.access.intercept.AuthorizationFilter@586e746e]
2024-03-04 17:31:38,999 [restartedMain] INFO  org.springframework.boot.devtools.autoconfigure.OptionalLiveReloadServer(startServer:59) - LiveReload server is running on port 35729
2024-03-04 17:31:39,010 [restartedMain] INFO  org.springframework.boot.web.embedded.tomcat.TomcatWebServer(start:241) - Tomcat started on port 8080 (http) with context path ''
2024-03-04 17:31:39,017 [restartedMain] INFO  org.springframework.boot.devtools.autoconfigure.ConditionEvaluationDeltaLoggingListener(onApplicationEvent:63) - Condition evaluation unchanged
2024-03-04 17:31:41,839 [http-nio-8080-exec-1] INFO  org.springframework.web.servlet.DispatcherServlet(initServletBean:532) - Initializing Servlet 'dispatcherServlet'
2024-03-04 17:31:41,840 [http-nio-8080-exec-1] INFO  org.springframework.web.servlet.DispatcherServlet(initServletBean:554) - Completed initialization in 1 ms
2024-03-04 17:32:29,793 [File Watcher] INFO  org.springframework.boot.devtools.autoconfigure.LocalDevToolsAutoConfiguration$RestartingClassPathChangeChangedEventListener(onApplicationEvent:211) - Restarting due to 1 class path change (0 additions, 0 deletions, 1 modification)
2024-03-04 17:32:29,806 [Thread-7] INFO  org.springframework.orm.jpa.LocalContainerEntityManagerFactoryBean(destroy:650) - Closing JPA EntityManagerFactory for persistence unit 'default'
2024-03-04 17:32:30,082 [restartedMain] INFO  org.springframework.data.repository.config.RepositoryConfigurationDelegate(registerRepositoriesIn:139) - Bootstrapping Spring Data JPA repositories in DEFAULT mode.
2024-03-04 17:32:30,085 [restartedMain] INFO  org.springframework.data.repository.config.RepositoryConfigurationDelegate(registerRepositoriesIn:208) - Finished Spring Data repository scanning in 1 ms. Found 0 JPA repository interfaces.
2024-03-04 17:32:30,174 [restartedMain] INFO  org.springframework.boot.web.embedded.tomcat.TomcatWebServer(initialize:109) - Tomcat initialized with port 8080 (http)
2024-03-04 17:32:30,192 [restartedMain] INFO  org.springframework.boot.web.servlet.context.ServletWebServerApplicationContext(prepareWebApplicationContext:296) - Root WebApplicationContext: initialization completed in 286 ms
2024-03-04 17:32:30,251 [restartedMain] INFO  org.springframework.orm.jpa.persistenceunit.SpringPersistenceUnitInfo(addTransformer:87) - No LoadTimeWeaver setup: ignoring JPA class transformer
2024-03-04 17:32:30,263 [restartedMain] INFO  org.springframework.orm.jpa.LocalContainerEntityManagerFactoryBean(buildNativeEntityManagerFactory:437) - Initialized JPA EntityManagerFactory for persistence unit 'default'
2024-03-04 17:32:30,293 [restartedMain] WARN  org.springframework.boot.autoconfigure.orm.jpa.JpaBaseConfiguration$JpaWebConfiguration(openEntityManagerInViewInterceptor:232) - spring.jpa.open-in-view is enabled by default. Therefore, database queries may be performed during view rendering. Explicitly configure spring.jpa.open-in-view to disable this warning
2024-03-04 17:32:30,300 [restartedMain] WARN  org.springframework.boot.autoconfigure.security.servlet.UserDetailsServiceAutoConfiguration(getOrDeducePassword:86) - 

Using generated security password: 77045f4d-a4e3-4549-aee3-7c1de61e7fc2

This generated password is for development use only. Your security configuration must be updated before running your application in production.

2024-03-04 17:32:30,351 [restartedMain] INFO  org.springframework.security.web.DefaultSecurityFilterChain(<init>:54) - Will secure any request with [org.springframework.security.web.session.DisableEncodeUrlFilter@39682b1e, org.springframework.security.web.context.request.async.WebAsyncManagerIntegrationFilter@49613b81, org.springframework.security.web.context.SecurityContextHolderFilter@773294cc, org.springframework.security.web.header.HeaderWriterFilter@767621fd, org.springframework.security.web.authentication.logout.LogoutFilter@c0f8edc, org.springframework.security.web.savedrequest.RequestCacheAwareFilter@1f8318c7, org.springframework.security.web.servletapi.SecurityContextHolderAwareRequestFilter@28c64627, org.springframework.security.web.authentication.AnonymousAuthenticationFilter@2d1d102d, org.springframework.security.web.access.ExceptionTranslationFilter@69cbd73f, org.springframework.security.web.access.intercept.AuthorizationFilter@11a0628a]
2024-03-04 17:32:30,416 [restartedMain] INFO  org.springframework.boot.devtools.autoconfigure.OptionalLiveReloadServer(startServer:59) - LiveReload server is running on port 35729
2024-03-04 17:32:30,427 [restartedMain] INFO  org.springframework.boot.web.embedded.tomcat.TomcatWebServer(start:241) - Tomcat started on port 8080 (http) with context path ''
2024-03-04 17:32:30,433 [restartedMain] INFO  org.springframework.boot.devtools.autoconfigure.ConditionEvaluationDeltaLoggingListener(onApplicationEvent:63) - Condition evaluation unchanged
2024-03-04 17:32:31,296 [http-nio-8080-exec-1] INFO  org.springframework.web.servlet.DispatcherServlet(initServletBean:532) - Initializing Servlet 'dispatcherServlet'
2024-03-04 17:32:31,297 [http-nio-8080-exec-1] INFO  org.springframework.web.servlet.DispatcherServlet(initServletBean:554) - Completed initialization in 1 ms
2024-03-04 17:32:37,172 [http-nio-8080-exec-3] WARN  org.springframework.web.servlet.mvc.support.DefaultHandlerExceptionResolver(logException:247) - Resolved [org.springframework.web.bind.MissingServletRequestParameterException: Required request parameter 'paramValue' for method parameter type Long is not present]
2024-03-04 17:33:02,703 [http-nio-8080-exec-7] WARN  org.springframework.web.servlet.mvc.support.DefaultHandlerExceptionResolver(logException:247) - Resolved [org.springframework.web.bind.MissingServletRequestParameterException: Required request parameter 'paramValue' for method parameter type Long is present but converted to null]
2024-03-04 17:33:25,795 [File Watcher] INFO  org.springframework.boot.devtools.autoconfigure.LocalDevToolsAutoConfiguration$RestartingClassPathChangeChangedEventListener(onApplicationEvent:211) - Restarting due to 1 class path change (0 additions, 0 deletions, 1 modification)
2024-03-04 17:33:25,816 [Thread-11] INFO  org.springframework.orm.jpa.LocalContainerEntityManagerFactoryBean(destroy:650) - Closing JPA EntityManagerFactory for persistence unit 'default'
2024-03-04 17:33:26,200 [restartedMain] INFO  org.springframework.data.repository.config.RepositoryConfigurationDelegate(registerRepositoriesIn:139) - Bootstrapping Spring Data JPA repositories in DEFAULT mode.
2024-03-04 17:33:26,202 [restartedMain] INFO  org.springframework.data.repository.config.RepositoryConfigurationDelegate(registerRepositoriesIn:208) - Finished Spring Data repository scanning in 1 ms. Found 0 JPA repository interfaces.
2024-03-04 17:33:26,290 [restartedMain] INFO  org.springframework.boot.web.embedded.tomcat.TomcatWebServer(initialize:109) - Tomcat initialized with port 8080 (http)
2024-03-04 17:33:26,307 [restartedMain] INFO  org.springframework.boot.web.servlet.context.ServletWebServerApplicationContext(prepareWebApplicationContext:296) - Root WebApplicationContext: initialization completed in 348 ms
2024-03-04 17:33:26,372 [restartedMain] INFO  org.springframework.orm.jpa.persistenceunit.SpringPersistenceUnitInfo(addTransformer:87) - No LoadTimeWeaver setup: ignoring JPA class transformer
2024-03-04 17:33:26,385 [restartedMain] INFO  org.springframework.orm.jpa.LocalContainerEntityManagerFactoryBean(buildNativeEntityManagerFactory:437) - Initialized JPA EntityManagerFactory for persistence unit 'default'
2024-03-04 17:33:26,428 [restartedMain] WARN  org.springframework.boot.autoconfigure.orm.jpa.JpaBaseConfiguration$JpaWebConfiguration(openEntityManagerInViewInterceptor:232) - spring.jpa.open-in-view is enabled by default. Therefore, database queries may be performed during view rendering. Explicitly configure spring.jpa.open-in-view to disable this warning
2024-03-04 17:33:26,436 [restartedMain] WARN  org.springframework.boot.autoconfigure.security.servlet.UserDetailsServiceAutoConfiguration(getOrDeducePassword:86) - 

Using generated security password: 96f99ffb-4e71-4085-b23e-fe2037b0edea

This generated password is for development use only. Your security configuration must be updated before running your application in production.

2024-03-04 17:33:26,496 [restartedMain] INFO  org.springframework.security.web.DefaultSecurityFilterChain(<init>:54) - Will secure any request with [org.springframework.security.web.session.DisableEncodeUrlFilter@406ad788, org.springframework.security.web.context.request.async.WebAsyncManagerIntegrationFilter@3955524a, org.springframework.security.web.context.SecurityContextHolderFilter@50bff16, org.springframework.security.web.header.HeaderWriterFilter@62db212c, org.springframework.security.web.authentication.logout.LogoutFilter@2a9a6b84, org.springframework.security.web.savedrequest.RequestCacheAwareFilter@11f18a52, org.springframework.security.web.servletapi.SecurityContextHolderAwareRequestFilter@4bda43cd, org.springframework.security.web.authentication.AnonymousAuthenticationFilter@28dcf2d0, org.springframework.security.web.access.ExceptionTranslationFilter@7165728b, org.springframework.security.web.access.intercept.AuthorizationFilter@2e793e9d]
2024-03-04 17:33:26,567 [restartedMain] INFO  org.springframework.boot.devtools.autoconfigure.OptionalLiveReloadServer(startServer:59) - LiveReload server is running on port 35729
2024-03-04 17:33:26,579 [restartedMain] INFO  org.springframework.boot.web.embedded.tomcat.TomcatWebServer(start:241) - Tomcat started on port 8080 (http) with context path ''
2024-03-04 17:33:26,585 [restartedMain] INFO  org.springframework.boot.devtools.autoconfigure.ConditionEvaluationDeltaLoggingListener(onApplicationEvent:63) - Condition evaluation unchanged
2024-03-04 17:33:31,710 [http-nio-8080-exec-2] INFO  org.springframework.web.servlet.DispatcherServlet(initServletBean:532) - Initializing Servlet 'dispatcherServlet'
2024-03-04 17:33:31,712 [http-nio-8080-exec-2] INFO  org.springframework.web.servlet.DispatcherServlet(initServletBean:554) - Completed initialization in 1 ms
2024-03-04 17:33:47,809 [File Watcher] INFO  org.springframework.boot.devtools.autoconfigure.LocalDevToolsAutoConfiguration$RestartingClassPathChangeChangedEventListener(onApplicationEvent:211) - Restarting due to 1 class path change (0 additions, 0 deletions, 1 modification)
2024-03-04 17:33:47,822 [Thread-15] INFO  org.springframework.orm.jpa.LocalContainerEntityManagerFactoryBean(destroy:650) - Closing JPA EntityManagerFactory for persistence unit 'default'
2024-03-04 17:33:48,101 [restartedMain] INFO  org.springframework.data.repository.config.RepositoryConfigurationDelegate(registerRepositoriesIn:139) - Bootstrapping Spring Data JPA repositories in DEFAULT mode.
2024-03-04 17:33:48,103 [restartedMain] INFO  org.springframework.data.repository.config.RepositoryConfigurationDelegate(registerRepositoriesIn:208) - Finished Spring Data repository scanning in 1 ms. Found 0 JPA repository interfaces.
2024-03-04 17:33:48,220 [restartedMain] INFO  org.springframework.boot.web.embedded.tomcat.TomcatWebServer(initialize:109) - Tomcat initialized with port 8080 (http)
2024-03-04 17:33:48,241 [restartedMain] INFO  org.springframework.boot.web.servlet.context.ServletWebServerApplicationContext(prepareWebApplicationContext:296) - Root WebApplicationContext: initialization completed in 316 ms
2024-03-04 17:33:48,304 [restartedMain] INFO  org.springframework.orm.jpa.persistenceunit.SpringPersistenceUnitInfo(addTransformer:87) - No LoadTimeWeaver setup: ignoring JPA class transformer
2024-03-04 17:33:48,317 [restartedMain] INFO  org.springframework.orm.jpa.LocalContainerEntityManagerFactoryBean(buildNativeEntityManagerFactory:437) - Initialized JPA EntityManagerFactory for persistence unit 'default'
2024-03-04 17:33:48,353 [restartedMain] WARN  org.springframework.boot.autoconfigure.orm.jpa.JpaBaseConfiguration$JpaWebConfiguration(openEntityManagerInViewInterceptor:232) - spring.jpa.open-in-view is enabled by default. Therefore, database queries may be performed during view rendering. Explicitly configure spring.jpa.open-in-view to disable this warning
2024-03-04 17:33:48,360 [restartedMain] WARN  org.springframework.boot.autoconfigure.security.servlet.UserDetailsServiceAutoConfiguration(getOrDeducePassword:86) - 

Using generated security password: da35633a-5329-4278-81ea-1349a568b186

This generated password is for development use only. Your security configuration must be updated before running your application in production.

2024-03-04 17:33:48,412 [restartedMain] INFO  org.springframework.security.web.DefaultSecurityFilterChain(<init>:54) - Will secure any request with [org.springframework.security.web.session.DisableEncodeUrlFilter@4604a67a, org.springframework.security.web.context.request.async.WebAsyncManagerIntegrationFilter@3fa45fba, org.springframework.security.web.context.SecurityContextHolderFilter@11371c24, org.springframework.security.web.header.HeaderWriterFilter@61b92f68, org.springframework.security.web.authentication.logout.LogoutFilter@3e18f838, org.springframework.security.web.savedrequest.RequestCacheAwareFilter@871b511, org.springframework.security.web.servletapi.SecurityContextHolderAwareRequestFilter@3f8dba3a, org.springframework.security.web.authentication.AnonymousAuthenticationFilter@24a5612a, org.springframework.security.web.access.ExceptionTranslationFilter@31e0d570, org.springframework.security.web.access.intercept.AuthorizationFilter@69ca2aff]
2024-03-04 17:33:48,482 [restartedMain] INFO  org.springframework.boot.devtools.autoconfigure.OptionalLiveReloadServer(startServer:59) - LiveReload server is running on port 35729
2024-03-04 17:33:48,494 [restartedMain] INFO  org.springframework.boot.web.embedded.tomcat.TomcatWebServer(start:241) - Tomcat started on port 8080 (http) with context path ''
2024-03-04 17:33:48,500 [restartedMain] INFO  org.springframework.boot.devtools.autoconfigure.ConditionEvaluationDeltaLoggingListener(onApplicationEvent:63) - Condition evaluation unchanged
2024-03-04 17:33:52,294 [http-nio-8080-exec-2] INFO  org.springframework.web.servlet.DispatcherServlet(initServletBean:532) - Initializing Servlet 'dispatcherServlet'
2024-03-04 17:33:52,295 [http-nio-8080-exec-2] INFO  org.springframework.web.servlet.DispatcherServlet(initServletBean:554) - Completed initialization in 1 ms
2024-03-04 17:39:17,714 [SpringApplicationShutdownHook] INFO  org.springframework.orm.jpa.LocalContainerEntityManagerFactoryBean(destroy:650) - Closing JPA EntityManagerFactory for persistence unit 'default'
2024-03-04 17:39:19,959 [restartedMain] INFO  org.springframework.boot.devtools.env.DevToolsPropertyDefaultsPostProcessor(logTo:252) - Devtools property defaults active! Set 'spring.devtools.add-properties' to 'false' to disable
2024-03-04 17:39:19,960 [restartedMain] INFO  org.springframework.boot.devtools.env.DevToolsPropertyDefaultsPostProcessor(logTo:252) - For additional web related logging consider setting the 'logging.level.web' property to 'DEBUG'
2024-03-04 17:39:20,630 [restartedMain] INFO  org.springframework.data.repository.config.RepositoryConfigurationDelegate(registerRepositoriesIn:139) - Bootstrapping Spring Data JPA repositories in DEFAULT mode.
2024-03-04 17:39:20,645 [restartedMain] INFO  org.springframework.data.repository.config.RepositoryConfigurationDelegate(registerRepositoriesIn:208) - Finished Spring Data repository scanning in 9 ms. Found 0 JPA repository interfaces.
2024-03-04 17:39:21,094 [restartedMain] INFO  org.springframework.boot.web.embedded.tomcat.TomcatWebServer(initialize:109) - Tomcat initialized with port 8080 (http)
2024-03-04 17:39:21,147 [restartedMain] INFO  org.springframework.boot.web.servlet.context.ServletWebServerApplicationContext(prepareWebApplicationContext:296) - Root WebApplicationContext: initialization completed in 1186 ms
2024-03-04 17:39:21,763 [restartedMain] INFO  org.springframework.orm.jpa.persistenceunit.SpringPersistenceUnitInfo(addTransformer:87) - No LoadTimeWeaver setup: ignoring JPA class transformer
2024-03-04 17:39:22,063 [restartedMain] INFO  org.springframework.orm.jpa.LocalContainerEntityManagerFactoryBean(buildNativeEntityManagerFactory:437) - Initialized JPA EntityManagerFactory for persistence unit 'default'
2024-03-04 17:39:22,156 [restartedMain] WARN  org.springframework.boot.autoconfigure.orm.jpa.JpaBaseConfiguration$JpaWebConfiguration(openEntityManagerInViewInterceptor:232) - spring.jpa.open-in-view is enabled by default. Therefore, database queries may be performed during view rendering. Explicitly configure spring.jpa.open-in-view to disable this warning
2024-03-04 17:39:22,172 [restartedMain] WARN  org.springframework.boot.autoconfigure.security.servlet.UserDetailsServiceAutoConfiguration(getOrDeducePassword:86) - 

Using generated security password: 8ee27205-b489-41d2-a082-f16be8a1a7f9

This generated password is for development use only. Your security configuration must be updated before running your application in production.

2024-03-04 17:39:22,428 [restartedMain] INFO  org.springframework.security.web.DefaultSecurityFilterChain(<init>:54) - Will secure any request with [org.springframework.security.web.session.DisableEncodeUrlFilter@23fe338b, org.springframework.security.web.context.request.async.WebAsyncManagerIntegrationFilter@aca718d, org.springframework.security.web.context.SecurityContextHolderFilter@38632c4e, org.springframework.security.web.header.HeaderWriterFilter@5308cfb8, org.springframework.security.web.authentication.logout.LogoutFilter@131cad17, org.springframework.security.web.savedrequest.RequestCacheAwareFilter@3555ff70, org.springframework.security.web.servletapi.SecurityContextHolderAwareRequestFilter@774237e0, org.springframework.security.web.authentication.AnonymousAuthenticationFilter@3e9ad67f, org.springframework.security.web.access.ExceptionTranslationFilter@d5618ed, org.springframework.security.web.access.intercept.AuthorizationFilter@fc4db32]
2024-03-04 17:39:22,701 [restartedMain] INFO  org.springframework.boot.devtools.autoconfigure.OptionalLiveReloadServer(startServer:59) - LiveReload server is running on port 35729
2024-03-04 17:39:22,732 [restartedMain] INFO  org.springframework.boot.web.embedded.tomcat.TomcatWebServer(start:241) - Tomcat started on port 8080 (http) with context path ''
2024-03-04 17:40:41,543 [SpringApplicationShutdownHook] INFO  org.springframework.orm.jpa.LocalContainerEntityManagerFactoryBean(destroy:650) - Closing JPA EntityManagerFactory for persistence unit 'default'
2024-03-04 17:40:43,761 [restartedMain] INFO  org.springframework.boot.devtools.env.DevToolsPropertyDefaultsPostProcessor(logTo:252) - Devtools property defaults active! Set 'spring.devtools.add-properties' to 'false' to disable
2024-03-04 17:40:43,762 [restartedMain] INFO  org.springframework.boot.devtools.env.DevToolsPropertyDefaultsPostProcessor(logTo:252) - For additional web related logging consider setting the 'logging.level.web' property to 'DEBUG'
2024-03-04 17:40:44,474 [restartedMain] INFO  org.springframework.data.repository.config.RepositoryConfigurationDelegate(registerRepositoriesIn:139) - Bootstrapping Spring Data JPA repositories in DEFAULT mode.
2024-03-04 17:40:44,491 [restartedMain] INFO  org.springframework.data.repository.config.RepositoryConfigurationDelegate(registerRepositoriesIn:208) - Finished Spring Data repository scanning in 11 ms. Found 0 JPA repository interfaces.
2024-03-04 17:40:44,974 [restartedMain] INFO  org.springframework.boot.web.embedded.tomcat.TomcatWebServer(initialize:109) - Tomcat initialized with port 8080 (http)
2024-03-04 17:40:45,031 [restartedMain] INFO  org.springframework.boot.web.servlet.context.ServletWebServerApplicationContext(prepareWebApplicationContext:296) - Root WebApplicationContext: initialization completed in 1268 ms
2024-03-04 17:40:45,697 [restartedMain] INFO  org.springframework.orm.jpa.persistenceunit.SpringPersistenceUnitInfo(addTransformer:87) - No LoadTimeWeaver setup: ignoring JPA class transformer
2024-03-04 17:40:46,045 [restartedMain] INFO  org.springframework.orm.jpa.LocalContainerEntityManagerFactoryBean(buildNativeEntityManagerFactory:437) - Initialized JPA EntityManagerFactory for persistence unit 'default'
2024-03-04 17:40:46,155 [restartedMain] WARN  org.springframework.boot.autoconfigure.orm.jpa.JpaBaseConfiguration$JpaWebConfiguration(openEntityManagerInViewInterceptor:232) - spring.jpa.open-in-view is enabled by default. Therefore, database queries may be performed during view rendering. Explicitly configure spring.jpa.open-in-view to disable this warning
2024-03-04 17:40:46,173 [restartedMain] WARN  org.springframework.boot.autoconfigure.security.servlet.UserDetailsServiceAutoConfiguration(getOrDeducePassword:86) - 

Using generated security password: 0639e95b-ea71-4eda-b592-e4e0de0103aa

This generated password is for development use only. Your security configuration must be updated before running your application in production.

2024-03-04 17:40:46,427 [restartedMain] INFO  org.springframework.security.web.DefaultSecurityFilterChain(<init>:54) - Will secure any request with [org.springframework.security.web.session.DisableEncodeUrlFilter@4dfaa74, org.springframework.security.web.context.request.async.WebAsyncManagerIntegrationFilter@d65f11a, org.springframework.security.web.context.SecurityContextHolderFilter@7872dfd4, org.springframework.security.web.header.HeaderWriterFilter@7dbd2573, org.springframework.security.web.authentication.logout.LogoutFilter@28e7c9fb, org.springframework.security.web.savedrequest.RequestCacheAwareFilter@37e6f5e2, org.springframework.security.web.servletapi.SecurityContextHolderAwareRequestFilter@37fcbb7c, org.springframework.security.web.authentication.AnonymousAuthenticationFilter@3232bb8f, org.springframework.security.web.access.ExceptionTranslationFilter@77c2b2fb, org.springframework.security.web.access.intercept.AuthorizationFilter@31b7108d]
2024-03-04 17:40:46,687 [restartedMain] INFO  org.springframework.boot.devtools.autoconfigure.OptionalLiveReloadServer(startServer:59) - LiveReload server is running on port 35729
2024-03-04 17:40:46,720 [restartedMain] INFO  org.springframework.boot.web.embedded.tomcat.TomcatWebServer(start:241) - Tomcat started on port 8080 (http) with context path ''
2024-03-04 17:40:55,177 [SpringApplicationShutdownHook] INFO  org.springframework.orm.jpa.LocalContainerEntityManagerFactoryBean(destroy:650) - Closing JPA EntityManagerFactory for persistence unit 'default'
2024-03-04 17:40:57,432 [restartedMain] INFO  org.springframework.boot.devtools.env.DevToolsPropertyDefaultsPostProcessor(logTo:252) - Devtools property defaults active! Set 'spring.devtools.add-properties' to 'false' to disable
2024-03-04 17:40:57,433 [restartedMain] INFO  org.springframework.boot.devtools.env.DevToolsPropertyDefaultsPostProcessor(logTo:252) - For additional web related logging consider setting the 'logging.level.web' property to 'DEBUG'
2024-03-04 17:40:58,124 [restartedMain] INFO  org.springframework.data.repository.config.RepositoryConfigurationDelegate(registerRepositoriesIn:139) - Bootstrapping Spring Data JPA repositories in DEFAULT mode.
2024-03-04 17:40:58,143 [restartedMain] INFO  org.springframework.data.repository.config.RepositoryConfigurationDelegate(registerRepositoriesIn:208) - Finished Spring Data repository scanning in 10 ms. Found 0 JPA repository interfaces.
2024-03-04 17:40:58,605 [restartedMain] INFO  org.springframework.boot.web.embedded.tomcat.TomcatWebServer(initialize:109) - Tomcat initialized with port 8080 (http)
2024-03-04 17:40:58,663 [restartedMain] INFO  org.springframework.boot.web.servlet.context.ServletWebServerApplicationContext(prepareWebApplicationContext:296) - Root WebApplicationContext: initialization completed in 1230 ms
2024-03-04 17:40:59,317 [restartedMain] INFO  org.springframework.orm.jpa.persistenceunit.SpringPersistenceUnitInfo(addTransformer:87) - No LoadTimeWeaver setup: ignoring JPA class transformer
2024-03-04 17:40:59,632 [restartedMain] INFO  org.springframework.orm.jpa.LocalContainerEntityManagerFactoryBean(buildNativeEntityManagerFactory:437) - Initialized JPA EntityManagerFactory for persistence unit 'default'
2024-03-04 17:40:59,729 [restartedMain] WARN  org.springframework.boot.autoconfigure.orm.jpa.JpaBaseConfiguration$JpaWebConfiguration(openEntityManagerInViewInterceptor:232) - spring.jpa.open-in-view is enabled by default. Therefore, database queries may be performed during view rendering. Explicitly configure spring.jpa.open-in-view to disable this warning
2024-03-04 17:40:59,745 [restartedMain] WARN  org.springframework.boot.autoconfigure.security.servlet.UserDetailsServiceAutoConfiguration(getOrDeducePassword:86) - 

Using generated security password: 9df034d4-2700-4d41-975d-7ae1e8f3bd3a

This generated password is for development use only. Your security configuration must be updated before running your application in production.

2024-03-04 17:40:59,965 [restartedMain] INFO  org.springframework.security.web.DefaultSecurityFilterChain(<init>:54) - Will secure any request with [org.springframework.security.web.session.DisableEncodeUrlFilter@563a688a, org.springframework.security.web.context.request.async.WebAsyncManagerIntegrationFilter@4e4a8597, org.springframework.security.web.context.SecurityContextHolderFilter@65637577, org.springframework.security.web.header.HeaderWriterFilter@44f8bb5f, org.springframework.security.web.authentication.logout.LogoutFilter@6526f8ff, org.springframework.security.web.savedrequest.RequestCacheAwareFilter@133e36ac, org.springframework.security.web.servletapi.SecurityContextHolderAwareRequestFilter@518279bc, org.springframework.security.web.authentication.AnonymousAuthenticationFilter@438311a5, org.springframework.security.web.access.ExceptionTranslationFilter@565b0c4a, org.springframework.security.web.access.intercept.AuthorizationFilter@9522755]
2024-03-04 17:41:00,219 [restartedMain] INFO  org.springframework.boot.devtools.autoconfigure.OptionalLiveReloadServer(startServer:59) - LiveReload server is running on port 35729
2024-03-04 17:41:00,256 [restartedMain] INFO  org.springframework.boot.web.embedded.tomcat.TomcatWebServer(start:241) - Tomcat started on port 8080 (http) with context path ''
2024-03-04 17:41:46,342 [SpringApplicationShutdownHook] INFO  org.springframework.orm.jpa.LocalContainerEntityManagerFactoryBean(destroy:650) - Closing JPA EntityManagerFactory for persistence unit 'default'
2024-03-04 17:41:48,645 [restartedMain] INFO  org.springframework.boot.devtools.env.DevToolsPropertyDefaultsPostProcessor(logTo:252) - Devtools property defaults active! Set 'spring.devtools.add-properties' to 'false' to disable
2024-03-04 17:41:48,646 [restartedMain] INFO  org.springframework.boot.devtools.env.DevToolsPropertyDefaultsPostProcessor(logTo:252) - For additional web related logging consider setting the 'logging.level.web' property to 'DEBUG'
2024-03-04 17:41:49,335 [restartedMain] INFO  org.springframework.data.repository.config.RepositoryConfigurationDelegate(registerRepositoriesIn:139) - Bootstrapping Spring Data JPA repositories in DEFAULT mode.
2024-03-04 17:41:49,352 [restartedMain] INFO  org.springframework.data.repository.config.RepositoryConfigurationDelegate(registerRepositoriesIn:208) - Finished Spring Data repository scanning in 10 ms. Found 0 JPA repository interfaces.
2024-03-04 17:41:49,818 [restartedMain] INFO  org.springframework.boot.web.embedded.tomcat.TomcatWebServer(initialize:109) - Tomcat initialized with port 8080 (http)
2024-03-04 17:41:49,878 [restartedMain] INFO  org.springframework.boot.web.servlet.context.ServletWebServerApplicationContext(prepareWebApplicationContext:296) - Root WebApplicationContext: initialization completed in 1230 ms
2024-03-04 17:41:50,510 [restartedMain] INFO  org.springframework.orm.jpa.persistenceunit.SpringPersistenceUnitInfo(addTransformer:87) - No LoadTimeWeaver setup: ignoring JPA class transformer
2024-03-04 17:41:50,831 [restartedMain] INFO  org.springframework.orm.jpa.LocalContainerEntityManagerFactoryBean(buildNativeEntityManagerFactory:437) - Initialized JPA EntityManagerFactory for persistence unit 'default'
2024-03-04 17:41:50,929 [restartedMain] WARN  org.springframework.boot.autoconfigure.orm.jpa.JpaBaseConfiguration$JpaWebConfiguration(openEntityManagerInViewInterceptor:232) - spring.jpa.open-in-view is enabled by default. Therefore, database queries may be performed during view rendering. Explicitly configure spring.jpa.open-in-view to disable this warning
2024-03-04 17:41:50,945 [restartedMain] WARN  org.springframework.boot.autoconfigure.security.servlet.UserDetailsServiceAutoConfiguration(getOrDeducePassword:86) - 

Using generated security password: 2483aa8b-e0a8-4218-99df-115a8a73abe2

This generated password is for development use only. Your security configuration must be updated before running your application in production.

2024-03-04 17:41:51,169 [restartedMain] INFO  org.springframework.security.web.DefaultSecurityFilterChain(<init>:54) - Will secure any request with [org.springframework.security.web.session.DisableEncodeUrlFilter@cb71a79, org.springframework.security.web.context.request.async.WebAsyncManagerIntegrationFilter@15fc385a, org.springframework.security.web.context.SecurityContextHolderFilter@3be46540, org.springframework.security.web.header.HeaderWriterFilter@d5618ed, org.springframework.security.web.authentication.logout.LogoutFilter@5040e7ea, org.springframework.security.web.savedrequest.RequestCacheAwareFilter@38632c4e, org.springframework.security.web.servletapi.SecurityContextHolderAwareRequestFilter@2d0341f5, org.springframework.security.web.authentication.AnonymousAuthenticationFilter@23fe338b, org.springframework.security.web.access.ExceptionTranslationFilter@7202b591, org.springframework.security.web.access.intercept.AuthorizationFilter@7f5cc1d4]
2024-03-04 17:41:51,411 [restartedMain] INFO  org.springframework.boot.devtools.autoconfigure.OptionalLiveReloadServer(startServer:59) - LiveReload server is running on port 35729
2024-03-04 17:41:51,444 [restartedMain] INFO  org.springframework.boot.web.embedded.tomcat.TomcatWebServer(start:241) - Tomcat started on port 8080 (http) with context path ''
2024-03-04 17:41:57,450 [http-nio-8080-exec-2] INFO  org.springframework.web.servlet.DispatcherServlet(initServletBean:532) - Initializing Servlet 'dispatcherServlet'
2024-03-04 17:41:57,452 [http-nio-8080-exec-2] INFO  org.springframework.web.servlet.DispatcherServlet(initServletBean:554) - Completed initialization in 1 ms
2024-03-04 17:41:57,524 [http-nio-8080-exec-2] WARN  org.springframework.web.servlet.mvc.support.DefaultHandlerExceptionResolver(logException:247) - Resolved [org.springframework.web.bind.MissingServletRequestParameterException: Required request parameter 'paramValue' for method parameter type Long is present but converted to null]
2024-03-04 17:42:09,291 [SpringApplicationShutdownHook] INFO  org.springframework.orm.jpa.LocalContainerEntityManagerFactoryBean(destroy:650) - Closing JPA EntityManagerFactory for persistence unit 'default'
2024-03-04 17:42:11,545 [restartedMain] INFO  org.springframework.boot.devtools.env.DevToolsPropertyDefaultsPostProcessor(logTo:252) - Devtools property defaults active! Set 'spring.devtools.add-properties' to 'false' to disable
2024-03-04 17:42:11,546 [restartedMain] INFO  org.springframework.boot.devtools.env.DevToolsPropertyDefaultsPostProcessor(logTo:252) - For additional web related logging consider setting the 'logging.level.web' property to 'DEBUG'
2024-03-04 17:42:12,260 [restartedMain] INFO  org.springframework.data.repository.config.RepositoryConfigurationDelegate(registerRepositoriesIn:139) - Bootstrapping Spring Data JPA repositories in DEFAULT mode.
2024-03-04 17:42:12,277 [restartedMain] INFO  org.springframework.data.repository.config.RepositoryConfigurationDelegate(registerRepositoriesIn:208) - Finished Spring Data repository scanning in 10 ms. Found 0 JPA repository interfaces.
2024-03-04 17:42:12,726 [restartedMain] INFO  org.springframework.boot.web.embedded.tomcat.TomcatWebServer(initialize:109) - Tomcat initialized with port 8080 (http)
2024-03-04 17:42:12,785 [restartedMain] INFO  org.springframework.boot.web.servlet.context.ServletWebServerApplicationContext(prepareWebApplicationContext:296) - Root WebApplicationContext: initialization completed in 1238 ms
2024-03-04 17:42:13,535 [restartedMain] INFO  org.springframework.orm.jpa.persistenceunit.SpringPersistenceUnitInfo(addTransformer:87) - No LoadTimeWeaver setup: ignoring JPA class transformer
2024-03-04 17:42:13,932 [restartedMain] INFO  org.springframework.orm.jpa.LocalContainerEntityManagerFactoryBean(buildNativeEntityManagerFactory:437) - Initialized JPA EntityManagerFactory for persistence unit 'default'
2024-03-04 17:42:14,062 [restartedMain] WARN  org.springframework.boot.autoconfigure.orm.jpa.JpaBaseConfiguration$JpaWebConfiguration(openEntityManagerInViewInterceptor:232) - spring.jpa.open-in-view is enabled by default. Therefore, database queries may be performed during view rendering. Explicitly configure spring.jpa.open-in-view to disable this warning
2024-03-04 17:42:14,083 [restartedMain] WARN  org.springframework.boot.autoconfigure.security.servlet.UserDetailsServiceAutoConfiguration(getOrDeducePassword:86) - 

Using generated security password: 604afa8b-5086-48f0-a9b2-3a5698541d46

This generated password is for development use only. Your security configuration must be updated before running your application in production.

2024-03-04 17:42:14,335 [restartedMain] INFO  org.springframework.security.web.DefaultSecurityFilterChain(<init>:54) - Will secure any request with [org.springframework.security.web.session.DisableEncodeUrlFilter@d65f11a, org.springframework.security.web.context.request.async.WebAsyncManagerIntegrationFilter@3232bb8f, org.springframework.security.web.context.SecurityContextHolderFilter@6c70fb14, org.springframework.security.web.header.HeaderWriterFilter@1cb8eea6, org.springframework.security.web.authentication.logout.LogoutFilter@56b4d421, org.springframework.security.web.savedrequest.RequestCacheAwareFilter@37fcbb7c, org.springframework.security.web.servletapi.SecurityContextHolderAwareRequestFilter@599e4e28, org.springframework.security.web.authentication.AnonymousAuthenticationFilter@11c394ce, org.springframework.security.web.access.ExceptionTranslationFilter@2ab599dc, org.springframework.security.web.access.intercept.AuthorizationFilter@38f0f31a]
2024-03-04 17:42:14,593 [restartedMain] INFO  org.springframework.boot.devtools.autoconfigure.OptionalLiveReloadServer(startServer:59) - LiveReload server is running on port 35729
2024-03-04 17:42:14,633 [restartedMain] INFO  org.springframework.boot.web.embedded.tomcat.TomcatWebServer(start:241) - Tomcat started on port 8080 (http) with context path ''
2024-03-04 17:48:13,563 [SpringApplicationShutdownHook] INFO  org.springframework.orm.jpa.LocalContainerEntityManagerFactoryBean(destroy:650) - Closing JPA EntityManagerFactory for persistence unit 'default'
2024-03-04 17:48:18,081 [restartedMain] INFO  org.springframework.boot.devtools.env.DevToolsPropertyDefaultsPostProcessor(logTo:252) - Devtools property defaults active! Set 'spring.devtools.add-properties' to 'false' to disable
2024-03-04 17:48:18,083 [restartedMain] INFO  org.springframework.boot.devtools.env.DevToolsPropertyDefaultsPostProcessor(logTo:252) - For additional web related logging consider setting the 'logging.level.web' property to 'DEBUG'
2024-03-04 17:48:18,949 [restartedMain] INFO  org.springframework.data.repository.config.RepositoryConfigurationDelegate(registerRepositoriesIn:139) - Bootstrapping Spring Data JPA repositories in DEFAULT mode.
2024-03-04 17:48:18,971 [restartedMain] INFO  org.springframework.data.repository.config.RepositoryConfigurationDelegate(registerRepositoriesIn:208) - Finished Spring Data repository scanning in 12 ms. Found 0 JPA repository interfaces.
2024-03-04 17:48:19,642 [restartedMain] INFO  org.springframework.boot.web.embedded.tomcat.TomcatWebServer(initialize:109) - Tomcat initialized with port 8080 (http)
2024-03-04 17:48:19,742 [restartedMain] INFO  org.springframework.boot.web.servlet.context.ServletWebServerApplicationContext(prepareWebApplicationContext:296) - Root WebApplicationContext: initialization completed in 1658 ms
2024-03-04 17:48:20,730 [restartedMain] INFO  org.springframework.orm.jpa.persistenceunit.SpringPersistenceUnitInfo(addTransformer:87) - No LoadTimeWeaver setup: ignoring JPA class transformer
2024-03-04 17:48:21,113 [restartedMain] INFO  org.springframework.orm.jpa.LocalContainerEntityManagerFactoryBean(buildNativeEntityManagerFactory:437) - Initialized JPA EntityManagerFactory for persistence unit 'default'
2024-03-04 17:48:21,228 [restartedMain] WARN  org.springframework.boot.autoconfigure.orm.jpa.JpaBaseConfiguration$JpaWebConfiguration(openEntityManagerInViewInterceptor:232) - spring.jpa.open-in-view is enabled by default. Therefore, database queries may be performed during view rendering. Explicitly configure spring.jpa.open-in-view to disable this warning
2024-03-04 17:48:21,247 [restartedMain] WARN  org.springframework.boot.autoconfigure.security.servlet.UserDetailsServiceAutoConfiguration(getOrDeducePassword:86) - 

Using generated security password: cf9c03b9-6887-4e4c-8b60-07ac4745ab8a

This generated password is for development use only. Your security configuration must be updated before running your application in production.

2024-03-04 17:48:21,500 [restartedMain] INFO  org.springframework.security.web.DefaultSecurityFilterChain(<init>:54) - Will secure any request with [org.springframework.security.web.session.DisableEncodeUrlFilter@3821f0bd, org.springframework.security.web.context.request.async.WebAsyncManagerIntegrationFilter@667d0de1, org.springframework.security.web.context.SecurityContextHolderFilter@3e06f375, org.springframework.security.web.header.HeaderWriterFilter@33fb2429, org.springframework.security.web.authentication.logout.LogoutFilter@75ea9d3, org.springframework.security.web.savedrequest.RequestCacheAwareFilter@524de1c5, org.springframework.security.web.servletapi.SecurityContextHolderAwareRequestFilter@14982972, org.springframework.security.web.authentication.AnonymousAuthenticationFilter@748c63d8, org.springframework.security.web.access.ExceptionTranslationFilter@316a7992, org.springframework.security.web.access.intercept.AuthorizationFilter@654768b0]
2024-03-04 17:48:21,749 [restartedMain] INFO  org.springframework.boot.devtools.autoconfigure.OptionalLiveReloadServer(startServer:59) - LiveReload server is running on port 35729
2024-03-04 17:48:21,780 [restartedMain] INFO  org.springframework.boot.web.embedded.tomcat.TomcatWebServer(start:241) - Tomcat started on port 8080 (http) with context path ''
2024-03-04 17:48:47,614 [File Watcher] INFO  org.springframework.boot.devtools.autoconfigure.LocalDevToolsAutoConfiguration$RestartingClassPathChangeChangedEventListener(onApplicationEvent:211) - Restarting due to 12 class path changes (0 additions, 12 deletions, 0 modifications)
2024-03-04 17:48:47,639 [Thread-5] INFO  org.springframework.orm.jpa.LocalContainerEntityManagerFactoryBean(destroy:650) - Closing JPA EntityManagerFactory for persistence unit 'default'
2024-03-04 17:48:47,976 [restartedMain] INFO  org.springframework.data.repository.config.RepositoryConfigurationDelegate(registerRepositoriesIn:139) - Bootstrapping Spring Data JPA repositories in DEFAULT mode.
2024-03-04 17:48:47,978 [restartedMain] INFO  org.springframework.data.repository.config.RepositoryConfigurationDelegate(registerRepositoriesIn:208) - Finished Spring Data repository scanning in 2 ms. Found 0 JPA repository interfaces.
2024-03-04 17:48:48,067 [restartedMain] INFO  org.springframework.boot.web.embedded.tomcat.TomcatWebServer(initialize:109) - Tomcat initialized with port 8080 (http)
2024-03-04 17:48:48,084 [restartedMain] INFO  org.springframework.boot.web.servlet.context.ServletWebServerApplicationContext(prepareWebApplicationContext:296) - Root WebApplicationContext: initialization completed in 325 ms
2024-03-04 17:48:48,144 [restartedMain] INFO  org.springframework.orm.jpa.persistenceunit.SpringPersistenceUnitInfo(addTransformer:87) - No LoadTimeWeaver setup: ignoring JPA class transformer
2024-03-04 17:48:48,156 [restartedMain] INFO  org.springframework.orm.jpa.LocalContainerEntityManagerFactoryBean(buildNativeEntityManagerFactory:437) - Initialized JPA EntityManagerFactory for persistence unit 'default'
2024-03-04 17:48:48,187 [restartedMain] WARN  org.springframework.boot.autoconfigure.orm.jpa.JpaBaseConfiguration$JpaWebConfiguration(openEntityManagerInViewInterceptor:232) - spring.jpa.open-in-view is enabled by default. Therefore, database queries may be performed during view rendering. Explicitly configure spring.jpa.open-in-view to disable this warning
2024-03-04 17:48:48,193 [restartedMain] WARN  org.springframework.boot.autoconfigure.security.servlet.UserDetailsServiceAutoConfiguration(getOrDeducePassword:86) - 

Using generated security password: 68203545-e9ed-4099-8a2c-06c4eeaf78c1

This generated password is for development use only. Your security configuration must be updated before running your application in production.

2024-03-04 17:48:48,248 [restartedMain] INFO  org.springframework.security.web.DefaultSecurityFilterChain(<init>:54) - Will secure any request with [org.springframework.security.web.session.DisableEncodeUrlFilter@235b50cd, org.springframework.security.web.context.request.async.WebAsyncManagerIntegrationFilter@7539d627, org.springframework.security.web.context.SecurityContextHolderFilter@689d0e70, org.springframework.security.web.header.HeaderWriterFilter@3842b693, org.springframework.security.web.authentication.logout.LogoutFilter@5ac18eb7, org.springframework.security.web.savedrequest.RequestCacheAwareFilter@5f1aa21a, org.springframework.security.web.servletapi.SecurityContextHolderAwareRequestFilter@77f4235f, org.springframework.security.web.authentication.AnonymousAuthenticationFilter@2a4b30d2, org.springframework.security.web.access.ExceptionTranslationFilter@4a59c6a, org.springframework.security.web.access.intercept.AuthorizationFilter@6f9d20b]
2024-03-04 17:48:48,328 [restartedMain] INFO  org.springframework.boot.devtools.autoconfigure.OptionalLiveReloadServer(startServer:59) - LiveReload server is running on port 35729
2024-03-04 17:48:48,346 [restartedMain] INFO  org.springframework.boot.web.embedded.tomcat.TomcatWebServer(start:241) - Tomcat started on port 8080 (http) with context path ''
2024-03-04 17:48:48,353 [restartedMain] INFO  org.springframework.boot.devtools.autoconfigure.ConditionEvaluationDeltaLoggingListener(onApplicationEvent:63) - Condition evaluation unchanged
2024-03-04 17:48:49,767 [File Watcher] INFO  org.springframework.boot.devtools.autoconfigure.LocalDevToolsAutoConfiguration$RestartingClassPathChangeChangedEventListener(onApplicationEvent:211) - Restarting due to 12 class path changes (12 additions, 0 deletions, 0 modifications)
2024-03-04 17:48:49,780 [Thread-7] INFO  org.springframework.orm.jpa.LocalContainerEntityManagerFactoryBean(destroy:650) - Closing JPA EntityManagerFactory for persistence unit 'default'
2024-03-04 17:48:50,041 [restartedMain] INFO  org.springframework.data.repository.config.RepositoryConfigurationDelegate(registerRepositoriesIn:139) - Bootstrapping Spring Data JPA repositories in DEFAULT mode.
2024-03-04 17:48:50,044 [restartedMain] INFO  org.springframework.data.repository.config.RepositoryConfigurationDelegate(registerRepositoriesIn:208) - Finished Spring Data repository scanning in 1 ms. Found 0 JPA repository interfaces.
2024-03-04 17:48:50,126 [restartedMain] INFO  org.springframework.boot.web.embedded.tomcat.TomcatWebServer(initialize:109) - Tomcat initialized with port 8080 (http)
2024-03-04 17:48:50,142 [restartedMain] INFO  org.springframework.boot.web.servlet.context.ServletWebServerApplicationContext(prepareWebApplicationContext:296) - Root WebApplicationContext: initialization completed in 268 ms
2024-03-04 17:48:50,194 [restartedMain] INFO  org.springframework.orm.jpa.persistenceunit.SpringPersistenceUnitInfo(addTransformer:87) - No LoadTimeWeaver setup: ignoring JPA class transformer
2024-03-04 17:48:50,205 [restartedMain] INFO  org.springframework.orm.jpa.LocalContainerEntityManagerFactoryBean(buildNativeEntityManagerFactory:437) - Initialized JPA EntityManagerFactory for persistence unit 'default'
2024-03-04 17:48:50,235 [restartedMain] WARN  org.springframework.boot.autoconfigure.orm.jpa.JpaBaseConfiguration$JpaWebConfiguration(openEntityManagerInViewInterceptor:232) - spring.jpa.open-in-view is enabled by default. Therefore, database queries may be performed during view rendering. Explicitly configure spring.jpa.open-in-view to disable this warning
2024-03-04 17:48:50,241 [restartedMain] WARN  org.springframework.boot.autoconfigure.security.servlet.UserDetailsServiceAutoConfiguration(getOrDeducePassword:86) - 

Using generated security password: 8581942f-8727-4538-91c8-44c4990cc938

This generated password is for development use only. Your security configuration must be updated before running your application in production.

2024-03-04 17:48:50,291 [restartedMain] INFO  org.springframework.security.web.DefaultSecurityFilterChain(<init>:54) - Will secure any request with [org.springframework.security.web.session.DisableEncodeUrlFilter@aaa096d, org.springframework.security.web.context.request.async.WebAsyncManagerIntegrationFilter@55db145a, org.springframework.security.web.context.SecurityContextHolderFilter@60c7eb89, org.springframework.security.web.header.HeaderWriterFilter@6a9828e9, org.springframework.security.web.authentication.logout.LogoutFilter@3e3c2240, org.springframework.security.web.savedrequest.RequestCacheAwareFilter@6e4a855d, org.springframework.security.web.servletapi.SecurityContextHolderAwareRequestFilter@4a0ca09d, org.springframework.security.web.authentication.AnonymousAuthenticationFilter@60cdadd6, org.springframework.security.web.access.ExceptionTranslationFilter@2270c253, org.springframework.security.web.access.intercept.AuthorizationFilter@2b4178fe]
2024-03-04 17:48:50,359 [restartedMain] INFO  org.springframework.boot.devtools.autoconfigure.OptionalLiveReloadServer(startServer:59) - LiveReload server is running on port 35729
2024-03-04 17:48:50,370 [restartedMain] INFO  org.springframework.boot.web.embedded.tomcat.TomcatWebServer(start:241) - Tomcat started on port 8080 (http) with context path ''
2024-03-04 17:48:50,378 [restartedMain] INFO  org.springframework.boot.devtools.autoconfigure.ConditionEvaluationDeltaLoggingListener(onApplicationEvent:63) - Condition evaluation unchanged
2024-03-04 17:50:19,649 [SpringApplicationShutdownHook] INFO  org.springframework.orm.jpa.LocalContainerEntityManagerFactoryBean(destroy:650) - Closing JPA EntityManagerFactory for persistence unit 'default'
