[2024-03-06 11:56:11.610]  INFO 20012 --- [   File Watcher] rtingClassPathChangeChangedEventListener : Restarting due to 1 class path change (0 additions, 1 deletion, 0 modifications)
[2024-03-06 11:56:11.615]  INFO 20012 --- [       Thread-5] o.a.c.h.Http11NioProtocol                : Stopping ProtocolHandler ["http-nio-8080"]
[2024-03-06 11:56:11.635]  INFO 20012 --- [       Thread-5] j.LocalContainerEntityManagerFactoryBean : Closing JPA EntityManagerFactory for persistence unit 'default'
[2024-03-06 11:56:11.637]  INFO 20012 --- [       Thread-5] c.z.h.HikariDataSource                   : HikariPool-1 - Shutdown initiated...
[2024-03-06 11:56:11.640]  INFO 20012 --- [       Thread-5] c.z.h.HikariDataSource                   : HikariPool-1 - Shutdown completed.
[2024-03-06 11:56:11.741]  INFO 20012 --- [  restartedMain] c.s.g.GalleryApplication                 : Starting GalleryApplication using Java 17.0.9 with PID 20012 (C:\Users\SSAFY\Desktop\PJT2\backend\build\classes\java\main started by SSAFY in C:\Users\SSAFY\Desktop\PJT2\backend)
[2024-03-06 11:56:11.742]  INFO 20012 --- [  restartedMain] c.s.g.GalleryApplication                 : No active profile set, falling back to 1 default profile: "default"
[2024-03-06 11:56:11.925]  INFO 20012 --- [  restartedMain] .s.d.r.c.RepositoryConfigurationDelegate : Bootstrapping Spring Data JPA repositories in DEFAULT mode.
[2024-03-06 11:56:11.932]  INFO 20012 --- [  restartedMain] .s.d.r.c.RepositoryConfigurationDelegate : Finished Spring Data repository scanning in 6 ms. Found 1 JPA repository interface.
[2024-03-06 11:56:12.008]  INFO 20012 --- [  restartedMain] o.s.b.w.e.t.TomcatWebServer              : Tomcat initialized with port 8080 (http)
[2024-03-06 11:56:12.008]  INFO 20012 --- [  restartedMain] o.a.c.h.Http11NioProtocol                : Initializing ProtocolHandler ["http-nio-8080"]
[2024-03-06 11:56:12.009]  INFO 20012 --- [  restartedMain] o.a.c.c.StandardService                  : Starting service [Tomcat]
[2024-03-06 11:56:12.009]  INFO 20012 --- [  restartedMain] o.a.c.c.StandardEngine                   : Starting Servlet engine: [Apache Tomcat/10.1.19]
[2024-03-06 11:56:12.025]  INFO 20012 --- [  restartedMain] o.a.c.c.C.[.[.[/]                        : Initializing Spring embedded WebApplicationContext
[2024-03-06 11:56:12.026]  INFO 20012 --- [  restartedMain] w.s.c.ServletWebServerApplicationContext : Root WebApplicationContext: initialization completed in 283 ms
[2024-03-06 11:56:12.075]  INFO 20012 --- [  restartedMain] c.z.h.HikariDataSource                   : HikariPool-2 - Starting...
[2024-03-06 11:56:12.088]  INFO 20012 --- [  restartedMain] c.z.h.p.HikariPool                       : HikariPool-2 - Added connection com.mysql.cj.jdbc.ConnectionImpl@36a927ca
[2024-03-06 11:56:12.089]  INFO 20012 --- [  restartedMain] c.z.h.HikariDataSource                   : HikariPool-2 - Start completed.
[2024-03-06 11:56:12.091]  INFO 20012 --- [  restartedMain] o.h.j.i.u.LogHelper                      : HHH000204: Processing PersistenceUnitInfo [name: default]
[2024-03-06 11:56:12.095]  INFO 20012 --- [  restartedMain] o.h.c.i.RegionFactoryInitiator           : HHH000026: Second-level cache disabled
[2024-03-06 11:56:12.100]  INFO 20012 --- [  restartedMain] o.s.o.j.p.SpringPersistenceUnitInfo      : No LoadTimeWeaver setup: ignoring JPA class transformer
[2024-03-06 11:56:12.129]  INFO 20012 --- [  restartedMain] o.h.e.t.j.p.i.JtaPlatformInitiator       : HHH000489: No JTA platform available (set 'hibernate.transaction.jta.platform' to enable JTA platform integration)
[2024-03-06 11:56:12.130]  INFO 20012 --- [  restartedMain] j.LocalContainerEntityManagerFactoryBean : Initialized JPA EntityManagerFactory for persistence unit 'default'
[2024-03-06 11:56:12.209]  WARN 20012 --- [  restartedMain] JpaBaseConfiguration$JpaWebConfiguration : spring.jpa.open-in-view is enabled by default. Therefore, database queries may be performed during view rendering. Explicitly configure spring.jpa.open-in-view to disable this warning
[2024-03-06 11:56:12.221]  INFO 20012 --- [  restartedMain] o.s.b.a.w.s.WelcomePageHandlerMapping    : Adding welcome page: class path resource [static/index.html]
[2024-03-06 11:56:12.286]  INFO 20012 --- [  restartedMain] o.s.s.w.DefaultSecurityFilterChain       : Will secure any request with [org.springframework.security.web.session.DisableEncodeUrlFilter@7b328db1, org.springframework.security.web.context.request.async.WebAsyncManagerIntegrationFilter@5847414, org.springframework.security.web.context.SecurityContextHolderFilter@33923107, org.springframework.security.web.header.HeaderWriterFilter@78f06184, org.springframework.security.oauth2.client.web.OAuth2AuthorizationRequestRedirectFilter@71179ca5, org.springframework.security.oauth2.client.web.OAuth2LoginAuthenticationFilter@46eb47e7, org.springframework.security.web.authentication.ui.DefaultLoginPageGeneratingFilter@5200f730, org.springframework.security.web.savedrequest.RequestCacheAwareFilter@34ee7014, org.springframework.security.web.servletapi.SecurityContextHolderAwareRequestFilter@29075fd5, org.springframework.security.web.authentication.AnonymousAuthenticationFilter@48bb22b5, org.springframework.security.web.access.ExceptionTranslationFilter@7fdc5501, org.springframework.security.web.access.intercept.AuthorizationFilter@24fb567d]
[2024-03-06 11:56:12.347]  INFO 20012 --- [  restartedMain] o.s.b.d.a.OptionalLiveReloadServer       : LiveReload server is running on port 35729
[2024-03-06 11:56:12.356]  INFO 20012 --- [  restartedMain] o.a.c.h.Http11NioProtocol                : Starting ProtocolHandler ["http-nio-8080"]
[2024-03-06 11:56:12.358]  INFO 20012 --- [  restartedMain] o.s.b.w.e.t.TomcatWebServer              : Tomcat started on port 8080 (http) with context path ''
[2024-03-06 11:56:12.362]  INFO 20012 --- [  restartedMain] c.s.g.GalleryApplication                 : Started GalleryApplication in 0.663 seconds (process running for 2275.854)
[2024-03-06 11:56:12.364]  INFO 20012 --- [  restartedMain] .ConditionEvaluationDeltaLoggingListener : Condition evaluation unchanged
[2024-03-06 11:56:13.774]  INFO 20012 --- [   File Watcher] rtingClassPathChangeChangedEventListener : Restarting due to 1 class path change (1 addition, 0 deletions, 0 modifications)
[2024-03-06 11:56:13.775]  INFO 20012 --- [       Thread-7] o.a.c.h.Http11NioProtocol                : Stopping ProtocolHandler ["http-nio-8080"]
[2024-03-06 11:56:13.795]  INFO 20012 --- [       Thread-7] j.LocalContainerEntityManagerFactoryBean : Closing JPA EntityManagerFactory for persistence unit 'default'
[2024-03-06 11:56:13.796]  INFO 20012 --- [       Thread-7] c.z.h.HikariDataSource                   : HikariPool-2 - Shutdown initiated...
[2024-03-06 11:56:13.799]  INFO 20012 --- [       Thread-7] c.z.h.HikariDataSource                   : HikariPool-2 - Shutdown completed.
[2024-03-06 11:56:13.865]  INFO 20012 --- [  restartedMain] c.s.g.GalleryApplication                 : Starting GalleryApplication using Java 17.0.9 with PID 20012 (C:\Users\SSAFY\Desktop\PJT2\backend\build\classes\java\main started by SSAFY in C:\Users\SSAFY\Desktop\PJT2\backend)
[2024-03-06 11:56:13.866]  INFO 20012 --- [  restartedMain] c.s.g.GalleryApplication                 : No active profile set, falling back to 1 default profile: "default"
[2024-03-06 11:56:13.992]  INFO 20012 --- [  restartedMain] .s.d.r.c.RepositoryConfigurationDelegate : Bootstrapping Spring Data JPA repositories in DEFAULT mode.
[2024-03-06 11:56:13.998]  INFO 20012 --- [  restartedMain] .s.d.r.c.RepositoryConfigurationDelegate : Finished Spring Data repository scanning in 5 ms. Found 1 JPA repository interface.
[2024-03-06 11:56:14.055]  INFO 20012 --- [  restartedMain] o.s.b.w.e.t.TomcatWebServer              : Tomcat initialized with port 8080 (http)
[2024-03-06 11:56:14.056]  INFO 20012 --- [  restartedMain] o.a.c.h.Http11NioProtocol                : Initializing ProtocolHandler ["http-nio-8080"]
[2024-03-06 11:56:14.056]  INFO 20012 --- [  restartedMain] o.a.c.c.StandardService                  : Starting service [Tomcat]
[2024-03-06 11:56:14.056]  INFO 20012 --- [  restartedMain] o.a.c.c.StandardEngine                   : Starting Servlet engine: [Apache Tomcat/10.1.19]
[2024-03-06 11:56:14.065]  INFO 20012 --- [  restartedMain] o.a.c.c.C.[.[.[/]                        : Initializing Spring embedded WebApplicationContext
[2024-03-06 11:56:14.066]  INFO 20012 --- [  restartedMain] w.s.c.ServletWebServerApplicationContext : Root WebApplicationContext: initialization completed in 199 ms
[2024-03-06 11:56:14.083]  INFO 20012 --- [  restartedMain] c.z.h.HikariDataSource                   : HikariPool-3 - Starting...
[2024-03-06 11:56:14.091]  INFO 20012 --- [  restartedMain] c.z.h.p.HikariPool                       : HikariPool-3 - Added connection com.mysql.cj.jdbc.ConnectionImpl@52f4614
[2024-03-06 11:56:14.091]  INFO 20012 --- [  restartedMain] c.z.h.HikariDataSource                   : HikariPool-3 - Start completed.
[2024-03-06 11:56:14.092]  INFO 20012 --- [  restartedMain] o.h.j.i.u.LogHelper                      : HHH000204: Processing PersistenceUnitInfo [name: default]
[2024-03-06 11:56:14.094]  INFO 20012 --- [  restartedMain] o.h.c.i.RegionFactoryInitiator           : HHH000026: Second-level cache disabled
[2024-03-06 11:56:14.097]  INFO 20012 --- [  restartedMain] o.s.o.j.p.SpringPersistenceUnitInfo      : No LoadTimeWeaver setup: ignoring JPA class transformer
[2024-03-06 11:56:14.114]  INFO 20012 --- [  restartedMain] o.h.e.t.j.p.i.JtaPlatformInitiator       : HHH000489: No JTA platform available (set 'hibernate.transaction.jta.platform' to enable JTA platform integration)
[2024-03-06 11:56:14.114]  INFO 20012 --- [  restartedMain] j.LocalContainerEntityManagerFactoryBean : Initialized JPA EntityManagerFactory for persistence unit 'default'
[2024-03-06 11:56:14.169]  WARN 20012 --- [  restartedMain] JpaBaseConfiguration$JpaWebConfiguration : spring.jpa.open-in-view is enabled by default. Therefore, database queries may be performed during view rendering. Explicitly configure spring.jpa.open-in-view to disable this warning
[2024-03-06 11:56:14.176]  INFO 20012 --- [  restartedMain] o.s.b.a.w.s.WelcomePageHandlerMapping    : Adding welcome page: class path resource [static/index.html]
[2024-03-06 11:56:14.207]  INFO 20012 --- [  restartedMain] o.s.s.w.DefaultSecurityFilterChain       : Will secure any request with [org.springframework.security.web.session.DisableEncodeUrlFilter@31a09d33, org.springframework.security.web.context.request.async.WebAsyncManagerIntegrationFilter@130c00f9, org.springframework.security.web.context.SecurityContextHolderFilter@51902dc5, org.springframework.security.web.header.HeaderWriterFilter@59b87271, org.springframework.security.oauth2.client.web.OAuth2AuthorizationRequestRedirectFilter@164b0c6f, org.springframework.security.oauth2.client.web.OAuth2LoginAuthenticationFilter@18ea58ea, org.springframework.security.web.authentication.ui.DefaultLoginPageGeneratingFilter@3c264125, org.springframework.security.web.savedrequest.RequestCacheAwareFilter@154eb86b, org.springframework.security.web.servletapi.SecurityContextHolderAwareRequestFilter@2617846c, org.springframework.security.web.authentication.AnonymousAuthenticationFilter@5dea4e83, org.springframework.security.web.access.ExceptionTranslationFilter@5bcd14ea, org.springframework.security.web.access.intercept.AuthorizationFilter@c65cd6b]
[2024-03-06 11:56:14.242]  INFO 20012 --- [  restartedMain] o.s.b.d.a.OptionalLiveReloadServer       : LiveReload server is running on port 35729
[2024-03-06 11:56:14.247]  INFO 20012 --- [  restartedMain] o.a.c.h.Http11NioProtocol                : Starting ProtocolHandler ["http-nio-8080"]
[2024-03-06 11:56:14.250]  INFO 20012 --- [  restartedMain] o.s.b.w.e.t.TomcatWebServer              : Tomcat started on port 8080 (http) with context path ''
[2024-03-06 11:56:14.253]  INFO 20012 --- [  restartedMain] c.s.g.GalleryApplication                 : Started GalleryApplication in 0.416 seconds (process running for 2277.744)
[2024-03-06 11:56:14.253]  INFO 20012 --- [  restartedMain] .ConditionEvaluationDeltaLoggingListener : Condition evaluation unchanged
