[2024-03-05 17:11:27.286]  INFO 14328 --- [   File Watcher] rtingClassPathChangeChangedEventListener : Restarting due to 1 class path change (0 additions, 1 deletion, 0 modifications)
[2024-03-05 17:11:27.292]  INFO 14328 --- [       Thread-5] o.a.c.h.Http11NioProtocol                : Stopping ProtocolHandler ["http-nio-8080"]
[2024-03-05 17:11:27.306]  INFO 14328 --- [       Thread-5] j.LocalContainerEntityManagerFactoryBean : Closing JPA EntityManagerFactory for persistence unit 'default'
[2024-03-05 17:11:27.311]  INFO 14328 --- [       Thread-5] c.z.h.HikariDataSource                   : HikariPool-1 - Shutdown initiated...
[2024-03-05 17:11:27.332]  INFO 14328 --- [       Thread-5] c.z.h.HikariDataSource                   : HikariPool-1 - Shutdown completed.
[2024-03-05 17:11:27.425]  INFO 14328 --- [  restartedMain] c.s.g.GalleryApplication                 : Starting GalleryApplication using Java 17.0.9 with PID 14328 (D:\Project\S10P22A101\backend\build\classes\java\main started by SSAFY in D:\Project\S10P22A101\backend)
[2024-03-05 17:11:27.426]  INFO 14328 --- [  restartedMain] c.s.g.GalleryApplication                 : No active profile set, falling back to 1 default profile: "default"
[2024-03-05 17:11:27.605]  INFO 14328 --- [  restartedMain] .s.d.r.c.RepositoryConfigurationDelegate : Bootstrapping Spring Data JPA repositories in DEFAULT mode.
[2024-03-05 17:11:27.607]  INFO 14328 --- [  restartedMain] .s.d.r.c.RepositoryConfigurationDelegate : Finished Spring Data repository scanning in 1 ms. Found 0 JPA repository interfaces.
[2024-03-05 17:11:27.699]  INFO 14328 --- [  restartedMain] o.s.b.w.e.t.TomcatWebServer              : Tomcat initialized with port 8080 (http)
[2024-03-05 17:11:27.701]  INFO 14328 --- [  restartedMain] o.a.c.h.Http11NioProtocol                : Initializing ProtocolHandler ["http-nio-8080"]
[2024-03-05 17:11:27.701]  INFO 14328 --- [  restartedMain] o.a.c.c.StandardService                  : Starting service [Tomcat]
[2024-03-05 17:11:27.702]  INFO 14328 --- [  restartedMain] o.a.c.c.StandardEngine                   : Starting Servlet engine: [Apache Tomcat/10.1.19]
[2024-03-05 17:11:27.721]  INFO 14328 --- [  restartedMain] o.a.c.c.C.[.[.[/]                        : Initializing Spring embedded WebApplicationContext
[2024-03-05 17:11:27.721]  INFO 14328 --- [  restartedMain] w.s.c.ServletWebServerApplicationContext : Root WebApplicationContext: initialization completed in 293 ms
[2024-03-05 17:11:27.764]  INFO 14328 --- [  restartedMain] c.z.h.HikariDataSource                   : HikariPool-2 - Starting...
[2024-03-05 17:11:27.788]  INFO 14328 --- [  restartedMain] c.z.h.p.HikariPool                       : HikariPool-2 - Added connection com.mysql.cj.jdbc.ConnectionImpl@643b7fa8
[2024-03-05 17:11:27.789]  INFO 14328 --- [  restartedMain] c.z.h.HikariDataSource                   : HikariPool-2 - Start completed.
[2024-03-05 17:11:27.790]  INFO 14328 --- [  restartedMain] o.h.j.i.u.LogHelper                      : HHH000204: Processing PersistenceUnitInfo [name: default]
[2024-03-05 17:11:27.794]  INFO 14328 --- [  restartedMain] o.h.c.i.RegionFactoryInitiator           : HHH000026: Second-level cache disabled
[2024-03-05 17:11:27.799]  INFO 14328 --- [  restartedMain] o.s.o.j.p.SpringPersistenceUnitInfo      : No LoadTimeWeaver setup: ignoring JPA class transformer
[2024-03-05 17:11:27.801]  WARN 14328 --- [  restartedMain] o.h.d.Dialect                            : HHH000511: The 5.7.0 version for [org.hibernate.dialect.MySQLDialect] is no longer supported, hence certain features may not work properly. The minimum supported version is 8.0.0. Check the community dialects project for available legacy versions.
[2024-03-05 17:11:27.814]  INFO 14328 --- [  restartedMain] o.h.e.t.j.p.i.JtaPlatformInitiator       : HHH000489: No JTA platform available (set 'hibernate.transaction.jta.platform' to enable JTA platform integration)
[2024-03-05 17:11:27.814]  INFO 14328 --- [  restartedMain] j.LocalContainerEntityManagerFactoryBean : Initialized JPA EntityManagerFactory for persistence unit 'default'
[2024-03-05 17:11:27.881]  WARN 14328 --- [  restartedMain] JpaBaseConfiguration$JpaWebConfiguration : spring.jpa.open-in-view is enabled by default. Therefore, database queries may be performed during view rendering. Explicitly configure spring.jpa.open-in-view to disable this warning
[2024-03-05 17:11:27.894]  INFO 14328 --- [  restartedMain] o.s.b.a.w.s.WelcomePageHandlerMapping    : Adding welcome page: class path resource [static/index.html]
[2024-03-05 17:11:27.940]  INFO 14328 --- [  restartedMain] o.s.s.w.DefaultSecurityFilterChain       : Will secure any request with [org.springframework.security.web.session.DisableEncodeUrlFilter@35be438a, org.springframework.security.web.context.request.async.WebAsyncManagerIntegrationFilter@5e2b88ff, org.springframework.security.web.context.SecurityContextHolderFilter@5575d76, org.springframework.security.web.header.HeaderWriterFilter@4e872f49, org.springframework.security.oauth2.client.web.OAuth2AuthorizationRequestRedirectFilter@106471eb, org.springframework.security.oauth2.client.web.OAuth2LoginAuthenticationFilter@455e4bde, org.springframework.security.web.authentication.ui.DefaultLoginPageGeneratingFilter@70d4b77e, org.springframework.security.web.savedrequest.RequestCacheAwareFilter@d349d61, org.springframework.security.web.servletapi.SecurityContextHolderAwareRequestFilter@7de2dab, org.springframework.security.web.authentication.AnonymousAuthenticationFilter@6d7341f8, org.springframework.security.web.access.ExceptionTranslationFilter@672da9ad, org.springframework.security.web.access.intercept.AuthorizationFilter@6621bbf1]
[2024-03-05 17:11:27.992]  INFO 14328 --- [  restartedMain] o.s.b.d.a.OptionalLiveReloadServer       : LiveReload server is running on port 35729
[2024-03-05 17:11:27.998]  INFO 14328 --- [  restartedMain] o.a.c.h.Http11NioProtocol                : Starting ProtocolHandler ["http-nio-8080"]
[2024-03-05 17:11:28.001]  INFO 14328 --- [  restartedMain] o.s.b.w.e.t.TomcatWebServer              : Tomcat started on port 8080 (http) with context path ''
[2024-03-05 17:11:28.004]  INFO 14328 --- [  restartedMain] c.s.g.GalleryApplication                 : Started GalleryApplication in 0.617 seconds (process running for 71.875)
[2024-03-05 17:11:28.005]  INFO 14328 --- [  restartedMain] .ConditionEvaluationDeltaLoggingListener : Condition evaluation unchanged
[2024-03-05 17:11:28.048]  INFO 14328 --- [nio-8080-exec-2] o.a.c.c.C.[.[.[/]                        : Initializing Spring DispatcherServlet 'dispatcherServlet'
[2024-03-05 17:11:28.048]  INFO 14328 --- [nio-8080-exec-2] o.s.w.s.DispatcherServlet                : Initializing Servlet 'dispatcherServlet'
[2024-03-05 17:11:28.049]  INFO 14328 --- [nio-8080-exec-2] o.s.w.s.DispatcherServlet                : Completed initialization in 1 ms
[2024-03-05 17:11:28.520]  INFO 14328 --- [nio-8080-exec-2] o.s.a.AbstractOpenApiResource            : Init duration for springdoc-openapi is: 157 ms
[2024-03-05 17:11:29.404]  INFO 14328 --- [   File Watcher] rtingClassPathChangeChangedEventListener : Restarting due to 1 class path change (1 addition, 0 deletions, 0 modifications)
[2024-03-05 17:11:29.405]  INFO 14328 --- [       Thread-7] o.a.c.h.Http11NioProtocol                : Stopping ProtocolHandler ["http-nio-8080"]
[2024-03-05 17:11:29.415]  INFO 14328 --- [       Thread-7] j.LocalContainerEntityManagerFactoryBean : Closing JPA EntityManagerFactory for persistence unit 'default'
[2024-03-05 17:11:29.415]  INFO 14328 --- [       Thread-7] c.z.h.HikariDataSource                   : HikariPool-2 - Shutdown initiated...
[2024-03-05 17:11:29.418]  INFO 14328 --- [       Thread-7] c.z.h.HikariDataSource                   : HikariPool-2 - Shutdown completed.
[2024-03-05 17:11:29.490]  INFO 14328 --- [  restartedMain] c.s.g.GalleryApplication                 : Starting GalleryApplication using Java 17.0.9 with PID 14328 (D:\Project\S10P22A101\backend\build\classes\java\main started by SSAFY in D:\Project\S10P22A101\backend)
[2024-03-05 17:11:29.490]  INFO 14328 --- [  restartedMain] c.s.g.GalleryApplication                 : No active profile set, falling back to 1 default profile: "default"
[2024-03-05 17:11:29.618]  INFO 14328 --- [  restartedMain] .s.d.r.c.RepositoryConfigurationDelegate : Bootstrapping Spring Data JPA repositories in DEFAULT mode.
[2024-03-05 17:11:29.620]  INFO 14328 --- [  restartedMain] .s.d.r.c.RepositoryConfigurationDelegate : Finished Spring Data repository scanning in 1 ms. Found 0 JPA repository interfaces.
[2024-03-05 17:11:29.686]  INFO 14328 --- [  restartedMain] o.s.b.w.e.t.TomcatWebServer              : Tomcat initialized with port 8080 (http)
[2024-03-05 17:11:29.687]  INFO 14328 --- [  restartedMain] o.a.c.h.Http11NioProtocol                : Initializing ProtocolHandler ["http-nio-8080"]
[2024-03-05 17:11:29.688]  INFO 14328 --- [  restartedMain] o.a.c.c.StandardService                  : Starting service [Tomcat]
[2024-03-05 17:11:29.688]  INFO 14328 --- [  restartedMain] o.a.c.c.StandardEngine                   : Starting Servlet engine: [Apache Tomcat/10.1.19]
[2024-03-05 17:11:29.699]  INFO 14328 --- [  restartedMain] o.a.c.c.C.[.[.[/]                        : Initializing Spring embedded WebApplicationContext
[2024-03-05 17:11:29.699]  INFO 14328 --- [  restartedMain] w.s.c.ServletWebServerApplicationContext : Root WebApplicationContext: initialization completed in 207 ms
[2024-03-05 17:11:29.719]  INFO 14328 --- [  restartedMain] c.z.h.HikariDataSource                   : HikariPool-3 - Starting...
[2024-03-05 17:11:29.736]  INFO 14328 --- [  restartedMain] c.z.h.p.HikariPool                       : HikariPool-3 - Added connection com.mysql.cj.jdbc.ConnectionImpl@35735272
[2024-03-05 17:11:29.736]  INFO 14328 --- [  restartedMain] c.z.h.HikariDataSource                   : HikariPool-3 - Start completed.
[2024-03-05 17:11:29.737]  INFO 14328 --- [  restartedMain] o.h.j.i.u.LogHelper                      : HHH000204: Processing PersistenceUnitInfo [name: default]
[2024-03-05 17:11:29.739]  INFO 14328 --- [  restartedMain] o.h.c.i.RegionFactoryInitiator           : HHH000026: Second-level cache disabled
[2024-03-05 17:11:29.742]  INFO 14328 --- [  restartedMain] o.s.o.j.p.SpringPersistenceUnitInfo      : No LoadTimeWeaver setup: ignoring JPA class transformer
[2024-03-05 17:11:29.743]  WARN 14328 --- [  restartedMain] o.h.d.Dialect                            : HHH000511: The 5.7.0 version for [org.hibernate.dialect.MySQLDialect] is no longer supported, hence certain features may not work properly. The minimum supported version is 8.0.0. Check the community dialects project for available legacy versions.
[2024-03-05 17:11:29.751]  INFO 14328 --- [  restartedMain] o.h.e.t.j.p.i.JtaPlatformInitiator       : HHH000489: No JTA platform available (set 'hibernate.transaction.jta.platform' to enable JTA platform integration)
[2024-03-05 17:11:29.751]  INFO 14328 --- [  restartedMain] j.LocalContainerEntityManagerFactoryBean : Initialized JPA EntityManagerFactory for persistence unit 'default'
[2024-03-05 17:11:29.782]  WARN 14328 --- [  restartedMain] JpaBaseConfiguration$JpaWebConfiguration : spring.jpa.open-in-view is enabled by default. Therefore, database queries may be performed during view rendering. Explicitly configure spring.jpa.open-in-view to disable this warning
[2024-03-05 17:11:29.789]  INFO 14328 --- [  restartedMain] o.s.b.a.w.s.WelcomePageHandlerMapping    : Adding welcome page: class path resource [static/index.html]
[2024-03-05 17:11:29.821]  INFO 14328 --- [  restartedMain] o.s.s.w.DefaultSecurityFilterChain       : Will secure any request with [org.springframework.security.web.session.DisableEncodeUrlFilter@3251b0bb, org.springframework.security.web.context.request.async.WebAsyncManagerIntegrationFilter@52dfb892, org.springframework.security.web.context.SecurityContextHolderFilter@2e346e66, org.springframework.security.web.header.HeaderWriterFilter@51aed2c7, org.springframework.security.oauth2.client.web.OAuth2AuthorizationRequestRedirectFilter@6f6141fc, org.springframework.security.oauth2.client.web.OAuth2LoginAuthenticationFilter@6a34576e, org.springframework.security.web.authentication.ui.DefaultLoginPageGeneratingFilter@6ecd63b5, org.springframework.security.web.savedrequest.RequestCacheAwareFilter@294f3659, org.springframework.security.web.servletapi.SecurityContextHolderAwareRequestFilter@49d2a8a2, org.springframework.security.web.authentication.AnonymousAuthenticationFilter@37d46d94, org.springframework.security.web.access.ExceptionTranslationFilter@24c4634, org.springframework.security.web.access.intercept.AuthorizationFilter@33aa6893]
[2024-03-05 17:11:29.871]  INFO 14328 --- [  restartedMain] o.s.b.d.a.OptionalLiveReloadServer       : LiveReload server is running on port 35729
[2024-03-05 17:11:29.877]  INFO 14328 --- [  restartedMain] o.a.c.h.Http11NioProtocol                : Starting ProtocolHandler ["http-nio-8080"]
[2024-03-05 17:11:29.880]  INFO 14328 --- [  restartedMain] o.s.b.w.e.t.TomcatWebServer              : Tomcat started on port 8080 (http) with context path ''
[2024-03-05 17:11:29.884]  INFO 14328 --- [  restartedMain] c.s.g.GalleryApplication                 : Started GalleryApplication in 0.423 seconds (process running for 73.754)
[2024-03-05 17:11:29.885]  INFO 14328 --- [  restartedMain] .ConditionEvaluationDeltaLoggingListener : Condition evaluation unchanged
[2024-03-05 17:11:30.020]  INFO 14328 --- [nio-8080-exec-1] o.a.c.c.C.[.[.[/]                        : Initializing Spring DispatcherServlet 'dispatcherServlet'
[2024-03-05 17:11:30.020]  INFO 14328 --- [nio-8080-exec-1] o.s.w.s.DispatcherServlet                : Initializing Servlet 'dispatcherServlet'
[2024-03-05 17:11:30.021]  INFO 14328 --- [nio-8080-exec-1] o.s.w.s.DispatcherServlet                : Completed initialization in 1 ms
[2024-03-05 17:11:31.960]  INFO 14328 --- [nio-8080-exec-4] o.s.a.AbstractOpenApiResource            : Init duration for springdoc-openapi is: 35 ms
