[2024-03-06 15:14:52.334]  INFO 17880 --- [ionShutdownHook] n.d.b.g.s.s.GrpcServerLifecycle          : Completed gRPC server shutdown
[2024-03-06 15:14:52.368]  INFO 17880 --- [ionShutdownHook] j.LocalContainerEntityManagerFactoryBean : Closing JPA EntityManagerFactory for persistence unit 'default'
[2024-03-06 15:14:52.372]  INFO 17880 --- [ionShutdownHook] c.z.h.HikariDataSource                   : HikariPool-1 - Shutdown initiated...
[2024-03-06 15:14:52.378]  INFO 17880 --- [ionShutdownHook] c.z.h.HikariDataSource                   : HikariPool-1 - Shutdown completed.
[2024-03-06 15:14:54.640]  INFO 28448 --- [  restartedMain] c.s.g.GalleryApplication                 : Starting GalleryApplication using Java 17.0.9 with PID 28448 (C:\Users\SSAFY\Desktop\PJT2\backend\build\classes\java\main started by SSAFY in C:\Users\SSAFY\Desktop\PJT2\backend)
[2024-03-06 15:14:54.646]  INFO 28448 --- [  restartedMain] c.s.g.GalleryApplication                 : No active profile set, falling back to 1 default profile: "default"
[2024-03-06 15:14:54.676]  INFO 28448 --- [  restartedMain] .e.DevToolsPropertyDefaultsPostProcessor : Devtools property defaults active! Set 'spring.devtools.add-properties' to 'false' to disable
[2024-03-06 15:14:54.676]  INFO 28448 --- [  restartedMain] .e.DevToolsPropertyDefaultsPostProcessor : For additional web related logging consider setting the 'logging.level.web' property to 'DEBUG'
[2024-03-06 15:14:55.274]  INFO 28448 --- [  restartedMain] .s.d.r.c.RepositoryConfigurationDelegate : Bootstrapping Spring Data JPA repositories in DEFAULT mode.
[2024-03-06 15:14:55.314]  INFO 28448 --- [  restartedMain] .s.d.r.c.RepositoryConfigurationDelegate : Finished Spring Data repository scanning in 34 ms. Found 1 JPA repository interface.
[2024-03-06 15:14:55.697]  INFO 28448 --- [  restartedMain] o.s.b.w.e.t.TomcatWebServer              : Tomcat initialized with port 8080 (http)
[2024-03-06 15:14:55.706]  INFO 28448 --- [  restartedMain] o.a.c.h.Http11NioProtocol                : Initializing ProtocolHandler ["http-nio-8080"]
[2024-03-06 15:14:55.707]  INFO 28448 --- [  restartedMain] o.a.c.c.StandardService                  : Starting service [Tomcat]
[2024-03-06 15:14:55.708]  INFO 28448 --- [  restartedMain] o.a.c.c.StandardEngine                   : Starting Servlet engine: [Apache Tomcat/10.1.19]
[2024-03-06 15:14:55.747]  INFO 28448 --- [  restartedMain] o.a.c.c.C.[.[.[/]                        : Initializing Spring embedded WebApplicationContext
[2024-03-06 15:14:55.748]  INFO 28448 --- [  restartedMain] w.s.c.ServletWebServerApplicationContext : Root WebApplicationContext: initialization completed in 1071 ms
[2024-03-06 15:14:55.852]  INFO 28448 --- [  restartedMain] c.z.h.HikariDataSource                   : HikariPool-1 - Starting...
[2024-03-06 15:14:56.036]  INFO 28448 --- [  restartedMain] c.z.h.p.HikariPool                       : HikariPool-1 - Added connection com.mysql.cj.jdbc.ConnectionImpl@e1a6bf2
[2024-03-06 15:14:56.037]  INFO 28448 --- [  restartedMain] c.z.h.HikariDataSource                   : HikariPool-1 - Start completed.
[2024-03-06 15:14:56.065]  INFO 28448 --- [  restartedMain] o.h.j.i.u.LogHelper                      : HHH000204: Processing PersistenceUnitInfo [name: default]
[2024-03-06 15:14:56.103]  INFO 28448 --- [  restartedMain] o.h.Version                              : HHH000412: Hibernate ORM core version 6.4.4.Final
[2024-03-06 15:14:56.127]  INFO 28448 --- [  restartedMain] o.h.c.i.RegionFactoryInitiator           : HHH000026: Second-level cache disabled
[2024-03-06 15:14:56.316]  INFO 28448 --- [  restartedMain] o.s.o.j.p.SpringPersistenceUnitInfo      : No LoadTimeWeaver setup: ignoring JPA class transformer
[2024-03-06 15:14:56.972]  INFO 28448 --- [  restartedMain] o.h.e.t.j.p.i.JtaPlatformInitiator       : HHH000489: No JTA platform available (set 'hibernate.transaction.jta.platform' to enable JTA platform integration)
[2024-03-06 15:14:56.974]  INFO 28448 --- [  restartedMain] j.LocalContainerEntityManagerFactoryBean : Initialized JPA EntityManagerFactory for persistence unit 'default'
[2024-03-06 15:14:57.309]  WARN 28448 --- [  restartedMain] JpaBaseConfiguration$JpaWebConfiguration : spring.jpa.open-in-view is enabled by default. Therefore, database queries may be performed during view rendering. Explicitly configure spring.jpa.open-in-view to disable this warning
[2024-03-06 15:14:57.364]  INFO 28448 --- [  restartedMain] o.s.b.a.w.s.WelcomePageHandlerMapping    : Adding welcome page: class path resource [static/index.html]
[2024-03-06 15:14:57.526]  INFO 28448 --- [  restartedMain] o.s.s.w.DefaultSecurityFilterChain       : Will secure any request with [org.springframework.security.web.session.DisableEncodeUrlFilter@1546ab47, org.springframework.security.web.context.request.async.WebAsyncManagerIntegrationFilter@3bb27669, org.springframework.security.web.context.SecurityContextHolderFilter@31ad2197, org.springframework.security.web.header.HeaderWriterFilter@52e8e831, org.springframework.security.oauth2.client.web.OAuth2AuthorizationRequestRedirectFilter@52ce3995, org.springframework.security.oauth2.client.web.OAuth2LoginAuthenticationFilter@3ab29d03, org.springframework.security.web.authentication.ui.DefaultLoginPageGeneratingFilter@1172afaa, org.springframework.security.web.savedrequest.RequestCacheAwareFilter@3d5b93fe, org.springframework.security.web.servletapi.SecurityContextHolderAwareRequestFilter@1259158c, org.springframework.security.web.authentication.AnonymousAuthenticationFilter@3aea39cf, org.springframework.security.web.access.ExceptionTranslationFilter@57b4a1d1, org.springframework.security.web.access.intercept.AuthorizationFilter@9a99745]
[2024-03-06 15:14:57.722]  INFO 28448 --- [  restartedMain] o.s.b.d.a.OptionalLiveReloadServer       : LiveReload server is running on port 35729
[2024-03-06 15:14:57.736]  INFO 28448 --- [  restartedMain] o.a.c.h.Http11NioProtocol                : Starting ProtocolHandler ["http-nio-8080"]
[2024-03-06 15:14:57.752]  INFO 28448 --- [  restartedMain] o.s.b.w.e.t.TomcatWebServer              : Tomcat started on port 8080 (http) with context path ''
[2024-03-06 15:14:57.761]  INFO 28448 --- [  restartedMain] c.s.g.GalleryApplication                 : Started GalleryApplication in 3.4 seconds (process running for 4.191)
