[2024-03-05 16:57:48.963]  INFO 7532 --- [   File Watcher] rtingClassPathChangeChangedEventListener : Restarting due to 1 class path change (0 additions, 0 deletions, 1 modification)
[2024-03-05 16:57:48.965]  INFO 7532 --- [      Thread-15] o.a.c.h.Http11NioProtocol                : Stopping ProtocolHandler ["http-nio-8080"]
[2024-03-05 16:57:48.975]  INFO 7532 --- [      Thread-15] j.LocalContainerEntityManagerFactoryBean : Closing JPA EntityManagerFactory for persistence unit 'default'
[2024-03-05 16:57:48.976]  INFO 7532 --- [      Thread-15] c.z.h.HikariDataSource                   : HikariPool-4 - Shutdown initiated...
[2024-03-05 16:57:48.978]  INFO 7532 --- [      Thread-15] c.z.h.HikariDataSource                   : HikariPool-4 - Shutdown completed.
[2024-03-05 16:57:49.048]  INFO 7532 --- [  restartedMain] c.s.g.GalleryApplication                 : Starting GalleryApplication using Java 17.0.9 with PID 7532 (D:\Project\S10P22A101\backend\build\classes\java\main started by SSAFY in D:\Project\S10P22A101\backend)
[2024-03-05 16:57:49.048]  INFO 7532 --- [  restartedMain] c.s.g.GalleryApplication                 : No active profile set, falling back to 1 default profile: "default"
[2024-03-05 16:57:49.166]  INFO 7532 --- [  restartedMain] .s.d.r.c.RepositoryConfigurationDelegate : Bootstrapping Spring Data JPA repositories in DEFAULT mode.
[2024-03-05 16:57:49.168]  INFO 7532 --- [  restartedMain] .s.d.r.c.RepositoryConfigurationDelegate : Finished Spring Data repository scanning in 1 ms. Found 0 JPA repository interfaces.
[2024-03-05 16:57:49.224]  INFO 7532 --- [  restartedMain] o.s.b.w.e.t.TomcatWebServer              : Tomcat initialized with port 8080 (http)
[2024-03-05 16:57:49.225]  INFO 7532 --- [  restartedMain] o.a.c.h.Http11NioProtocol                : Initializing ProtocolHandler ["http-nio-8080"]
[2024-03-05 16:57:49.225]  INFO 7532 --- [  restartedMain] o.a.c.c.StandardService                  : Starting service [Tomcat]
[2024-03-05 16:57:49.225]  INFO 7532 --- [  restartedMain] o.a.c.c.StandardEngine                   : Starting Servlet engine: [Apache Tomcat/10.1.19]
[2024-03-05 16:57:49.234]  INFO 7532 --- [  restartedMain] o.a.c.c.C.[.[.[/]                        : Initializing Spring embedded WebApplicationContext
[2024-03-05 16:57:49.235]  INFO 7532 --- [  restartedMain] w.s.c.ServletWebServerApplicationContext : Root WebApplicationContext: initialization completed in 186 ms
[2024-03-05 16:57:49.254]  INFO 7532 --- [  restartedMain] c.z.h.HikariDataSource                   : HikariPool-5 - Starting...
[2024-03-05 16:57:49.272]  INFO 7532 --- [  restartedMain] c.z.h.p.HikariPool                       : HikariPool-5 - Added connection com.mysql.cj.jdbc.ConnectionImpl@3c8b6126
[2024-03-05 16:57:49.272]  INFO 7532 --- [  restartedMain] c.z.h.HikariDataSource                   : HikariPool-5 - Start completed.
[2024-03-05 16:57:49.273]  INFO 7532 --- [  restartedMain] o.h.j.i.u.LogHelper                      : HHH000204: Processing PersistenceUnitInfo [name: default]
[2024-03-05 16:57:49.275]  INFO 7532 --- [  restartedMain] o.h.c.i.RegionFactoryInitiator           : HHH000026: Second-level cache disabled
[2024-03-05 16:57:49.277]  INFO 7532 --- [  restartedMain] o.s.o.j.p.SpringPersistenceUnitInfo      : No LoadTimeWeaver setup: ignoring JPA class transformer
[2024-03-05 16:57:49.278]  WARN 7532 --- [  restartedMain] o.h.d.Dialect                            : HHH000511: The 5.7.0 version for [org.hibernate.dialect.MySQLDialect] is no longer supported, hence certain features may not work properly. The minimum supported version is 8.0.0. Check the community dialects project for available legacy versions.
[2024-03-05 16:57:49.284]  INFO 7532 --- [  restartedMain] o.h.e.t.j.p.i.JtaPlatformInitiator       : HHH000489: No JTA platform available (set 'hibernate.transaction.jta.platform' to enable JTA platform integration)
[2024-03-05 16:57:49.285]  INFO 7532 --- [  restartedMain] j.LocalContainerEntityManagerFactoryBean : Initialized JPA EntityManagerFactory for persistence unit 'default'
[2024-03-05 16:57:49.313]  WARN 7532 --- [  restartedMain] JpaBaseConfiguration$JpaWebConfiguration : spring.jpa.open-in-view is enabled by default. Therefore, database queries may be performed during view rendering. Explicitly configure spring.jpa.open-in-view to disable this warning
[2024-03-05 16:57:49.319]  INFO 7532 --- [  restartedMain] o.s.b.a.w.s.WelcomePageHandlerMapping    : Adding welcome page: class path resource [static/index.html]
[2024-03-05 16:57:49.348]  INFO 7532 --- [  restartedMain] o.s.s.w.DefaultSecurityFilterChain       : Will secure any request with [org.springframework.security.web.session.DisableEncodeUrlFilter@5197025e, org.springframework.security.web.context.request.async.WebAsyncManagerIntegrationFilter@4f03d11c, org.springframework.security.web.context.SecurityContextHolderFilter@2476b2c0, org.springframework.security.web.header.HeaderWriterFilter@79f92a82, org.springframework.security.oauth2.client.web.OAuth2AuthorizationRequestRedirectFilter@4a0ca619, org.springframework.security.oauth2.client.web.OAuth2LoginAuthenticationFilter@587d0d23, org.springframework.security.web.authentication.ui.DefaultLoginPageGeneratingFilter@62ee11ba, org.springframework.security.web.savedrequest.RequestCacheAwareFilter@573401e4, org.springframework.security.web.servletapi.SecurityContextHolderAwareRequestFilter@52738c4c, org.springframework.security.web.authentication.AnonymousAuthenticationFilter@60108a8b, org.springframework.security.web.access.ExceptionTranslationFilter@51aa8d1b, org.springframework.security.web.access.intercept.AuthorizationFilter@4d34b23]
[2024-03-05 16:57:49.390]  INFO 7532 --- [  restartedMain] o.s.b.d.a.OptionalLiveReloadServer       : LiveReload server is running on port 35729
[2024-03-05 16:57:49.397]  INFO 7532 --- [  restartedMain] o.a.c.h.Http11NioProtocol                : Starting ProtocolHandler ["http-nio-8080"]
[2024-03-05 16:57:49.399]  INFO 7532 --- [  restartedMain] o.s.b.w.e.t.TomcatWebServer              : Tomcat started on port 8080 (http) with context path ''
[2024-03-05 16:57:49.402]  INFO 7532 --- [  restartedMain] c.s.g.GalleryApplication                 : Started GalleryApplication in 0.38 seconds (process running for 465.269)
[2024-03-05 16:57:49.403]  INFO 7532 --- [  restartedMain] .ConditionEvaluationDeltaLoggingListener : Condition evaluation unchanged
