[2024-03-05 16:47:45.309]  INFO 14228 --- [  restartedMain] c.s.g.GalleryApplication                 : Starting GalleryApplication using Java 17.0.9 with PID 14228 (D:\Project\S10P22A101\backend\build\classes\java\main started by SSAFY in D:\Project\S10P22A101\backend)
[2024-03-05 16:47:45.316]  INFO 14228 --- [  restartedMain] c.s.g.GalleryApplication                 : No active profile set, falling back to 1 default profile: "default"
[2024-03-05 16:47:45.339]  INFO 14228 --- [  restartedMain] .e.DevToolsPropertyDefaultsPostProcessor : Devtools property defaults active! Set 'spring.devtools.add-properties' to 'false' to disable
[2024-03-05 16:47:45.340]  INFO 14228 --- [  restartedMain] .e.DevToolsPropertyDefaultsPostProcessor : For additional web related logging consider setting the 'logging.level.web' property to 'DEBUG'
[2024-03-05 16:47:45.840]  INFO 14228 --- [  restartedMain] .s.d.r.c.RepositoryConfigurationDelegate : Bootstrapping Spring Data JPA repositories in DEFAULT mode.
[2024-03-05 16:47:45.853]  INFO 14228 --- [  restartedMain] .s.d.r.c.RepositoryConfigurationDelegate : Finished Spring Data repository scanning in 8 ms. Found 0 JPA repository interfaces.
[2024-03-05 16:47:46.182]  INFO 14228 --- [  restartedMain] o.s.b.w.e.t.TomcatWebServer              : Tomcat initialized with port 8080 (http)
[2024-03-05 16:47:46.189]  INFO 14228 --- [  restartedMain] o.a.c.h.Http11NioProtocol                : Initializing ProtocolHandler ["http-nio-8080"]
[2024-03-05 16:47:46.190]  INFO 14228 --- [  restartedMain] o.a.c.c.StandardService                  : Starting service [Tomcat]
[2024-03-05 16:47:46.190]  INFO 14228 --- [  restartedMain] o.a.c.c.StandardEngine                   : Starting Servlet engine: [Apache Tomcat/10.1.19]
[2024-03-05 16:47:46.221]  INFO 14228 --- [  restartedMain] o.a.c.c.C.[.[.[/]                        : Initializing Spring embedded WebApplicationContext
[2024-03-05 16:47:46.222]  INFO 14228 --- [  restartedMain] w.s.c.ServletWebServerApplicationContext : Root WebApplicationContext: initialization completed in 882 ms
[2024-03-05 16:47:46.311]  INFO 14228 --- [  restartedMain] c.z.h.HikariDataSource                   : HikariPool-1 - Starting...
[2024-03-05 16:47:46.493]  INFO 14228 --- [  restartedMain] c.z.h.p.HikariPool                       : HikariPool-1 - Added connection com.mysql.cj.jdbc.ConnectionImpl@5a5cbd27
[2024-03-05 16:47:46.494]  INFO 14228 --- [  restartedMain] c.z.h.HikariDataSource                   : HikariPool-1 - Start completed.
[2024-03-05 16:47:46.520]  INFO 14228 --- [  restartedMain] o.h.j.i.u.LogHelper                      : HHH000204: Processing PersistenceUnitInfo [name: default]
[2024-03-05 16:47:46.553]  INFO 14228 --- [  restartedMain] o.h.Version                              : HHH000412: Hibernate ORM core version 6.4.4.Final
[2024-03-05 16:47:46.573]  INFO 14228 --- [  restartedMain] o.h.c.i.RegionFactoryInitiator           : HHH000026: Second-level cache disabled
[2024-03-05 16:47:46.731]  INFO 14228 --- [  restartedMain] o.s.o.j.p.SpringPersistenceUnitInfo      : No LoadTimeWeaver setup: ignoring JPA class transformer
[2024-03-05 16:47:46.779]  WARN 14228 --- [  restartedMain] o.h.d.Dialect                            : HHH000511: The 5.7.0 version for [org.hibernate.dialect.MySQLDialect] is no longer supported, hence certain features may not work properly. The minimum supported version is 8.0.0. Check the community dialects project for available legacy versions.
[2024-03-05 16:47:46.996]  INFO 14228 --- [  restartedMain] o.h.e.t.j.p.i.JtaPlatformInitiator       : HHH000489: No JTA platform available (set 'hibernate.transaction.jta.platform' to enable JTA platform integration)
[2024-03-05 16:47:46.999]  INFO 14228 --- [  restartedMain] j.LocalContainerEntityManagerFactoryBean : Initialized JPA EntityManagerFactory for persistence unit 'default'
[2024-03-05 16:47:47.107]  WARN 14228 --- [  restartedMain] JpaBaseConfiguration$JpaWebConfiguration : spring.jpa.open-in-view is enabled by default. Therefore, database queries may be performed during view rendering. Explicitly configure spring.jpa.open-in-view to disable this warning
[2024-03-05 16:47:47.159]  INFO 14228 --- [  restartedMain] o.s.b.a.w.s.WelcomePageHandlerMapping    : Adding welcome page: class path resource [static/index.html]
[2024-03-05 16:47:47.282]  INFO 14228 --- [  restartedMain] o.s.s.w.DefaultSecurityFilterChain       : Will secure any request with [org.springframework.security.web.session.DisableEncodeUrlFilter@1a4c55f9, org.springframework.security.web.context.request.async.WebAsyncManagerIntegrationFilter@3cba75f1, org.springframework.security.web.context.SecurityContextHolderFilter@e8040c, org.springframework.security.web.header.HeaderWriterFilter@448fa499, org.springframework.security.oauth2.client.web.OAuth2AuthorizationRequestRedirectFilter@7b67412f, org.springframework.security.oauth2.client.web.OAuth2LoginAuthenticationFilter@4dcd63b2, org.springframework.security.web.authentication.ui.DefaultLoginPageGeneratingFilter@48682b13, org.springframework.security.web.savedrequest.RequestCacheAwareFilter@43e6f26b, org.springframework.security.web.servletapi.SecurityContextHolderAwareRequestFilter@1613434a, org.springframework.security.web.authentication.AnonymousAuthenticationFilter@21adadae, org.springframework.security.web.access.ExceptionTranslationFilter@24ba9820, org.springframework.security.web.access.intercept.AuthorizationFilter@7a4d7669]
[2024-03-05 16:47:47.455]  INFO 14228 --- [  restartedMain] o.s.b.d.a.OptionalLiveReloadServer       : LiveReload server is running on port 35729
[2024-03-05 16:47:47.467]  INFO 14228 --- [  restartedMain] o.a.c.h.Http11NioProtocol                : Starting ProtocolHandler ["http-nio-8080"]
[2024-03-05 16:47:47.478]  INFO 14228 --- [  restartedMain] o.s.b.w.e.t.TomcatWebServer              : Tomcat started on port 8080 (http) with context path ''
[2024-03-05 16:47:47.485]  INFO 14228 --- [  restartedMain] c.s.g.GalleryApplication                 : Started GalleryApplication in 2.394 seconds (process running for 2.944)
[2024-03-05 16:47:52.126]  INFO 14228 --- [ionShutdownHook] j.LocalContainerEntityManagerFactoryBean : Closing JPA EntityManagerFactory for persistence unit 'default'
[2024-03-05 16:47:52.128]  INFO 14228 --- [ionShutdownHook] c.z.h.HikariDataSource                   : HikariPool-1 - Shutdown initiated...
[2024-03-05 16:47:52.133]  INFO 14228 --- [ionShutdownHook] c.z.h.HikariDataSource                   : HikariPool-1 - Shutdown completed.
[2024-03-05 16:47:54.048]  INFO 16184 --- [  restartedMain] c.s.g.GalleryApplication                 : Starting GalleryApplication using Java 17.0.9 with PID 16184 (D:\Project\S10P22A101\backend\build\classes\java\main started by SSAFY in D:\Project\S10P22A101\backend)
[2024-03-05 16:47:54.053]  INFO 16184 --- [  restartedMain] c.s.g.GalleryApplication                 : No active profile set, falling back to 1 default profile: "default"
[2024-03-05 16:47:54.076]  INFO 16184 --- [  restartedMain] .e.DevToolsPropertyDefaultsPostProcessor : Devtools property defaults active! Set 'spring.devtools.add-properties' to 'false' to disable
[2024-03-05 16:47:54.076]  INFO 16184 --- [  restartedMain] .e.DevToolsPropertyDefaultsPostProcessor : For additional web related logging consider setting the 'logging.level.web' property to 'DEBUG'
[2024-03-05 16:47:54.575]  INFO 16184 --- [  restartedMain] .s.d.r.c.RepositoryConfigurationDelegate : Bootstrapping Spring Data JPA repositories in DEFAULT mode.
[2024-03-05 16:47:54.588]  INFO 16184 --- [  restartedMain] .s.d.r.c.RepositoryConfigurationDelegate : Finished Spring Data repository scanning in 9 ms. Found 0 JPA repository interfaces.
[2024-03-05 16:47:54.911]  INFO 16184 --- [  restartedMain] o.s.b.w.e.t.TomcatWebServer              : Tomcat initialized with port 8080 (http)
[2024-03-05 16:47:54.918]  INFO 16184 --- [  restartedMain] o.a.c.h.Http11NioProtocol                : Initializing ProtocolHandler ["http-nio-8080"]
[2024-03-05 16:47:54.919]  INFO 16184 --- [  restartedMain] o.a.c.c.StandardService                  : Starting service [Tomcat]
[2024-03-05 16:47:54.919]  INFO 16184 --- [  restartedMain] o.a.c.c.StandardEngine                   : Starting Servlet engine: [Apache Tomcat/10.1.19]
[2024-03-05 16:47:54.949]  INFO 16184 --- [  restartedMain] o.a.c.c.C.[.[.[/]                        : Initializing Spring embedded WebApplicationContext
[2024-03-05 16:47:54.949]  INFO 16184 --- [  restartedMain] w.s.c.ServletWebServerApplicationContext : Root WebApplicationContext: initialization completed in 873 ms
[2024-03-05 16:47:55.038]  INFO 16184 --- [  restartedMain] c.z.h.HikariDataSource                   : HikariPool-1 - Starting...
[2024-03-05 16:47:55.219]  INFO 16184 --- [  restartedMain] c.z.h.p.HikariPool                       : HikariPool-1 - Added connection com.mysql.cj.jdbc.ConnectionImpl@6ed679a0
[2024-03-05 16:47:55.220]  INFO 16184 --- [  restartedMain] c.z.h.HikariDataSource                   : HikariPool-1 - Start completed.
[2024-03-05 16:47:55.243]  INFO 16184 --- [  restartedMain] o.h.j.i.u.LogHelper                      : HHH000204: Processing PersistenceUnitInfo [name: default]
[2024-03-05 16:47:55.274]  INFO 16184 --- [  restartedMain] o.h.Version                              : HHH000412: Hibernate ORM core version 6.4.4.Final
[2024-03-05 16:47:55.293]  INFO 16184 --- [  restartedMain] o.h.c.i.RegionFactoryInitiator           : HHH000026: Second-level cache disabled
[2024-03-05 16:47:55.448]  INFO 16184 --- [  restartedMain] o.s.o.j.p.SpringPersistenceUnitInfo      : No LoadTimeWeaver setup: ignoring JPA class transformer
[2024-03-05 16:47:55.496]  WARN 16184 --- [  restartedMain] o.h.d.Dialect                            : HHH000511: The 5.7.0 version for [org.hibernate.dialect.MySQLDialect] is no longer supported, hence certain features may not work properly. The minimum supported version is 8.0.0. Check the community dialects project for available legacy versions.
[2024-03-05 16:47:55.686]  INFO 16184 --- [  restartedMain] o.h.e.t.j.p.i.JtaPlatformInitiator       : HHH000489: No JTA platform available (set 'hibernate.transaction.jta.platform' to enable JTA platform integration)
[2024-03-05 16:47:55.689]  INFO 16184 --- [  restartedMain] j.LocalContainerEntityManagerFactoryBean : Initialized JPA EntityManagerFactory for persistence unit 'default'
[2024-03-05 16:47:55.799]  WARN 16184 --- [  restartedMain] JpaBaseConfiguration$JpaWebConfiguration : spring.jpa.open-in-view is enabled by default. Therefore, database queries may be performed during view rendering. Explicitly configure spring.jpa.open-in-view to disable this warning
[2024-03-05 16:47:55.849]  INFO 16184 --- [  restartedMain] o.s.b.a.w.s.WelcomePageHandlerMapping    : Adding welcome page: class path resource [static/index.html]
[2024-03-05 16:47:55.981]  INFO 16184 --- [  restartedMain] o.s.s.w.DefaultSecurityFilterChain       : Will secure any request with [org.springframework.security.web.session.DisableEncodeUrlFilter@5f923b0c, org.springframework.security.web.context.request.async.WebAsyncManagerIntegrationFilter@214c4c10, org.springframework.security.web.context.SecurityContextHolderFilter@4a1a0041, org.springframework.security.web.header.HeaderWriterFilter@4bca56a, org.springframework.security.oauth2.client.web.OAuth2AuthorizationRequestRedirectFilter@5b91695, org.springframework.security.oauth2.client.web.OAuth2LoginAuthenticationFilter@7041dc22, org.springframework.security.web.authentication.ui.DefaultLoginPageGeneratingFilter@2f599dee, org.springframework.security.web.savedrequest.RequestCacheAwareFilter@7abd47e3, org.springframework.security.web.servletapi.SecurityContextHolderAwareRequestFilter@675c1db9, org.springframework.security.web.authentication.AnonymousAuthenticationFilter@17733851, org.springframework.security.web.access.ExceptionTranslationFilter@b1498e7, org.springframework.security.web.access.intercept.AuthorizationFilter@2212367f]
[2024-03-05 16:47:56.158]  INFO 16184 --- [  restartedMain] o.s.b.d.a.OptionalLiveReloadServer       : LiveReload server is running on port 35729
[2024-03-05 16:47:56.170]  INFO 16184 --- [  restartedMain] o.a.c.h.Http11NioProtocol                : Starting ProtocolHandler ["http-nio-8080"]
[2024-03-05 16:47:56.182]  INFO 16184 --- [  restartedMain] o.s.b.w.e.t.TomcatWebServer              : Tomcat started on port 8080 (http) with context path ''
[2024-03-05 16:47:56.190]  INFO 16184 --- [  restartedMain] c.s.g.GalleryApplication                 : Started GalleryApplication in 2.36 seconds (process running for 3.027)
[2024-03-05 16:47:59.803]  INFO 16184 --- [nio-8080-exec-1] o.a.c.c.C.[.[.[/]                        : Initializing Spring DispatcherServlet 'dispatcherServlet'
[2024-03-05 16:47:59.804]  INFO 16184 --- [nio-8080-exec-1] o.s.w.s.DispatcherServlet                : Initializing Servlet 'dispatcherServlet'
[2024-03-05 16:47:59.805]  INFO 16184 --- [nio-8080-exec-1] o.s.w.s.DispatcherServlet                : Completed initialization in 1 ms
