[2024-03-05 16:41:31.741]  INFO 11692 --- [   File Watcher] rtingClassPathChangeChangedEventListener : Restarting due to 1 class path change (0 additions, 0 deletions, 1 modification)
[2024-03-05 16:41:31.744]  INFO 11692 --- [       Thread-7] o.a.c.h.Http11NioProtocol                : Stopping ProtocolHandler ["http-nio-8080"]
[2024-03-05 16:41:31.754]  INFO 11692 --- [       Thread-7] j.LocalContainerEntityManagerFactoryBean : Closing JPA EntityManagerFactory for persistence unit 'default'
[2024-03-05 16:41:31.754]  INFO 11692 --- [       Thread-7] c.z.h.HikariDataSource                   : HikariPool-2 - Shutdown initiated...
[2024-03-05 16:41:31.757]  INFO 11692 --- [       Thread-7] c.z.h.HikariDataSource                   : HikariPool-2 - Shutdown completed.
[2024-03-05 16:41:31.835]  INFO 11692 --- [  restartedMain] c.s.g.GalleryApplication                 : Starting GalleryApplication using Java 17.0.9 with PID 11692 (D:\Project\S10P22A101\backend\build\classes\java\main started by SSAFY in D:\Project\S10P22A101\backend)
[2024-03-05 16:41:31.835]  INFO 11692 --- [  restartedMain] c.s.g.GalleryApplication                 : No active profile set, falling back to 1 default profile: "default"
[2024-03-05 16:41:31.960]  INFO 11692 --- [  restartedMain] .s.d.r.c.RepositoryConfigurationDelegate : Bootstrapping Spring Data JPA repositories in DEFAULT mode.
[2024-03-05 16:41:31.962]  INFO 11692 --- [  restartedMain] .s.d.r.c.RepositoryConfigurationDelegate : Finished Spring Data repository scanning in 2 ms. Found 0 JPA repository interfaces.
[2024-03-05 16:41:32.030]  INFO 11692 --- [  restartedMain] o.s.b.w.e.t.TomcatWebServer              : Tomcat initialized with port 8080 (http)
[2024-03-05 16:41:32.031]  INFO 11692 --- [  restartedMain] o.a.c.h.Http11NioProtocol                : Initializing ProtocolHandler ["http-nio-8080"]
[2024-03-05 16:41:32.031]  INFO 11692 --- [  restartedMain] o.a.c.c.StandardService                  : Starting service [Tomcat]
[2024-03-05 16:41:32.031]  INFO 11692 --- [  restartedMain] o.a.c.c.StandardEngine                   : Starting Servlet engine: [Apache Tomcat/10.1.19]
[2024-03-05 16:41:32.043]  INFO 11692 --- [  restartedMain] o.a.c.c.C.[.[.[/]                        : Initializing Spring embedded WebApplicationContext
[2024-03-05 16:41:32.043]  INFO 11692 --- [  restartedMain] w.s.c.ServletWebServerApplicationContext : Root WebApplicationContext: initialization completed in 207 ms
[2024-03-05 16:41:32.068]  INFO 11692 --- [  restartedMain] c.z.h.HikariDataSource                   : HikariPool-3 - Starting...
[2024-03-05 16:41:32.085]  INFO 11692 --- [  restartedMain] c.z.h.p.HikariPool                       : HikariPool-3 - Added connection com.mysql.cj.jdbc.ConnectionImpl@62c0b8c3
[2024-03-05 16:41:32.086]  INFO 11692 --- [  restartedMain] c.z.h.HikariDataSource                   : HikariPool-3 - Start completed.
[2024-03-05 16:41:32.086]  INFO 11692 --- [  restartedMain] o.h.j.i.u.LogHelper                      : HHH000204: Processing PersistenceUnitInfo [name: default]
[2024-03-05 16:41:32.088]  INFO 11692 --- [  restartedMain] o.h.c.i.RegionFactoryInitiator           : HHH000026: Second-level cache disabled
[2024-03-05 16:41:32.091]  INFO 11692 --- [  restartedMain] o.s.o.j.p.SpringPersistenceUnitInfo      : No LoadTimeWeaver setup: ignoring JPA class transformer
[2024-03-05 16:41:32.093]  WARN 11692 --- [  restartedMain] o.h.d.Dialect                            : HHH000511: The 5.7.0 version for [org.hibernate.dialect.MySQLDialect] is no longer supported, hence certain features may not work properly. The minimum supported version is 8.0.0. Check the community dialects project for available legacy versions.
[2024-03-05 16:41:32.101]  INFO 11692 --- [  restartedMain] o.h.e.t.j.p.i.JtaPlatformInitiator       : HHH000489: No JTA platform available (set 'hibernate.transaction.jta.platform' to enable JTA platform integration)
[2024-03-05 16:41:32.101]  INFO 11692 --- [  restartedMain] j.LocalContainerEntityManagerFactoryBean : Initialized JPA EntityManagerFactory for persistence unit 'default'
[2024-03-05 16:41:32.134]  WARN 11692 --- [  restartedMain] JpaBaseConfiguration$JpaWebConfiguration : spring.jpa.open-in-view is enabled by default. Therefore, database queries may be performed during view rendering. Explicitly configure spring.jpa.open-in-view to disable this warning
[2024-03-05 16:41:32.141]  INFO 11692 --- [  restartedMain] o.s.b.a.w.s.WelcomePageHandlerMapping    : Adding welcome page: class path resource [static/index.html]
[2024-03-05 16:41:32.173]  INFO 11692 --- [  restartedMain] o.s.s.w.DefaultSecurityFilterChain       : Will secure any request with [org.springframework.security.web.session.DisableEncodeUrlFilter@71aa60de, org.springframework.security.web.context.request.async.WebAsyncManagerIntegrationFilter@6562518b, org.springframework.security.web.context.SecurityContextHolderFilter@5ced6884, org.springframework.security.web.header.HeaderWriterFilter@344357d9, org.springframework.security.oauth2.client.web.OAuth2AuthorizationRequestRedirectFilter@31248e83, org.springframework.security.oauth2.client.web.OAuth2LoginAuthenticationFilter@22046a28, org.springframework.security.web.authentication.ui.DefaultLoginPageGeneratingFilter@5eb9b14e, org.springframework.security.web.savedrequest.RequestCacheAwareFilter@147d4486, org.springframework.security.web.servletapi.SecurityContextHolderAwareRequestFilter@706acd05, org.springframework.security.web.authentication.AnonymousAuthenticationFilter@70a78b32, org.springframework.security.web.access.ExceptionTranslationFilter@4234c8e4, org.springframework.security.web.access.intercept.AuthorizationFilter@17806b93]
[2024-03-05 16:41:32.222]  INFO 11692 --- [  restartedMain] o.s.b.d.a.OptionalLiveReloadServer       : LiveReload server is running on port 35729
[2024-03-05 16:41:32.228]  INFO 11692 --- [  restartedMain] o.a.c.h.Http11NioProtocol                : Starting ProtocolHandler ["http-nio-8080"]
[2024-03-05 16:41:32.231]  INFO 11692 --- [  restartedMain] o.s.b.w.e.t.TomcatWebServer              : Tomcat started on port 8080 (http) with context path ''
[2024-03-05 16:41:32.234]  INFO 11692 --- [  restartedMain] c.s.g.GalleryApplication                 : Started GalleryApplication in 0.428 seconds (process running for 575.293)
[2024-03-05 16:41:32.235]  INFO 11692 --- [  restartedMain] .ConditionEvaluationDeltaLoggingListener : Condition evaluation unchanged
[2024-03-05 16:41:32.316]  INFO 11692 --- [nio-8080-exec-1] o.a.c.c.C.[.[.[/]                        : Initializing Spring DispatcherServlet 'dispatcherServlet'
[2024-03-05 16:41:32.316]  INFO 11692 --- [nio-8080-exec-1] o.s.w.s.DispatcherServlet                : Initializing Servlet 'dispatcherServlet'
[2024-03-05 16:41:32.317]  INFO 11692 --- [nio-8080-exec-1] o.s.w.s.DispatcherServlet                : Completed initialization in 1 ms
