[2024-03-06 16:10:03.318]  INFO 28448 --- [ionShutdownHook] j.LocalContainerEntityManagerFactoryBean : Closing JPA EntityManagerFactory for persistence unit 'default'
[2024-03-06 16:10:03.333]  INFO 28448 --- [ionShutdownHook] c.z.h.HikariDataSource                   : HikariPool-5 - Shutdown initiated...
[2024-03-06 16:10:03.338]  INFO 28448 --- [ionShutdownHook] c.z.h.HikariDataSource                   : HikariPool-5 - Shutdown completed.
[2024-03-06 16:10:06.233]  INFO 10964 --- [  restartedMain] c.s.g.GalleryApplication                 : Starting GalleryApplication using Java 17.0.9 with PID 10964 (C:\Users\SSAFY\Desktop\PJT2\backend\build\classes\java\main started by SSAFY in C:\Users\SSAFY\Desktop\PJT2\backend)
[2024-03-06 16:10:06.238]  INFO 10964 --- [  restartedMain] c.s.g.GalleryApplication                 : No active profile set, falling back to 1 default profile: "default"
[2024-03-06 16:10:06.264]  INFO 10964 --- [  restartedMain] .e.DevToolsPropertyDefaultsPostProcessor : Devtools property defaults active! Set 'spring.devtools.add-properties' to 'false' to disable
[2024-03-06 16:10:06.264]  INFO 10964 --- [  restartedMain] .e.DevToolsPropertyDefaultsPostProcessor : For additional web related logging consider setting the 'logging.level.web' property to 'DEBUG'
[2024-03-06 16:10:06.868]  INFO 10964 --- [  restartedMain] .s.d.r.c.RepositoryConfigurationDelegate : Bootstrapping Spring Data JPA repositories in DEFAULT mode.
[2024-03-06 16:10:06.905]  INFO 10964 --- [  restartedMain] .s.d.r.c.RepositoryConfigurationDelegate : Finished Spring Data repository scanning in 32 ms. Found 1 JPA repository interface.
[2024-03-06 16:10:07.284]  INFO 10964 --- [  restartedMain] o.s.b.w.e.t.TomcatWebServer              : Tomcat initialized with port 8080 (http)
[2024-03-06 16:10:07.292]  INFO 10964 --- [  restartedMain] o.a.c.h.Http11NioProtocol                : Initializing ProtocolHandler ["http-nio-8080"]
[2024-03-06 16:10:07.293]  INFO 10964 --- [  restartedMain] o.a.c.c.StandardService                  : Starting service [Tomcat]
[2024-03-06 16:10:07.293]  INFO 10964 --- [  restartedMain] o.a.c.c.StandardEngine                   : Starting Servlet engine: [Apache Tomcat/10.1.19]
[2024-03-06 16:10:07.329]  INFO 10964 --- [  restartedMain] o.a.c.c.C.[.[.[/]                        : Initializing Spring embedded WebApplicationContext
[2024-03-06 16:10:07.329]  INFO 10964 --- [  restartedMain] w.s.c.ServletWebServerApplicationContext : Root WebApplicationContext: initialization completed in 1065 ms
[2024-03-06 16:10:07.425]  INFO 10964 --- [  restartedMain] c.z.h.HikariDataSource                   : HikariPool-1 - Starting...
[2024-03-06 16:10:07.606]  INFO 10964 --- [  restartedMain] c.z.h.p.HikariPool                       : HikariPool-1 - Added connection com.mysql.cj.jdbc.ConnectionImpl@1b18fc58
[2024-03-06 16:10:07.607]  INFO 10964 --- [  restartedMain] c.z.h.HikariDataSource                   : HikariPool-1 - Start completed.
[2024-03-06 16:10:07.634]  INFO 10964 --- [  restartedMain] o.h.j.i.u.LogHelper                      : HHH000204: Processing PersistenceUnitInfo [name: default]
[2024-03-06 16:10:07.683]  INFO 10964 --- [  restartedMain] o.h.Version                              : HHH000412: Hibernate ORM core version 6.4.4.Final
[2024-03-06 16:10:07.711]  INFO 10964 --- [  restartedMain] o.h.c.i.RegionFactoryInitiator           : HHH000026: Second-level cache disabled
[2024-03-06 16:10:07.902]  INFO 10964 --- [  restartedMain] o.s.o.j.p.SpringPersistenceUnitInfo      : No LoadTimeWeaver setup: ignoring JPA class transformer
[2024-03-06 16:10:08.579]  INFO 10964 --- [  restartedMain] o.h.e.t.j.p.i.JtaPlatformInitiator       : HHH000489: No JTA platform available (set 'hibernate.transaction.jta.platform' to enable JTA platform integration)
[2024-03-06 16:10:08.581]  INFO 10964 --- [  restartedMain] j.LocalContainerEntityManagerFactoryBean : Initialized JPA EntityManagerFactory for persistence unit 'default'
[2024-03-06 16:10:08.910]  WARN 10964 --- [  restartedMain] JpaBaseConfiguration$JpaWebConfiguration : spring.jpa.open-in-view is enabled by default. Therefore, database queries may be performed during view rendering. Explicitly configure spring.jpa.open-in-view to disable this warning
[2024-03-06 16:10:08.972]  INFO 10964 --- [  restartedMain] o.s.b.a.w.s.WelcomePageHandlerMapping    : Adding welcome page: class path resource [static/index.html]
[2024-03-06 16:10:09.125]  INFO 10964 --- [  restartedMain] o.s.s.w.DefaultSecurityFilterChain       : Will secure any request with [org.springframework.security.web.session.DisableEncodeUrlFilter@6638c629, org.springframework.security.web.context.request.async.WebAsyncManagerIntegrationFilter@7f453eef, org.springframework.security.web.context.SecurityContextHolderFilter@648699cc, org.springframework.security.web.header.HeaderWriterFilter@22f38fdd, org.springframework.security.oauth2.client.web.OAuth2AuthorizationRequestRedirectFilter@35860522, org.springframework.security.oauth2.client.web.OAuth2LoginAuthenticationFilter@1d208881, org.springframework.security.web.authentication.ui.DefaultLoginPageGeneratingFilter@7e007d09, org.springframework.security.web.savedrequest.RequestCacheAwareFilter@47ed003a, org.springframework.security.web.servletapi.SecurityContextHolderAwareRequestFilter@65810b5e, org.springframework.security.web.authentication.AnonymousAuthenticationFilter@360e82b4, org.springframework.security.web.access.ExceptionTranslationFilter@7015fcc2, org.springframework.security.web.access.intercept.AuthorizationFilter@4132df4b]
[2024-03-06 16:10:09.240]  INFO 10964 --- [  restartedMain] g.s.a.GrpcServerFactoryAutoConfiguration : Detected grpc-netty-shaded: Creating ShadedNettyGrpcServerFactory
[2024-03-06 16:10:09.403]  INFO 10964 --- [  restartedMain] o.s.b.d.a.OptionalLiveReloadServer       : LiveReload server is running on port 35729
[2024-03-06 16:10:09.422]  INFO 10964 --- [  restartedMain] o.a.c.h.Http11NioProtocol                : Starting ProtocolHandler ["http-nio-8080"]
[2024-03-06 16:10:09.437]  INFO 10964 --- [  restartedMain] o.s.b.w.e.t.TomcatWebServer              : Tomcat started on port 8080 (http) with context path ''
[2024-03-06 16:10:09.502]  INFO 10964 --- [  restartedMain] n.d.b.g.s.s.AbstractGrpcServerFactory    : Registered gRPC service: grpc.health.v1.Health, bean: grpcHealthService, class: io.grpc.protobuf.services.HealthServiceImpl
[2024-03-06 16:10:09.502]  INFO 10964 --- [  restartedMain] n.d.b.g.s.s.AbstractGrpcServerFactory    : Registered gRPC service: grpc.reflection.v1alpha.ServerReflection, bean: protoReflectionService, class: io.grpc.protobuf.services.ProtoReflectionService
[2024-03-06 16:10:09.652]  INFO 10964 --- [  restartedMain] n.d.b.g.s.s.GrpcServerLifecycle          : gRPC Server started, listening on address: *, port: 9090
[2024-03-06 16:10:09.660]  INFO 10964 --- [  restartedMain] c.s.g.GalleryApplication                 : Started GalleryApplication in 3.691 seconds (process running for 4.422)
