[2024-03-06 12:47:26.524]  INFO 20012 --- [   File Watcher] rtingClassPathChangeChangedEventListener : Restarting due to 1 class path change (0 additions, 0 deletions, 1 modification)
[2024-03-06 12:47:26.528]  INFO 20012 --- [      Thread-43] o.a.c.h.Http11NioProtocol                : Stopping ProtocolHandler ["http-nio-8080"]
[2024-03-06 12:47:26.546]  INFO 20012 --- [      Thread-43] j.LocalContainerEntityManagerFactoryBean : Closing JPA EntityManagerFactory for persistence unit 'default'
[2024-03-06 12:47:26.546]  INFO 20012 --- [      Thread-43] c.z.h.HikariDataSource                   : HikariPool-11 - Shutdown initiated...
[2024-03-06 12:47:26.549]  INFO 20012 --- [      Thread-43] c.z.h.HikariDataSource                   : HikariPool-11 - Shutdown completed.
[2024-03-06 12:47:26.619]  INFO 20012 --- [  restartedMain] c.s.g.GalleryApplication                 : Starting GalleryApplication using Java 17.0.9 with PID 20012 (C:\Users\SSAFY\Desktop\PJT2\backend\build\classes\java\main started by SSAFY in C:\Users\SSAFY\Desktop\PJT2\backend)
[2024-03-06 12:47:26.619]  INFO 20012 --- [  restartedMain] c.s.g.GalleryApplication                 : No active profile set, falling back to 1 default profile: "default"
[2024-03-06 12:47:26.759]  INFO 20012 --- [  restartedMain] .s.d.r.c.RepositoryConfigurationDelegate : Bootstrapping Spring Data JPA repositories in DEFAULT mode.
[2024-03-06 12:47:26.766]  INFO 20012 --- [  restartedMain] .s.d.r.c.RepositoryConfigurationDelegate : Finished Spring Data repository scanning in 6 ms. Found 1 JPA repository interface.
[2024-03-06 12:47:26.829]  INFO 20012 --- [  restartedMain] o.s.b.w.e.t.TomcatWebServer              : Tomcat initialized with port 8080 (http)
[2024-03-06 12:47:26.830]  INFO 20012 --- [  restartedMain] o.a.c.h.Http11NioProtocol                : Initializing ProtocolHandler ["http-nio-8080"]
[2024-03-06 12:47:26.830]  INFO 20012 --- [  restartedMain] o.a.c.c.StandardService                  : Starting service [Tomcat]
[2024-03-06 12:47:26.830]  INFO 20012 --- [  restartedMain] o.a.c.c.StandardEngine                   : Starting Servlet engine: [Apache Tomcat/10.1.19]
[2024-03-06 12:47:26.841]  INFO 20012 --- [  restartedMain] o.a.c.c.C.[.[.[/]                        : Initializing Spring embedded WebApplicationContext
[2024-03-06 12:47:26.841]  INFO 20012 --- [  restartedMain] w.s.c.ServletWebServerApplicationContext : Root WebApplicationContext: initialization completed in 221 ms
[2024-03-06 12:47:26.861]  INFO 20012 --- [  restartedMain] c.z.h.HikariDataSource                   : HikariPool-12 - Starting...
[2024-03-06 12:47:26.869]  INFO 20012 --- [  restartedMain] c.z.h.p.HikariPool                       : HikariPool-12 - Added connection com.mysql.cj.jdbc.ConnectionImpl@3a629352
[2024-03-06 12:47:26.869]  INFO 20012 --- [  restartedMain] c.z.h.HikariDataSource                   : HikariPool-12 - Start completed.
[2024-03-06 12:47:26.870]  INFO 20012 --- [  restartedMain] o.h.j.i.u.LogHelper                      : HHH000204: Processing PersistenceUnitInfo [name: default]
[2024-03-06 12:47:26.872]  INFO 20012 --- [  restartedMain] o.h.c.i.RegionFactoryInitiator           : HHH000026: Second-level cache disabled
[2024-03-06 12:47:26.875]  INFO 20012 --- [  restartedMain] o.s.o.j.p.SpringPersistenceUnitInfo      : No LoadTimeWeaver setup: ignoring JPA class transformer
[2024-03-06 12:47:26.889]  INFO 20012 --- [  restartedMain] o.h.e.t.j.p.i.JtaPlatformInitiator       : HHH000489: No JTA platform available (set 'hibernate.transaction.jta.platform' to enable JTA platform integration)
[2024-03-06 12:47:26.889]  INFO 20012 --- [  restartedMain] j.LocalContainerEntityManagerFactoryBean : Initialized JPA EntityManagerFactory for persistence unit 'default'
[2024-03-06 12:47:26.943]  WARN 20012 --- [  restartedMain] JpaBaseConfiguration$JpaWebConfiguration : spring.jpa.open-in-view is enabled by default. Therefore, database queries may be performed during view rendering. Explicitly configure spring.jpa.open-in-view to disable this warning
[2024-03-06 12:47:26.954]  INFO 20012 --- [  restartedMain] o.s.b.a.w.s.WelcomePageHandlerMapping    : Adding welcome page: class path resource [static/index.html]
[2024-03-06 12:47:26.987]  INFO 20012 --- [  restartedMain] o.s.s.w.DefaultSecurityFilterChain       : Will secure any request with [org.springframework.security.web.session.DisableEncodeUrlFilter@3b23629d, org.springframework.security.web.context.request.async.WebAsyncManagerIntegrationFilter@68ccb8f7, org.springframework.security.web.context.SecurityContextHolderFilter@102d529b, org.springframework.security.web.header.HeaderWriterFilter@5ad8dc17, org.springframework.security.oauth2.client.web.OAuth2AuthorizationRequestRedirectFilter@58d12cb8, org.springframework.security.oauth2.client.web.OAuth2LoginAuthenticationFilter@75dc1c35, org.springframework.security.web.authentication.ui.DefaultLoginPageGeneratingFilter@4a7ceb9c, org.springframework.security.web.savedrequest.RequestCacheAwareFilter@34b9f1c3, org.springframework.security.web.servletapi.SecurityContextHolderAwareRequestFilter@56d8bd34, org.springframework.security.web.authentication.AnonymousAuthenticationFilter@3929edba, org.springframework.security.web.access.ExceptionTranslationFilter@320a0129, org.springframework.security.web.access.intercept.AuthorizationFilter@4b7309ff]
[2024-03-06 12:47:27.026]  INFO 20012 --- [  restartedMain] o.s.b.d.a.OptionalLiveReloadServer       : LiveReload server is running on port 35729
[2024-03-06 12:47:27.034]  INFO 20012 --- [  restartedMain] o.a.c.h.Http11NioProtocol                : Starting ProtocolHandler ["http-nio-8080"]
[2024-03-06 12:47:27.037]  INFO 20012 --- [  restartedMain] o.s.b.w.e.t.TomcatWebServer              : Tomcat started on port 8080 (http) with context path ''
[2024-03-06 12:47:27.040]  INFO 20012 --- [  restartedMain] c.s.g.GalleryApplication                 : Started GalleryApplication in 0.448 seconds (process running for 5350.532)
[2024-03-06 12:47:27.041]  INFO 20012 --- [  restartedMain] .ConditionEvaluationDeltaLoggingListener : Condition evaluation unchanged
[2024-03-06 12:47:34.711]  INFO 20012 --- [ionShutdownHook] j.LocalContainerEntityManagerFactoryBean : Closing JPA EntityManagerFactory for persistence unit 'default'
[2024-03-06 12:47:34.712]  INFO 20012 --- [ionShutdownHook] c.z.h.HikariDataSource                   : HikariPool-12 - Shutdown initiated...
[2024-03-06 12:47:34.714]  INFO 20012 --- [ionShutdownHook] c.z.h.HikariDataSource                   : HikariPool-12 - Shutdown completed.
[2024-03-06 12:47:37.108]  INFO 18352 --- [  restartedMain] c.s.g.GalleryApplication                 : Starting GalleryApplication using Java 17.0.9 with PID 18352 (C:\Users\SSAFY\Desktop\PJT2\backend\build\classes\java\main started by SSAFY in C:\Users\SSAFY\Desktop\PJT2\backend)
[2024-03-06 12:47:37.113]  INFO 18352 --- [  restartedMain] c.s.g.GalleryApplication                 : No active profile set, falling back to 1 default profile: "default"
[2024-03-06 12:47:37.142]  INFO 18352 --- [  restartedMain] .e.DevToolsPropertyDefaultsPostProcessor : Devtools property defaults active! Set 'spring.devtools.add-properties' to 'false' to disable
[2024-03-06 12:47:37.142]  INFO 18352 --- [  restartedMain] .e.DevToolsPropertyDefaultsPostProcessor : For additional web related logging consider setting the 'logging.level.web' property to 'DEBUG'
[2024-03-06 12:47:37.671]  INFO 18352 --- [  restartedMain] .s.d.r.c.RepositoryConfigurationDelegate : Bootstrapping Spring Data JPA repositories in DEFAULT mode.
[2024-03-06 12:47:37.707]  INFO 18352 --- [  restartedMain] .s.d.r.c.RepositoryConfigurationDelegate : Finished Spring Data repository scanning in 30 ms. Found 1 JPA repository interface.
[2024-03-06 12:47:38.056]  INFO 18352 --- [  restartedMain] o.s.b.w.e.t.TomcatWebServer              : Tomcat initialized with port 8080 (http)
[2024-03-06 12:47:38.063]  INFO 18352 --- [  restartedMain] o.a.c.h.Http11NioProtocol                : Initializing ProtocolHandler ["http-nio-8080"]
[2024-03-06 12:47:38.064]  INFO 18352 --- [  restartedMain] o.a.c.c.StandardService                  : Starting service [Tomcat]
[2024-03-06 12:47:38.064]  INFO 18352 --- [  restartedMain] o.a.c.c.StandardEngine                   : Starting Servlet engine: [Apache Tomcat/10.1.19]
[2024-03-06 12:47:38.096]  INFO 18352 --- [  restartedMain] o.a.c.c.C.[.[.[/]                        : Initializing Spring embedded WebApplicationContext
[2024-03-06 12:47:38.097]  INFO 18352 --- [  restartedMain] w.s.c.ServletWebServerApplicationContext : Root WebApplicationContext: initialization completed in 953 ms
[2024-03-06 12:47:38.192]  INFO 18352 --- [  restartedMain] c.z.h.HikariDataSource                   : HikariPool-1 - Starting...
[2024-03-06 12:47:38.366]  INFO 18352 --- [  restartedMain] c.z.h.p.HikariPool                       : HikariPool-1 - Added connection com.mysql.cj.jdbc.ConnectionImpl@707b538a
[2024-03-06 12:47:38.367]  INFO 18352 --- [  restartedMain] c.z.h.HikariDataSource                   : HikariPool-1 - Start completed.
[2024-03-06 12:47:38.394]  INFO 18352 --- [  restartedMain] o.h.j.i.u.LogHelper                      : HHH000204: Processing PersistenceUnitInfo [name: default]
[2024-03-06 12:47:38.432]  INFO 18352 --- [  restartedMain] o.h.Version                              : HHH000412: Hibernate ORM core version 6.4.4.Final
[2024-03-06 12:47:38.455]  INFO 18352 --- [  restartedMain] o.h.c.i.RegionFactoryInitiator           : HHH000026: Second-level cache disabled
[2024-03-06 12:47:38.628]  INFO 18352 --- [  restartedMain] o.s.o.j.p.SpringPersistenceUnitInfo      : No LoadTimeWeaver setup: ignoring JPA class transformer
[2024-03-06 12:47:39.233]  INFO 18352 --- [  restartedMain] o.h.e.t.j.p.i.JtaPlatformInitiator       : HHH000489: No JTA platform available (set 'hibernate.transaction.jta.platform' to enable JTA platform integration)
[2024-03-06 12:47:39.235]  INFO 18352 --- [  restartedMain] j.LocalContainerEntityManagerFactoryBean : Initialized JPA EntityManagerFactory for persistence unit 'default'
[2024-03-06 12:47:39.516]  WARN 18352 --- [  restartedMain] JpaBaseConfiguration$JpaWebConfiguration : spring.jpa.open-in-view is enabled by default. Therefore, database queries may be performed during view rendering. Explicitly configure spring.jpa.open-in-view to disable this warning
[2024-03-06 12:47:39.571]  INFO 18352 --- [  restartedMain] o.s.b.a.w.s.WelcomePageHandlerMapping    : Adding welcome page: class path resource [static/index.html]
[2024-03-06 12:47:39.696]  INFO 18352 --- [  restartedMain] o.s.s.w.DefaultSecurityFilterChain       : Will secure any request with [org.springframework.security.web.session.DisableEncodeUrlFilter@335fbecb, org.springframework.security.web.context.request.async.WebAsyncManagerIntegrationFilter@224c1cc0, org.springframework.security.web.context.SecurityContextHolderFilter@112714cc, org.springframework.security.web.header.HeaderWriterFilter@36527959, org.springframework.security.oauth2.client.web.OAuth2AuthorizationRequestRedirectFilter@4d14e3fb, org.springframework.security.oauth2.client.web.OAuth2LoginAuthenticationFilter@313406d6, org.springframework.security.web.authentication.ui.DefaultLoginPageGeneratingFilter@19d64a79, org.springframework.security.web.savedrequest.RequestCacheAwareFilter@1807b313, org.springframework.security.web.servletapi.SecurityContextHolderAwareRequestFilter@1e36d1da, org.springframework.security.web.authentication.AnonymousAuthenticationFilter@506afc19, org.springframework.security.web.access.ExceptionTranslationFilter@4de7bf9e, org.springframework.security.web.access.intercept.AuthorizationFilter@193539b6]
[2024-03-06 12:47:39.845]  INFO 18352 --- [  restartedMain] o.s.b.d.a.OptionalLiveReloadServer       : LiveReload server is running on port 35729
[2024-03-06 12:47:39.856]  INFO 18352 --- [  restartedMain] o.a.c.h.Http11NioProtocol                : Starting ProtocolHandler ["http-nio-8080"]
[2024-03-06 12:47:39.868]  INFO 18352 --- [  restartedMain] o.s.b.w.e.t.TomcatWebServer              : Tomcat started on port 8080 (http) with context path ''
[2024-03-06 12:47:39.874]  INFO 18352 --- [  restartedMain] c.s.g.GalleryApplication                 : Started GalleryApplication in 3.025 seconds (process running for 4.08)
[2024-03-06 12:47:42.549]  INFO 18352 --- [nio-8080-exec-2] o.a.c.c.C.[.[.[/]                        : Initializing Spring DispatcherServlet 'dispatcherServlet'
[2024-03-06 12:47:42.549]  INFO 18352 --- [nio-8080-exec-2] o.s.w.s.DispatcherServlet                : Initializing Servlet 'dispatcherServlet'
[2024-03-06 12:47:42.550]  INFO 18352 --- [nio-8080-exec-2] o.s.w.s.DispatcherServlet                : Completed initialization in 1 ms
[2024-03-06 12:47:42.611]  WARN 18352 --- [nio-8080-exec-2] .w.s.m.s.DefaultHandlerExceptionResolver : Resolved [org.springframework.web.bind.MissingServletRequestParameterException: Required request parameter 'id' for method parameter type String is not present]
