[2024-03-06 14:30:00.128]  INFO 5916 --- [   File Watcher] rtingClassPathChangeChangedEventListener : Restarting due to 24 class path changes (0 additions, 0 deletions, 24 modifications)
[2024-03-06 14:30:00.140]  INFO 5916 --- [       Thread-5] o.a.c.h.Http11NioProtocol                : Stopping ProtocolHandler ["http-nio-8080"]
[2024-03-06 14:30:00.168]  INFO 5916 --- [       Thread-5] j.LocalContainerEntityManagerFactoryBean : Closing JPA EntityManagerFactory for persistence unit 'default'
[2024-03-06 14:30:00.172]  INFO 5916 --- [       Thread-5] c.z.h.HikariDataSource                   : HikariPool-1 - Shutdown initiated...
[2024-03-06 14:30:00.181]  INFO 5916 --- [       Thread-5] c.z.h.HikariDataSource                   : HikariPool-1 - Shutdown completed.
[2024-03-06 14:30:00.296]  INFO 5916 --- [  restartedMain] c.s.g.GalleryApplication                 : Starting GalleryApplication using Java 17.0.9 with PID 5916 (C:\Users\SSAFY\Desktop\PJT2\backend\build\classes\java\main started by SSAFY in C:\Users\SSAFY\Desktop\PJT2\backend)
[2024-03-06 14:30:00.297]  INFO 5916 --- [  restartedMain] c.s.g.GalleryApplication                 : No active profile set, falling back to 1 default profile: "default"
[2024-03-06 14:30:00.587]  INFO 5916 --- [  restartedMain] .s.d.r.c.RepositoryConfigurationDelegate : Bootstrapping Spring Data JPA repositories in DEFAULT mode.
[2024-03-06 14:30:00.599]  INFO 5916 --- [  restartedMain] .s.d.r.c.RepositoryConfigurationDelegate : Finished Spring Data repository scanning in 11 ms. Found 1 JPA repository interface.
[2024-03-06 14:30:00.713]  INFO 5916 --- [  restartedMain] o.s.b.w.e.t.TomcatWebServer              : Tomcat initialized with port 8080 (http)
[2024-03-06 14:30:00.714]  INFO 5916 --- [  restartedMain] o.a.c.h.Http11NioProtocol                : Initializing ProtocolHandler ["http-nio-8080"]
[2024-03-06 14:30:00.714]  INFO 5916 --- [  restartedMain] o.a.c.c.StandardService                  : Starting service [Tomcat]
[2024-03-06 14:30:00.714]  INFO 5916 --- [  restartedMain] o.a.c.c.StandardEngine                   : Starting Servlet engine: [Apache Tomcat/10.1.19]
[2024-03-06 14:30:00.731]  INFO 5916 --- [  restartedMain] o.a.c.c.C.[.[.[/]                        : Initializing Spring embedded WebApplicationContext
[2024-03-06 14:30:00.731]  INFO 5916 --- [  restartedMain] w.s.c.ServletWebServerApplicationContext : Root WebApplicationContext: initialization completed in 432 ms
[2024-03-06 14:30:00.767]  INFO 5916 --- [  restartedMain] c.z.h.HikariDataSource                   : HikariPool-2 - Starting...
[2024-03-06 14:30:00.782]  INFO 5916 --- [  restartedMain] c.z.h.p.HikariPool                       : HikariPool-2 - Added connection com.mysql.cj.jdbc.ConnectionImpl@795afd09
[2024-03-06 14:30:00.782]  INFO 5916 --- [  restartedMain] c.z.h.HikariDataSource                   : HikariPool-2 - Start completed.
[2024-03-06 14:30:00.783]  INFO 5916 --- [  restartedMain] o.h.j.i.u.LogHelper                      : HHH000204: Processing PersistenceUnitInfo [name: default]
[2024-03-06 14:30:00.786]  INFO 5916 --- [  restartedMain] o.h.c.i.RegionFactoryInitiator           : HHH000026: Second-level cache disabled
[2024-03-06 14:30:00.791]  INFO 5916 --- [  restartedMain] o.s.o.j.p.SpringPersistenceUnitInfo      : No LoadTimeWeaver setup: ignoring JPA class transformer
[2024-03-06 14:30:00.824]  INFO 5916 --- [  restartedMain] o.h.e.t.j.p.i.JtaPlatformInitiator       : HHH000489: No JTA platform available (set 'hibernate.transaction.jta.platform' to enable JTA platform integration)
[2024-03-06 14:30:00.824]  INFO 5916 --- [  restartedMain] j.LocalContainerEntityManagerFactoryBean : Initialized JPA EntityManagerFactory for persistence unit 'default'
[2024-03-06 14:30:00.925]  WARN 5916 --- [  restartedMain] JpaBaseConfiguration$JpaWebConfiguration : spring.jpa.open-in-view is enabled by default. Therefore, database queries may be performed during view rendering. Explicitly configure spring.jpa.open-in-view to disable this warning
[2024-03-06 14:30:00.940]  INFO 5916 --- [  restartedMain] o.s.b.a.w.s.WelcomePageHandlerMapping    : Adding welcome page: class path resource [static/index.html]
[2024-03-06 14:30:00.999]  INFO 5916 --- [  restartedMain] o.s.s.w.DefaultSecurityFilterChain       : Will secure any request with [org.springframework.security.web.session.DisableEncodeUrlFilter@3592fc61, org.springframework.security.web.context.request.async.WebAsyncManagerIntegrationFilter@639045b2, org.springframework.security.web.context.SecurityContextHolderFilter@be42d09, org.springframework.security.web.header.HeaderWriterFilter@542a71b0, org.springframework.security.oauth2.client.web.OAuth2AuthorizationRequestRedirectFilter@2801d89a, org.springframework.security.oauth2.client.web.OAuth2LoginAuthenticationFilter@12fb00f1, org.springframework.security.web.authentication.ui.DefaultLoginPageGeneratingFilter@632b3d66, org.springframework.security.web.savedrequest.RequestCacheAwareFilter@7e9409e5, org.springframework.security.web.servletapi.SecurityContextHolderAwareRequestFilter@640b77a6, org.springframework.security.web.authentication.AnonymousAuthenticationFilter@45f39452, org.springframework.security.web.access.ExceptionTranslationFilter@28e64c75, org.springframework.security.web.access.intercept.AuthorizationFilter@17082b9a]
[2024-03-06 14:30:01.066]  INFO 5916 --- [  restartedMain] o.s.b.d.a.OptionalLiveReloadServer       : LiveReload server is running on port 35729
[2024-03-06 14:30:01.075]  INFO 5916 --- [  restartedMain] o.a.c.h.Http11NioProtocol                : Starting ProtocolHandler ["http-nio-8080"]
[2024-03-06 14:30:01.079]  INFO 5916 --- [  restartedMain] o.s.b.w.e.t.TomcatWebServer              : Tomcat started on port 8080 (http) with context path ''
[2024-03-06 14:30:01.084]  INFO 5916 --- [  restartedMain] c.s.g.GalleryApplication                 : Started GalleryApplication in 0.849 seconds (process running for 909.777)
[2024-03-06 14:30:01.086]  INFO 5916 --- [  restartedMain] .ConditionEvaluationDeltaLoggingListener : Condition evaluation unchanged
[2024-03-06 14:30:06.315]  INFO 5916 --- [nio-8080-exec-2] o.a.c.c.C.[.[.[/]                        : Initializing Spring DispatcherServlet 'dispatcherServlet'
[2024-03-06 14:30:06.315]  INFO 5916 --- [nio-8080-exec-2] o.s.w.s.DispatcherServlet                : Initializing Servlet 'dispatcherServlet'
[2024-03-06 14:30:06.317]  INFO 5916 --- [nio-8080-exec-2] o.s.w.s.DispatcherServlet                : Completed initialization in 2 ms
[2024-03-06 14:30:06.333]  INFO 5916 --- [nio-8080-exec-2] c.s.g.i.s.ImageService                   : ImageOption{background='1', suit='1', hair='1'}
